[0.016s] Invoking command in '/home/anish/dp_ws/Thor-ROS/ws_thor/build/thor_urdf': CMAKE_PREFIX_PATH=${CMAKE_PREFIX_PATH}:/opt/ros/humble /usr/bin/cmake /home/anish/dp_ws/Thor-ROS/ws_thor/src/thor_urdf -DCMAKE_INSTALL_PREFIX=/home/anish/dp_ws/Thor-ROS/ws_thor/install/thor_urdf
[0.111s] -- The C compiler identification is GNU 11.4.0
[0.186s] -- The CXX compiler identification is GNU 11.4.0
[0.193s] -- Detecting C compiler ABI info
[0.263s] -- Detecting C compiler ABI info - done
[0.268s] -- Check for working C compiler: /usr/bin/cc - skipped
[0.268s] -- Detecting C compile features
[0.268s] -- Detecting C compile features - done
[0.270s] -- Detecting CXX compiler ABI info
[0.346s] -- Detecting CXX compiler ABI info - done
[0.351s] -- Check for working CXX compiler: /usr/bin/c++ - skipped
[0.351s] -- Detecting CXX compile features
[0.352s] -- Detecting CXX compile features - done
[0.355s] -- Found ament_cmake: 1.3.11 (/opt/ros/humble/share/ament_cmake/cmake)
[0.494s] -- Found Python3: /usr/bin/python3 (found version "3.10.12") found components: Interpreter 
[0.601s] -- Found ament_lint_auto: 0.12.12 (/opt/ros/humble/share/ament_lint_auto/cmake)
[0.677s] -- Added test 'flake8' to check Python code syntax and style conventions
[0.678s] -- Added test 'lint_cmake' to check CMake code style
[0.679s] -- Added test 'pep257' to check Python code against some of the docstring style conventions in PEP 257
[0.681s] -- Added test 'xmllint' to check XML markup files
[0.683s] -- Configuring done
[0.686s] -- Generating done
[0.687s] -- Build files have been written to: /home/anish/dp_ws/Thor-ROS/ws_thor/build/thor_urdf
[0.693s] Invoked command in '/home/anish/dp_ws/Thor-ROS/ws_thor/build/thor_urdf' returned '0': CMAKE_PREFIX_PATH=${CMAKE_PREFIX_PATH}:/opt/ros/humble /usr/bin/cmake /home/anish/dp_ws/Thor-ROS/ws_thor/src/thor_urdf -DCMAKE_INSTALL_PREFIX=/home/anish/dp_ws/Thor-ROS/ws_thor/install/thor_urdf
[0.696s] Invoking command in '/home/anish/dp_ws/Thor-ROS/ws_thor/build/thor_urdf': CMAKE_PREFIX_PATH=${CMAKE_PREFIX_PATH}:/opt/ros/humble /usr/bin/cmake --build /home/anish/dp_ws/Thor-ROS/ws_thor/build/thor_urdf -- -j16 -l16
[0.736s] Invoked command in '/home/anish/dp_ws/Thor-ROS/ws_thor/build/thor_urdf' returned '0': CMAKE_PREFIX_PATH=${CMAKE_PREFIX_PATH}:/opt/ros/humble /usr/bin/cmake --build /home/anish/dp_ws/Thor-ROS/ws_thor/build/thor_urdf -- -j16 -l16
[0.749s] Invoking command in '/home/anish/dp_ws/Thor-ROS/ws_thor/build/thor_urdf': CMAKE_PREFIX_PATH=${CMAKE_PREFIX_PATH}:/opt/ros/humble /usr/bin/cmake --install /home/anish/dp_ws/Thor-ROS/ws_thor/build/thor_urdf
[0.757s] -- Install configuration: ""
[0.757s] -- Installing: /home/anish/dp_ws/Thor-ROS/ws_thor/install/thor_urdf/share/thor_urdf/meshes
[0.757s] -- Installing: /home/anish/dp_ws/Thor-ROS/ws_thor/install/thor_urdf/share/thor_urdf/meshes/Art2.dae
[0.768s] -- Installing: /home/anish/dp_ws/Thor-ROS/ws_thor/install/thor_urdf/share/thor_urdf/meshes/Art1.dae
[0.774s] -- Installing: /home/anish/dp_ws/Thor-ROS/ws_thor/install/thor_urdf/share/thor_urdf/meshes/Art4.dae
[0.780s] -- Installing: /home/anish/dp_ws/Thor-ROS/ws_thor/install/thor_urdf/share/thor_urdf/meshes/Art6.dae
[0.780s] -- Installing: /home/anish/dp_ws/Thor-ROS/ws_thor/install/thor_urdf/share/thor_urdf/meshes/GripperArmGear.dae
[0.781s] -- Installing: /home/anish/dp_ws/Thor-ROS/ws_thor/install/thor_urdf/share/thor_urdf/meshes/GripperFinger.dae
[0.782s] -- Installing: /home/anish/dp_ws/Thor-ROS/ws_thor/install/thor_urdf/share/thor_urdf/meshes/Base.dae
[0.788s] -- Installing: /home/anish/dp_ws/Thor-ROS/ws_thor/install/thor_urdf/share/thor_urdf/meshes/GripperArm.dae
[0.788s] -- Installing: /home/anish/dp_ws/Thor-ROS/ws_thor/install/thor_urdf/share/thor_urdf/meshes/Art3.dae
[0.791s] -- Installing: /home/anish/dp_ws/Thor-ROS/ws_thor/install/thor_urdf/share/thor_urdf/meshes/Art5.dae
[0.792s] -- Installing: /home/anish/dp_ws/Thor-ROS/ws_thor/install/thor_urdf/share/thor_urdf/meshes/GripperBase.dae
[0.793s] -- Installing: /home/anish/dp_ws/Thor-ROS/ws_thor/install/thor_urdf/share/thor_urdf/urdf
[0.793s] -- Installing: /home/anish/dp_ws/Thor-ROS/ws_thor/install/thor_urdf/share/thor_urdf/urdf/thor_gazebo.xacro
[0.793s] -- Installing: /home/anish/dp_ws/Thor-ROS/ws_thor/install/thor_urdf/share/thor_urdf/urdf/thor.urdf.xacro
[0.793s] -- Installing: /home/anish/dp_ws/Thor-ROS/ws_thor/install/thor_urdf/share/thor_urdf/urdf/thor_arm.ros2_control.xacro
[0.793s] -- Installing: /home/anish/dp_ws/Thor-ROS/ws_thor/install/thor_urdf/share/thor_urdf/urdf/table.urdf.xacro
[0.793s] -- Installing: /home/anish/dp_ws/Thor-ROS/ws_thor/install/thor_urdf/share/thor_urdf/launch
[0.793s] -- Installing: /home/anish/dp_ws/Thor-ROS/ws_thor/install/thor_urdf/share/thor_urdf/launch/display.launch.py
[0.793s] -- Installing: /home/anish/dp_ws/Thor-ROS/ws_thor/install/thor_urdf/share/thor_urdf/launch/gazebo.launch.py
[0.793s] -- Installing: /home/anish/dp_ws/Thor-ROS/ws_thor/install/thor_urdf/share/thor_urdf/launch/launch.py
[0.794s] -- Installing: /home/anish/dp_ws/Thor-ROS/ws_thor/install/thor_urdf/share/thor_urdf/rviz
[0.794s] -- Installing: /home/anish/dp_ws/Thor-ROS/ws_thor/install/thor_urdf/share/thor_urdf/rviz/display.rviz
[0.794s] -- Installing: /home/anish/dp_ws/Thor-ROS/ws_thor/install/thor_urdf/share/ament_index/resource_index/package_run_dependencies/thor_urdf
[0.794s] -- Installing: /home/anish/dp_ws/Thor-ROS/ws_thor/install/thor_urdf/share/ament_index/resource_index/parent_prefix_path/thor_urdf
[0.794s] -- Installing: /home/anish/dp_ws/Thor-ROS/ws_thor/install/thor_urdf/share/thor_urdf/environment/ament_prefix_path.sh
[0.794s] -- Installing: /home/anish/dp_ws/Thor-ROS/ws_thor/install/thor_urdf/share/thor_urdf/environment/ament_prefix_path.dsv
[0.794s] -- Installing: /home/anish/dp_ws/Thor-ROS/ws_thor/install/thor_urdf/share/thor_urdf/environment/path.sh
[0.794s] -- Installing: /home/anish/dp_ws/Thor-ROS/ws_thor/install/thor_urdf/share/thor_urdf/environment/path.dsv
[0.795s] -- Installing: /home/anish/dp_ws/Thor-ROS/ws_thor/install/thor_urdf/share/thor_urdf/local_setup.bash
[0.795s] -- Installing: /home/anish/dp_ws/Thor-ROS/ws_thor/install/thor_urdf/share/thor_urdf/local_setup.sh
[0.795s] -- Installing: /home/anish/dp_ws/Thor-ROS/ws_thor/install/thor_urdf/share/thor_urdf/local_setup.zsh
[0.795s] -- Installing: /home/anish/dp_ws/Thor-ROS/ws_thor/install/thor_urdf/share/thor_urdf/local_setup.dsv
[0.795s] -- Installing: /home/anish/dp_ws/Thor-ROS/ws_thor/install/thor_urdf/share/thor_urdf/package.dsv
[0.795s] -- Installing: /home/anish/dp_ws/Thor-ROS/ws_thor/install/thor_urdf/share/ament_index/resource_index/packages/thor_urdf
[0.795s] -- Installing: /home/anish/dp_ws/Thor-ROS/ws_thor/install/thor_urdf/share/thor_urdf/cmake/thor_urdfConfig.cmake
[0.795s] -- Installing: /home/anish/dp_ws/Thor-ROS/ws_thor/install/thor_urdf/share/thor_urdf/cmake/thor_urdfConfig-version.cmake
[0.795s] -- Installing: /home/anish/dp_ws/Thor-ROS/ws_thor/install/thor_urdf/share/thor_urdf/package.xml
[0.798s] Invoked command in '/home/anish/dp_ws/Thor-ROS/ws_thor/build/thor_urdf' returned '0': CMAKE_PREFIX_PATH=${CMAKE_PREFIX_PATH}:/opt/ros/humble /usr/bin/cmake --install /home/anish/dp_ws/Thor-ROS/ws_thor/build/thor_urdf
