[0.012s] Invoking command in '/home/naman72060/common-dp/build/thor_bringup': AMENT_PREFIX_PATH=/home/naman72060/common-dp/install/thor_server:/home/naman72060/common-dp/install/thor_moveit:/home/naman72060/common-dp/install/thor_urdf:/home/naman72060/common-dp/install/thor_controller:${AMENT_PREFIX_PATH} CMAKE_PREFIX_PATH=/home/naman72060/common-dp/install/thor_server:/home/naman72060/common-dp/install/thor_moveit:/home/naman72060/common-dp/install/thor_urdf:/home/naman72060/common-dp/install/thor_controller:/opt/ros/humble LD_LIBRARY_PATH=/home/naman72060/common-dp/install/thor_server/lib:/home/naman72060/common-dp/install/thor_controller/lib:${LD_LIBRARY_PATH} PYTHONPATH=/home/naman72060/common-dp/install/thor_server/local/lib/python3.10/dist-packages:${PYTHONPATH} /usr/bin/cmake /home/naman72060/common-dp/src/thor_bringup -DCMAKE_INSTALL_PREFIX=/home/naman72060/common-dp/install/thor_bringup
[0.082s] -- The C compiler identification is GNU 11.4.0
[0.142s] -- The CXX compiler identification is GNU 11.4.0
[0.150s] -- Detecting C compiler ABI info
[0.220s] -- Detecting C compiler ABI info - done
[0.230s] -- Check for working C compiler: /usr/bin/cc - skipped
[0.230s] -- Detecting C compile features
[0.230s] -- Detecting C compile features - done
[0.232s] -- Detecting CXX compiler ABI info
[0.306s] -- Detecting CXX compiler ABI info - done
[0.315s] -- Check for working CXX compiler: /usr/bin/c++ - skipped
[0.315s] -- Detecting CXX compile features
[0.315s] -- Detecting CXX compile features - done
[0.317s] -- Found ament_cmake: 1.3.11 (/opt/ros/humble/share/ament_cmake/cmake)
[0.438s] -- Found Python3: /usr/bin/python3 (found version "3.10.12") found components: Interpreter 
[0.555s] -- Configuring done
[0.556s] -- Generating done
[0.557s] -- Build files have been written to: /home/naman72060/common-dp/build/thor_bringup
[0.560s] Invoked command in '/home/naman72060/common-dp/build/thor_bringup' returned '0': AMENT_PREFIX_PATH=/home/naman72060/common-dp/install/thor_server:/home/naman72060/common-dp/install/thor_moveit:/home/naman72060/common-dp/install/thor_urdf:/home/naman72060/common-dp/install/thor_controller:${AMENT_PREFIX_PATH} CMAKE_PREFIX_PATH=/home/naman72060/common-dp/install/thor_server:/home/naman72060/common-dp/install/thor_moveit:/home/naman72060/common-dp/install/thor_urdf:/home/naman72060/common-dp/install/thor_controller:/opt/ros/humble LD_LIBRARY_PATH=/home/naman72060/common-dp/install/thor_server/lib:/home/naman72060/common-dp/install/thor_controller/lib:${LD_LIBRARY_PATH} PYTHONPATH=/home/naman72060/common-dp/install/thor_server/local/lib/python3.10/dist-packages:${PYTHONPATH} /usr/bin/cmake /home/naman72060/common-dp/src/thor_bringup -DCMAKE_INSTALL_PREFIX=/home/naman72060/common-dp/install/thor_bringup
[0.562s] Invoking command in '/home/naman72060/common-dp/build/thor_bringup': AMENT_PREFIX_PATH=/home/naman72060/common-dp/install/thor_server:/home/naman72060/common-dp/install/thor_moveit:/home/naman72060/common-dp/install/thor_urdf:/home/naman72060/common-dp/install/thor_controller:${AMENT_PREFIX_PATH} CMAKE_PREFIX_PATH=/home/naman72060/common-dp/install/thor_server:/home/naman72060/common-dp/install/thor_moveit:/home/naman72060/common-dp/install/thor_urdf:/home/naman72060/common-dp/install/thor_controller:/opt/ros/humble LD_LIBRARY_PATH=/home/naman72060/common-dp/install/thor_server/lib:/home/naman72060/common-dp/install/thor_controller/lib:${LD_LIBRARY_PATH} PYTHONPATH=/home/naman72060/common-dp/install/thor_server/local/lib/python3.10/dist-packages:${PYTHONPATH} /usr/bin/cmake --build /home/naman72060/common-dp/build/thor_bringup -- -j12 -l12
[0.598s] Invoked command in '/home/naman72060/common-dp/build/thor_bringup' returned '0': AMENT_PREFIX_PATH=/home/naman72060/common-dp/install/thor_server:/home/naman72060/common-dp/install/thor_moveit:/home/naman72060/common-dp/install/thor_urdf:/home/naman72060/common-dp/install/thor_controller:${AMENT_PREFIX_PATH} CMAKE_PREFIX_PATH=/home/naman72060/common-dp/install/thor_server:/home/naman72060/common-dp/install/thor_moveit:/home/naman72060/common-dp/install/thor_urdf:/home/naman72060/common-dp/install/thor_controller:/opt/ros/humble LD_LIBRARY_PATH=/home/naman72060/common-dp/install/thor_server/lib:/home/naman72060/common-dp/install/thor_controller/lib:${LD_LIBRARY_PATH} PYTHONPATH=/home/naman72060/common-dp/install/thor_server/local/lib/python3.10/dist-packages:${PYTHONPATH} /usr/bin/cmake --build /home/naman72060/common-dp/build/thor_bringup -- -j12 -l12
[0.600s] Invoking command in '/home/naman72060/common-dp/build/thor_bringup': AMENT_PREFIX_PATH=/home/naman72060/common-dp/install/thor_server:/home/naman72060/common-dp/install/thor_moveit:/home/naman72060/common-dp/install/thor_urdf:/home/naman72060/common-dp/install/thor_controller:${AMENT_PREFIX_PATH} CMAKE_PREFIX_PATH=/home/naman72060/common-dp/install/thor_server:/home/naman72060/common-dp/install/thor_moveit:/home/naman72060/common-dp/install/thor_urdf:/home/naman72060/common-dp/install/thor_controller:/opt/ros/humble LD_LIBRARY_PATH=/home/naman72060/common-dp/install/thor_server/lib:/home/naman72060/common-dp/install/thor_controller/lib:${LD_LIBRARY_PATH} PYTHONPATH=/home/naman72060/common-dp/install/thor_server/local/lib/python3.10/dist-packages:${PYTHONPATH} /usr/bin/cmake --install /home/naman72060/common-dp/build/thor_bringup
[0.609s] -- Install configuration: ""
[0.609s] -- Installing: /home/naman72060/common-dp/install/thor_bringup/share/thor_bringup/launch
[0.609s] -- Installing: /home/naman72060/common-dp/install/thor_bringup/share/thor_bringup/launch/simulated_robot.launch.py
[0.609s] -- Installing: /home/naman72060/common-dp/install/thor_bringup/share/thor_bringup/launch/real_robot.launch.py
[0.609s] -- Installing: /home/naman72060/common-dp/install/thor_bringup/share/ament_index/resource_index/package_run_dependencies/thor_bringup
[0.609s] -- Installing: /home/naman72060/common-dp/install/thor_bringup/share/ament_index/resource_index/parent_prefix_path/thor_bringup
[0.610s] -- Installing: /home/naman72060/common-dp/install/thor_bringup/share/thor_bringup/environment/ament_prefix_path.sh
[0.610s] -- Installing: /home/naman72060/common-dp/install/thor_bringup/share/thor_bringup/environment/ament_prefix_path.dsv
[0.610s] -- Installing: /home/naman72060/common-dp/install/thor_bringup/share/thor_bringup/environment/path.sh
[0.610s] -- Installing: /home/naman72060/common-dp/install/thor_bringup/share/thor_bringup/environment/path.dsv
[0.610s] -- Installing: /home/naman72060/common-dp/install/thor_bringup/share/thor_bringup/local_setup.bash
[0.610s] -- Installing: /home/naman72060/common-dp/install/thor_bringup/share/thor_bringup/local_setup.sh
[0.610s] -- Installing: /home/naman72060/common-dp/install/thor_bringup/share/thor_bringup/local_setup.zsh
[0.611s] -- Installing: /home/naman72060/common-dp/install/thor_bringup/share/thor_bringup/local_setup.dsv
[0.611s] -- Installing: /home/naman72060/common-dp/install/thor_bringup/share/thor_bringup/package.dsv
[0.611s] -- Installing: /home/naman72060/common-dp/install/thor_bringup/share/ament_index/resource_index/packages/thor_bringup
[0.611s] -- Installing: /home/naman72060/common-dp/install/thor_bringup/share/thor_bringup/cmake/thor_bringupConfig.cmake
[0.611s] -- Installing: /home/naman72060/common-dp/install/thor_bringup/share/thor_bringup/cmake/thor_bringupConfig-version.cmake
[0.611s] -- Installing: /home/naman72060/common-dp/install/thor_bringup/share/thor_bringup/package.xml
[0.614s] Invoked command in '/home/naman72060/common-dp/build/thor_bringup' returned '0': AMENT_PREFIX_PATH=/home/naman72060/common-dp/install/thor_server:/home/naman72060/common-dp/install/thor_moveit:/home/naman72060/common-dp/install/thor_urdf:/home/naman72060/common-dp/install/thor_controller:${AMENT_PREFIX_PATH} CMAKE_PREFIX_PATH=/home/naman72060/common-dp/install/thor_server:/home/naman72060/common-dp/install/thor_moveit:/home/naman72060/common-dp/install/thor_urdf:/home/naman72060/common-dp/install/thor_controller:/opt/ros/humble LD_LIBRARY_PATH=/home/naman72060/common-dp/install/thor_server/lib:/home/naman72060/common-dp/install/thor_controller/lib:${LD_LIBRARY_PATH} PYTHONPATH=/home/naman72060/common-dp/install/thor_server/local/lib/python3.10/dist-packages:${PYTHONPATH} /usr/bin/cmake --install /home/naman72060/common-dp/build/thor_bringup
