[0.020s] Invoking command in '/home/naman72060/common-dp/build/thor_teleop': CMAKE_PREFIX_PATH=${CMAKE_PREFIX_PATH}:/opt/ros/humble /usr/bin/cmake --build /home/naman72060/common-dp/build/thor_teleop -- -j12 -l12
[0.063s] Invoked command in '/home/naman72060/common-dp/build/thor_teleop' returned '0': CMAKE_PREFIX_PATH=${CMAKE_PREFIX_PATH}:/opt/ros/humble /usr/bin/cmake --build /home/naman72060/common-dp/build/thor_teleop -- -j12 -l12
[0.064s] Invoking command in '/home/naman72060/common-dp/build/thor_teleop': CMAKE_PREFIX_PATH=${CMAKE_PREFIX_PATH}:/opt/ros/humble /usr/bin/cmake --install /home/naman72060/common-dp/build/thor_teleop
[0.076s] -- Install configuration: ""
[0.077s] -- Up-to-date: /home/naman72060/common-dp/install/thor_teleop/lib/thor_teleop/teleop_joint_control.py
[0.077s] -- Up-to-date: /home/naman72060/common-dp/install/thor_teleop/lib/thor_teleop/teleop_pose_control.py
[0.077s] -- Up-to-date: /home/naman72060/common-dp/install/thor_teleop/lib/thor_teleop/teleop_ps5_control.py
[0.077s] -- Up-to-date: /home/naman72060/common-dp/install/thor_teleop/share/ament_index/resource_index/package_run_dependencies/thor_teleop
[0.077s] -- Up-to-date: /home/naman72060/common-dp/install/thor_teleop/share/ament_index/resource_index/parent_prefix_path/thor_teleop
[0.077s] -- Up-to-date: /home/naman72060/common-dp/install/thor_teleop/share/thor_teleop/environment/ament_prefix_path.sh
[0.078s] -- Up-to-date: /home/naman72060/common-dp/install/thor_teleop/share/thor_teleop/environment/ament_prefix_path.dsv
[0.078s] -- Up-to-date: /home/naman72060/common-dp/install/thor_teleop/share/thor_teleop/environment/path.sh
[0.078s] -- Up-to-date: /home/naman72060/common-dp/install/thor_teleop/share/thor_teleop/environment/path.dsv
[0.078s] -- Up-to-date: /home/naman72060/common-dp/install/thor_teleop/share/thor_teleop/local_setup.bash
[0.078s] -- Up-to-date: /home/naman72060/common-dp/install/thor_teleop/share/thor_teleop/local_setup.sh
[0.079s] -- Up-to-date: /home/naman72060/common-dp/install/thor_teleop/share/thor_teleop/local_setup.zsh
[0.079s] -- Up-to-date: /home/naman72060/common-dp/install/thor_teleop/share/thor_teleop/local_setup.dsv
[0.079s] -- Installing: /home/naman72060/common-dp/install/thor_teleop/share/thor_teleop/package.dsv
[0.079s] -- Up-to-date: /home/naman72060/common-dp/install/thor_teleop/share/ament_index/resource_index/packages/thor_teleop
[0.079s] -- Up-to-date: /home/naman72060/common-dp/install/thor_teleop/share/thor_teleop/cmake/thor_teleopConfig.cmake
[0.079s] -- Up-to-date: /home/naman72060/common-dp/install/thor_teleop/share/thor_teleop/cmake/thor_teleopConfig-version.cmake
[0.079s] -- Up-to-date: /home/naman72060/common-dp/install/thor_teleop/share/thor_teleop/package.xml
[0.113s] Invoked command in '/home/naman72060/common-dp/build/thor_teleop' returned '0': CMAKE_PREFIX_PATH=${CMAKE_PREFIX_PATH}:/opt/ros/humble /usr/bin/cmake --install /home/naman72060/common-dp/build/thor_teleop
