[0.015s] Invoking command in '/home/anish/dp_ws/Thor-ROS/ws_thor/build/thor_manipulation': CMAKE_PREFIX_PATH=${CMAKE_PREFIX_PATH}:/opt/ros/humble /usr/bin/cmake --build /home/anish/dp_ws/Thor-ROS/ws_thor/build/thor_manipulation -- -j16 -l16
[0.064s] Built target ament_cmake_python_copy_thor_manipulation
[0.222s] running egg_info
[0.223s] writing thor_manipulation.egg-info/PKG-INFO
[0.223s] writing dependency_links to thor_manipulation.egg-info/dependency_links.txt
[0.223s] writing top-level names to thor_manipulation.egg-info/top_level.txt
[0.224s] reading manifest file 'thor_manipulation.egg-info/SOURCES.txt'
[0.224s] writing manifest file 'thor_manipulation.egg-info/SOURCES.txt'
[0.245s] Built target ament_cmake_python_build_thor_manipulation_egg
[0.255s] Invoked command in '/home/anish/dp_ws/Thor-ROS/ws_thor/build/thor_manipulation' returned '0': CMAKE_PREFIX_PATH=${CMAKE_PREFIX_PATH}:/opt/ros/humble /usr/bin/cmake --build /home/anish/dp_ws/Thor-ROS/ws_thor/build/thor_manipulation -- -j16 -l16
[0.257s] Invoking command in '/home/anish/dp_ws/Thor-ROS/ws_thor/build/thor_manipulation': CMAKE_PREFIX_PATH=${CMAKE_PREFIX_PATH}:/opt/ros/humble /usr/bin/cmake --install /home/anish/dp_ws/Thor-ROS/ws_thor/build/thor_manipulation
[0.263s] -- Install configuration: ""
[0.263s] -- Up-to-date: /home/anish/dp_ws/Thor-ROS/ws_thor/install/thor_manipulation/share/thor_manipulation/environment/pythonpath.sh
[0.263s] -- Up-to-date: /home/anish/dp_ws/Thor-ROS/ws_thor/install/thor_manipulation/share/thor_manipulation/environment/pythonpath.dsv
[0.263s] -- Up-to-date: /home/anish/dp_ws/Thor-ROS/ws_thor/install/thor_manipulation/local/lib/python3.10/dist-packages/thor_manipulation-0.1.0-py3.10.egg-info
[0.263s] -- Installing: /home/anish/dp_ws/Thor-ROS/ws_thor/install/thor_manipulation/local/lib/python3.10/dist-packages/thor_manipulation-0.1.0-py3.10.egg-info/SOURCES.txt
[0.263s] -- Installing: /home/anish/dp_ws/Thor-ROS/ws_thor/install/thor_manipulation/local/lib/python3.10/dist-packages/thor_manipulation-0.1.0-py3.10.egg-info/PKG-INFO
[0.263s] -- Installing: /home/anish/dp_ws/Thor-ROS/ws_thor/install/thor_manipulation/local/lib/python3.10/dist-packages/thor_manipulation-0.1.0-py3.10.egg-info/dependency_links.txt
[0.263s] -- Installing: /home/anish/dp_ws/Thor-ROS/ws_thor/install/thor_manipulation/local/lib/python3.10/dist-packages/thor_manipulation-0.1.0-py3.10.egg-info/top_level.txt
[0.264s] -- Up-to-date: /home/anish/dp_ws/Thor-ROS/ws_thor/install/thor_manipulation/local/lib/python3.10/dist-packages/thor_manipulation
[0.264s] -- Up-to-date: /home/anish/dp_ws/Thor-ROS/ws_thor/install/thor_manipulation/local/lib/python3.10/dist-packages/thor_manipulation/__init__.py
[0.284s] Listing '/home/anish/dp_ws/Thor-ROS/ws_thor/install/thor_manipulation/local/lib/python3.10/dist-packages/thor_manipulation'...
[0.287s] -- Up-to-date: /home/anish/dp_ws/Thor-ROS/ws_thor/install/thor_manipulation/lib/thor_manipulation/pick_place_node
[0.287s] -- Up-to-date: /home/anish/dp_ws/Thor-ROS/ws_thor/install/thor_manipulation/lib/thor_manipulation/pick_place_task_constructor
[0.287s] -- Up-to-date: /home/anish/dp_ws/Thor-ROS/ws_thor/install/thor_manipulation/lib/thor_manipulation/thor_task_constructor_demo
[0.287s] -- Up-to-date: /home/anish/dp_ws/Thor-ROS/ws_thor/install/thor_manipulation/lib/thor_manipulation/control_interface
[0.287s] -- Up-to-date: /home/anish/dp_ws/Thor-ROS/ws_thor/install/thor_manipulation/lib/thor_manipulation/task_coordinator_node
[0.287s] -- Up-to-date: /home/anish/dp_ws/Thor-ROS/ws_thor/install/thor_manipulation/lib/thor_manipulation/object_detector
[0.287s] -- Up-to-date: /home/anish/dp_ws/Thor-ROS/ws_thor/install/thor_manipulation/lib/thor_manipulation/enhanced_pick_place_node
[0.287s] -- Up-to-date: /home/anish/dp_ws/Thor-ROS/ws_thor/install/thor_manipulation/lib/thor_manipulation/simple_command_interface
[0.287s] -- Up-to-date: /home/anish/dp_ws/Thor-ROS/ws_thor/install/thor_manipulation/share/thor_manipulation/launch
[0.287s] -- Up-to-date: /home/anish/dp_ws/Thor-ROS/ws_thor/install/thor_manipulation/share/thor_manipulation/launch/pick_place.launch.py
[0.288s] -- Up-to-date: /home/anish/dp_ws/Thor-ROS/ws_thor/install/thor_manipulation/share/thor_manipulation/config
[0.288s] -- Up-to-date: /home/anish/dp_ws/Thor-ROS/ws_thor/install/thor_manipulation/share/thor_manipulation/config/sensors.yaml
[0.288s] -- Up-to-date: /home/anish/dp_ws/Thor-ROS/ws_thor/install/thor_manipulation/share/thor_manipulation/config/mtc.rviz
[0.288s] -- Up-to-date: /home/anish/dp_ws/Thor-ROS/ws_thor/install/thor_manipulation/share/thor_manipulation/config/electromagnet_controller.cpp
[0.288s] -- Up-to-date: /home/anish/dp_ws/Thor-ROS/ws_thor/install/thor_manipulation/share/thor_manipulation/rviz
[0.288s] -- Up-to-date: /home/anish/dp_ws/Thor-ROS/ws_thor/install/thor_manipulation/share/ament_index/resource_index/package_run_dependencies/thor_manipulation
[0.288s] -- Up-to-date: /home/anish/dp_ws/Thor-ROS/ws_thor/install/thor_manipulation/share/ament_index/resource_index/parent_prefix_path/thor_manipulation
[0.288s] -- Up-to-date: /home/anish/dp_ws/Thor-ROS/ws_thor/install/thor_manipulation/share/thor_manipulation/environment/ament_prefix_path.sh
[0.288s] -- Up-to-date: /home/anish/dp_ws/Thor-ROS/ws_thor/install/thor_manipulation/share/thor_manipulation/environment/ament_prefix_path.dsv
[0.288s] -- Up-to-date: /home/anish/dp_ws/Thor-ROS/ws_thor/install/thor_manipulation/share/thor_manipulation/environment/path.sh
[0.288s] -- Up-to-date: /home/anish/dp_ws/Thor-ROS/ws_thor/install/thor_manipulation/share/thor_manipulation/environment/path.dsv
[0.288s] -- Up-to-date: /home/anish/dp_ws/Thor-ROS/ws_thor/install/thor_manipulation/share/thor_manipulation/local_setup.bash
[0.288s] -- Up-to-date: /home/anish/dp_ws/Thor-ROS/ws_thor/install/thor_manipulation/share/thor_manipulation/local_setup.sh
[0.288s] -- Up-to-date: /home/anish/dp_ws/Thor-ROS/ws_thor/install/thor_manipulation/share/thor_manipulation/local_setup.zsh
[0.288s] -- Up-to-date: /home/anish/dp_ws/Thor-ROS/ws_thor/install/thor_manipulation/share/thor_manipulation/local_setup.dsv
[0.288s] -- Installing: /home/anish/dp_ws/Thor-ROS/ws_thor/install/thor_manipulation/share/thor_manipulation/package.dsv
[0.288s] -- Up-to-date: /home/anish/dp_ws/Thor-ROS/ws_thor/install/thor_manipulation/share/ament_index/resource_index/packages/thor_manipulation
[0.289s] -- Up-to-date: /home/anish/dp_ws/Thor-ROS/ws_thor/install/thor_manipulation/share/thor_manipulation/cmake/thor_manipulationConfig.cmake
[0.289s] -- Up-to-date: /home/anish/dp_ws/Thor-ROS/ws_thor/install/thor_manipulation/share/thor_manipulation/cmake/thor_manipulationConfig-version.cmake
[0.289s] -- Up-to-date: /home/anish/dp_ws/Thor-ROS/ws_thor/install/thor_manipulation/share/thor_manipulation/package.xml
[0.290s] Invoked command in '/home/anish/dp_ws/Thor-ROS/ws_thor/build/thor_manipulation' returned '0': CMAKE_PREFIX_PATH=${CMAKE_PREFIX_PATH}:/opt/ros/humble /usr/bin/cmake --install /home/anish/dp_ws/Thor-ROS/ws_thor/build/thor_manipulation
