[0.038s] Invoking command in '/home/naman72060/common-dp/build/thor_controller': CMAKE_PREFIX_PATH=${CMAKE_PREFIX_PATH}:/opt/ros/humble /usr/bin/cmake --build /home/naman72060/common-dp/build/thor_controller -- -j12 -l12
[0.154s] [100%] Built target thor_controller
[0.213s] Invoked command in '/home/naman72060/common-dp/build/thor_controller' returned '0': CMAKE_PREFIX_PATH=${CMAKE_PREFIX_PATH}:/opt/ros/humble /usr/bin/cmake --build /home/naman72060/common-dp/build/thor_controller -- -j12 -l12
[0.215s] Invoking command in '/home/naman72060/common-dp/build/thor_controller': CMAKE_PREFIX_PATH=${CMAKE_PREFIX_PATH}:/opt/ros/humble /usr/bin/cmake --install /home/naman72060/common-dp/build/thor_controller
[0.225s] -- Install configuration: ""
[0.225s] -- Up-to-date: /home/naman72060/common-dp/install/thor_controller/share/thor_controller/thor_controller.xml
[0.225s] -- Up-to-date: /home/naman72060/common-dp/install/thor_controller/share/thor_controller/config
[0.225s] -- Up-to-date: /home/naman72060/common-dp/install/thor_controller/share/thor_controller/config/thor_controllers.yaml
[0.225s] -- Up-to-date: /home/naman72060/common-dp/install/thor_controller/share/thor_controller/launch
[0.225s] -- Up-to-date: /home/naman72060/common-dp/install/thor_controller/share/thor_controller/launch/controller.launch.py
[0.226s] -- Up-to-date: /home/naman72060/common-dp/install/thor_controller/lib/libthor_controller.so
[0.226s] -- Up-to-date: /home/naman72060/common-dp/install/thor_controller/include/thor_controller
[0.226s] -- Up-to-date: /home/naman72060/common-dp/install/thor_controller/include/thor_controller/thor_interface.hpp
[0.227s] -- Up-to-date: /home/naman72060/common-dp/install/thor_controller/share/thor_controller/environment/library_path.sh
[0.228s] -- Up-to-date: /home/naman72060/common-dp/install/thor_controller/share/thor_controller/environment/library_path.dsv
[0.228s] -- Up-to-date: /home/naman72060/common-dp/install/thor_controller/share/ament_index/resource_index/package_run_dependencies/thor_controller
[0.228s] -- Up-to-date: /home/naman72060/common-dp/install/thor_controller/share/ament_index/resource_index/parent_prefix_path/thor_controller
[0.228s] -- Up-to-date: /home/naman72060/common-dp/install/thor_controller/share/thor_controller/environment/ament_prefix_path.sh
[0.228s] -- Up-to-date: /home/naman72060/common-dp/install/thor_controller/share/thor_controller/environment/ament_prefix_path.dsv
[0.228s] -- Up-to-date: /home/naman72060/common-dp/install/thor_controller/share/thor_controller/environment/path.sh
[0.228s] -- Up-to-date: /home/naman72060/common-dp/install/thor_controller/share/thor_controller/environment/path.dsv
[0.228s] -- Up-to-date: /home/naman72060/common-dp/install/thor_controller/share/thor_controller/local_setup.bash
[0.228s] -- Up-to-date: /home/naman72060/common-dp/install/thor_controller/share/thor_controller/local_setup.sh
[0.228s] -- Up-to-date: /home/naman72060/common-dp/install/thor_controller/share/thor_controller/local_setup.zsh
[0.228s] -- Up-to-date: /home/naman72060/common-dp/install/thor_controller/share/thor_controller/local_setup.dsv
[0.229s] -- Installing: /home/naman72060/common-dp/install/thor_controller/share/thor_controller/package.dsv
[0.229s] -- Up-to-date: /home/naman72060/common-dp/install/thor_controller/share/ament_index/resource_index/packages/thor_controller
[0.229s] -- Up-to-date: /home/naman72060/common-dp/install/thor_controller/share/ament_index/resource_index/hardware_interface__pluginlib__plugin/thor_controller
[0.229s] -- Up-to-date: /home/naman72060/common-dp/install/thor_controller/share/thor_controller/cmake/ament_cmake_export_include_directories-extras.cmake
[0.229s] -- Up-to-date: /home/naman72060/common-dp/install/thor_controller/share/thor_controller/cmake/ament_cmake_export_libraries-extras.cmake
[0.229s] -- Up-to-date: /home/naman72060/common-dp/install/thor_controller/share/thor_controller/cmake/ament_cmake_export_dependencies-extras.cmake
[0.230s] -- Up-to-date: /home/naman72060/common-dp/install/thor_controller/share/thor_controller/cmake/thor_controllerConfig.cmake
[0.230s] -- Up-to-date: /home/naman72060/common-dp/install/thor_controller/share/thor_controller/cmake/thor_controllerConfig-version.cmake
[0.230s] -- Up-to-date: /home/naman72060/common-dp/install/thor_controller/share/thor_controller/package.xml
[0.244s] Invoked command in '/home/naman72060/common-dp/build/thor_controller' returned '0': CMAKE_PREFIX_PATH=${CMAKE_PREFIX_PATH}:/opt/ros/humble /usr/bin/cmake --install /home/naman72060/common-dp/build/thor_controller
