[0.014s] Invoking command in '/home/naman72060/common-dp/build/thor_manipulation': CMAKE_PREFIX_PATH=/opt/ros/humble /usr/bin/cmake /home/naman72060/common-dp/src/thor_manipulation -DCMAKE_INSTALL_PREFIX=/home/naman72060/common-dp/install/thor_manipulation
[0.085s] -- The C compiler identification is GNU 11.4.0
[0.165s] -- The CXX compiler identification is GNU 11.4.0
[0.172s] -- Detecting C compiler ABI info
[0.243s] -- Detecting C compiler ABI info - done
[0.250s] -- Check for working C compiler: /usr/bin/cc - skipped
[0.250s] -- Detecting C compile features
[0.250s] -- Detecting C compile features - done
[0.252s] -- Detecting CXX compiler ABI info
[0.316s] -- Detecting CXX compiler ABI info - done
[0.326s] -- Check for working CXX compiler: /usr/bin/c++ - skipped
[0.326s] -- Detecting CXX compile features
[0.326s] -- Detecting CXX compile features - done
[0.327s] -- Found ament_cmake: 1.3.11 (/opt/ros/humble/share/ament_cmake/cmake)
[0.482s] -- Found Python3: /usr/bin/python3 (found version "3.10.12") found components: Interpreter 
[0.564s] -- Found rclcpp: 16.0.12 (/opt/ros/humble/share/rclcpp/cmake)
[0.608s] -- Found rosidl_generator_c: 3.1.6 (/opt/ros/humble/share/rosidl_generator_c/cmake)
[0.614s] -- Found rosidl_adapter: 3.1.6 (/opt/ros/humble/share/rosidl_adapter/cmake)
[0.621s] -- Found rosidl_generator_cpp: 3.1.6 (/opt/ros/humble/share/rosidl_generator_cpp/cmake)
[0.629s] -- Using all available rosidl_typesupport_c: rosidl_typesupport_fastrtps_c;rosidl_typesupport_introspection_c
[0.639s] -- Using all available rosidl_typesupport_cpp: rosidl_typesupport_fastrtps_cpp;rosidl_typesupport_introspection_cpp
[0.670s] -- Found rmw_implementation_cmake: 6.1.2 (/opt/ros/humble/share/rmw_implementation_cmake/cmake)
[0.672s] -- Found rmw_fastrtps_cpp: 6.2.7 (/opt/ros/humble/share/rmw_fastrtps_cpp/cmake)
[0.748s] -- Found OpenSSL: /usr/lib/x86_64-linux-gnu/libcrypto.so (found version "3.0.2")  
[0.774s] -- Found FastRTPS: /opt/ros/humble/include  
[0.821s] -- Using RMW implementation 'rmw_fastrtps_cpp' as default
[0.832s] -- Looking for pthread.h
[0.907s] -- Looking for pthread.h - found
[0.908s] -- Performing Test CMAKE_HAVE_LIBC_PTHREAD
[0.978s] -- Performing Test CMAKE_HAVE_LIBC_PTHREAD - Success
[0.979s] -- Found Threads: TRUE  
[1.052s] -- Found rclpy: 3.3.16 (/opt/ros/humble/share/rclpy/cmake)
[1.054s] -- Found geometry_msgs: 4.9.0 (/opt/ros/humble/share/geometry_msgs/cmake)
[1.071s] -- Found sensor_msgs: 4.9.0 (/opt/ros/humble/share/sensor_msgs/cmake)
[1.093s] -- Found shape_msgs: 4.9.0 (/opt/ros/humble/share/shape_msgs/cmake)
[1.111s] -- Found moveit_msgs: 2.2.1 (/opt/ros/humble/share/moveit_msgs/cmake)
[1.194s] -- Found moveit_core: 2.5.9 (/opt/ros/humble/share/moveit_core/cmake)
[1.236s] -- Found Boost: /usr/lib/x86_64-linux-gnu/cmake/Boost-1.74.0/BoostConfig.cmake (found version "1.74.0") found components: chrono date_time filesystem iostreams program_options regex serialization system thread 
[1.271s] -- Found parameter_traits: 0.5.0 (/opt/ros/humble/share/parameter_traits/cmake)
[1.279s] -- Found rclcpp_lifecycle: 16.0.12 (/opt/ros/humble/share/rclcpp_lifecycle/cmake)
[1.301s] -- Found Boost: /usr/lib/x86_64-linux-gnu/cmake/Boost-1.74.0/BoostConfig.cmake (found version "1.74.0") found components: filesystem 
[1.393s] -- library: /usr/lib/x86_64-linux-gnu/libcurl.so
[1.429s] -- Found Eigen3: TRUE (found version "3.4.0") 
[1.429s] -- Ensuring Eigen3 include directory is part of orocos-kdl CMake target
[1.518s] -- Found moveit_ros_planning_interface: 2.5.9 (/opt/ros/humble/share/moveit_ros_planning_interface/cmake)
[1.521s] -- Found Boost: /usr/lib/x86_64-linux-gnu/cmake/Boost-1.74.0/BoostConfig.cmake (found version "1.74.0") found components: date_time filesystem program_options system thread 
[1.531s] -- Found Boost: /usr/lib/x86_64-linux-gnu/cmake/Boost-1.74.0/BoostConfig.cmake (found version "1.74.0") found components: system filesystem date_time program_options thread chrono 
[1.554s] -- Found Boost: /usr/lib/x86_64-linux-gnu/cmake/Boost-1.74.0/BoostConfig.cmake (found version "1.74.0") found components: thread system filesystem regex date_time program_options 
[1.571s] -- Found Boost: /usr/lib/x86_64-linux-gnu/cmake/Boost-1.74.0/BoostConfig.cmake (found version "1.74.0") found components: system filesystem date_time program_options thread 
[1.596s] -- Found cv_bridge: 3.2.1 (/opt/ros/humble/share/cv_bridge/cmake)
[1.604s] -- Found image_transport: 3.1.12 (/opt/ros/humble/share/image_transport/cmake)
[1.608s] -- Found OpenCV: /usr (found version "4.5.4") 
[1.673s] -- Found ament_lint_auto: 0.12.12 (/opt/ros/humble/share/ament_lint_auto/cmake)
[1.738s] -- Added test 'copyright' to check source files copyright and LICENSE
[1.739s] -- Added test 'cppcheck' to perform static code analysis on C / C++ code
[1.740s] -- Configured cppcheck include dirs: 
[1.740s] -- Configured cppcheck exclude dirs and/or files: 
[1.741s] -- Added test 'cpplint' to check C / C++ code against the Google style
[1.741s] -- Configured cpplint exclude dirs and/or files: 
[1.742s] -- Added test 'flake8' to check Python code syntax and style conventions
[1.742s] -- Added test 'lint_cmake' to check CMake code style
[1.743s] -- Added test 'pep257' to check Python code against some of the docstring style conventions in PEP 257
[1.744s] -- Added test 'uncrustify' to check C / C++ code style
[1.744s] -- Configured uncrustify additional arguments: 
[1.744s] -- Added test 'xmllint' to check XML markup files
[1.746s] -- Configuring done
[1.754s] -- Generating done
[1.759s] -- Build files have been written to: /home/naman72060/common-dp/build/thor_manipulation
[1.774s] Invoked command in '/home/naman72060/common-dp/build/thor_manipulation' returned '0': CMAKE_PREFIX_PATH=/opt/ros/humble /usr/bin/cmake /home/naman72060/common-dp/src/thor_manipulation -DCMAKE_INSTALL_PREFIX=/home/naman72060/common-dp/install/thor_manipulation
[1.776s] Invoking command in '/home/naman72060/common-dp/build/thor_manipulation': CMAKE_PREFIX_PATH=/opt/ros/humble /usr/bin/cmake --build /home/naman72060/common-dp/build/thor_manipulation -- -j12 -l12
[1.840s] Built target ament_cmake_python_copy_thor_manipulation
[1.991s] running egg_info
[1.991s] creating thor_manipulation.egg-info
[1.991s] writing thor_manipulation.egg-info/PKG-INFO
[1.992s] writing dependency_links to thor_manipulation.egg-info/dependency_links.txt
[1.992s] writing top-level names to thor_manipulation.egg-info/top_level.txt
[1.992s] writing manifest file 'thor_manipulation.egg-info/SOURCES.txt'
[1.993s] reading manifest file 'thor_manipulation.egg-info/SOURCES.txt'
[1.993s] writing manifest file 'thor_manipulation.egg-info/SOURCES.txt'
[2.016s] Built target ament_cmake_python_build_thor_manipulation_egg
[2.029s] Invoked command in '/home/naman72060/common-dp/build/thor_manipulation' returned '0': CMAKE_PREFIX_PATH=/opt/ros/humble /usr/bin/cmake --build /home/naman72060/common-dp/build/thor_manipulation -- -j12 -l12
[2.031s] Invoking command in '/home/naman72060/common-dp/build/thor_manipulation': CMAKE_PREFIX_PATH=/opt/ros/humble /usr/bin/cmake --install /home/naman72060/common-dp/build/thor_manipulation
[2.040s] -- Install configuration: ""
[2.040s] -- Installing: /home/naman72060/common-dp/install/thor_manipulation/share/thor_manipulation/environment/pythonpath.sh
[2.040s] -- Installing: /home/naman72060/common-dp/install/thor_manipulation/share/thor_manipulation/environment/pythonpath.dsv
[2.040s] -- Installing: /home/naman72060/common-dp/install/thor_manipulation/local/lib/python3.10/dist-packages/thor_manipulation-0.1.0-py3.10.egg-info
[2.040s] -- Installing: /home/naman72060/common-dp/install/thor_manipulation/local/lib/python3.10/dist-packages/thor_manipulation-0.1.0-py3.10.egg-info/SOURCES.txt
[2.040s] -- Installing: /home/naman72060/common-dp/install/thor_manipulation/local/lib/python3.10/dist-packages/thor_manipulation-0.1.0-py3.10.egg-info/PKG-INFO
[2.040s] -- Installing: /home/naman72060/common-dp/install/thor_manipulation/local/lib/python3.10/dist-packages/thor_manipulation-0.1.0-py3.10.egg-info/top_level.txt
[2.041s] -- Installing: /home/naman72060/common-dp/install/thor_manipulation/local/lib/python3.10/dist-packages/thor_manipulation-0.1.0-py3.10.egg-info/dependency_links.txt
[2.041s] -- Installing: /home/naman72060/common-dp/install/thor_manipulation/local/lib/python3.10/dist-packages/thor_manipulation
[2.041s] -- Installing: /home/naman72060/common-dp/install/thor_manipulation/local/lib/python3.10/dist-packages/thor_manipulation/__init__.py
[2.068s] Listing '/home/naman72060/common-dp/install/thor_manipulation/local/lib/python3.10/dist-packages/thor_manipulation'...
[2.069s] Compiling '/home/naman72060/common-dp/install/thor_manipulation/local/lib/python3.10/dist-packages/thor_manipulation/__init__.py'...
[2.072s] -- Installing: /home/naman72060/common-dp/install/thor_manipulation/lib/thor_manipulation/pick_place_node
[2.072s] -- Installing: /home/naman72060/common-dp/install/thor_manipulation/lib/thor_manipulation/pick_place_task_constructor
[2.072s] -- Installing: /home/naman72060/common-dp/install/thor_manipulation/lib/thor_manipulation/thor_task_constructor_demo
[2.072s] -- Installing: /home/naman72060/common-dp/install/thor_manipulation/lib/thor_manipulation/control_interface
[2.072s] -- Installing: /home/naman72060/common-dp/install/thor_manipulation/lib/thor_manipulation/task_coordinator_node
[2.073s] -- Installing: /home/naman72060/common-dp/install/thor_manipulation/lib/thor_manipulation/object_detector
[2.073s] -- Installing: /home/naman72060/common-dp/install/thor_manipulation/lib/thor_manipulation/enhanced_pick_place_node
[2.073s] -- Installing: /home/naman72060/common-dp/install/thor_manipulation/lib/thor_manipulation/simple_command_interface
[2.073s] -- Installing: /home/naman72060/common-dp/install/thor_manipulation/share/thor_manipulation/launch
[2.073s] -- Installing: /home/naman72060/common-dp/install/thor_manipulation/share/thor_manipulation/launch/pick_place.launch.py
[2.073s] -- Installing: /home/naman72060/common-dp/install/thor_manipulation/share/thor_manipulation/config
[2.073s] -- Installing: /home/naman72060/common-dp/install/thor_manipulation/share/thor_manipulation/config/mtc.rviz
[2.073s] -- Installing: /home/naman72060/common-dp/install/thor_manipulation/share/thor_manipulation/config/electromagnet_controller.cpp
[2.074s] -- Installing: /home/naman72060/common-dp/install/thor_manipulation/share/thor_manipulation/config/sensors.yaml
[2.074s] -- Installing: /home/naman72060/common-dp/install/thor_manipulation/share/ament_index/resource_index/package_run_dependencies/thor_manipulation
[2.074s] -- Installing: /home/naman72060/common-dp/install/thor_manipulation/share/ament_index/resource_index/parent_prefix_path/thor_manipulation
[2.074s] -- Installing: /home/naman72060/common-dp/install/thor_manipulation/share/thor_manipulation/environment/ament_prefix_path.sh
[2.074s] -- Installing: /home/naman72060/common-dp/install/thor_manipulation/share/thor_manipulation/environment/ament_prefix_path.dsv
[2.074s] -- Installing: /home/naman72060/common-dp/install/thor_manipulation/share/thor_manipulation/environment/path.sh
[2.074s] -- Installing: /home/naman72060/common-dp/install/thor_manipulation/share/thor_manipulation/environment/path.dsv
[2.075s] -- Installing: /home/naman72060/common-dp/install/thor_manipulation/share/thor_manipulation/local_setup.bash
[2.075s] -- Installing: /home/naman72060/common-dp/install/thor_manipulation/share/thor_manipulation/local_setup.sh
[2.075s] -- Installing: /home/naman72060/common-dp/install/thor_manipulation/share/thor_manipulation/local_setup.zsh
[2.075s] -- Installing: /home/naman72060/common-dp/install/thor_manipulation/share/thor_manipulation/local_setup.dsv
[2.075s] -- Installing: /home/naman72060/common-dp/install/thor_manipulation/share/thor_manipulation/package.dsv
[2.075s] -- Installing: /home/naman72060/common-dp/install/thor_manipulation/share/ament_index/resource_index/packages/thor_manipulation
[2.076s] -- Installing: /home/naman72060/common-dp/install/thor_manipulation/share/thor_manipulation/cmake/thor_manipulationConfig.cmake
[2.076s] -- Installing: /home/naman72060/common-dp/install/thor_manipulation/share/thor_manipulation/cmake/thor_manipulationConfig-version.cmake
[2.076s] -- Installing: /home/naman72060/common-dp/install/thor_manipulation/share/thor_manipulation/package.xml
[2.079s] Invoked command in '/home/naman72060/common-dp/build/thor_manipulation' returned '0': CMAKE_PREFIX_PATH=/opt/ros/humble /usr/bin/cmake --install /home/naman72060/common-dp/build/thor_manipulation
