[0.024s] Invoking command in '/home/naman72060/common-dp/build/thor_urdf': CMAKE_PREFIX_PATH=${CMAKE_PREFIX_PATH}:/opt/ros/humble /usr/bin/cmake --build /home/naman72060/common-dp/build/thor_urdf -- -j12 -l12
[0.095s] Invoked command in '/home/naman72060/common-dp/build/thor_urdf' returned '0': CMAKE_PREFIX_PATH=${CMAKE_PREFIX_PATH}:/opt/ros/humble /usr/bin/cmake --build /home/naman72060/common-dp/build/thor_urdf -- -j12 -l12
[0.112s] Invoking command in '/home/naman72060/common-dp/build/thor_urdf': CMAKE_PREFIX_PATH=${CMAKE_PREFIX_PATH}:/opt/ros/humble /usr/bin/cmake --install /home/naman72060/common-dp/build/thor_urdf
[0.129s] -- Install configuration: ""
[0.129s] -- Up-to-date: /home/naman72060/common-dp/install/thor_urdf/share/thor_urdf/meshes
[0.130s] -- Up-to-date: /home/naman72060/common-dp/install/thor_urdf/share/thor_urdf/meshes/Art1.dae
[0.131s] -- Up-to-date: /home/naman72060/common-dp/install/thor_urdf/share/thor_urdf/meshes/Art4.dae
[0.132s] -- Up-to-date: /home/naman72060/common-dp/install/thor_urdf/share/thor_urdf/meshes/Art6.dae
[0.132s] -- Up-to-date: /home/naman72060/common-dp/install/thor_urdf/share/thor_urdf/meshes/Art5.dae
[0.132s] -- Up-to-date: /home/naman72060/common-dp/install/thor_urdf/share/thor_urdf/meshes/GripperArm.dae
[0.133s] -- Up-to-date: /home/naman72060/common-dp/install/thor_urdf/share/thor_urdf/meshes/GripperBase.dae
[0.133s] -- Up-to-date: /home/naman72060/common-dp/install/thor_urdf/share/thor_urdf/meshes/Art2.dae
[0.133s] -- Up-to-date: /home/naman72060/common-dp/install/thor_urdf/share/thor_urdf/meshes/Art3.dae
[0.133s] -- Up-to-date: /home/naman72060/common-dp/install/thor_urdf/share/thor_urdf/meshes/Base.dae
[0.134s] -- Up-to-date: /home/naman72060/common-dp/install/thor_urdf/share/thor_urdf/meshes/GripperFinger.dae
[0.134s] -- Up-to-date: /home/naman72060/common-dp/install/thor_urdf/share/thor_urdf/meshes/GripperArmGear.dae
[0.135s] -- Up-to-date: /home/naman72060/common-dp/install/thor_urdf/share/thor_urdf/urdf
[0.136s] -- Up-to-date: /home/naman72060/common-dp/install/thor_urdf/share/thor_urdf/urdf/table.urdf.xacro
[0.137s] -- Up-to-date: /home/naman72060/common-dp/install/thor_urdf/share/thor_urdf/urdf/thor_gazebo.xacro
[0.137s] -- Up-to-date: /home/naman72060/common-dp/install/thor_urdf/share/thor_urdf/urdf/thor_arm.ros2_control.xacro
[0.137s] -- Up-to-date: /home/naman72060/common-dp/install/thor_urdf/share/thor_urdf/urdf/thor.urdf.xacro
[0.137s] -- Up-to-date: /home/naman72060/common-dp/install/thor_urdf/share/thor_urdf/launch
[0.137s] -- Up-to-date: /home/naman72060/common-dp/install/thor_urdf/share/thor_urdf/launch/launch.py
[0.138s] -- Up-to-date: /home/naman72060/common-dp/install/thor_urdf/share/thor_urdf/launch/gazebo.launch.py
[0.138s] -- Up-to-date: /home/naman72060/common-dp/install/thor_urdf/share/thor_urdf/launch/display.launch.py
[0.138s] -- Up-to-date: /home/naman72060/common-dp/install/thor_urdf/share/thor_urdf/rviz
[0.138s] -- Up-to-date: /home/naman72060/common-dp/install/thor_urdf/share/thor_urdf/rviz/display.rviz
[0.138s] -- Up-to-date: /home/naman72060/common-dp/install/thor_urdf/share/ament_index/resource_index/package_run_dependencies/thor_urdf
[0.139s] -- Up-to-date: /home/naman72060/common-dp/install/thor_urdf/share/ament_index/resource_index/parent_prefix_path/thor_urdf
[0.139s] -- Up-to-date: /home/naman72060/common-dp/install/thor_urdf/share/thor_urdf/environment/ament_prefix_path.sh
[0.139s] -- Up-to-date: /home/naman72060/common-dp/install/thor_urdf/share/thor_urdf/environment/ament_prefix_path.dsv
[0.139s] -- Up-to-date: /home/naman72060/common-dp/install/thor_urdf/share/thor_urdf/environment/path.sh
[0.140s] -- Up-to-date: /home/naman72060/common-dp/install/thor_urdf/share/thor_urdf/environment/path.dsv
[0.140s] -- Up-to-date: /home/naman72060/common-dp/install/thor_urdf/share/thor_urdf/local_setup.bash
[0.141s] -- Up-to-date: /home/naman72060/common-dp/install/thor_urdf/share/thor_urdf/local_setup.sh
[0.142s] -- Up-to-date: /home/naman72060/common-dp/install/thor_urdf/share/thor_urdf/local_setup.zsh
[0.142s] -- Up-to-date: /home/naman72060/common-dp/install/thor_urdf/share/thor_urdf/local_setup.dsv
[0.143s] -- Installing: /home/naman72060/common-dp/install/thor_urdf/share/thor_urdf/package.dsv
[0.143s] -- Up-to-date: /home/naman72060/common-dp/install/thor_urdf/share/ament_index/resource_index/packages/thor_urdf
[0.143s] -- Up-to-date: /home/naman72060/common-dp/install/thor_urdf/share/thor_urdf/cmake/thor_urdfConfig.cmake
[0.143s] -- Up-to-date: /home/naman72060/common-dp/install/thor_urdf/share/thor_urdf/cmake/thor_urdfConfig-version.cmake
[0.143s] -- Up-to-date: /home/naman72060/common-dp/install/thor_urdf/share/thor_urdf/package.xml
[0.151s] Invoked command in '/home/naman72060/common-dp/build/thor_urdf' returned '0': CMAKE_PREFIX_PATH=${CMAKE_PREFIX_PATH}:/opt/ros/humble /usr/bin/cmake --install /home/naman72060/common-dp/build/thor_urdf
