[0.014s] Invoking command in '/home/naman72060/common-dp/build/thor_teleop': CMAKE_PREFIX_PATH=/opt/ros/humble /usr/bin/cmake /home/naman72060/common-dp/src/thor_teleop -DCMAKE_INSTALL_PREFIX=/home/naman72060/common-dp/install/thor_teleop
[0.086s] -- The C compiler identification is GNU 11.4.0
[0.155s] -- The CXX compiler identification is GNU 11.4.0
[0.166s] -- Detecting C compiler ABI info
[0.224s] -- Detecting C compiler ABI info - done
[0.234s] -- Check for working C compiler: /usr/bin/cc - skipped
[0.235s] -- Detecting C compile features
[0.236s] -- Detecting C compile features - done
[0.239s] -- Detecting CXX compiler ABI info
[0.325s] -- Detecting CXX compiler ABI info - done
[0.335s] -- Check for working CXX compiler: /usr/bin/c++ - skipped
[0.335s] -- Detecting CXX compile features
[0.336s] -- Detecting CXX compile features - done
[0.338s] -- Found ament_cmake: 1.3.11 (/opt/ros/humble/share/ament_cmake/cmake)
[0.487s] -- Found Python3: /usr/bin/python3 (found version "3.10.12") found components: Interpreter 
[0.567s] -- Found rclpy: 3.3.16 (/opt/ros/humble/share/rclpy/cmake)
[0.568s] -- Found moveit_msgs: 2.2.1 (/opt/ros/humble/share/moveit_msgs/cmake)
[0.610s] -- Found rosidl_generator_c: 3.1.6 (/opt/ros/humble/share/rosidl_generator_c/cmake)
[0.616s] -- Found rosidl_adapter: 3.1.6 (/opt/ros/humble/share/rosidl_adapter/cmake)
[0.626s] -- Found rosidl_generator_cpp: 3.1.6 (/opt/ros/humble/share/rosidl_generator_cpp/cmake)
[0.640s] -- Using all available rosidl_typesupport_c: rosidl_typesupport_fastrtps_c;rosidl_typesupport_introspection_c
[0.660s] -- Using all available rosidl_typesupport_cpp: rosidl_typesupport_fastrtps_cpp;rosidl_typesupport_introspection_cpp
[0.949s] -- Configuring done
[0.951s] -- Generating done
[0.952s] -- Build files have been written to: /home/naman72060/common-dp/build/thor_teleop
[0.957s] Invoked command in '/home/naman72060/common-dp/build/thor_teleop' returned '0': CMAKE_PREFIX_PATH=/opt/ros/humble /usr/bin/cmake /home/naman72060/common-dp/src/thor_teleop -DCMAKE_INSTALL_PREFIX=/home/naman72060/common-dp/install/thor_teleop
[0.959s] Invoking command in '/home/naman72060/common-dp/build/thor_teleop': CMAKE_PREFIX_PATH=/opt/ros/humble /usr/bin/cmake --build /home/naman72060/common-dp/build/thor_teleop -- -j12 -l12
[0.998s] Invoked command in '/home/naman72060/common-dp/build/thor_teleop' returned '0': CMAKE_PREFIX_PATH=/opt/ros/humble /usr/bin/cmake --build /home/naman72060/common-dp/build/thor_teleop -- -j12 -l12
[1.000s] Invoking command in '/home/naman72060/common-dp/build/thor_teleop': CMAKE_PREFIX_PATH=/opt/ros/humble /usr/bin/cmake --install /home/naman72060/common-dp/build/thor_teleop
[1.008s] -- Install configuration: ""
[1.008s] -- Installing: /home/naman72060/common-dp/install/thor_teleop/lib/thor_teleop/teleop_joint_control.py
[1.008s] -- Installing: /home/naman72060/common-dp/install/thor_teleop/lib/thor_teleop/teleop_pose_control.py
[1.008s] -- Installing: /home/naman72060/common-dp/install/thor_teleop/share/ament_index/resource_index/package_run_dependencies/thor_teleop
[1.009s] -- Installing: /home/naman72060/common-dp/install/thor_teleop/share/ament_index/resource_index/parent_prefix_path/thor_teleop
[1.009s] -- Installing: /home/naman72060/common-dp/install/thor_teleop/share/thor_teleop/environment/ament_prefix_path.sh
[1.009s] -- Installing: /home/naman72060/common-dp/install/thor_teleop/share/thor_teleop/environment/ament_prefix_path.dsv
[1.009s] -- Installing: /home/naman72060/common-dp/install/thor_teleop/share/thor_teleop/environment/path.sh
[1.009s] -- Installing: /home/naman72060/common-dp/install/thor_teleop/share/thor_teleop/environment/path.dsv
[1.009s] -- Installing: /home/naman72060/common-dp/install/thor_teleop/share/thor_teleop/local_setup.bash
[1.009s] -- Installing: /home/naman72060/common-dp/install/thor_teleop/share/thor_teleop/local_setup.sh
[1.009s] -- Installing: /home/naman72060/common-dp/install/thor_teleop/share/thor_teleop/local_setup.zsh
[1.009s] -- Installing: /home/naman72060/common-dp/install/thor_teleop/share/thor_teleop/local_setup.dsv
[1.009s] -- Installing: /home/naman72060/common-dp/install/thor_teleop/share/thor_teleop/package.dsv
[1.010s] -- Installing: /home/naman72060/common-dp/install/thor_teleop/share/ament_index/resource_index/packages/thor_teleop
[1.010s] -- Installing: /home/naman72060/common-dp/install/thor_teleop/share/thor_teleop/cmake/thor_teleopConfig.cmake
[1.010s] -- Installing: /home/naman72060/common-dp/install/thor_teleop/share/thor_teleop/cmake/thor_teleopConfig-version.cmake
[1.010s] -- Installing: /home/naman72060/common-dp/install/thor_teleop/share/thor_teleop/package.xml
[1.011s] Invoked command in '/home/naman72060/common-dp/build/thor_teleop' returned '0': CMAKE_PREFIX_PATH=/opt/ros/humble /usr/bin/cmake --install /home/naman72060/common-dp/build/thor_teleop
