[0.026s] Invoking command in '/home/anish/dp_ws/Thor-ROS/ws_thor/build/thor_manipulation': CMAKE_PREFIX_PATH=${CMAKE_PREFIX_PATH}:/opt/ros/humble /usr/bin/cmake /home/anish/dp_ws/Thor-ROS/ws_thor/src/thor_manipulation -DCMAKE_INSTALL_PREFIX=/home/anish/dp_ws/Thor-ROS/ws_thor/install/thor_manipulation
[0.084s] -- The C compiler identification is GNU 11.4.0
[0.144s] -- The CXX compiler identification is GNU 11.4.0
[0.151s] -- Detecting C compiler ABI info
[0.240s] -- Detecting C compiler ABI info - done
[0.246s] -- Check for working C compiler: /usr/bin/cc - skipped
[0.246s] -- Detecting C compile features
[0.246s] -- Detecting C compile features - done
[0.249s] -- Detecting CXX compiler ABI info
[0.357s] -- Detecting CXX compiler ABI info - done
[0.364s] -- Check for working CXX compiler: /usr/bin/c++ - skipped
[0.364s] -- Detecting CXX compile features
[0.365s] -- Detecting CXX compile features - done
[0.370s] -- Found ament_cmake: 1.3.11 (/opt/ros/humble/share/ament_cmake/cmake)
[0.586s] -- Found Python3: /usr/bin/python3 (found version "3.10.12") found components: Interpreter 
[0.733s] -- Found rclcpp: 16.0.12 (/opt/ros/humble/share/rclcpp/cmake)
[0.802s] -- Found rosidl_generator_c: 3.1.6 (/opt/ros/humble/share/rosidl_generator_c/cmake)
[0.811s] -- Found rosidl_adapter: 3.1.6 (/opt/ros/humble/share/rosidl_adapter/cmake)
[0.824s] -- Found rosidl_generator_cpp: 3.1.6 (/opt/ros/humble/share/rosidl_generator_cpp/cmake)
[0.841s] -- Using all available rosidl_typesupport_c: rosidl_typesupport_fastrtps_c;rosidl_typesupport_introspection_c
[0.865s] -- Using all available rosidl_typesupport_cpp: rosidl_typesupport_fastrtps_cpp;rosidl_typesupport_introspection_cpp
[0.933s] -- Found rmw_implementation_cmake: 6.1.2 (/opt/ros/humble/share/rmw_implementation_cmake/cmake)
[0.940s] -- Found rmw_cyclonedds_cpp: 1.3.4 (/opt/ros/humble/share/rmw_cyclonedds_cpp/cmake)
[0.972s] -- Using RMW implementation 'rmw_cyclonedds_cpp' as default
[0.988s] -- Looking for pthread.h
[1.096s] -- Looking for pthread.h - found
[1.097s] -- Performing Test CMAKE_HAVE_LIBC_PTHREAD
[1.199s] -- Performing Test CMAKE_HAVE_LIBC_PTHREAD - Success
[1.200s] -- Found Threads: TRUE  
[1.268s] -- Found rclpy: 3.3.16 (/opt/ros/humble/share/rclpy/cmake)
[1.273s] -- Found geometry_msgs: 4.9.0 (/opt/ros/humble/share/geometry_msgs/cmake)
[1.289s] -- Found sensor_msgs: 4.9.0 (/opt/ros/humble/share/sensor_msgs/cmake)
[1.309s] -- Found shape_msgs: 4.9.0 (/opt/ros/humble/share/shape_msgs/cmake)
[1.326s] -- Found moveit_msgs: 2.2.1 (/opt/ros/humble/share/moveit_msgs/cmake)
[1.450s] -- Found moveit_core: 2.5.9 (/opt/ros/humble/share/moveit_core/cmake)
[1.517s] -- Found Boost: /usr/lib/x86_64-linux-gnu/cmake/Boost-1.74.0/BoostConfig.cmake (found version "1.74.0") found components: chrono date_time filesystem iostreams program_options regex serialization system thread 
[1.618s] -- Found parameter_traits: 0.5.0 (/opt/ros/humble/share/parameter_traits/cmake)
[1.642s] -- Found rclcpp_lifecycle: 16.0.12 (/opt/ros/humble/share/rclcpp_lifecycle/cmake)
[1.675s] -- Found Boost: /usr/lib/x86_64-linux-gnu/cmake/Boost-1.74.0/BoostConfig.cmake (found version "1.74.0") found components: filesystem 
[1.822s] -- library: /usr/lib/x86_64-linux-gnu/libcurl.so
[1.869s] -- Found Eigen3: TRUE (found version "3.4.0") 
[1.870s] -- Ensuring Eigen3 include directory is part of orocos-kdl CMake target
[2.068s] -- Found moveit_ros_planning_interface: 2.5.9 (/opt/ros/humble/share/moveit_ros_planning_interface/cmake)
[2.073s] -- Found Boost: /usr/lib/x86_64-linux-gnu/cmake/Boost-1.74.0/BoostConfig.cmake (found version "1.74.0") found components: date_time filesystem program_options system thread 
[2.089s] -- Found Boost: /usr/lib/x86_64-linux-gnu/cmake/Boost-1.74.0/BoostConfig.cmake (found version "1.74.0") found components: system filesystem date_time program_options thread chrono 
[2.125s] -- Found Boost: /usr/lib/x86_64-linux-gnu/cmake/Boost-1.74.0/BoostConfig.cmake (found version "1.74.0") found components: thread system filesystem regex date_time program_options 
[2.251s] -- Found Boost: /usr/lib/x86_64-linux-gnu/cmake/Boost-1.74.0/BoostConfig.cmake (found version "1.74.0") found components: system filesystem date_time program_options thread 
[2.285s] -- Found cv_bridge: 3.2.1 (/opt/ros/humble/share/cv_bridge/cmake)
[2.303s] -- Found image_transport: 3.1.12 (/opt/ros/humble/share/image_transport/cmake)
[2.310s] -- Found OpenCV: /usr (found version "4.5.4") 
[2.427s] -- Found ament_lint_auto: 0.12.12 (/opt/ros/humble/share/ament_lint_auto/cmake)
[2.532s] -- Added test 'copyright' to check source files copyright and LICENSE
[2.534s] -- Added test 'cppcheck' to perform static code analysis on C / C++ code
[2.535s] -- Configured cppcheck include dirs: 
[2.535s] -- Configured cppcheck exclude dirs and/or files: 
[2.536s] -- Added test 'cpplint' to check C / C++ code against the Google style
[2.536s] -- Configured cpplint exclude dirs and/or files: 
[2.537s] -- Added test 'flake8' to check Python code syntax and style conventions
[2.538s] -- Added test 'lint_cmake' to check CMake code style
[2.540s] -- Added test 'pep257' to check Python code against some of the docstring style conventions in PEP 257
[2.542s] -- Added test 'uncrustify' to check C / C++ code style
[2.542s] -- Configured uncrustify additional arguments: 
[2.543s] -- Added test 'xmllint' to check XML markup files
[2.545s] -- Configuring done
[2.554s] -- Generating done
[2.558s] -- Build files have been written to: /home/anish/dp_ws/Thor-ROS/ws_thor/build/thor_manipulation
[2.574s] Invoked command in '/home/anish/dp_ws/Thor-ROS/ws_thor/build/thor_manipulation' returned '0': CMAKE_PREFIX_PATH=${CMAKE_PREFIX_PATH}:/opt/ros/humble /usr/bin/cmake /home/anish/dp_ws/Thor-ROS/ws_thor/src/thor_manipulation -DCMAKE_INSTALL_PREFIX=/home/anish/dp_ws/Thor-ROS/ws_thor/install/thor_manipulation
[2.576s] Invoking command in '/home/anish/dp_ws/Thor-ROS/ws_thor/build/thor_manipulation': CMAKE_PREFIX_PATH=${CMAKE_PREFIX_PATH}:/opt/ros/humble /usr/bin/cmake --build /home/anish/dp_ws/Thor-ROS/ws_thor/build/thor_manipulation -- -j16 -l16
[2.650s] Built target ament_cmake_python_copy_thor_manipulation
[2.862s] running egg_info
[2.862s] creating thor_manipulation.egg-info
[2.863s] writing thor_manipulation.egg-info/PKG-INFO
[2.863s] writing dependency_links to thor_manipulation.egg-info/dependency_links.txt
[2.863s] writing top-level names to thor_manipulation.egg-info/top_level.txt
[2.863s] writing manifest file 'thor_manipulation.egg-info/SOURCES.txt'
[2.865s] reading manifest file 'thor_manipulation.egg-info/SOURCES.txt'
[2.865s] writing manifest file 'thor_manipulation.egg-info/SOURCES.txt'
[2.896s] Built target ament_cmake_python_build_thor_manipulation_egg
[2.911s] Invoked command in '/home/anish/dp_ws/Thor-ROS/ws_thor/build/thor_manipulation' returned '0': CMAKE_PREFIX_PATH=${CMAKE_PREFIX_PATH}:/opt/ros/humble /usr/bin/cmake --build /home/anish/dp_ws/Thor-ROS/ws_thor/build/thor_manipulation -- -j16 -l16
[2.913s] Invoking command in '/home/anish/dp_ws/Thor-ROS/ws_thor/build/thor_manipulation': CMAKE_PREFIX_PATH=${CMAKE_PREFIX_PATH}:/opt/ros/humble /usr/bin/cmake --install /home/anish/dp_ws/Thor-ROS/ws_thor/build/thor_manipulation
[2.922s] -- Install configuration: ""
[2.922s] -- Installing: /home/anish/dp_ws/Thor-ROS/ws_thor/install/thor_manipulation/share/thor_manipulation/environment/pythonpath.sh
[2.922s] -- Installing: /home/anish/dp_ws/Thor-ROS/ws_thor/install/thor_manipulation/share/thor_manipulation/environment/pythonpath.dsv
[2.923s] -- Installing: /home/anish/dp_ws/Thor-ROS/ws_thor/install/thor_manipulation/local/lib/python3.10/dist-packages/thor_manipulation-0.1.0-py3.10.egg-info
[2.923s] -- Installing: /home/anish/dp_ws/Thor-ROS/ws_thor/install/thor_manipulation/local/lib/python3.10/dist-packages/thor_manipulation-0.1.0-py3.10.egg-info/SOURCES.txt
[2.924s] -- Installing: /home/anish/dp_ws/Thor-ROS/ws_thor/install/thor_manipulation/local/lib/python3.10/dist-packages/thor_manipulation-0.1.0-py3.10.egg-info/PKG-INFO
[2.924s] -- Installing: /home/anish/dp_ws/Thor-ROS/ws_thor/install/thor_manipulation/local/lib/python3.10/dist-packages/thor_manipulation-0.1.0-py3.10.egg-info/dependency_links.txt
[2.924s] -- Installing: /home/anish/dp_ws/Thor-ROS/ws_thor/install/thor_manipulation/local/lib/python3.10/dist-packages/thor_manipulation-0.1.0-py3.10.egg-info/top_level.txt
[2.924s] -- Installing: /home/anish/dp_ws/Thor-ROS/ws_thor/install/thor_manipulation/local/lib/python3.10/dist-packages/thor_manipulation
[2.924s] -- Installing: /home/anish/dp_ws/Thor-ROS/ws_thor/install/thor_manipulation/local/lib/python3.10/dist-packages/thor_manipulation/__init__.py
[2.954s] Listing '/home/anish/dp_ws/Thor-ROS/ws_thor/install/thor_manipulation/local/lib/python3.10/dist-packages/thor_manipulation'...
[2.954s] Compiling '/home/anish/dp_ws/Thor-ROS/ws_thor/install/thor_manipulation/local/lib/python3.10/dist-packages/thor_manipulation/__init__.py'...
[2.959s] -- Installing: /home/anish/dp_ws/Thor-ROS/ws_thor/install/thor_manipulation/lib/thor_manipulation/pick_place_node
[2.959s] -- Installing: /home/anish/dp_ws/Thor-ROS/ws_thor/install/thor_manipulation/lib/thor_manipulation/pick_place_task_constructor
[2.959s] -- Installing: /home/anish/dp_ws/Thor-ROS/ws_thor/install/thor_manipulation/lib/thor_manipulation/thor_task_constructor_demo
[2.959s] -- Installing: /home/anish/dp_ws/Thor-ROS/ws_thor/install/thor_manipulation/lib/thor_manipulation/control_interface
[2.959s] -- Installing: /home/anish/dp_ws/Thor-ROS/ws_thor/install/thor_manipulation/lib/thor_manipulation/task_coordinator_node
[2.959s] -- Installing: /home/anish/dp_ws/Thor-ROS/ws_thor/install/thor_manipulation/lib/thor_manipulation/object_detector
[2.960s] -- Installing: /home/anish/dp_ws/Thor-ROS/ws_thor/install/thor_manipulation/lib/thor_manipulation/enhanced_pick_place_node
[2.960s] -- Installing: /home/anish/dp_ws/Thor-ROS/ws_thor/install/thor_manipulation/lib/thor_manipulation/simple_command_interface
[2.960s] -- Installing: /home/anish/dp_ws/Thor-ROS/ws_thor/install/thor_manipulation/share/thor_manipulation/launch
[2.960s] -- Installing: /home/anish/dp_ws/Thor-ROS/ws_thor/install/thor_manipulation/share/thor_manipulation/launch/pick_place.launch.py
[2.960s] -- Installing: /home/anish/dp_ws/Thor-ROS/ws_thor/install/thor_manipulation/share/thor_manipulation/config
[2.960s] -- Installing: /home/anish/dp_ws/Thor-ROS/ws_thor/install/thor_manipulation/share/thor_manipulation/config/sensors.yaml
[2.960s] -- Installing: /home/anish/dp_ws/Thor-ROS/ws_thor/install/thor_manipulation/share/thor_manipulation/config/mtc.rviz
[2.960s] -- Installing: /home/anish/dp_ws/Thor-ROS/ws_thor/install/thor_manipulation/share/thor_manipulation/config/electromagnet_controller.cpp
[2.961s] -- Installing: /home/anish/dp_ws/Thor-ROS/ws_thor/install/thor_manipulation/share/thor_manipulation/rviz
[2.961s] -- Installing: /home/anish/dp_ws/Thor-ROS/ws_thor/install/thor_manipulation/share/ament_index/resource_index/package_run_dependencies/thor_manipulation
[2.961s] -- Installing: /home/anish/dp_ws/Thor-ROS/ws_thor/install/thor_manipulation/share/ament_index/resource_index/parent_prefix_path/thor_manipulation
[2.961s] -- Installing: /home/anish/dp_ws/Thor-ROS/ws_thor/install/thor_manipulation/share/thor_manipulation/environment/ament_prefix_path.sh
[2.961s] -- Installing: /home/anish/dp_ws/Thor-ROS/ws_thor/install/thor_manipulation/share/thor_manipulation/environment/ament_prefix_path.dsv
[2.961s] -- Installing: /home/anish/dp_ws/Thor-ROS/ws_thor/install/thor_manipulation/share/thor_manipulation/environment/path.sh
[2.962s] -- Installing: /home/anish/dp_ws/Thor-ROS/ws_thor/install/thor_manipulation/share/thor_manipulation/environment/path.dsv
[2.962s] -- Installing: /home/anish/dp_ws/Thor-ROS/ws_thor/install/thor_manipulation/share/thor_manipulation/local_setup.bash
[2.962s] -- Installing: /home/anish/dp_ws/Thor-ROS/ws_thor/install/thor_manipulation/share/thor_manipulation/local_setup.sh
[2.962s] -- Installing: /home/anish/dp_ws/Thor-ROS/ws_thor/install/thor_manipulation/share/thor_manipulation/local_setup.zsh
[2.962s] -- Installing: /home/anish/dp_ws/Thor-ROS/ws_thor/install/thor_manipulation/share/thor_manipulation/local_setup.dsv
[2.962s] -- Installing: /home/anish/dp_ws/Thor-ROS/ws_thor/install/thor_manipulation/share/thor_manipulation/package.dsv
[2.962s] -- Installing: /home/anish/dp_ws/Thor-ROS/ws_thor/install/thor_manipulation/share/ament_index/resource_index/packages/thor_manipulation
[2.963s] -- Installing: /home/anish/dp_ws/Thor-ROS/ws_thor/install/thor_manipulation/share/thor_manipulation/cmake/thor_manipulationConfig.cmake
[2.963s] -- Installing: /home/anish/dp_ws/Thor-ROS/ws_thor/install/thor_manipulation/share/thor_manipulation/cmake/thor_manipulationConfig-version.cmake
[2.963s] -- Installing: /home/anish/dp_ws/Thor-ROS/ws_thor/install/thor_manipulation/share/thor_manipulation/package.xml
[2.965s] Invoked command in '/home/anish/dp_ws/Thor-ROS/ws_thor/build/thor_manipulation' returned '0': CMAKE_PREFIX_PATH=${CMAKE_PREFIX_PATH}:/opt/ros/humble /usr/bin/cmake --install /home/anish/dp_ws/Thor-ROS/ws_thor/build/thor_manipulation
