-- Install configuration: ""
-- Up-to-date: /home/anish/dp_ws/Thor-ROS/ws_thor/install/thor_urdf/share/thor_urdf/meshes
-- Up-to-date: /home/anish/dp_ws/Thor-ROS/ws_thor/install/thor_urdf/share/thor_urdf/meshes/Art2.dae
-- Up-to-date: /home/anish/dp_ws/Thor-ROS/ws_thor/install/thor_urdf/share/thor_urdf/meshes/Art1.dae
-- Up-to-date: /home/anish/dp_ws/Thor-ROS/ws_thor/install/thor_urdf/share/thor_urdf/meshes/Art4.dae
-- Up-to-date: /home/anish/dp_ws/Thor-ROS/ws_thor/install/thor_urdf/share/thor_urdf/meshes/Art6.dae
-- Up-to-date: /home/anish/dp_ws/Thor-ROS/ws_thor/install/thor_urdf/share/thor_urdf/meshes/GripperArmGear.dae
-- Up-to-date: /home/anish/dp_ws/Thor-ROS/ws_thor/install/thor_urdf/share/thor_urdf/meshes/GripperFinger.dae
-- Up-to-date: /home/anish/dp_ws/Thor-ROS/ws_thor/install/thor_urdf/share/thor_urdf/meshes/Base.dae
-- Up-to-date: /home/anish/dp_ws/Thor-ROS/ws_thor/install/thor_urdf/share/thor_urdf/meshes/GripperArm.dae
-- Up-to-date: /home/anish/dp_ws/Thor-ROS/ws_thor/install/thor_urdf/share/thor_urdf/meshes/Art3.dae
-- Up-to-date: /home/anish/dp_ws/Thor-ROS/ws_thor/install/thor_urdf/share/thor_urdf/meshes/Art5.dae
-- Up-to-date: /home/anish/dp_ws/Thor-ROS/ws_thor/install/thor_urdf/share/thor_urdf/meshes/GripperBase.dae
-- Up-to-date: /home/anish/dp_ws/Thor-ROS/ws_thor/install/thor_urdf/share/thor_urdf/urdf
-- Up-to-date: /home/anish/dp_ws/Thor-ROS/ws_thor/install/thor_urdf/share/thor_urdf/urdf/thor_gazebo.xacro
-- Installing: /home/anish/dp_ws/Thor-ROS/ws_thor/install/thor_urdf/share/thor_urdf/urdf/thor.urdf.xacro
-- Up-to-date: /home/anish/dp_ws/Thor-ROS/ws_thor/install/thor_urdf/share/thor_urdf/urdf/thor_arm.ros2_control.xacro
-- Up-to-date: /home/anish/dp_ws/Thor-ROS/ws_thor/install/thor_urdf/share/thor_urdf/urdf/table.urdf.xacro
-- Up-to-date: /home/anish/dp_ws/Thor-ROS/ws_thor/install/thor_urdf/share/thor_urdf/launch
-- Up-to-date: /home/anish/dp_ws/Thor-ROS/ws_thor/install/thor_urdf/share/thor_urdf/launch/display.launch.py
-- Up-to-date: /home/anish/dp_ws/Thor-ROS/ws_thor/install/thor_urdf/share/thor_urdf/launch/gazebo.launch.py
-- Up-to-date: /home/anish/dp_ws/Thor-ROS/ws_thor/install/thor_urdf/share/thor_urdf/launch/launch.py
-- Up-to-date: /home/anish/dp_ws/Thor-ROS/ws_thor/install/thor_urdf/share/thor_urdf/rviz
-- Up-to-date: /home/anish/dp_ws/Thor-ROS/ws_thor/install/thor_urdf/share/thor_urdf/rviz/display.rviz
-- Up-to-date: /home/anish/dp_ws/Thor-ROS/ws_thor/install/thor_urdf/share/ament_index/resource_index/package_run_dependencies/thor_urdf
-- Up-to-date: /home/anish/dp_ws/Thor-ROS/ws_thor/install/thor_urdf/share/ament_index/resource_index/parent_prefix_path/thor_urdf
-- Up-to-date: /home/anish/dp_ws/Thor-ROS/ws_thor/install/thor_urdf/share/thor_urdf/environment/ament_prefix_path.sh
-- Up-to-date: /home/anish/dp_ws/Thor-ROS/ws_thor/install/thor_urdf/share/thor_urdf/environment/ament_prefix_path.dsv
-- Up-to-date: /home/anish/dp_ws/Thor-ROS/ws_thor/install/thor_urdf/share/thor_urdf/environment/path.sh
-- Up-to-date: /home/anish/dp_ws/Thor-ROS/ws_thor/install/thor_urdf/share/thor_urdf/environment/path.dsv
-- Up-to-date: /home/anish/dp_ws/Thor-ROS/ws_thor/install/thor_urdf/share/thor_urdf/local_setup.bash
-- Up-to-date: /home/anish/dp_ws/Thor-ROS/ws_thor/install/thor_urdf/share/thor_urdf/local_setup.sh
-- Up-to-date: /home/anish/dp_ws/Thor-ROS/ws_thor/install/thor_urdf/share/thor_urdf/local_setup.zsh
-- Up-to-date: /home/anish/dp_ws/Thor-ROS/ws_thor/install/thor_urdf/share/thor_urdf/local_setup.dsv
-- Installing: /home/anish/dp_ws/Thor-ROS/ws_thor/install/thor_urdf/share/thor_urdf/package.dsv
-- Up-to-date: /home/anish/dp_ws/Thor-ROS/ws_thor/install/thor_urdf/share/ament_index/resource_index/packages/thor_urdf
-- Up-to-date: /home/anish/dp_ws/Thor-ROS/ws_thor/install/thor_urdf/share/thor_urdf/cmake/thor_urdfConfig.cmake
-- Up-to-date: /home/anish/dp_ws/Thor-ROS/ws_thor/install/thor_urdf/share/thor_urdf/cmake/thor_urdfConfig-version.cmake
-- Up-to-date: /home/anish/dp_ws/Thor-ROS/ws_thor/install/thor_urdf/share/thor_urdf/package.xml
