-- The C compiler identification is GNU 11.4.0
-- The CXX compiler identification is GNU 11.4.0
-- Detecting C compiler ABI info
-- Detecting C compiler ABI info - done
-- Check for working C compiler: /usr/bin/cc - skipped
-- Detecting C compile features
-- Detecting C compile features - done
-- Detecting CXX compiler ABI info
-- Detecting CXX compiler ABI info - done
-- Check for working CXX compiler: /usr/bin/c++ - skipped
-- Detecting CXX compile features
-- Detecting CXX compile features - done
-- Found ament_cmake: 1.3.11 (/opt/ros/humble/share/ament_cmake/cmake)
-- Found Python3: /usr/bin/python3 (found version "3.10.12") found components: Interpreter 
-- Found rclcpp: 16.0.12 (/opt/ros/humble/share/rclcpp/cmake)
-- Found rosidl_generator_c: 3.1.6 (/opt/ros/humble/share/rosidl_generator_c/cmake)
-- Found rosidl_adapter: 3.1.6 (/opt/ros/humble/share/rosidl_adapter/cmake)
-- Found rosidl_generator_cpp: 3.1.6 (/opt/ros/humble/share/rosidl_generator_cpp/cmake)
-- Using all available rosidl_typesupport_c: rosidl_typesupport_fastrtps_c;rosidl_typesupport_introspection_c
-- Using all available rosidl_typesupport_cpp: rosidl_typesupport_fastrtps_cpp;rosidl_typesupport_introspection_cpp
-- Found rmw_implementation_cmake: 6.1.2 (/opt/ros/humble/share/rmw_implementation_cmake/cmake)
-- Found rmw_cyclonedds_cpp: 1.3.4 (/opt/ros/humble/share/rmw_cyclonedds_cpp/cmake)
-- Using RMW implementation 'rmw_cyclonedds_cpp' as default
-- Looking for pthread.h
-- Looking for pthread.h - found
-- Performing Test CMAKE_HAVE_LIBC_PTHREAD
-- Performing Test CMAKE_HAVE_LIBC_PTHREAD - Success
-- Found Threads: TRUE  
-- Found rclcpp_action: 16.0.12 (/opt/ros/humble/share/rclcpp_action/cmake)
-- Found rclcpp_components: 16.0.12 (/opt/ros/humble/share/rclcpp_components/cmake)
-- Found moveit_ros_planning_interface: 2.5.9 (/opt/ros/humble/share/moveit_ros_planning_interface/cmake)
-- Found Boost: /usr/lib/x86_64-linux-gnu/cmake/Boost-1.74.0/BoostConfig.cmake (found version "1.74.0") found components: date_time filesystem program_options system thread 
-- Found Boost: /usr/lib/x86_64-linux-gnu/cmake/Boost-1.74.0/BoostConfig.cmake (found version "1.74.0") found components: chrono date_time filesystem iostreams program_options regex serialization system thread 
-- Found parameter_traits: 0.5.0 (/opt/ros/humble/share/parameter_traits/cmake)
-- Found rclcpp_lifecycle: 16.0.12 (/opt/ros/humble/share/rclcpp_lifecycle/cmake)
-- Found Boost: /usr/lib/x86_64-linux-gnu/cmake/Boost-1.74.0/BoostConfig.cmake (found version "1.74.0") found components: filesystem 
-- library: /usr/lib/x86_64-linux-gnu/libcurl.so
-- Found Eigen3: TRUE (found version "3.4.0") 
-- Ensuring Eigen3 include directory is part of orocos-kdl CMake target
-- Found Boost: /usr/lib/x86_64-linux-gnu/cmake/Boost-1.74.0/BoostConfig.cmake (found version "1.74.0") found components: system filesystem date_time program_options thread chrono 
-- Found Boost: /usr/lib/x86_64-linux-gnu/cmake/Boost-1.74.0/BoostConfig.cmake (found version "1.74.0") found components: thread system filesystem regex date_time program_options 
-- Found Boost: /usr/lib/x86_64-linux-gnu/cmake/Boost-1.74.0/BoostConfig.cmake (found version "1.74.0") found components: system filesystem date_time program_options thread 
-- Found rosidl_default_generators: 1.2.0 (/opt/ros/humble/share/rosidl_default_generators/cmake)
-- Found thor_controller: 0.0.0 (/home/anish/dp_ws/Thor-ROS/ws_thor/install/thor_controller/share/thor_controller/cmake)
-- Found ament_cmake_ros: 0.10.0 (/opt/ros/humble/share/ament_cmake_ros/cmake)
-- Using all available rosidl_typesupport_c: rosidl_typesupport_fastrtps_c;rosidl_typesupport_introspection_c
-- Using all available rosidl_typesupport_cpp: rosidl_typesupport_fastrtps_cpp;rosidl_typesupport_introspection_cpp
-- Found PythonInterp: /usr/bin/python3 (found suitable version "3.10.12", minimum required is "3.6") 
-- Found python_cmake_module: 0.10.0 (/opt/ros/humble/share/python_cmake_module/cmake)
-- Found PythonLibs: /usr/lib/x86_64-linux-gnu/libpython3.10.so (found suitable version "3.10.12", minimum required is "3.5") 
-- Using PYTHON_EXECUTABLE: /usr/bin/python3
-- Using PYTHON_INCLUDE_DIRS: /usr/include/python3.10
-- Using PYTHON_LIBRARIES: /usr/lib/x86_64-linux-gnu/libpython3.10.so
-- Found PythonExtra: .so  
-- Found ament_lint_auto: 0.12.12 (/opt/ros/humble/share/ament_lint_auto/cmake)
-- Added test 'cppcheck' to perform static code analysis on C / C++ code
-- Configured cppcheck include dirs: $<BUILD_INTERFACE:/home/anish/dp_ws/Thor-ROS/ws_thor/src/thor_server/include>
-- Configured cppcheck exclude dirs and/or files: 
-- Added test 'lint_cmake' to check CMake code style
-- Added test 'uncrustify' to check C / C++ code style
-- Configured uncrustify additional arguments: 
-- Added test 'xmllint' to check XML markup files
-- Configuring done
-- Generating done
-- Build files have been written to: /home/anish/dp_ws/Thor-ROS/ws_thor/build/thor_server
[  2%] [34m[1mGenerating C code for ROS interfaces[0m
[  6%] [32mBuilding CXX object CMakeFiles/task_server_node.dir/rclcpp_components/node_main_task_server_node.cpp.o[0m
[  6%] [32mBuilding CXX object CMakeFiles/hardware_command_node.dir/src/hardware_command_node.cpp.o[0m
[  8%] [34m[1mGenerating C++ code for ROS interfaces[0m
[  8%] Built target ament_cmake_python_copy_thor_server
running egg_info
creating thor_server.egg-info
writing thor_server.egg-info/PKG-INFO
writing dependency_links to thor_server.egg-info/dependency_links.txt
writing top-level names to thor_server.egg-info/top_level.txt
writing manifest file 'thor_server.egg-info/SOURCES.txt'
reading manifest file 'thor_server.egg-info/SOURCES.txt'
writing manifest file 'thor_server.egg-info/SOURCES.txt'
[  8%] Built target ament_cmake_python_build_thor_server_egg
[ 13%] [32mBuilding C object CMakeFiles/thor_server__rosidl_generator_c.dir/rosidl_generator_c/thor_server/action/detail/joint_task__functions.c.o[0m
[ 13%] [32mBuilding C object CMakeFiles/thor_server__rosidl_generator_c.dir/rosidl_generator_c/thor_server/action/detail/pose_task__functions.c.o[0m
[ 13%] Built target thor_server__cpp
[ 17%] [34m[1mGenerating C++ introspection for ROS interfaces[0m
[ 17%] [34m[1mGenerating C++ type support dispatch for ROS interfaces[0m
[ 20%] [34m[1mGenerating C++ type support for eProsima Fast-RTPS[0m
[ 22%] [32m[1mLinking C shared library libthor_server__rosidl_generator_c.so[0m
[ 22%] Built target thor_server__rosidl_generator_c
[ 28%] [34m[1mGenerating C type support dispatch for ROS interfaces[0m
[ 28%] [34m[1mGenerating C introspection for ROS interfaces[0m
[ 28%] [34m[1mGenerating C type support for eProsima Fast-RTPS[0m
[ 31%] [32mBuilding CXX object CMakeFiles/thor_server__rosidl_typesupport_cpp.dir/rosidl_typesupport_cpp/thor_server/action/joint_task__type_support.cpp.o[0m
[ 33%] [32mBuilding CXX object CMakeFiles/thor_server__rosidl_typesupport_cpp.dir/rosidl_typesupport_cpp/thor_server/action/pose_task__type_support.cpp.o[0m
[ 35%] [32mBuilding CXX object CMakeFiles/thor_server__rosidl_typesupport_introspection_cpp.dir/rosidl_typesupport_introspection_cpp/thor_server/action/detail/joint_task__type_support.cpp.o[0m
[ 37%] [32mBuilding CXX object CMakeFiles/thor_server__rosidl_typesupport_introspection_cpp.dir/rosidl_typesupport_introspection_cpp/thor_server/action/detail/pose_task__type_support.cpp.o[0m
[ 40%] [32mBuilding CXX object CMakeFiles/thor_server__rosidl_typesupport_c.dir/rosidl_typesupport_c/thor_server/action/pose_task__type_support.cpp.o[0m
[ 42%] [32mBuilding CXX object CMakeFiles/thor_server__rosidl_typesupport_c.dir/rosidl_typesupport_c/thor_server/action/joint_task__type_support.cpp.o[0m
[ 46%] [32mBuilding CXX object CMakeFiles/thor_server__rosidl_typesupport_fastrtps_cpp.dir/rosidl_typesupport_fastrtps_cpp/thor_server/action/detail/dds_fastrtps/joint_task__type_support.cpp.o[0m
[ 46%] [32mBuilding CXX object CMakeFiles/thor_server__rosidl_typesupport_fastrtps_cpp.dir/rosidl_typesupport_fastrtps_cpp/thor_server/action/detail/dds_fastrtps/pose_task__type_support.cpp.o[0m
[ 48%] [32m[1mLinking CXX shared library libthor_server__rosidl_typesupport_c.so[0m
[ 51%] [32mBuilding C object CMakeFiles/thor_server__rosidl_typesupport_introspection_c.dir/rosidl_typesupport_introspection_c/thor_server/action/detail/pose_task__type_support.c.o[0m
[ 53%] [32mBuilding C object CMakeFiles/thor_server__rosidl_typesupport_introspection_c.dir/rosidl_typesupport_introspection_c/thor_server/action/detail/joint_task__type_support.c.o[0m
[ 53%] Built target thor_server__rosidl_typesupport_c
[ 55%] [32mBuilding CXX object CMakeFiles/thor_server__rosidl_typesupport_fastrtps_c.dir/rosidl_typesupport_fastrtps_c/thor_server/action/detail/joint_task__type_support_c.cpp.o[0m
[ 57%] [32mBuilding CXX object CMakeFiles/thor_server__rosidl_typesupport_fastrtps_c.dir/rosidl_typesupport_fastrtps_c/thor_server/action/detail/pose_task__type_support_c.cpp.o[0m
[ 60%] [32m[1mLinking C shared library libthor_server__rosidl_typesupport_introspection_c.so[0m
[ 60%] Built target thor_server__rosidl_typesupport_introspection_c
[ 62%] [32m[1mLinking CXX shared library libthor_server__rosidl_typesupport_cpp.so[0m
[ 62%] Built target thor_server__rosidl_typesupport_cpp
[ 64%] [32mBuilding CXX object CMakeFiles/task_server.dir/src/task_server.cpp.o[0m
[ 66%] [32m[1mLinking CXX shared library libthor_server__rosidl_typesupport_introspection_cpp.so[0m
[ 66%] Built target thor_server__rosidl_typesupport_introspection_cpp
[ 68%] [32m[1mLinking CXX shared library libthor_server__rosidl_typesupport_fastrtps_c.so[0m
[ 71%] [32m[1mLinking CXX shared library libthor_server__rosidl_typesupport_fastrtps_cpp.so[0m
[ 71%] Built target thor_server__rosidl_typesupport_fastrtps_c
[ 71%] Built target thor_server__rosidl_typesupport_fastrtps_cpp
[ 71%] Built target thor_server
[ 73%] [34m[1mGenerating Python code for ROS interfaces[0m
[ 73%] Built target thor_server__py
[ 77%] [32mBuilding C object CMakeFiles/thor_server__rosidl_generator_py.dir/rosidl_generator_py/thor_server/action/_pose_task_s.c.o[0m
[ 77%] [32mBuilding C object CMakeFiles/thor_server__rosidl_generator_py.dir/rosidl_generator_py/thor_server/action/_joint_task_s.c.o[0m
[ 80%] [32m[1mLinking CXX executable task_server_node[0m
[ 82%] [32m[1mLinking C shared library rosidl_generator_py/thor_server/libthor_server__rosidl_generator_py.so[0m
[ 82%] Built target thor_server__rosidl_generator_py
[ 86%] [32mBuilding C object CMakeFiles/thor_server__rosidl_typesupport_fastrtps_c__pyext.dir/rosidl_generator_py/thor_server/_thor_server_s.ep.rosidl_typesupport_fastrtps_c.c.o[0m
[ 86%] [32mBuilding C object CMakeFiles/thor_server__rosidl_typesupport_c__pyext.dir/rosidl_generator_py/thor_server/_thor_server_s.ep.rosidl_typesupport_c.c.o[0m
[ 88%] [32mBuilding C object CMakeFiles/thor_server__rosidl_typesupport_introspection_c__pyext.dir/rosidl_generator_py/thor_server/_thor_server_s.ep.rosidl_typesupport_introspection_c.c.o[0m
[ 88%] Built target task_server_node
[ 91%] [32m[1mLinking C shared library rosidl_generator_py/thor_server/thor_server_s__rosidl_typesupport_fastrtps_c.cpython-310-x86_64-linux-gnu.so[0m
[ 93%] [32m[1mLinking C shared library rosidl_generator_py/thor_server/thor_server_s__rosidl_typesupport_c.cpython-310-x86_64-linux-gnu.so[0m
[ 95%] [32m[1mLinking C shared library rosidl_generator_py/thor_server/thor_server_s__rosidl_typesupport_introspection_c.cpython-310-x86_64-linux-gnu.so[0m
[ 95%] Built target thor_server__rosidl_typesupport_fastrtps_c__pyext
[ 95%] Built target thor_server__rosidl_typesupport_c__pyext
[ 95%] Built target thor_server__rosidl_typesupport_introspection_c__pyext
[ 97%] [32m[1mLinking CXX executable hardware_command_node[0m
[ 97%] Built target hardware_command_node
[100%] [32m[1mLinking CXX shared library libtask_server.so[0m
[100%] Built target task_server
-- Install configuration: ""
-- Installing: /home/anish/dp_ws/Thor-ROS/ws_thor/install/thor_server/share/ament_index/resource_index/rosidl_interfaces/thor_server
-- Installing: /home/anish/dp_ws/Thor-ROS/ws_thor/install/thor_server/include/thor_server/thor_server
-- Installing: /home/anish/dp_ws/Thor-ROS/ws_thor/install/thor_server/include/thor_server/thor_server/msg
-- Installing: /home/anish/dp_ws/Thor-ROS/ws_thor/install/thor_server/include/thor_server/thor_server/msg/rosidl_generator_c__visibility_control.h
-- Installing: /home/anish/dp_ws/Thor-ROS/ws_thor/install/thor_server/include/thor_server/thor_server/action
-- Installing: /home/anish/dp_ws/Thor-ROS/ws_thor/install/thor_server/include/thor_server/thor_server/action/joint_task.h
-- Installing: /home/anish/dp_ws/Thor-ROS/ws_thor/install/thor_server/include/thor_server/thor_server/action/detail
-- Installing: /home/anish/dp_ws/Thor-ROS/ws_thor/install/thor_server/include/thor_server/thor_server/action/detail/pose_task__functions.h
-- Installing: /home/anish/dp_ws/Thor-ROS/ws_thor/install/thor_server/include/thor_server/thor_server/action/detail/pose_task__type_support.h
-- Installing: /home/anish/dp_ws/Thor-ROS/ws_thor/install/thor_server/include/thor_server/thor_server/action/detail/pose_task__functions.c
-- Installing: /home/anish/dp_ws/Thor-ROS/ws_thor/install/thor_server/include/thor_server/thor_server/action/detail/joint_task__functions.h
-- Installing: /home/anish/dp_ws/Thor-ROS/ws_thor/install/thor_server/include/thor_server/thor_server/action/detail/pose_task__struct.h
-- Installing: /home/anish/dp_ws/Thor-ROS/ws_thor/install/thor_server/include/thor_server/thor_server/action/detail/joint_task__type_support.h
-- Installing: /home/anish/dp_ws/Thor-ROS/ws_thor/install/thor_server/include/thor_server/thor_server/action/detail/joint_task__functions.c
-- Installing: /home/anish/dp_ws/Thor-ROS/ws_thor/install/thor_server/include/thor_server/thor_server/action/detail/joint_task__struct.h
-- Installing: /home/anish/dp_ws/Thor-ROS/ws_thor/install/thor_server/include/thor_server/thor_server/action/pose_task.h
-- Installing: /home/anish/dp_ws/Thor-ROS/ws_thor/install/thor_server/share/thor_server/environment/library_path.sh
-- Installing: /home/anish/dp_ws/Thor-ROS/ws_thor/install/thor_server/share/thor_server/environment/library_path.dsv
-- Installing: /home/anish/dp_ws/Thor-ROS/ws_thor/install/thor_server/lib/libthor_server__rosidl_generator_c.so
-- Set runtime path of "/home/anish/dp_ws/Thor-ROS/ws_thor/install/thor_server/lib/libthor_server__rosidl_generator_c.so" to ""
-- Up-to-date: /home/anish/dp_ws/Thor-ROS/ws_thor/install/thor_server/include/thor_server/thor_server
-- Up-to-date: /home/anish/dp_ws/Thor-ROS/ws_thor/install/thor_server/include/thor_server/thor_server/msg
-- Installing: /home/anish/dp_ws/Thor-ROS/ws_thor/install/thor_server/include/thor_server/thor_server/msg/rosidl_typesupport_fastrtps_c__visibility_control.h
-- Up-to-date: /home/anish/dp_ws/Thor-ROS/ws_thor/install/thor_server/include/thor_server/thor_server/action
-- Up-to-date: /home/anish/dp_ws/Thor-ROS/ws_thor/install/thor_server/include/thor_server/thor_server/action/detail
-- Installing: /home/anish/dp_ws/Thor-ROS/ws_thor/install/thor_server/include/thor_server/thor_server/action/detail/pose_task__rosidl_typesupport_fastrtps_c.h
-- Installing: /home/anish/dp_ws/Thor-ROS/ws_thor/install/thor_server/include/thor_server/thor_server/action/detail/joint_task__rosidl_typesupport_fastrtps_c.h
-- Installing: /home/anish/dp_ws/Thor-ROS/ws_thor/install/thor_server/lib/libthor_server__rosidl_typesupport_fastrtps_c.so
-- Set runtime path of "/home/anish/dp_ws/Thor-ROS/ws_thor/install/thor_server/lib/libthor_server__rosidl_typesupport_fastrtps_c.so" to ""
-- Up-to-date: /home/anish/dp_ws/Thor-ROS/ws_thor/install/thor_server/include/thor_server/thor_server
-- Up-to-date: /home/anish/dp_ws/Thor-ROS/ws_thor/install/thor_server/include/thor_server/thor_server/msg
-- Installing: /home/anish/dp_ws/Thor-ROS/ws_thor/install/thor_server/include/thor_server/thor_server/msg/rosidl_generator_cpp__visibility_control.hpp
-- Up-to-date: /home/anish/dp_ws/Thor-ROS/ws_thor/install/thor_server/include/thor_server/thor_server/action
-- Installing: /home/anish/dp_ws/Thor-ROS/ws_thor/install/thor_server/include/thor_server/thor_server/action/pose_task.hpp
-- Installing: /home/anish/dp_ws/Thor-ROS/ws_thor/install/thor_server/include/thor_server/thor_server/action/joint_task.hpp
-- Up-to-date: /home/anish/dp_ws/Thor-ROS/ws_thor/install/thor_server/include/thor_server/thor_server/action/detail
-- Installing: /home/anish/dp_ws/Thor-ROS/ws_thor/install/thor_server/include/thor_server/thor_server/action/detail/joint_task__type_support.hpp
-- Installing: /home/anish/dp_ws/Thor-ROS/ws_thor/install/thor_server/include/thor_server/thor_server/action/detail/pose_task__struct.hpp
-- Installing: /home/anish/dp_ws/Thor-ROS/ws_thor/install/thor_server/include/thor_server/thor_server/action/detail/pose_task__type_support.hpp
-- Installing: /home/anish/dp_ws/Thor-ROS/ws_thor/install/thor_server/include/thor_server/thor_server/action/detail/pose_task__builder.hpp
-- Installing: /home/anish/dp_ws/Thor-ROS/ws_thor/install/thor_server/include/thor_server/thor_server/action/detail/joint_task__struct.hpp
-- Installing: /home/anish/dp_ws/Thor-ROS/ws_thor/install/thor_server/include/thor_server/thor_server/action/detail/joint_task__traits.hpp
-- Installing: /home/anish/dp_ws/Thor-ROS/ws_thor/install/thor_server/include/thor_server/thor_server/action/detail/pose_task__traits.hpp
-- Installing: /home/anish/dp_ws/Thor-ROS/ws_thor/install/thor_server/include/thor_server/thor_server/action/detail/joint_task__builder.hpp
-- Up-to-date: /home/anish/dp_ws/Thor-ROS/ws_thor/install/thor_server/include/thor_server/thor_server
-- Up-to-date: /home/anish/dp_ws/Thor-ROS/ws_thor/install/thor_server/include/thor_server/thor_server/msg
-- Installing: /home/anish/dp_ws/Thor-ROS/ws_thor/install/thor_server/include/thor_server/thor_server/msg/rosidl_typesupport_fastrtps_cpp__visibility_control.h
-- Up-to-date: /home/anish/dp_ws/Thor-ROS/ws_thor/install/thor_server/include/thor_server/thor_server/action
-- Up-to-date: /home/anish/dp_ws/Thor-ROS/ws_thor/install/thor_server/include/thor_server/thor_server/action/detail
-- Installing: /home/anish/dp_ws/Thor-ROS/ws_thor/install/thor_server/include/thor_server/thor_server/action/detail/pose_task__rosidl_typesupport_fastrtps_cpp.hpp
-- Installing: /home/anish/dp_ws/Thor-ROS/ws_thor/install/thor_server/include/thor_server/thor_server/action/detail/joint_task__rosidl_typesupport_fastrtps_cpp.hpp
-- Installing: /home/anish/dp_ws/Thor-ROS/ws_thor/install/thor_server/include/thor_server/thor_server/action/detail/dds_fastrtps
-- Installing: /home/anish/dp_ws/Thor-ROS/ws_thor/install/thor_server/lib/libthor_server__rosidl_typesupport_fastrtps_cpp.so
-- Set runtime path of "/home/anish/dp_ws/Thor-ROS/ws_thor/install/thor_server/lib/libthor_server__rosidl_typesupport_fastrtps_cpp.so" to ""
-- Up-to-date: /home/anish/dp_ws/Thor-ROS/ws_thor/install/thor_server/include/thor_server/thor_server
-- Up-to-date: /home/anish/dp_ws/Thor-ROS/ws_thor/install/thor_server/include/thor_server/thor_server/msg
-- Installing: /home/anish/dp_ws/Thor-ROS/ws_thor/install/thor_server/include/thor_server/thor_server/msg/rosidl_typesupport_introspection_c__visibility_control.h
-- Up-to-date: /home/anish/dp_ws/Thor-ROS/ws_thor/install/thor_server/include/thor_server/thor_server/action
-- Up-to-date: /home/anish/dp_ws/Thor-ROS/ws_thor/install/thor_server/include/thor_server/thor_server/action/detail
-- Installing: /home/anish/dp_ws/Thor-ROS/ws_thor/install/thor_server/include/thor_server/thor_server/action/detail/pose_task__rosidl_typesupport_introspection_c.h
-- Installing: /home/anish/dp_ws/Thor-ROS/ws_thor/install/thor_server/include/thor_server/thor_server/action/detail/joint_task__rosidl_typesupport_introspection_c.h
-- Installing: /home/anish/dp_ws/Thor-ROS/ws_thor/install/thor_server/include/thor_server/thor_server/action/detail/pose_task__type_support.c
-- Installing: /home/anish/dp_ws/Thor-ROS/ws_thor/install/thor_server/include/thor_server/thor_server/action/detail/joint_task__type_support.c
-- Installing: /home/anish/dp_ws/Thor-ROS/ws_thor/install/thor_server/lib/libthor_server__rosidl_typesupport_introspection_c.so
-- Set runtime path of "/home/anish/dp_ws/Thor-ROS/ws_thor/install/thor_server/lib/libthor_server__rosidl_typesupport_introspection_c.so" to ""
-- Installing: /home/anish/dp_ws/Thor-ROS/ws_thor/install/thor_server/lib/libthor_server__rosidl_typesupport_c.so
-- Set runtime path of "/home/anish/dp_ws/Thor-ROS/ws_thor/install/thor_server/lib/libthor_server__rosidl_typesupport_c.so" to ""
-- Up-to-date: /home/anish/dp_ws/Thor-ROS/ws_thor/install/thor_server/include/thor_server/thor_server
-- Up-to-date: /home/anish/dp_ws/Thor-ROS/ws_thor/install/thor_server/include/thor_server/thor_server/action
-- Up-to-date: /home/anish/dp_ws/Thor-ROS/ws_thor/install/thor_server/include/thor_server/thor_server/action/detail
-- Installing: /home/anish/dp_ws/Thor-ROS/ws_thor/install/thor_server/include/thor_server/thor_server/action/detail/joint_task__rosidl_typesupport_introspection_cpp.hpp
-- Installing: /home/anish/dp_ws/Thor-ROS/ws_thor/install/thor_server/include/thor_server/thor_server/action/detail/joint_task__type_support.cpp
-- Installing: /home/anish/dp_ws/Thor-ROS/ws_thor/install/thor_server/include/thor_server/thor_server/action/detail/pose_task__type_support.cpp
-- Installing: /home/anish/dp_ws/Thor-ROS/ws_thor/install/thor_server/include/thor_server/thor_server/action/detail/pose_task__rosidl_typesupport_introspection_cpp.hpp
-- Installing: /home/anish/dp_ws/Thor-ROS/ws_thor/install/thor_server/lib/libthor_server__rosidl_typesupport_introspection_cpp.so
-- Set runtime path of "/home/anish/dp_ws/Thor-ROS/ws_thor/install/thor_server/lib/libthor_server__rosidl_typesupport_introspection_cpp.so" to ""
-- Installing: /home/anish/dp_ws/Thor-ROS/ws_thor/install/thor_server/lib/libthor_server__rosidl_typesupport_cpp.so
-- Set runtime path of "/home/anish/dp_ws/Thor-ROS/ws_thor/install/thor_server/lib/libthor_server__rosidl_typesupport_cpp.so" to ""
-- Installing: /home/anish/dp_ws/Thor-ROS/ws_thor/install/thor_server/share/thor_server/environment/pythonpath.sh
-- Installing: /home/anish/dp_ws/Thor-ROS/ws_thor/install/thor_server/share/thor_server/environment/pythonpath.dsv
-- Installing: /home/anish/dp_ws/Thor-ROS/ws_thor/install/thor_server/local/lib/python3.10/dist-packages/thor_server-0.0.0-py3.10.egg-info
-- Installing: /home/anish/dp_ws/Thor-ROS/ws_thor/install/thor_server/local/lib/python3.10/dist-packages/thor_server-0.0.0-py3.10.egg-info/SOURCES.txt
-- Installing: /home/anish/dp_ws/Thor-ROS/ws_thor/install/thor_server/local/lib/python3.10/dist-packages/thor_server-0.0.0-py3.10.egg-info/PKG-INFO
-- Installing: /home/anish/dp_ws/Thor-ROS/ws_thor/install/thor_server/local/lib/python3.10/dist-packages/thor_server-0.0.0-py3.10.egg-info/dependency_links.txt
-- Installing: /home/anish/dp_ws/Thor-ROS/ws_thor/install/thor_server/local/lib/python3.10/dist-packages/thor_server-0.0.0-py3.10.egg-info/top_level.txt
-- Installing: /home/anish/dp_ws/Thor-ROS/ws_thor/install/thor_server/local/lib/python3.10/dist-packages/thor_server
-- Installing: /home/anish/dp_ws/Thor-ROS/ws_thor/install/thor_server/local/lib/python3.10/dist-packages/thor_server/_thor_server_s.ep.rosidl_typesupport_fastrtps_c.c
-- Installing: /home/anish/dp_ws/Thor-ROS/ws_thor/install/thor_server/local/lib/python3.10/dist-packages/thor_server/_thor_server_s.ep.rosidl_typesupport_c.c
-- Installing: /home/anish/dp_ws/Thor-ROS/ws_thor/install/thor_server/local/lib/python3.10/dist-packages/thor_server/_thor_server_s.ep.rosidl_typesupport_introspection_c.c
-- Installing: /home/anish/dp_ws/Thor-ROS/ws_thor/install/thor_server/local/lib/python3.10/dist-packages/thor_server/__init__.py
-- Installing: /home/anish/dp_ws/Thor-ROS/ws_thor/install/thor_server/local/lib/python3.10/dist-packages/thor_server/thor_server_s__rosidl_typesupport_c.cpython-310-x86_64-linux-gnu.so
-- Installing: /home/anish/dp_ws/Thor-ROS/ws_thor/install/thor_server/local/lib/python3.10/dist-packages/thor_server/thor_server_s__rosidl_typesupport_introspection_c.cpython-310-x86_64-linux-gnu.so
-- Installing: /home/anish/dp_ws/Thor-ROS/ws_thor/install/thor_server/local/lib/python3.10/dist-packages/thor_server/action
-- Installing: /home/anish/dp_ws/Thor-ROS/ws_thor/install/thor_server/local/lib/python3.10/dist-packages/thor_server/action/__init__.py
-- Installing: /home/anish/dp_ws/Thor-ROS/ws_thor/install/thor_server/local/lib/python3.10/dist-packages/thor_server/action/_joint_task_s.c
-- Installing: /home/anish/dp_ws/Thor-ROS/ws_thor/install/thor_server/local/lib/python3.10/dist-packages/thor_server/action/_pose_task.py
-- Installing: /home/anish/dp_ws/Thor-ROS/ws_thor/install/thor_server/local/lib/python3.10/dist-packages/thor_server/action/_pose_task_s.c
-- Installing: /home/anish/dp_ws/Thor-ROS/ws_thor/install/thor_server/local/lib/python3.10/dist-packages/thor_server/action/_joint_task.py
-- Installing: /home/anish/dp_ws/Thor-ROS/ws_thor/install/thor_server/local/lib/python3.10/dist-packages/thor_server/thor_server_s__rosidl_typesupport_fastrtps_c.cpython-310-x86_64-linux-gnu.so
-- Installing: /home/anish/dp_ws/Thor-ROS/ws_thor/install/thor_server/local/lib/python3.10/dist-packages/thor_server/libthor_server__rosidl_generator_py.so
Listing '/home/anish/dp_ws/Thor-ROS/ws_thor/install/thor_server/local/lib/python3.10/dist-packages/thor_server'...
Compiling '/home/anish/dp_ws/Thor-ROS/ws_thor/install/thor_server/local/lib/python3.10/dist-packages/thor_server/__init__.py'...
Listing '/home/anish/dp_ws/Thor-ROS/ws_thor/install/thor_server/local/lib/python3.10/dist-packages/thor_server/action'...
Compiling '/home/anish/dp_ws/Thor-ROS/ws_thor/install/thor_server/local/lib/python3.10/dist-packages/thor_server/action/__init__.py'...
Compiling '/home/anish/dp_ws/Thor-ROS/ws_thor/install/thor_server/local/lib/python3.10/dist-packages/thor_server/action/_joint_task.py'...
Compiling '/home/anish/dp_ws/Thor-ROS/ws_thor/install/thor_server/local/lib/python3.10/dist-packages/thor_server/action/_pose_task.py'...
-- Installing: /home/anish/dp_ws/Thor-ROS/ws_thor/install/thor_server/local/lib/python3.10/dist-packages/thor_server/thor_server_s__rosidl_typesupport_fastrtps_c.cpython-310-x86_64-linux-gnu.so
-- Set runtime path of "/home/anish/dp_ws/Thor-ROS/ws_thor/install/thor_server/local/lib/python3.10/dist-packages/thor_server/thor_server_s__rosidl_typesupport_fastrtps_c.cpython-310-x86_64-linux-gnu.so" to ""
-- Installing: /home/anish/dp_ws/Thor-ROS/ws_thor/install/thor_server/local/lib/python3.10/dist-packages/thor_server/thor_server_s__rosidl_typesupport_introspection_c.cpython-310-x86_64-linux-gnu.so
-- Set runtime path of "/home/anish/dp_ws/Thor-ROS/ws_thor/install/thor_server/local/lib/python3.10/dist-packages/thor_server/thor_server_s__rosidl_typesupport_introspection_c.cpython-310-x86_64-linux-gnu.so" to ""
-- Installing: /home/anish/dp_ws/Thor-ROS/ws_thor/install/thor_server/local/lib/python3.10/dist-packages/thor_server/thor_server_s__rosidl_typesupport_c.cpython-310-x86_64-linux-gnu.so
-- Set runtime path of "/home/anish/dp_ws/Thor-ROS/ws_thor/install/thor_server/local/lib/python3.10/dist-packages/thor_server/thor_server_s__rosidl_typesupport_c.cpython-310-x86_64-linux-gnu.so" to ""
-- Installing: /home/anish/dp_ws/Thor-ROS/ws_thor/install/thor_server/lib/libthor_server__rosidl_generator_py.so
-- Set runtime path of "/home/anish/dp_ws/Thor-ROS/ws_thor/install/thor_server/lib/libthor_server__rosidl_generator_py.so" to ""
-- Installing: /home/anish/dp_ws/Thor-ROS/ws_thor/install/thor_server/share/thor_server/action/JointTask.idl
-- Installing: /home/anish/dp_ws/Thor-ROS/ws_thor/install/thor_server/share/thor_server/action/PoseTask.idl
-- Installing: /home/anish/dp_ws/Thor-ROS/ws_thor/install/thor_server/share/thor_server/action/JointTask.action
-- Installing: /home/anish/dp_ws/Thor-ROS/ws_thor/install/thor_server/share/thor_server/action/PoseTask.action
-- Installing: /home/anish/dp_ws/Thor-ROS/ws_thor/install/thor_server/lib/thor_server/task_server_node
-- Set runtime path of "/home/anish/dp_ws/Thor-ROS/ws_thor/install/thor_server/lib/thor_server/task_server_node" to ""
-- Up-to-date: /home/anish/dp_ws/Thor-ROS/ws_thor/install/thor_server/share/thor_server/action
-- Up-to-date: /home/anish/dp_ws/Thor-ROS/ws_thor/install/thor_server/share/thor_server/action/PoseTask.action
-- Up-to-date: /home/anish/dp_ws/Thor-ROS/ws_thor/install/thor_server/share/thor_server/action/JointTask.action
-- Installing: /home/anish/dp_ws/Thor-ROS/ws_thor/install/thor_server/lib/thor_server/libtask_server.so
-- Set runtime path of "/home/anish/dp_ws/Thor-ROS/ws_thor/install/thor_server/lib/thor_server/libtask_server.so" to ""
-- Installing: /home/anish/dp_ws/Thor-ROS/ws_thor/install/thor_server/lib/thor_server/hardware_command_node
-- Set runtime path of "/home/anish/dp_ws/Thor-ROS/ws_thor/install/thor_server/lib/thor_server/hardware_command_node" to ""
-- Installing: /home/anish/dp_ws/Thor-ROS/ws_thor/install/thor_server/lib/libtask_server.so
-- Set runtime path of "/home/anish/dp_ws/Thor-ROS/ws_thor/install/thor_server/lib/libtask_server.so" to ""
-- Installing: /home/anish/dp_ws/Thor-ROS/ws_thor/install/thor_server/share/ament_index/resource_index/package_run_dependencies/thor_server
-- Installing: /home/anish/dp_ws/Thor-ROS/ws_thor/install/thor_server/share/ament_index/resource_index/parent_prefix_path/thor_server
-- Installing: /home/anish/dp_ws/Thor-ROS/ws_thor/install/thor_server/share/thor_server/environment/ament_prefix_path.sh
-- Installing: /home/anish/dp_ws/Thor-ROS/ws_thor/install/thor_server/share/thor_server/environment/ament_prefix_path.dsv
-- Installing: /home/anish/dp_ws/Thor-ROS/ws_thor/install/thor_server/share/thor_server/environment/path.sh
-- Installing: /home/anish/dp_ws/Thor-ROS/ws_thor/install/thor_server/share/thor_server/environment/path.dsv
-- Installing: /home/anish/dp_ws/Thor-ROS/ws_thor/install/thor_server/share/thor_server/local_setup.bash
-- Installing: /home/anish/dp_ws/Thor-ROS/ws_thor/install/thor_server/share/thor_server/local_setup.sh
-- Installing: /home/anish/dp_ws/Thor-ROS/ws_thor/install/thor_server/share/thor_server/local_setup.zsh
-- Installing: /home/anish/dp_ws/Thor-ROS/ws_thor/install/thor_server/share/thor_server/local_setup.dsv
-- Installing: /home/anish/dp_ws/Thor-ROS/ws_thor/install/thor_server/share/thor_server/package.dsv
-- Installing: /home/anish/dp_ws/Thor-ROS/ws_thor/install/thor_server/share/ament_index/resource_index/packages/thor_server
-- Installing: /home/anish/dp_ws/Thor-ROS/ws_thor/install/thor_server/share/thor_server/cmake/export_thor_server__rosidl_generator_cExport.cmake
-- Installing: /home/anish/dp_ws/Thor-ROS/ws_thor/install/thor_server/share/thor_server/cmake/export_thor_server__rosidl_generator_cExport-noconfig.cmake
-- Installing: /home/anish/dp_ws/Thor-ROS/ws_thor/install/thor_server/share/thor_server/cmake/export_thor_server__rosidl_typesupport_fastrtps_cExport.cmake
-- Installing: /home/anish/dp_ws/Thor-ROS/ws_thor/install/thor_server/share/thor_server/cmake/export_thor_server__rosidl_typesupport_fastrtps_cExport-noconfig.cmake
-- Installing: /home/anish/dp_ws/Thor-ROS/ws_thor/install/thor_server/share/thor_server/cmake/export_thor_server__rosidl_generator_cppExport.cmake
-- Installing: /home/anish/dp_ws/Thor-ROS/ws_thor/install/thor_server/share/thor_server/cmake/export_thor_server__rosidl_typesupport_fastrtps_cppExport.cmake
-- Installing: /home/anish/dp_ws/Thor-ROS/ws_thor/install/thor_server/share/thor_server/cmake/export_thor_server__rosidl_typesupport_fastrtps_cppExport-noconfig.cmake
-- Installing: /home/anish/dp_ws/Thor-ROS/ws_thor/install/thor_server/share/thor_server/cmake/thor_server__rosidl_typesupport_introspection_cExport.cmake
-- Installing: /home/anish/dp_ws/Thor-ROS/ws_thor/install/thor_server/share/thor_server/cmake/thor_server__rosidl_typesupport_introspection_cExport-noconfig.cmake
-- Installing: /home/anish/dp_ws/Thor-ROS/ws_thor/install/thor_server/share/thor_server/cmake/thor_server__rosidl_typesupport_cExport.cmake
-- Installing: /home/anish/dp_ws/Thor-ROS/ws_thor/install/thor_server/share/thor_server/cmake/thor_server__rosidl_typesupport_cExport-noconfig.cmake
-- Installing: /home/anish/dp_ws/Thor-ROS/ws_thor/install/thor_server/share/thor_server/cmake/thor_server__rosidl_typesupport_introspection_cppExport.cmake
-- Installing: /home/anish/dp_ws/Thor-ROS/ws_thor/install/thor_server/share/thor_server/cmake/thor_server__rosidl_typesupport_introspection_cppExport-noconfig.cmake
-- Installing: /home/anish/dp_ws/Thor-ROS/ws_thor/install/thor_server/share/thor_server/cmake/thor_server__rosidl_typesupport_cppExport.cmake
-- Installing: /home/anish/dp_ws/Thor-ROS/ws_thor/install/thor_server/share/thor_server/cmake/thor_server__rosidl_typesupport_cppExport-noconfig.cmake
-- Installing: /home/anish/dp_ws/Thor-ROS/ws_thor/install/thor_server/share/thor_server/cmake/export_thor_server__rosidl_generator_pyExport.cmake
-- Installing: /home/anish/dp_ws/Thor-ROS/ws_thor/install/thor_server/share/thor_server/cmake/export_thor_server__rosidl_generator_pyExport-noconfig.cmake
-- Installing: /home/anish/dp_ws/Thor-ROS/ws_thor/install/thor_server/share/ament_index/resource_index/rclcpp_components/thor_server
-- Installing: /home/anish/dp_ws/Thor-ROS/ws_thor/install/thor_server/share/thor_server/cmake/rosidl_cmake-extras.cmake
-- Installing: /home/anish/dp_ws/Thor-ROS/ws_thor/install/thor_server/share/thor_server/cmake/ament_cmake_export_dependencies-extras.cmake
-- Installing: /home/anish/dp_ws/Thor-ROS/ws_thor/install/thor_server/share/thor_server/cmake/ament_cmake_export_include_directories-extras.cmake
-- Installing: /home/anish/dp_ws/Thor-ROS/ws_thor/install/thor_server/share/thor_server/cmake/ament_cmake_export_libraries-extras.cmake
-- Installing: /home/anish/dp_ws/Thor-ROS/ws_thor/install/thor_server/share/thor_server/cmake/ament_cmake_export_targets-extras.cmake
-- Installing: /home/anish/dp_ws/Thor-ROS/ws_thor/install/thor_server/share/thor_server/cmake/rosidl_cmake_export_typesupport_targets-extras.cmake
-- Installing: /home/anish/dp_ws/Thor-ROS/ws_thor/install/thor_server/share/thor_server/cmake/rosidl_cmake_export_typesupport_libraries-extras.cmake
-- Installing: /home/anish/dp_ws/Thor-ROS/ws_thor/install/thor_server/share/thor_server/cmake/thor_serverConfig.cmake
-- Installing: /home/anish/dp_ws/Thor-ROS/ws_thor/install/thor_server/share/thor_server/cmake/thor_serverConfig-version.cmake
-- Installing: /home/anish/dp_ws/Thor-ROS/ws_thor/install/thor_server/share/thor_server/package.xml
