[0.038s] Invoking command in '/home/naman72060/common-dp/build/thor_moveit': AMENT_PREFIX_PATH=/home/naman72060/common-dp/install/thor_urdf:${AMENT_PREFIX_PATH} CMAKE_PREFIX_PATH=/home/naman72060/common-dp/install/thor_urdf:/opt/ros/humble /usr/bin/cmake --build /home/naman72060/common-dp/build/thor_moveit -- -j12 -l12
[0.074s] Invoked command in '/home/naman72060/common-dp/build/thor_moveit' returned '0': AMENT_PREFIX_PATH=/home/naman72060/common-dp/install/thor_urdf:${AMENT_PREFIX_PATH} CMAKE_PREFIX_PATH=/home/naman72060/common-dp/install/thor_urdf:/opt/ros/humble /usr/bin/cmake --build /home/naman72060/common-dp/build/thor_moveit -- -j12 -l12
[0.076s] Invoking command in '/home/naman72060/common-dp/build/thor_moveit': AMENT_PREFIX_PATH=/home/naman72060/common-dp/install/thor_urdf:${AMENT_PREFIX_PATH} CMAKE_PREFIX_PATH=/home/naman72060/common-dp/install/thor_urdf:/opt/ros/humble /usr/bin/cmake --install /home/naman72060/common-dp/build/thor_moveit
[0.084s] -- Install configuration: ""
[0.084s] -- Up-to-date: /home/naman72060/common-dp/install/thor_moveit/share/ament_index/resource_index/package_run_dependencies/thor_moveit
[0.084s] -- Up-to-date: /home/naman72060/common-dp/install/thor_moveit/share/ament_index/resource_index/parent_prefix_path/thor_moveit
[0.084s] -- Up-to-date: /home/naman72060/common-dp/install/thor_moveit/share/thor_moveit/environment/ament_prefix_path.sh
[0.084s] -- Up-to-date: /home/naman72060/common-dp/install/thor_moveit/share/thor_moveit/environment/ament_prefix_path.dsv
[0.084s] -- Up-to-date: /home/naman72060/common-dp/install/thor_moveit/share/thor_moveit/environment/path.sh
[0.085s] -- Up-to-date: /home/naman72060/common-dp/install/thor_moveit/share/thor_moveit/environment/path.dsv
[0.085s] -- Up-to-date: /home/naman72060/common-dp/install/thor_moveit/share/thor_moveit/local_setup.bash
[0.085s] -- Up-to-date: /home/naman72060/common-dp/install/thor_moveit/share/thor_moveit/local_setup.sh
[0.085s] -- Up-to-date: /home/naman72060/common-dp/install/thor_moveit/share/thor_moveit/local_setup.zsh
[0.085s] -- Up-to-date: /home/naman72060/common-dp/install/thor_moveit/share/thor_moveit/local_setup.dsv
[0.085s] -- Installing: /home/naman72060/common-dp/install/thor_moveit/share/thor_moveit/package.dsv
[0.085s] -- Up-to-date: /home/naman72060/common-dp/install/thor_moveit/share/ament_index/resource_index/packages/thor_moveit
[0.085s] -- Up-to-date: /home/naman72060/common-dp/install/thor_moveit/share/thor_moveit/cmake/thor_moveitConfig.cmake
[0.085s] -- Up-to-date: /home/naman72060/common-dp/install/thor_moveit/share/thor_moveit/cmake/thor_moveitConfig-version.cmake
[0.085s] -- Up-to-date: /home/naman72060/common-dp/install/thor_moveit/share/thor_moveit/package.xml
[0.085s] -- Up-to-date: /home/naman72060/common-dp/install/thor_moveit/share/thor_moveit/launch
[0.086s] -- Up-to-date: /home/naman72060/common-dp/install/thor_moveit/share/thor_moveit/launch/static_virtual_joint_tfs.launch.py
[0.086s] -- Up-to-date: /home/naman72060/common-dp/install/thor_moveit/share/thor_moveit/launch/spawn_controllers.launch.py
[0.086s] -- Up-to-date: /home/naman72060/common-dp/install/thor_moveit/share/thor_moveit/launch/demo.launch.py
[0.086s] -- Up-to-date: /home/naman72060/common-dp/install/thor_moveit/share/thor_moveit/launch/moveit_rviz.launch.py
[0.086s] -- Up-to-date: /home/naman72060/common-dp/install/thor_moveit/share/thor_moveit/launch/rsp.launch.py
[0.086s] -- Up-to-date: /home/naman72060/common-dp/install/thor_moveit/share/thor_moveit/launch/moveit.launch.py
[0.086s] -- Up-to-date: /home/naman72060/common-dp/install/thor_moveit/share/thor_moveit/launch/warehouse_db.launch.py
[0.086s] -- Up-to-date: /home/naman72060/common-dp/install/thor_moveit/share/thor_moveit/launch/move_group.launch.py
[0.086s] -- Up-to-date: /home/naman72060/common-dp/install/thor_moveit/share/thor_moveit/launch/setup_assistant.launch.py
[0.086s] -- Up-to-date: /home/naman72060/common-dp/install/thor_moveit/share/thor_moveit/config
[0.086s] -- Up-to-date: /home/naman72060/common-dp/install/thor_moveit/share/thor_moveit/config/initial_positions.yaml
[0.087s] -- Up-to-date: /home/naman72060/common-dp/install/thor_moveit/share/thor_moveit/config/sensors_3d.yaml
[0.087s] -- Up-to-date: /home/naman72060/common-dp/install/thor_moveit/share/thor_moveit/config/moveit.rviz
[0.087s] -- Up-to-date: /home/naman72060/common-dp/install/thor_moveit/share/thor_moveit/config/thor_arm.urdf.xacro
[0.087s] -- Up-to-date: /home/naman72060/common-dp/install/thor_moveit/share/thor_moveit/config/moveit_controllers.yaml
[0.087s] -- Up-to-date: /home/naman72060/common-dp/install/thor_moveit/share/thor_moveit/config/joint_limits.yaml
[0.087s] -- Up-to-date: /home/naman72060/common-dp/install/thor_moveit/share/thor_moveit/config/ros2_controllers.yaml
[0.087s] -- Up-to-date: /home/naman72060/common-dp/install/thor_moveit/share/thor_moveit/config/thor_arm.ros2_control.xacro
[0.087s] -- Up-to-date: /home/naman72060/common-dp/install/thor_moveit/share/thor_moveit/config/thor_arm.srdf
[0.087s] -- Up-to-date: /home/naman72060/common-dp/install/thor_moveit/share/thor_moveit/config/pilz_cartesian_limits.yaml
[0.087s] -- Up-to-date: /home/naman72060/common-dp/install/thor_moveit/share/thor_moveit/config/kinematics.yaml
[0.088s] -- Up-to-date: /home/naman72060/common-dp/install/thor_moveit/share/thor_moveit/.setup_assistant
[0.089s] Invoked command in '/home/naman72060/common-dp/build/thor_moveit' returned '0': AMENT_PREFIX_PATH=/home/naman72060/common-dp/install/thor_urdf:${AMENT_PREFIX_PATH} CMAKE_PREFIX_PATH=/home/naman72060/common-dp/install/thor_urdf:/opt/ros/humble /usr/bin/cmake --install /home/naman72060/common-dp/build/thor_moveit
