-- Found ament_cmake: 1.3.11 (/opt/ros/humble/share/ament_cmake/cmake)
-- Found rclpy: 3.3.16 (/opt/ros/humble/share/rclpy/cmake)
-- Found std_msgs: 4.9.0 (/opt/ros/humble/share/std_msgs/cmake)
-- Found rosidl_generator_c: 3.1.6 (/opt/ros/humble/share/rosidl_generator_c/cmake)
-- Found rosidl_adapter: 3.1.6 (/opt/ros/humble/share/rosidl_adapter/cmake)
-- Found rosidl_generator_cpp: 3.1.6 (/opt/ros/humble/share/rosidl_generator_cpp/cmake)
-- Using all available rosidl_typesupport_c: rosidl_typesupport_fastrtps_c;rosidl_typesupport_introspection_c
-- Using all available rosidl_typesupport_cpp: rosidl_typesupport_fastrtps_cpp;rosidl_typesupport_introspection_cpp
-- Found geometry_msgs: 4.9.0 (/opt/ros/humble/share/geometry_msgs/cmake)
-- Found sensor_msgs: 4.9.0 (/opt/ros/humble/share/sensor_msgs/cmake)
-- Found tf2_ros: 0.25.13 (/opt/ros/humble/share/tf2_ros/cmake)
-- Found rmw_implementation_cmake: 6.1.2 (/opt/ros/humble/share/rmw_implementation_cmake/cmake)
-- Found rmw_cyclonedds_cpp: 1.3.4 (/opt/ros/humble/share/rmw_cyclonedds_cpp/cmake)
-- Using RMW implementation 'rmw_cyclonedds_cpp' as default
-- Found tf2_geometry_msgs: 0.25.13 (/opt/ros/humble/share/tf2_geometry_msgs/cmake)
-- Found eigen3_cmake_module: 0.1.1 (/opt/ros/humble/share/eigen3_cmake_module/cmake)
-- Ensuring Eigen3 include directory is part of orocos-kdl CMake target
-- Found cv_bridge: 3.2.1 (/opt/ros/humble/share/cv_bridge/cmake)
-- Found pcl_conversions: 2.4.5 (/opt/ros/humble/share/pcl_conversions/cmake)
-- Eigen found (include: /usr/include/eigen3, version: 3.4.0)
-- FLANN found (include: /usr/include, lib: /usr/lib/x86_64-linux-gnu/libflann_cpp.so)
-- OpenNI found (version: 1.5.4.0, include: /usr/include/ni, lib: /usr/lib/libOpenNI.so;libusb::libusb)
-- OpenNI2 found (version: 2.2.0.33, include: /usr/include/openni2, lib: /usr/lib/x86_64-linux-gnu/libOpenNI2.so;libusb::libusb)
-- Eigen found (include: /usr/include/eigen3, version: 3.4.0)
-- OpenNI found (version: 1.5.4.0, include: /usr/include/ni, lib: /usr/lib/libOpenNI.so;libusb::libusb)
-- OpenNI2 found (version: 2.2.0.33, include: /usr/include/openni2, lib: /usr/lib/x86_64-linux-gnu/libOpenNI2.so;libusb::libusb)
-- Found Qhull version 8.0.2
-- OpenNI found (version: 1.5.4.0, include: /usr/include/ni, lib: /usr/lib/libOpenNI.so;libusb::libusb)
-- Found pcl_ros: 2.4.5 (/opt/ros/humble/share/pcl_ros/cmake)
-- Found gazebo_msgs: 3.9.0 (/opt/ros/humble/share/gazebo_msgs/cmake)
-- Found moveit_msgs: 2.2.1 (/opt/ros/humble/share/moveit_msgs/cmake)
-- Found moveit_ros_planning_interface: 2.5.9 (/opt/ros/humble/share/moveit_ros_planning_interface/cmake)
-- Found Boost: /usr/lib/x86_64-linux-gnu/cmake/Boost-1.74.0/BoostConfig.cmake (found version "1.74.0") found components: date_time filesystem program_options system thread 
-- Found Boost: /usr/lib/x86_64-linux-gnu/cmake/Boost-1.74.0/BoostConfig.cmake (found version "1.74.0") found components: chrono date_time filesystem iostreams program_options regex serialization system thread 
-- Found parameter_traits: 0.5.0 (/opt/ros/humble/share/parameter_traits/cmake)
-- Found rclcpp_lifecycle: 16.0.12 (/opt/ros/humble/share/rclcpp_lifecycle/cmake)
-- Found Boost: /usr/lib/x86_64-linux-gnu/cmake/Boost-1.74.0/BoostConfig.cmake (found version "1.74.0") found components: filesystem 
-- library: /usr/lib/x86_64-linux-gnu/libcurl.so
-- Found Boost: /usr/lib/x86_64-linux-gnu/cmake/Boost-1.74.0/BoostConfig.cmake (found version "1.74.0") found components: system filesystem date_time program_options thread chrono 
-- Found Boost: /usr/lib/x86_64-linux-gnu/cmake/Boost-1.74.0/BoostConfig.cmake (found version "1.74.0") found components: thread system filesystem regex date_time program_options 
-- Found Boost: /usr/lib/x86_64-linux-gnu/cmake/Boost-1.74.0/BoostConfig.cmake (found version "1.74.0") found components: system filesystem date_time program_options thread 
-- Found ament_lint_auto: 0.12.12 (/opt/ros/humble/share/ament_lint_auto/cmake)
-- Added test 'copyright' to check source files copyright and LICENSE
-- Added test 'flake8' to check Python code syntax and style conventions
-- Added test 'lint_cmake' to check CMake code style
-- Added test 'pep257' to check Python code against some of the docstring style conventions in PEP 257
-- Added test 'xmllint' to check XML markup files
-- Configuring done
-- Generating done
-- Build files have been written to: /home/anish/dp_ws/Thor-ROS/ws_thor/build/thor_perception
-- Install configuration: ""
-- Up-to-date: /home/anish/dp_ws/Thor-ROS/ws_thor/install/thor_perception/lib/thor_perception/perception_node.py
-- Up-to-date: /home/anish/dp_ws/Thor-ROS/ws_thor/install/thor_perception/lib/thor_perception/object_spawner.py
-- Up-to-date: /home/anish/dp_ws/Thor-ROS/ws_thor/install/thor_perception/lib/thor_perception/pick_place_controller.py
-- Up-to-date: /home/anish/dp_ws/Thor-ROS/ws_thor/install/thor_perception/lib/thor_perception/electromagnet_controller.py
-- Up-to-date: /home/anish/dp_ws/Thor-ROS/ws_thor/install/thor_perception/lib/thor_perception/auto_spawn_trigger.py
-- Installing: /home/anish/dp_ws/Thor-ROS/ws_thor/install/thor_perception/lib/thor_perception/interactive_pick_place.py
-- Up-to-date: /home/anish/dp_ws/Thor-ROS/ws_thor/install/thor_perception/lib/thor_perception/auto_object_spawner.py
-- Up-to-date: /home/anish/dp_ws/Thor-ROS/ws_thor/install/thor_perception/share/thor_perception/launch
-- Up-to-date: /home/anish/dp_ws/Thor-ROS/ws_thor/install/thor_perception/share/thor_perception/launch/interactive.launch.py
-- Up-to-date: /home/anish/dp_ws/Thor-ROS/ws_thor/install/thor_perception/share/thor_perception/launch/complete_demo.launch.py
-- Up-to-date: /home/anish/dp_ws/Thor-ROS/ws_thor/install/thor_perception/share/thor_perception/launch/object.launch.py
-- Up-to-date: /home/anish/dp_ws/Thor-ROS/ws_thor/install/thor_perception/share/thor_perception/launch/perception.launch.py
-- Up-to-date: /home/anish/dp_ws/Thor-ROS/ws_thor/install/thor_perception/share/thor_perception/config
-- Up-to-date: /home/anish/dp_ws/Thor-ROS/ws_thor/install/thor_perception/share/thor_perception/config/pick_place_params.yaml
-- Up-to-date: /home/anish/dp_ws/Thor-ROS/ws_thor/install/thor_perception/share/thor_perception/config/electromagnet_config.yaml
-- Up-to-date: /home/anish/dp_ws/Thor-ROS/ws_thor/install/thor_perception/share/thor_perception/config/perception_params.yaml
-- Up-to-date: /home/anish/dp_ws/Thor-ROS/ws_thor/install/thor_perception/share/thor_perception/config/camera_config.yaml
-- Up-to-date: /home/anish/dp_ws/Thor-ROS/ws_thor/install/thor_perception/share/thor_perception/worlds
-- Up-to-date: /home/anish/dp_ws/Thor-ROS/ws_thor/install/thor_perception/share/thor_perception/models
-- Up-to-date: /home/anish/dp_ws/Thor-ROS/ws_thor/install/thor_perception/share/ament_index/resource_index/package_run_dependencies/thor_perception
-- Up-to-date: /home/anish/dp_ws/Thor-ROS/ws_thor/install/thor_perception/share/ament_index/resource_index/parent_prefix_path/thor_perception
-- Up-to-date: /home/anish/dp_ws/Thor-ROS/ws_thor/install/thor_perception/share/thor_perception/environment/ament_prefix_path.sh
-- Installing: /home/anish/dp_ws/Thor-ROS/ws_thor/install/thor_perception/share/thor_perception/environment/ament_prefix_path.dsv
-- Up-to-date: /home/anish/dp_ws/Thor-ROS/ws_thor/install/thor_perception/share/thor_perception/environment/path.sh
-- Installing: /home/anish/dp_ws/Thor-ROS/ws_thor/install/thor_perception/share/thor_perception/environment/path.dsv
-- Up-to-date: /home/anish/dp_ws/Thor-ROS/ws_thor/install/thor_perception/share/thor_perception/local_setup.bash
-- Up-to-date: /home/anish/dp_ws/Thor-ROS/ws_thor/install/thor_perception/share/thor_perception/local_setup.sh
-- Up-to-date: /home/anish/dp_ws/Thor-ROS/ws_thor/install/thor_perception/share/thor_perception/local_setup.zsh
-- Installing: /home/anish/dp_ws/Thor-ROS/ws_thor/install/thor_perception/share/thor_perception/local_setup.dsv
-- Installing: /home/anish/dp_ws/Thor-ROS/ws_thor/install/thor_perception/share/thor_perception/package.dsv
-- Up-to-date: /home/anish/dp_ws/Thor-ROS/ws_thor/install/thor_perception/share/ament_index/resource_index/packages/thor_perception
-- Up-to-date: /home/anish/dp_ws/Thor-ROS/ws_thor/install/thor_perception/share/thor_perception/cmake/thor_perceptionConfig.cmake
-- Up-to-date: /home/anish/dp_ws/Thor-ROS/ws_thor/install/thor_perception/share/thor_perception/cmake/thor_perceptionConfig-version.cmake
-- Installing: /home/anish/dp_ws/Thor-ROS/ws_thor/install/thor_perception/share/thor_perception/package.xml
