[0.011s] Invoking command in '/home/anish/dp_ws/Thor-ROS/ws_thor/build/thor_server': CMAKE_PREFIX_PATH=/home/anish/dp_ws/Thor-ROS/ws_thor/install/thor_controller:/home/anish/dp_ws/Thor-ROS/ws_thor/install/thor_bringup:/home/anish/dp_ws/Thor-ROS/ws_thor/install/thor_moveit:/home/anish/dp_ws/Thor-ROS/ws_thor/install/thor_urdf:/home/anish/dp_ws/Thor-ROS/ws_thor/install/thor_joystick:/home/anish/dp_ws/Thor-ROS/ws_thor/install/thor_server:/home/anish/dp_ws/Thor-ROS/ws_thor/install/thor_perception:/home/anish/dp_ws/Thor-ROS/ws_thor/install/thor_manipulation:/home/anish/panda_ws/install/moveit_resources:/home/anish/panda_ws/install/panda_moveit_config:/home/anish/panda_ws/install/panda_description:/home/anish/panda_ws/install/moveit_resources_pr2_description:/home/anish/panda_ws/install/moveit_resources_gazebo:/home/anish/panda_ws/install/moveit_resources_fanuc_moveit_config:/home/anish/panda_ws/install/moveit_resources_fanuc_description:/home/anish/Downloads/mycobot_ros2/install/rviz_marker_tools:/home/anish/Downloads/mycobot_ros2/install/mycobot_ros2:/home/anish/Downloads/mycobot_ros2/install/mycobot_system_tests:/home/anish/Downloads/mycobot_ros2/install/mycobot_moveit_demos:/home/anish/Downloads/mycobot_ros2/install/mycobot_moveit_config:/home/anish/Downloads/mycobot_ros2/install/mycobot_interfaces:/home/anish/Downloads/mycobot_ros2/install/mycobot_gazebo:/home/anish/Downloads/mycobot_ros2/install/mycobot_description:/home/anish/Downloads/mycobot_ros2/install/mycobot_bringup:/home/anish/Downloads/mycobot_ros2/install/moveit_task_constructor_msgs:/opt/ros/humble LD_LIBRARY_PATH=/home/anish/dp_ws/Thor-ROS/ws_thor/install/thor_controller/lib:/home/anish/dp_ws/Thor-ROS/ws_thor/install/thor_server/lib:/home/anish/Downloads/mycobot_ros2/install/rviz_marker_tools/lib:/home/anish/Downloads/mycobot_ros2/install/mycobot_interfaces/lib:/home/anish/Downloads/mycobot_ros2/install/moveit_task_constructor_msgs/lib:/opt/ros/humble/opt/rviz_ogre_vendor/lib:/opt/ros/humble/lib/x86_64-linux-gnu:/opt/ros/humble/lib:/usr/lib/x86_64-linux-gnu/gazebo-11/plugins /usr/bin/cmake --build /home/anish/dp_ws/Thor-ROS/ws_thor/build/thor_server -- -j16 -l16
[0.058s] [  8%] Built target thor_server__rosidl_generator_c
[0.059s] [ 11%] Built target thor_server__cpp
[0.062s] [ 17%] Built target hardware_command_node
[0.062s] [ 20%] Built target task_server_node
[0.068s] [ 20%] Built target ament_cmake_python_copy_thor_server
[0.076s] [ 37%] Built target thor_server__rosidl_typesupport_c
[0.076s] [ 37%] Built target thor_server__rosidl_typesupport_introspection_c
[0.076s] [ 46%] Built target thor_server__rosidl_typesupport_cpp
[0.077s] [ 55%] Built target thor_server__rosidl_typesupport_fastrtps_c
[0.077s] [ 64%] Built target thor_server__rosidl_typesupport_introspection_cpp
[0.077s] [ 73%] Built target thor_server__rosidl_typesupport_fastrtps_cpp
[0.096s] [ 73%] Built target thor_server
[0.104s] [ 77%] Built target task_server
[0.114s] [ 80%] Built target thor_server__py
[0.136s] [ 86%] Built target thor_server__rosidl_generator_py
[0.152s] [ 91%] Built target thor_server__rosidl_typesupport_fastrtps_c__pyext
[0.153s] [ 95%] Built target thor_server__rosidl_typesupport_c__pyext
[0.156s] [100%] Built target thor_server__rosidl_typesupport_introspection_c__pyext
[0.225s] running egg_info
[0.225s] writing thor_server.egg-info/PKG-INFO
[0.225s] writing dependency_links to thor_server.egg-info/dependency_links.txt
[0.225s] writing top-level names to thor_server.egg-info/top_level.txt
[0.226s] reading manifest file 'thor_server.egg-info/SOURCES.txt'
[0.227s] writing manifest file 'thor_server.egg-info/SOURCES.txt'
[0.248s] [100%] Built target ament_cmake_python_build_thor_server_egg
[0.260s] Invoked command in '/home/anish/dp_ws/Thor-ROS/ws_thor/build/thor_server' returned '0': CMAKE_PREFIX_PATH=/home/anish/dp_ws/Thor-ROS/ws_thor/install/thor_controller:/home/anish/dp_ws/Thor-ROS/ws_thor/install/thor_bringup:/home/anish/dp_ws/Thor-ROS/ws_thor/install/thor_moveit:/home/anish/dp_ws/Thor-ROS/ws_thor/install/thor_urdf:/home/anish/dp_ws/Thor-ROS/ws_thor/install/thor_joystick:/home/anish/dp_ws/Thor-ROS/ws_thor/install/thor_server:/home/anish/dp_ws/Thor-ROS/ws_thor/install/thor_perception:/home/anish/dp_ws/Thor-ROS/ws_thor/install/thor_manipulation:/home/anish/panda_ws/install/moveit_resources:/home/anish/panda_ws/install/panda_moveit_config:/home/anish/panda_ws/install/panda_description:/home/anish/panda_ws/install/moveit_resources_pr2_description:/home/anish/panda_ws/install/moveit_resources_gazebo:/home/anish/panda_ws/install/moveit_resources_fanuc_moveit_config:/home/anish/panda_ws/install/moveit_resources_fanuc_description:/home/anish/Downloads/mycobot_ros2/install/rviz_marker_tools:/home/anish/Downloads/mycobot_ros2/install/mycobot_ros2:/home/anish/Downloads/mycobot_ros2/install/mycobot_system_tests:/home/anish/Downloads/mycobot_ros2/install/mycobot_moveit_demos:/home/anish/Downloads/mycobot_ros2/install/mycobot_moveit_config:/home/anish/Downloads/mycobot_ros2/install/mycobot_interfaces:/home/anish/Downloads/mycobot_ros2/install/mycobot_gazebo:/home/anish/Downloads/mycobot_ros2/install/mycobot_description:/home/anish/Downloads/mycobot_ros2/install/mycobot_bringup:/home/anish/Downloads/mycobot_ros2/install/moveit_task_constructor_msgs:/opt/ros/humble LD_LIBRARY_PATH=/home/anish/dp_ws/Thor-ROS/ws_thor/install/thor_controller/lib:/home/anish/dp_ws/Thor-ROS/ws_thor/install/thor_server/lib:/home/anish/Downloads/mycobot_ros2/install/rviz_marker_tools/lib:/home/anish/Downloads/mycobot_ros2/install/mycobot_interfaces/lib:/home/anish/Downloads/mycobot_ros2/install/moveit_task_constructor_msgs/lib:/opt/ros/humble/opt/rviz_ogre_vendor/lib:/opt/ros/humble/lib/x86_64-linux-gnu:/opt/ros/humble/lib:/usr/lib/x86_64-linux-gnu/gazebo-11/plugins /usr/bin/cmake --build /home/anish/dp_ws/Thor-ROS/ws_thor/build/thor_server -- -j16 -l16
[0.261s] Invoking command in '/home/anish/dp_ws/Thor-ROS/ws_thor/build/thor_server': CMAKE_PREFIX_PATH=/home/anish/dp_ws/Thor-ROS/ws_thor/install/thor_controller:/home/anish/dp_ws/Thor-ROS/ws_thor/install/thor_bringup:/home/anish/dp_ws/Thor-ROS/ws_thor/install/thor_moveit:/home/anish/dp_ws/Thor-ROS/ws_thor/install/thor_urdf:/home/anish/dp_ws/Thor-ROS/ws_thor/install/thor_joystick:/home/anish/dp_ws/Thor-ROS/ws_thor/install/thor_server:/home/anish/dp_ws/Thor-ROS/ws_thor/install/thor_perception:/home/anish/dp_ws/Thor-ROS/ws_thor/install/thor_manipulation:/home/anish/panda_ws/install/moveit_resources:/home/anish/panda_ws/install/panda_moveit_config:/home/anish/panda_ws/install/panda_description:/home/anish/panda_ws/install/moveit_resources_pr2_description:/home/anish/panda_ws/install/moveit_resources_gazebo:/home/anish/panda_ws/install/moveit_resources_fanuc_moveit_config:/home/anish/panda_ws/install/moveit_resources_fanuc_description:/home/anish/Downloads/mycobot_ros2/install/rviz_marker_tools:/home/anish/Downloads/mycobot_ros2/install/mycobot_ros2:/home/anish/Downloads/mycobot_ros2/install/mycobot_system_tests:/home/anish/Downloads/mycobot_ros2/install/mycobot_moveit_demos:/home/anish/Downloads/mycobot_ros2/install/mycobot_moveit_config:/home/anish/Downloads/mycobot_ros2/install/mycobot_interfaces:/home/anish/Downloads/mycobot_ros2/install/mycobot_gazebo:/home/anish/Downloads/mycobot_ros2/install/mycobot_description:/home/anish/Downloads/mycobot_ros2/install/mycobot_bringup:/home/anish/Downloads/mycobot_ros2/install/moveit_task_constructor_msgs:/opt/ros/humble LD_LIBRARY_PATH=/home/anish/dp_ws/Thor-ROS/ws_thor/install/thor_controller/lib:/home/anish/dp_ws/Thor-ROS/ws_thor/install/thor_server/lib:/home/anish/Downloads/mycobot_ros2/install/rviz_marker_tools/lib:/home/anish/Downloads/mycobot_ros2/install/mycobot_interfaces/lib:/home/anish/Downloads/mycobot_ros2/install/moveit_task_constructor_msgs/lib:/opt/ros/humble/opt/rviz_ogre_vendor/lib:/opt/ros/humble/lib/x86_64-linux-gnu:/opt/ros/humble/lib:/usr/lib/x86_64-linux-gnu/gazebo-11/plugins /usr/bin/cmake --install /home/anish/dp_ws/Thor-ROS/ws_thor/build/thor_server
[0.268s] -- Install configuration: ""
[0.268s] -- Up-to-date: /home/anish/dp_ws/Thor-ROS/ws_thor/install/thor_server/share/ament_index/resource_index/rosidl_interfaces/thor_server
[0.268s] -- Up-to-date: /home/anish/dp_ws/Thor-ROS/ws_thor/install/thor_server/include/thor_server/thor_server
[0.268s] -- Up-to-date: /home/anish/dp_ws/Thor-ROS/ws_thor/install/thor_server/include/thor_server/thor_server/msg
[0.268s] -- Up-to-date: /home/anish/dp_ws/Thor-ROS/ws_thor/install/thor_server/include/thor_server/thor_server/msg/rosidl_generator_c__visibility_control.h
[0.268s] -- Up-to-date: /home/anish/dp_ws/Thor-ROS/ws_thor/install/thor_server/include/thor_server/thor_server/action
[0.268s] -- Up-to-date: /home/anish/dp_ws/Thor-ROS/ws_thor/install/thor_server/include/thor_server/thor_server/action/joint_task.h
[0.268s] -- Up-to-date: /home/anish/dp_ws/Thor-ROS/ws_thor/install/thor_server/include/thor_server/thor_server/action/detail
[0.268s] -- Up-to-date: /home/anish/dp_ws/Thor-ROS/ws_thor/install/thor_server/include/thor_server/thor_server/action/detail/pose_task__functions.h
[0.268s] -- Up-to-date: /home/anish/dp_ws/Thor-ROS/ws_thor/install/thor_server/include/thor_server/thor_server/action/detail/pose_task__type_support.h
[0.268s] -- Up-to-date: /home/anish/dp_ws/Thor-ROS/ws_thor/install/thor_server/include/thor_server/thor_server/action/detail/pose_task__functions.c
[0.268s] -- Up-to-date: /home/anish/dp_ws/Thor-ROS/ws_thor/install/thor_server/include/thor_server/thor_server/action/detail/joint_task__functions.h
[0.268s] -- Up-to-date: /home/anish/dp_ws/Thor-ROS/ws_thor/install/thor_server/include/thor_server/thor_server/action/detail/pose_task__struct.h
[0.268s] -- Up-to-date: /home/anish/dp_ws/Thor-ROS/ws_thor/install/thor_server/include/thor_server/thor_server/action/detail/joint_task__type_support.h
[0.269s] -- Up-to-date: /home/anish/dp_ws/Thor-ROS/ws_thor/install/thor_server/include/thor_server/thor_server/action/detail/joint_task__functions.c
[0.269s] -- Up-to-date: /home/anish/dp_ws/Thor-ROS/ws_thor/install/thor_server/include/thor_server/thor_server/action/detail/joint_task__struct.h
[0.269s] -- Up-to-date: /home/anish/dp_ws/Thor-ROS/ws_thor/install/thor_server/include/thor_server/thor_server/action/pose_task.h
[0.269s] -- Up-to-date: /home/anish/dp_ws/Thor-ROS/ws_thor/install/thor_server/share/thor_server/environment/library_path.sh
[0.269s] -- Up-to-date: /home/anish/dp_ws/Thor-ROS/ws_thor/install/thor_server/share/thor_server/environment/library_path.dsv
[0.269s] -- Up-to-date: /home/anish/dp_ws/Thor-ROS/ws_thor/install/thor_server/lib/libthor_server__rosidl_generator_c.so
[0.269s] -- Up-to-date: /home/anish/dp_ws/Thor-ROS/ws_thor/install/thor_server/include/thor_server/thor_server
[0.269s] -- Up-to-date: /home/anish/dp_ws/Thor-ROS/ws_thor/install/thor_server/include/thor_server/thor_server/msg
[0.269s] -- Up-to-date: /home/anish/dp_ws/Thor-ROS/ws_thor/install/thor_server/include/thor_server/thor_server/msg/rosidl_typesupport_fastrtps_c__visibility_control.h
[0.269s] -- Up-to-date: /home/anish/dp_ws/Thor-ROS/ws_thor/install/thor_server/include/thor_server/thor_server/action
[0.269s] -- Up-to-date: /home/anish/dp_ws/Thor-ROS/ws_thor/install/thor_server/include/thor_server/thor_server/action/detail
[0.269s] -- Up-to-date: /home/anish/dp_ws/Thor-ROS/ws_thor/install/thor_server/include/thor_server/thor_server/action/detail/pose_task__rosidl_typesupport_fastrtps_c.h
[0.269s] -- Up-to-date: /home/anish/dp_ws/Thor-ROS/ws_thor/install/thor_server/include/thor_server/thor_server/action/detail/joint_task__rosidl_typesupport_fastrtps_c.h
[0.269s] -- Up-to-date: /home/anish/dp_ws/Thor-ROS/ws_thor/install/thor_server/lib/libthor_server__rosidl_typesupport_fastrtps_c.so
[0.269s] -- Up-to-date: /home/anish/dp_ws/Thor-ROS/ws_thor/install/thor_server/include/thor_server/thor_server
[0.269s] -- Up-to-date: /home/anish/dp_ws/Thor-ROS/ws_thor/install/thor_server/include/thor_server/thor_server/msg
[0.269s] -- Up-to-date: /home/anish/dp_ws/Thor-ROS/ws_thor/install/thor_server/include/thor_server/thor_server/msg/rosidl_generator_cpp__visibility_control.hpp
[0.269s] -- Up-to-date: /home/anish/dp_ws/Thor-ROS/ws_thor/install/thor_server/include/thor_server/thor_server/action
[0.269s] -- Up-to-date: /home/anish/dp_ws/Thor-ROS/ws_thor/install/thor_server/include/thor_server/thor_server/action/pose_task.hpp
[0.269s] -- Up-to-date: /home/anish/dp_ws/Thor-ROS/ws_thor/install/thor_server/include/thor_server/thor_server/action/joint_task.hpp
[0.269s] -- Up-to-date: /home/anish/dp_ws/Thor-ROS/ws_thor/install/thor_server/include/thor_server/thor_server/action/detail
[0.269s] -- Up-to-date: /home/anish/dp_ws/Thor-ROS/ws_thor/install/thor_server/include/thor_server/thor_server/action/detail/joint_task__type_support.hpp
[0.269s] -- Up-to-date: /home/anish/dp_ws/Thor-ROS/ws_thor/install/thor_server/include/thor_server/thor_server/action/detail/pose_task__struct.hpp
[0.269s] -- Up-to-date: /home/anish/dp_ws/Thor-ROS/ws_thor/install/thor_server/include/thor_server/thor_server/action/detail/pose_task__type_support.hpp
[0.269s] -- Up-to-date: /home/anish/dp_ws/Thor-ROS/ws_thor/install/thor_server/include/thor_server/thor_server/action/detail/pose_task__builder.hpp
[0.269s] -- Up-to-date: /home/anish/dp_ws/Thor-ROS/ws_thor/install/thor_server/include/thor_server/thor_server/action/detail/joint_task__struct.hpp
[0.269s] -- Up-to-date: /home/anish/dp_ws/Thor-ROS/ws_thor/install/thor_server/include/thor_server/thor_server/action/detail/joint_task__traits.hpp
[0.270s] -- Up-to-date: /home/anish/dp_ws/Thor-ROS/ws_thor/install/thor_server/include/thor_server/thor_server/action/detail/pose_task__traits.hpp
[0.270s] -- Up-to-date: /home/anish/dp_ws/Thor-ROS/ws_thor/install/thor_server/include/thor_server/thor_server/action/detail/joint_task__builder.hpp
[0.270s] -- Up-to-date: /home/anish/dp_ws/Thor-ROS/ws_thor/install/thor_server/include/thor_server/thor_server
[0.270s] -- Up-to-date: /home/anish/dp_ws/Thor-ROS/ws_thor/install/thor_server/include/thor_server/thor_server/msg
[0.270s] -- Up-to-date: /home/anish/dp_ws/Thor-ROS/ws_thor/install/thor_server/include/thor_server/thor_server/msg/rosidl_typesupport_fastrtps_cpp__visibility_control.h
[0.270s] -- Up-to-date: /home/anish/dp_ws/Thor-ROS/ws_thor/install/thor_server/include/thor_server/thor_server/action
[0.270s] -- Up-to-date: /home/anish/dp_ws/Thor-ROS/ws_thor/install/thor_server/include/thor_server/thor_server/action/detail
[0.270s] -- Up-to-date: /home/anish/dp_ws/Thor-ROS/ws_thor/install/thor_server/include/thor_server/thor_server/action/detail/pose_task__rosidl_typesupport_fastrtps_cpp.hpp
[0.270s] -- Up-to-date: /home/anish/dp_ws/Thor-ROS/ws_thor/install/thor_server/include/thor_server/thor_server/action/detail/joint_task__rosidl_typesupport_fastrtps_cpp.hpp
[0.270s] -- Up-to-date: /home/anish/dp_ws/Thor-ROS/ws_thor/install/thor_server/include/thor_server/thor_server/action/detail/dds_fastrtps
[0.270s] -- Up-to-date: /home/anish/dp_ws/Thor-ROS/ws_thor/install/thor_server/lib/libthor_server__rosidl_typesupport_fastrtps_cpp.so
[0.270s] -- Up-to-date: /home/anish/dp_ws/Thor-ROS/ws_thor/install/thor_server/include/thor_server/thor_server
[0.270s] -- Up-to-date: /home/anish/dp_ws/Thor-ROS/ws_thor/install/thor_server/include/thor_server/thor_server/msg
[0.270s] -- Up-to-date: /home/anish/dp_ws/Thor-ROS/ws_thor/install/thor_server/include/thor_server/thor_server/msg/rosidl_typesupport_introspection_c__visibility_control.h
[0.270s] -- Up-to-date: /home/anish/dp_ws/Thor-ROS/ws_thor/install/thor_server/include/thor_server/thor_server/action
[0.270s] -- Up-to-date: /home/anish/dp_ws/Thor-ROS/ws_thor/install/thor_server/include/thor_server/thor_server/action/detail
[0.270s] -- Up-to-date: /home/anish/dp_ws/Thor-ROS/ws_thor/install/thor_server/include/thor_server/thor_server/action/detail/pose_task__rosidl_typesupport_introspection_c.h
[0.270s] -- Up-to-date: /home/anish/dp_ws/Thor-ROS/ws_thor/install/thor_server/include/thor_server/thor_server/action/detail/joint_task__rosidl_typesupport_introspection_c.h
[0.270s] -- Up-to-date: /home/anish/dp_ws/Thor-ROS/ws_thor/install/thor_server/include/thor_server/thor_server/action/detail/pose_task__type_support.c
[0.270s] -- Up-to-date: /home/anish/dp_ws/Thor-ROS/ws_thor/install/thor_server/include/thor_server/thor_server/action/detail/joint_task__type_support.c
[0.270s] -- Up-to-date: /home/anish/dp_ws/Thor-ROS/ws_thor/install/thor_server/lib/libthor_server__rosidl_typesupport_introspection_c.so
[0.270s] -- Up-to-date: /home/anish/dp_ws/Thor-ROS/ws_thor/install/thor_server/lib/libthor_server__rosidl_typesupport_c.so
[0.270s] -- Up-to-date: /home/anish/dp_ws/Thor-ROS/ws_thor/install/thor_server/include/thor_server/thor_server
[0.270s] -- Up-to-date: /home/anish/dp_ws/Thor-ROS/ws_thor/install/thor_server/include/thor_server/thor_server/action
[0.270s] -- Up-to-date: /home/anish/dp_ws/Thor-ROS/ws_thor/install/thor_server/include/thor_server/thor_server/action/detail
[0.270s] -- Up-to-date: /home/anish/dp_ws/Thor-ROS/ws_thor/install/thor_server/include/thor_server/thor_server/action/detail/joint_task__rosidl_typesupport_introspection_cpp.hpp
[0.270s] -- Up-to-date: /home/anish/dp_ws/Thor-ROS/ws_thor/install/thor_server/include/thor_server/thor_server/action/detail/joint_task__type_support.cpp
[0.270s] -- Up-to-date: /home/anish/dp_ws/Thor-ROS/ws_thor/install/thor_server/include/thor_server/thor_server/action/detail/pose_task__type_support.cpp
[0.270s] -- Up-to-date: /home/anish/dp_ws/Thor-ROS/ws_thor/install/thor_server/include/thor_server/thor_server/action/detail/pose_task__rosidl_typesupport_introspection_cpp.hpp
[0.270s] -- Up-to-date: /home/anish/dp_ws/Thor-ROS/ws_thor/install/thor_server/lib/libthor_server__rosidl_typesupport_introspection_cpp.so
[0.270s] -- Up-to-date: /home/anish/dp_ws/Thor-ROS/ws_thor/install/thor_server/lib/libthor_server__rosidl_typesupport_cpp.so
[0.271s] -- Up-to-date: /home/anish/dp_ws/Thor-ROS/ws_thor/install/thor_server/share/thor_server/environment/pythonpath.sh
[0.271s] -- Up-to-date: /home/anish/dp_ws/Thor-ROS/ws_thor/install/thor_server/share/thor_server/environment/pythonpath.dsv
[0.271s] -- Up-to-date: /home/anish/dp_ws/Thor-ROS/ws_thor/install/thor_server/local/lib/python3.10/dist-packages/thor_server-0.0.0-py3.10.egg-info
[0.271s] -- Installing: /home/anish/dp_ws/Thor-ROS/ws_thor/install/thor_server/local/lib/python3.10/dist-packages/thor_server-0.0.0-py3.10.egg-info/SOURCES.txt
[0.271s] -- Installing: /home/anish/dp_ws/Thor-ROS/ws_thor/install/thor_server/local/lib/python3.10/dist-packages/thor_server-0.0.0-py3.10.egg-info/PKG-INFO
[0.271s] -- Installing: /home/anish/dp_ws/Thor-ROS/ws_thor/install/thor_server/local/lib/python3.10/dist-packages/thor_server-0.0.0-py3.10.egg-info/dependency_links.txt
[0.271s] -- Installing: /home/anish/dp_ws/Thor-ROS/ws_thor/install/thor_server/local/lib/python3.10/dist-packages/thor_server-0.0.0-py3.10.egg-info/top_level.txt
[0.271s] -- Up-to-date: /home/anish/dp_ws/Thor-ROS/ws_thor/install/thor_server/local/lib/python3.10/dist-packages/thor_server
[0.271s] -- Up-to-date: /home/anish/dp_ws/Thor-ROS/ws_thor/install/thor_server/local/lib/python3.10/dist-packages/thor_server/_thor_server_s.ep.rosidl_typesupport_fastrtps_c.c
[0.271s] -- Up-to-date: /home/anish/dp_ws/Thor-ROS/ws_thor/install/thor_server/local/lib/python3.10/dist-packages/thor_server/_thor_server_s.ep.rosidl_typesupport_c.c
[0.271s] -- Up-to-date: /home/anish/dp_ws/Thor-ROS/ws_thor/install/thor_server/local/lib/python3.10/dist-packages/thor_server/_thor_server_s.ep.rosidl_typesupport_introspection_c.c
[0.271s] -- Up-to-date: /home/anish/dp_ws/Thor-ROS/ws_thor/install/thor_server/local/lib/python3.10/dist-packages/thor_server/__init__.py
[0.271s] -- Up-to-date: /home/anish/dp_ws/Thor-ROS/ws_thor/install/thor_server/local/lib/python3.10/dist-packages/thor_server/thor_server_s__rosidl_typesupport_c.cpython-310-x86_64-linux-gnu.so
[0.271s] -- Up-to-date: /home/anish/dp_ws/Thor-ROS/ws_thor/install/thor_server/local/lib/python3.10/dist-packages/thor_server/thor_server_s__rosidl_typesupport_introspection_c.cpython-310-x86_64-linux-gnu.so
[0.271s] -- Up-to-date: /home/anish/dp_ws/Thor-ROS/ws_thor/install/thor_server/local/lib/python3.10/dist-packages/thor_server/action
[0.271s] -- Up-to-date: /home/anish/dp_ws/Thor-ROS/ws_thor/install/thor_server/local/lib/python3.10/dist-packages/thor_server/action/__init__.py
[0.271s] -- Up-to-date: /home/anish/dp_ws/Thor-ROS/ws_thor/install/thor_server/local/lib/python3.10/dist-packages/thor_server/action/_joint_task_s.c
[0.271s] -- Up-to-date: /home/anish/dp_ws/Thor-ROS/ws_thor/install/thor_server/local/lib/python3.10/dist-packages/thor_server/action/_pose_task.py
[0.271s] -- Up-to-date: /home/anish/dp_ws/Thor-ROS/ws_thor/install/thor_server/local/lib/python3.10/dist-packages/thor_server/action/_pose_task_s.c
[0.272s] -- Up-to-date: /home/anish/dp_ws/Thor-ROS/ws_thor/install/thor_server/local/lib/python3.10/dist-packages/thor_server/action/_joint_task.py
[0.272s] -- Up-to-date: /home/anish/dp_ws/Thor-ROS/ws_thor/install/thor_server/local/lib/python3.10/dist-packages/thor_server/thor_server_s__rosidl_typesupport_fastrtps_c.cpython-310-x86_64-linux-gnu.so
[0.272s] -- Up-to-date: /home/anish/dp_ws/Thor-ROS/ws_thor/install/thor_server/local/lib/python3.10/dist-packages/thor_server/libthor_server__rosidl_generator_py.so
[0.295s] Listing '/home/anish/dp_ws/Thor-ROS/ws_thor/install/thor_server/local/lib/python3.10/dist-packages/thor_server'...
[0.295s] Listing '/home/anish/dp_ws/Thor-ROS/ws_thor/install/thor_server/local/lib/python3.10/dist-packages/thor_server/action'...
[0.299s] -- Up-to-date: /home/anish/dp_ws/Thor-ROS/ws_thor/install/thor_server/local/lib/python3.10/dist-packages/thor_server/thor_server_s__rosidl_typesupport_fastrtps_c.cpython-310-x86_64-linux-gnu.so
[0.301s] -- Up-to-date: /home/anish/dp_ws/Thor-ROS/ws_thor/install/thor_server/local/lib/python3.10/dist-packages/thor_server/thor_server_s__rosidl_typesupport_introspection_c.cpython-310-x86_64-linux-gnu.so
[0.301s] -- Up-to-date: /home/anish/dp_ws/Thor-ROS/ws_thor/install/thor_server/local/lib/python3.10/dist-packages/thor_server/thor_server_s__rosidl_typesupport_c.cpython-310-x86_64-linux-gnu.so
[0.301s] -- Up-to-date: /home/anish/dp_ws/Thor-ROS/ws_thor/install/thor_server/lib/libthor_server__rosidl_generator_py.so
[0.302s] -- Up-to-date: /home/anish/dp_ws/Thor-ROS/ws_thor/install/thor_server/share/thor_server/action/JointTask.idl
[0.302s] -- Up-to-date: /home/anish/dp_ws/Thor-ROS/ws_thor/install/thor_server/share/thor_server/action/PoseTask.idl
[0.302s] -- Up-to-date: /home/anish/dp_ws/Thor-ROS/ws_thor/install/thor_server/share/thor_server/action/JointTask.action
[0.302s] -- Up-to-date: /home/anish/dp_ws/Thor-ROS/ws_thor/install/thor_server/share/thor_server/action/PoseTask.action
[0.302s] -- Up-to-date: /home/anish/dp_ws/Thor-ROS/ws_thor/install/thor_server/lib/thor_server/task_server_node
[0.302s] -- Up-to-date: /home/anish/dp_ws/Thor-ROS/ws_thor/install/thor_server/share/thor_server/action
[0.302s] -- Up-to-date: /home/anish/dp_ws/Thor-ROS/ws_thor/install/thor_server/share/thor_server/action/PoseTask.action
[0.302s] -- Up-to-date: /home/anish/dp_ws/Thor-ROS/ws_thor/install/thor_server/share/thor_server/action/JointTask.action
[0.302s] -- Up-to-date: /home/anish/dp_ws/Thor-ROS/ws_thor/install/thor_server/lib/thor_server/libtask_server.so
[0.302s] -- Up-to-date: /home/anish/dp_ws/Thor-ROS/ws_thor/install/thor_server/lib/thor_server/hardware_command_node
[0.303s] -- Up-to-date: /home/anish/dp_ws/Thor-ROS/ws_thor/install/thor_server/lib/libtask_server.so
[0.303s] -- Up-to-date: /home/anish/dp_ws/Thor-ROS/ws_thor/install/thor_server/share/ament_index/resource_index/package_run_dependencies/thor_server
[0.303s] -- Up-to-date: /home/anish/dp_ws/Thor-ROS/ws_thor/install/thor_server/share/ament_index/resource_index/parent_prefix_path/thor_server
[0.303s] -- Up-to-date: /home/anish/dp_ws/Thor-ROS/ws_thor/install/thor_server/share/thor_server/environment/ament_prefix_path.sh
[0.303s] -- Up-to-date: /home/anish/dp_ws/Thor-ROS/ws_thor/install/thor_server/share/thor_server/environment/ament_prefix_path.dsv
[0.303s] -- Up-to-date: /home/anish/dp_ws/Thor-ROS/ws_thor/install/thor_server/share/thor_server/environment/path.sh
[0.303s] -- Up-to-date: /home/anish/dp_ws/Thor-ROS/ws_thor/install/thor_server/share/thor_server/environment/path.dsv
[0.303s] -- Up-to-date: /home/anish/dp_ws/Thor-ROS/ws_thor/install/thor_server/share/thor_server/local_setup.bash
[0.303s] -- Up-to-date: /home/anish/dp_ws/Thor-ROS/ws_thor/install/thor_server/share/thor_server/local_setup.sh
[0.303s] -- Up-to-date: /home/anish/dp_ws/Thor-ROS/ws_thor/install/thor_server/share/thor_server/local_setup.zsh
[0.303s] -- Up-to-date: /home/anish/dp_ws/Thor-ROS/ws_thor/install/thor_server/share/thor_server/local_setup.dsv
[0.303s] -- Installing: /home/anish/dp_ws/Thor-ROS/ws_thor/install/thor_server/share/thor_server/package.dsv
[0.303s] -- Up-to-date: /home/anish/dp_ws/Thor-ROS/ws_thor/install/thor_server/share/ament_index/resource_index/packages/thor_server
[0.303s] -- Up-to-date: /home/anish/dp_ws/Thor-ROS/ws_thor/install/thor_server/share/thor_server/cmake/export_thor_server__rosidl_generator_cExport.cmake
[0.303s] -- Up-to-date: /home/anish/dp_ws/Thor-ROS/ws_thor/install/thor_server/share/thor_server/cmake/export_thor_server__rosidl_generator_cExport-noconfig.cmake
[0.303s] -- Up-to-date: /home/anish/dp_ws/Thor-ROS/ws_thor/install/thor_server/share/thor_server/cmake/export_thor_server__rosidl_typesupport_fastrtps_cExport.cmake
[0.303s] -- Up-to-date: /home/anish/dp_ws/Thor-ROS/ws_thor/install/thor_server/share/thor_server/cmake/export_thor_server__rosidl_typesupport_fastrtps_cExport-noconfig.cmake
[0.303s] -- Up-to-date: /home/anish/dp_ws/Thor-ROS/ws_thor/install/thor_server/share/thor_server/cmake/export_thor_server__rosidl_generator_cppExport.cmake
[0.304s] -- Up-to-date: /home/anish/dp_ws/Thor-ROS/ws_thor/install/thor_server/share/thor_server/cmake/export_thor_server__rosidl_typesupport_fastrtps_cppExport.cmake
[0.304s] -- Up-to-date: /home/anish/dp_ws/Thor-ROS/ws_thor/install/thor_server/share/thor_server/cmake/export_thor_server__rosidl_typesupport_fastrtps_cppExport-noconfig.cmake
[0.304s] -- Up-to-date: /home/anish/dp_ws/Thor-ROS/ws_thor/install/thor_server/share/thor_server/cmake/thor_server__rosidl_typesupport_introspection_cExport.cmake
[0.304s] -- Up-to-date: /home/anish/dp_ws/Thor-ROS/ws_thor/install/thor_server/share/thor_server/cmake/thor_server__rosidl_typesupport_introspection_cExport-noconfig.cmake
[0.304s] -- Up-to-date: /home/anish/dp_ws/Thor-ROS/ws_thor/install/thor_server/share/thor_server/cmake/thor_server__rosidl_typesupport_cExport.cmake
[0.304s] -- Up-to-date: /home/anish/dp_ws/Thor-ROS/ws_thor/install/thor_server/share/thor_server/cmake/thor_server__rosidl_typesupport_cExport-noconfig.cmake
[0.304s] -- Up-to-date: /home/anish/dp_ws/Thor-ROS/ws_thor/install/thor_server/share/thor_server/cmake/thor_server__rosidl_typesupport_introspection_cppExport.cmake
[0.304s] -- Up-to-date: /home/anish/dp_ws/Thor-ROS/ws_thor/install/thor_server/share/thor_server/cmake/thor_server__rosidl_typesupport_introspection_cppExport-noconfig.cmake
[0.304s] -- Up-to-date: /home/anish/dp_ws/Thor-ROS/ws_thor/install/thor_server/share/thor_server/cmake/thor_server__rosidl_typesupport_cppExport.cmake
[0.304s] -- Up-to-date: /home/anish/dp_ws/Thor-ROS/ws_thor/install/thor_server/share/thor_server/cmake/thor_server__rosidl_typesupport_cppExport-noconfig.cmake
[0.304s] -- Up-to-date: /home/anish/dp_ws/Thor-ROS/ws_thor/install/thor_server/share/thor_server/cmake/export_thor_server__rosidl_generator_pyExport.cmake
[0.304s] -- Up-to-date: /home/anish/dp_ws/Thor-ROS/ws_thor/install/thor_server/share/thor_server/cmake/export_thor_server__rosidl_generator_pyExport-noconfig.cmake
[0.304s] -- Up-to-date: /home/anish/dp_ws/Thor-ROS/ws_thor/install/thor_server/share/ament_index/resource_index/rclcpp_components/thor_server
[0.304s] -- Up-to-date: /home/anish/dp_ws/Thor-ROS/ws_thor/install/thor_server/share/thor_server/cmake/rosidl_cmake-extras.cmake
[0.304s] -- Up-to-date: /home/anish/dp_ws/Thor-ROS/ws_thor/install/thor_server/share/thor_server/cmake/ament_cmake_export_dependencies-extras.cmake
[0.304s] -- Up-to-date: /home/anish/dp_ws/Thor-ROS/ws_thor/install/thor_server/share/thor_server/cmake/ament_cmake_export_include_directories-extras.cmake
[0.304s] -- Up-to-date: /home/anish/dp_ws/Thor-ROS/ws_thor/install/thor_server/share/thor_server/cmake/ament_cmake_export_libraries-extras.cmake
[0.304s] -- Up-to-date: /home/anish/dp_ws/Thor-ROS/ws_thor/install/thor_server/share/thor_server/cmake/ament_cmake_export_targets-extras.cmake
[0.304s] -- Up-to-date: /home/anish/dp_ws/Thor-ROS/ws_thor/install/thor_server/share/thor_server/cmake/rosidl_cmake_export_typesupport_targets-extras.cmake
[0.304s] -- Up-to-date: /home/anish/dp_ws/Thor-ROS/ws_thor/install/thor_server/share/thor_server/cmake/rosidl_cmake_export_typesupport_libraries-extras.cmake
[0.304s] -- Up-to-date: /home/anish/dp_ws/Thor-ROS/ws_thor/install/thor_server/share/thor_server/cmake/thor_serverConfig.cmake
[0.304s] -- Up-to-date: /home/anish/dp_ws/Thor-ROS/ws_thor/install/thor_server/share/thor_server/cmake/thor_serverConfig-version.cmake
[0.304s] -- Up-to-date: /home/anish/dp_ws/Thor-ROS/ws_thor/install/thor_server/share/thor_server/package.xml
[0.307s] Invoked command in '/home/anish/dp_ws/Thor-ROS/ws_thor/build/thor_server' returned '0': CMAKE_PREFIX_PATH=/home/anish/dp_ws/Thor-ROS/ws_thor/install/thor_controller:/home/anish/dp_ws/Thor-ROS/ws_thor/install/thor_bringup:/home/anish/dp_ws/Thor-ROS/ws_thor/install/thor_moveit:/home/anish/dp_ws/Thor-ROS/ws_thor/install/thor_urdf:/home/anish/dp_ws/Thor-ROS/ws_thor/install/thor_joystick:/home/anish/dp_ws/Thor-ROS/ws_thor/install/thor_server:/home/anish/dp_ws/Thor-ROS/ws_thor/install/thor_perception:/home/anish/dp_ws/Thor-ROS/ws_thor/install/thor_manipulation:/home/anish/panda_ws/install/moveit_resources:/home/anish/panda_ws/install/panda_moveit_config:/home/anish/panda_ws/install/panda_description:/home/anish/panda_ws/install/moveit_resources_pr2_description:/home/anish/panda_ws/install/moveit_resources_gazebo:/home/anish/panda_ws/install/moveit_resources_fanuc_moveit_config:/home/anish/panda_ws/install/moveit_resources_fanuc_description:/home/anish/Downloads/mycobot_ros2/install/rviz_marker_tools:/home/anish/Downloads/mycobot_ros2/install/mycobot_ros2:/home/anish/Downloads/mycobot_ros2/install/mycobot_system_tests:/home/anish/Downloads/mycobot_ros2/install/mycobot_moveit_demos:/home/anish/Downloads/mycobot_ros2/install/mycobot_moveit_config:/home/anish/Downloads/mycobot_ros2/install/mycobot_interfaces:/home/anish/Downloads/mycobot_ros2/install/mycobot_gazebo:/home/anish/Downloads/mycobot_ros2/install/mycobot_description:/home/anish/Downloads/mycobot_ros2/install/mycobot_bringup:/home/anish/Downloads/mycobot_ros2/install/moveit_task_constructor_msgs:/opt/ros/humble LD_LIBRARY_PATH=/home/anish/dp_ws/Thor-ROS/ws_thor/install/thor_controller/lib:/home/anish/dp_ws/Thor-ROS/ws_thor/install/thor_server/lib:/home/anish/Downloads/mycobot_ros2/install/rviz_marker_tools/lib:/home/anish/Downloads/mycobot_ros2/install/mycobot_interfaces/lib:/home/anish/Downloads/mycobot_ros2/install/moveit_task_constructor_msgs/lib:/opt/ros/humble/opt/rviz_ogre_vendor/lib:/opt/ros/humble/lib/x86_64-linux-gnu:/opt/ros/humble/lib:/usr/lib/x86_64-linux-gnu/gazebo-11/plugins /usr/bin/cmake --install /home/anish/dp_ws/Thor-ROS/ws_thor/build/thor_server
