[0.011s] Invoking command in '/home/naman72060/common-dp/build/thor_joystick': AMENT_PREFIX_PATH=/home/naman72060/common-dp/install/thor_server:/home/naman72060/common-dp/install/thor_controller:${AMENT_PREFIX_PATH} CMAKE_PREFIX_PATH=/home/naman72060/common-dp/install/thor_server:/home/naman72060/common-dp/install/thor_controller:/opt/ros/humble LD_LIBRARY_PATH=/home/naman72060/common-dp/install/thor_server/lib:/home/naman72060/common-dp/install/thor_controller/lib:${LD_LIBRARY_PATH} PYTHONPATH=/home/naman72060/common-dp/install/thor_server/local/lib/python3.10/dist-packages:${PYTHONPATH} /usr/bin/cmake --build /home/naman72060/common-dp/build/thor_joystick -- -j12 -l12
[0.072s] [ 33%] Built target joystick_joint_controller
[0.072s] [ 66%] Built target joystick_pose_controller
[0.076s] [100%] Built target joystick_moveit_controller
[0.084s] Invoked command in '/home/naman72060/common-dp/build/thor_joystick' returned '0': AMENT_PREFIX_PATH=/home/naman72060/common-dp/install/thor_server:/home/naman72060/common-dp/install/thor_controller:${AMENT_PREFIX_PATH} CMAKE_PREFIX_PATH=/home/naman72060/common-dp/install/thor_server:/home/naman72060/common-dp/install/thor_controller:/opt/ros/humble LD_LIBRARY_PATH=/home/naman72060/common-dp/install/thor_server/lib:/home/naman72060/common-dp/install/thor_controller/lib:${LD_LIBRARY_PATH} PYTHONPATH=/home/naman72060/common-dp/install/thor_server/local/lib/python3.10/dist-packages:${PYTHONPATH} /usr/bin/cmake --build /home/naman72060/common-dp/build/thor_joystick -- -j12 -l12
[0.086s] Invoking command in '/home/naman72060/common-dp/build/thor_joystick': AMENT_PREFIX_PATH=/home/naman72060/common-dp/install/thor_server:/home/naman72060/common-dp/install/thor_controller:${AMENT_PREFIX_PATH} CMAKE_PREFIX_PATH=/home/naman72060/common-dp/install/thor_server:/home/naman72060/common-dp/install/thor_controller:/opt/ros/humble LD_LIBRARY_PATH=/home/naman72060/common-dp/install/thor_server/lib:/home/naman72060/common-dp/install/thor_controller/lib:${LD_LIBRARY_PATH} PYTHONPATH=/home/naman72060/common-dp/install/thor_server/local/lib/python3.10/dist-packages:${PYTHONPATH} /usr/bin/cmake --install /home/naman72060/common-dp/build/thor_joystick
[0.093s] -- Install configuration: ""
[0.093s] -- Up-to-date: /home/naman72060/common-dp/install/thor_joystick/lib/thor_joystick/joystick_moveit_controller
[0.093s] -- Up-to-date: /home/naman72060/common-dp/install/thor_joystick/lib/thor_joystick/joystick_joint_controller
[0.093s] -- Up-to-date: /home/naman72060/common-dp/install/thor_joystick/lib/thor_joystick/joystick_pose_controller
[0.093s] -- Up-to-date: /home/naman72060/common-dp/install/thor_joystick/share/thor_joystick//launch
[0.093s] -- Up-to-date: /home/naman72060/common-dp/install/thor_joystick/share/thor_joystick//launch/joy_joint.launch.py
[0.093s] -- Up-to-date: /home/naman72060/common-dp/install/thor_joystick/share/thor_joystick//launch/joy_pose.launch.py
[0.093s] -- Up-to-date: /home/naman72060/common-dp/install/thor_joystick/share/thor_joystick//launch/joystick_control.launch.py
[0.093s] -- Up-to-date: /home/naman72060/common-dp/install/thor_joystick/share/ament_index/resource_index/package_run_dependencies/thor_joystick
[0.093s] -- Up-to-date: /home/naman72060/common-dp/install/thor_joystick/share/ament_index/resource_index/parent_prefix_path/thor_joystick
[0.093s] -- Up-to-date: /home/naman72060/common-dp/install/thor_joystick/share/thor_joystick/environment/ament_prefix_path.sh
[0.093s] -- Up-to-date: /home/naman72060/common-dp/install/thor_joystick/share/thor_joystick/environment/ament_prefix_path.dsv
[0.093s] -- Up-to-date: /home/naman72060/common-dp/install/thor_joystick/share/thor_joystick/environment/path.sh
[0.093s] -- Up-to-date: /home/naman72060/common-dp/install/thor_joystick/share/thor_joystick/environment/path.dsv
[0.093s] -- Up-to-date: /home/naman72060/common-dp/install/thor_joystick/share/thor_joystick/local_setup.bash
[0.093s] -- Up-to-date: /home/naman72060/common-dp/install/thor_joystick/share/thor_joystick/local_setup.sh
[0.093s] -- Up-to-date: /home/naman72060/common-dp/install/thor_joystick/share/thor_joystick/local_setup.zsh
[0.093s] -- Up-to-date: /home/naman72060/common-dp/install/thor_joystick/share/thor_joystick/local_setup.dsv
[0.094s] -- Installing: /home/naman72060/common-dp/install/thor_joystick/share/thor_joystick/package.dsv
[0.094s] -- Up-to-date: /home/naman72060/common-dp/install/thor_joystick/share/ament_index/resource_index/packages/thor_joystick
[0.094s] -- Up-to-date: /home/naman72060/common-dp/install/thor_joystick/share/thor_joystick/cmake/thor_joystickConfig.cmake
[0.094s] -- Up-to-date: /home/naman72060/common-dp/install/thor_joystick/share/thor_joystick/cmake/thor_joystickConfig-version.cmake
[0.094s] -- Up-to-date: /home/naman72060/common-dp/install/thor_joystick/share/thor_joystick/package.xml
[0.095s] Invoked command in '/home/naman72060/common-dp/build/thor_joystick' returned '0': AMENT_PREFIX_PATH=/home/naman72060/common-dp/install/thor_server:/home/naman72060/common-dp/install/thor_controller:${AMENT_PREFIX_PATH} CMAKE_PREFIX_PATH=/home/naman72060/common-dp/install/thor_server:/home/naman72060/common-dp/install/thor_controller:/opt/ros/humble LD_LIBRARY_PATH=/home/naman72060/common-dp/install/thor_server/lib:/home/naman72060/common-dp/install/thor_controller/lib:${LD_LIBRARY_PATH} PYTHONPATH=/home/naman72060/common-dp/install/thor_server/local/lib/python3.10/dist-packages:${PYTHONPATH} /usr/bin/cmake --install /home/naman72060/common-dp/build/thor_joystick
