[0.042s] Invoking command in '/home/naman72060/common-dp/build/thor_teleop': CMAKE_PREFIX_PATH=${CMAKE_PREFIX_PATH}:/opt/ros/humble /usr/bin/cmake --build /home/naman72060/common-dp/build/thor_teleop -- -j12 -l12
[0.111s] Invoked command in '/home/naman72060/common-dp/build/thor_teleop' returned '0': CMAKE_PREFIX_PATH=${CMAKE_PREFIX_PATH}:/opt/ros/humble /usr/bin/cmake --build /home/naman72060/common-dp/build/thor_teleop -- -j12 -l12
[0.114s] Invoking command in '/home/naman72060/common-dp/build/thor_teleop': CMAKE_PREFIX_PATH=${CMAKE_PREFIX_PATH}:/opt/ros/humble /usr/bin/cmake --install /home/naman72060/common-dp/build/thor_teleop
[0.132s] -- Install configuration: ""
[0.133s] -- Up-to-date: /home/naman72060/common-dp/install/thor_teleop/lib/thor_teleop/teleop_joint_control.py
[0.133s] -- Up-to-date: /home/naman72060/common-dp/install/thor_teleop/lib/thor_teleop/teleop_pose_control.py
[0.133s] -- Up-to-date: /home/naman72060/common-dp/install/thor_teleop/lib/thor_teleop/teleop_ps5_control_joy.py
[0.133s] -- Up-to-date: /home/naman72060/common-dp/install/thor_teleop/lib/thor_teleop/teleop_ps5_control_pose.py
[0.133s] -- Up-to-date: /home/naman72060/common-dp/install/thor_teleop/share/thor_teleop/launch
[0.133s] -- Installing: /home/naman72060/common-dp/install/thor_teleop/share/thor_teleop/launch/joy_control.launch.py
[0.134s] -- Up-to-date: /home/naman72060/common-dp/install/thor_teleop/share/thor_teleop/launch/pose_control.launch.py
[0.134s] -- Up-to-date: /home/naman72060/common-dp/install/thor_teleop/share/ament_index/resource_index/package_run_dependencies/thor_teleop
[0.134s] -- Up-to-date: /home/naman72060/common-dp/install/thor_teleop/share/ament_index/resource_index/parent_prefix_path/thor_teleop
[0.134s] -- Up-to-date: /home/naman72060/common-dp/install/thor_teleop/share/thor_teleop/environment/ament_prefix_path.sh
[0.134s] -- Up-to-date: /home/naman72060/common-dp/install/thor_teleop/share/thor_teleop/environment/ament_prefix_path.dsv
[0.135s] -- Up-to-date: /home/naman72060/common-dp/install/thor_teleop/share/thor_teleop/environment/path.sh
[0.135s] -- Up-to-date: /home/naman72060/common-dp/install/thor_teleop/share/thor_teleop/environment/path.dsv
[0.135s] -- Up-to-date: /home/naman72060/common-dp/install/thor_teleop/share/thor_teleop/local_setup.bash
[0.135s] -- Up-to-date: /home/naman72060/common-dp/install/thor_teleop/share/thor_teleop/local_setup.sh
[0.135s] -- Up-to-date: /home/naman72060/common-dp/install/thor_teleop/share/thor_teleop/local_setup.zsh
[0.136s] -- Up-to-date: /home/naman72060/common-dp/install/thor_teleop/share/thor_teleop/local_setup.dsv
[0.136s] -- Installing: /home/naman72060/common-dp/install/thor_teleop/share/thor_teleop/package.dsv
[0.136s] -- Up-to-date: /home/naman72060/common-dp/install/thor_teleop/share/ament_index/resource_index/packages/thor_teleop
[0.136s] -- Up-to-date: /home/naman72060/common-dp/install/thor_teleop/share/thor_teleop/cmake/thor_teleopConfig.cmake
[0.136s] -- Up-to-date: /home/naman72060/common-dp/install/thor_teleop/share/thor_teleop/cmake/thor_teleopConfig-version.cmake
[0.136s] -- Up-to-date: /home/naman72060/common-dp/install/thor_teleop/share/thor_teleop/package.xml
[0.162s] Invoked command in '/home/naman72060/common-dp/build/thor_teleop' returned '0': CMAKE_PREFIX_PATH=${CMAKE_PREFIX_PATH}:/opt/ros/humble /usr/bin/cmake --install /home/naman72060/common-dp/build/thor_teleop
