[0.016s] Invoking command in '/home/anish/dp_ws/Thor-ROS/ws_thor/build/thor_perception': CMAKE_PREFIX_PATH=${CMAKE_PREFIX_PATH}:/opt/ros/humble /usr/bin/cmake --build /home/anish/dp_ws/Thor-ROS/ws_thor/build/thor_perception -- -j16 -l16
[0.058s] -- Found ament_cmake: 1.3.11 (/opt/ros/humble/share/ament_cmake/cmake)
[0.183s] -- Found rclpy: 3.3.16 (/opt/ros/humble/share/rclpy/cmake)
[0.183s] -- Found std_msgs: 4.9.0 (/opt/ros/humble/share/std_msgs/cmake)
[0.206s] -- Found rosidl_generator_c: 3.1.6 (/opt/ros/humble/share/rosidl_generator_c/cmake)
[0.208s] -- Found rosidl_adapter: 3.1.6 (/opt/ros/humble/share/rosidl_adapter/cmake)
[0.212s] -- Found rosidl_generator_cpp: 3.1.6 (/opt/ros/humble/share/rosidl_generator_cpp/cmake)
[0.221s] -- Using all available rosidl_typesupport_c: rosidl_typesupport_fastrtps_c;rosidl_typesupport_introspection_c
[0.232s] -- Using all available rosidl_typesupport_cpp: rosidl_typesupport_fastrtps_cpp;rosidl_typesupport_introspection_cpp
[0.252s] -- Found geometry_msgs: 4.9.0 (/opt/ros/humble/share/geometry_msgs/cmake)
[0.262s] -- Found sensor_msgs: 4.9.0 (/opt/ros/humble/share/sensor_msgs/cmake)
[0.276s] -- Found tf2_ros: 0.25.13 (/opt/ros/humble/share/tf2_ros/cmake)
[0.313s] -- Found rmw_implementation_cmake: 6.1.2 (/opt/ros/humble/share/rmw_implementation_cmake/cmake)
[0.315s] -- Found rmw_cyclonedds_cpp: 1.3.4 (/opt/ros/humble/share/rmw_cyclonedds_cpp/cmake)
[0.333s] -- Using RMW implementation 'rmw_cyclonedds_cpp' as default
[0.434s] -- Found tf2_geometry_msgs: 0.25.13 (/opt/ros/humble/share/tf2_geometry_msgs/cmake)
[0.437s] -- Found eigen3_cmake_module: 0.1.1 (/opt/ros/humble/share/eigen3_cmake_module/cmake)
[0.438s] -- Ensuring Eigen3 include directory is part of orocos-kdl CMake target
[0.439s] -- Found cv_bridge: 3.2.1 (/opt/ros/humble/share/cv_bridge/cmake)
[0.447s] -- Found pcl_conversions: 2.4.5 (/opt/ros/humble/share/pcl_conversions/cmake)
[0.482s] -- Eigen found (include: /usr/include/eigen3, version: 3.4.0)
[0.526s] -- FLANN found (include: /usr/include, lib: /usr/lib/x86_64-linux-gnu/libflann_cpp.so)
[0.858s] -- OpenNI found (version: 1.5.4.0, include: /usr/include/ni, lib: /usr/lib/libOpenNI.so;libusb::libusb)
[0.865s] -- OpenNI2 found (version: 2.2.0.33, include: /usr/include/openni2, lib: /usr/lib/x86_64-linux-gnu/libOpenNI2.so;libusb::libusb)
[1.020s] -- Eigen found (include: /usr/include/eigen3, version: 3.4.0)
[1.027s] -- OpenNI found (version: 1.5.4.0, include: /usr/include/ni, lib: /usr/lib/libOpenNI.so;libusb::libusb)
[1.034s] -- OpenNI2 found (version: 2.2.0.33, include: /usr/include/openni2, lib: /usr/lib/x86_64-linux-gnu/libOpenNI2.so;libusb::libusb)
[1.184s] -- Found Qhull version 8.0.2
[1.340s] -- OpenNI found (version: 1.5.4.0, include: /usr/include/ni, lib: /usr/lib/libOpenNI.so;libusb::libusb)
[1.499s] -- Found pcl_ros: 2.4.5 (/opt/ros/humble/share/pcl_ros/cmake)
[1.509s] -- Found gazebo_msgs: 3.9.0 (/opt/ros/humble/share/gazebo_msgs/cmake)
[1.538s] -- Found moveit_msgs: 2.2.1 (/opt/ros/humble/share/moveit_msgs/cmake)
[1.603s] -- Found moveit_ros_planning_interface: 2.5.9 (/opt/ros/humble/share/moveit_ros_planning_interface/cmake)
[1.611s] -- Found Boost: /usr/lib/x86_64-linux-gnu/cmake/Boost-1.74.0/BoostConfig.cmake (found version "1.74.0") found components: date_time filesystem program_options system thread 
[1.621s] -- Found Boost: /usr/lib/x86_64-linux-gnu/cmake/Boost-1.74.0/BoostConfig.cmake (found version "1.74.0") found components: chrono date_time filesystem iostreams program_options regex serialization system thread 
[1.646s] -- Found parameter_traits: 0.5.0 (/opt/ros/humble/share/parameter_traits/cmake)
[1.652s] -- Found rclcpp_lifecycle: 16.0.12 (/opt/ros/humble/share/rclcpp_lifecycle/cmake)
[1.672s] -- Found Boost: /usr/lib/x86_64-linux-gnu/cmake/Boost-1.74.0/BoostConfig.cmake (found version "1.74.0") found components: filesystem 
[1.717s] -- library: /usr/lib/x86_64-linux-gnu/libcurl.so
[1.783s] -- Found Boost: /usr/lib/x86_64-linux-gnu/cmake/Boost-1.74.0/BoostConfig.cmake (found version "1.74.0") found components: system filesystem date_time program_options thread chrono 
[1.807s] -- Found Boost: /usr/lib/x86_64-linux-gnu/cmake/Boost-1.74.0/BoostConfig.cmake (found version "1.74.0") found components: thread system filesystem regex date_time program_options 
[1.834s] -- Found Boost: /usr/lib/x86_64-linux-gnu/cmake/Boost-1.74.0/BoostConfig.cmake (found version "1.74.0") found components: system filesystem date_time program_options thread 
[1.859s] -- Found ament_lint_auto: 0.12.12 (/opt/ros/humble/share/ament_lint_auto/cmake)
[1.923s] -- Added test 'copyright' to check source files copyright and LICENSE
[1.926s] -- Added test 'flake8' to check Python code syntax and style conventions
[1.926s] -- Added test 'lint_cmake' to check CMake code style
[1.927s] -- Added test 'pep257' to check Python code against some of the docstring style conventions in PEP 257
[1.928s] -- Added test 'xmllint' to check XML markup files
[1.928s] -- Configuring done
[1.940s] -- Generating done
[1.944s] -- Build files have been written to: /home/anish/dp_ws/Thor-ROS/ws_thor/build/thor_perception
[1.999s] Invoked command in '/home/anish/dp_ws/Thor-ROS/ws_thor/build/thor_perception' returned '0': CMAKE_PREFIX_PATH=${CMAKE_PREFIX_PATH}:/opt/ros/humble /usr/bin/cmake --build /home/anish/dp_ws/Thor-ROS/ws_thor/build/thor_perception -- -j16 -l16
[2.016s] Invoking command in '/home/anish/dp_ws/Thor-ROS/ws_thor/build/thor_perception': CMAKE_PREFIX_PATH=${CMAKE_PREFIX_PATH}:/opt/ros/humble /usr/bin/cmake --install /home/anish/dp_ws/Thor-ROS/ws_thor/build/thor_perception
[2.025s] -- Install configuration: ""
[2.025s] -- Installing: /home/anish/dp_ws/Thor-ROS/ws_thor/install/thor_perception/lib/thor_perception/perception_node.py
[2.026s] -- Up-to-date: /home/anish/dp_ws/Thor-ROS/ws_thor/install/thor_perception/lib/thor_perception/object_spawner.py
[2.026s] -- Installing: /home/anish/dp_ws/Thor-ROS/ws_thor/install/thor_perception/lib/thor_perception/pick_place_controller.py
[2.026s] -- Up-to-date: /home/anish/dp_ws/Thor-ROS/ws_thor/install/thor_perception/lib/thor_perception/electromagnet_controller.py
[2.026s] -- Installing: /home/anish/dp_ws/Thor-ROS/ws_thor/install/thor_perception/lib/thor_perception/auto_spawn_trigger.py
[2.026s] -- Up-to-date: /home/anish/dp_ws/Thor-ROS/ws_thor/install/thor_perception/share/thor_perception/launch
[2.026s] -- Installing: /home/anish/dp_ws/Thor-ROS/ws_thor/install/thor_perception/share/thor_perception/launch/complete_demo.launch.py
[2.026s] -- Up-to-date: /home/anish/dp_ws/Thor-ROS/ws_thor/install/thor_perception/share/thor_perception/launch/object.launch.py
[2.026s] -- Up-to-date: /home/anish/dp_ws/Thor-ROS/ws_thor/install/thor_perception/share/thor_perception/launch/perception.launch.py
[2.026s] -- Up-to-date: /home/anish/dp_ws/Thor-ROS/ws_thor/install/thor_perception/share/thor_perception/config
[2.026s] -- Up-to-date: /home/anish/dp_ws/Thor-ROS/ws_thor/install/thor_perception/share/thor_perception/config/pick_place_params.yaml
[2.026s] -- Up-to-date: /home/anish/dp_ws/Thor-ROS/ws_thor/install/thor_perception/share/thor_perception/config/electromagnet_config.yaml
[2.026s] -- Up-to-date: /home/anish/dp_ws/Thor-ROS/ws_thor/install/thor_perception/share/thor_perception/config/perception_params.yaml
[2.026s] -- Up-to-date: /home/anish/dp_ws/Thor-ROS/ws_thor/install/thor_perception/share/thor_perception/config/camera_config.yaml
[2.026s] -- Up-to-date: /home/anish/dp_ws/Thor-ROS/ws_thor/install/thor_perception/share/thor_perception/worlds
[2.026s] -- Up-to-date: /home/anish/dp_ws/Thor-ROS/ws_thor/install/thor_perception/share/thor_perception/models
[2.026s] -- Up-to-date: /home/anish/dp_ws/Thor-ROS/ws_thor/install/thor_perception/share/ament_index/resource_index/package_run_dependencies/thor_perception
[2.026s] -- Up-to-date: /home/anish/dp_ws/Thor-ROS/ws_thor/install/thor_perception/share/ament_index/resource_index/parent_prefix_path/thor_perception
[2.026s] -- Up-to-date: /home/anish/dp_ws/Thor-ROS/ws_thor/install/thor_perception/share/thor_perception/environment/ament_prefix_path.sh
[2.026s] -- Installing: /home/anish/dp_ws/Thor-ROS/ws_thor/install/thor_perception/share/thor_perception/environment/ament_prefix_path.dsv
[2.027s] -- Up-to-date: /home/anish/dp_ws/Thor-ROS/ws_thor/install/thor_perception/share/thor_perception/environment/path.sh
[2.027s] -- Installing: /home/anish/dp_ws/Thor-ROS/ws_thor/install/thor_perception/share/thor_perception/environment/path.dsv
[2.027s] -- Up-to-date: /home/anish/dp_ws/Thor-ROS/ws_thor/install/thor_perception/share/thor_perception/local_setup.bash
[2.027s] -- Up-to-date: /home/anish/dp_ws/Thor-ROS/ws_thor/install/thor_perception/share/thor_perception/local_setup.sh
[2.027s] -- Up-to-date: /home/anish/dp_ws/Thor-ROS/ws_thor/install/thor_perception/share/thor_perception/local_setup.zsh
[2.027s] -- Installing: /home/anish/dp_ws/Thor-ROS/ws_thor/install/thor_perception/share/thor_perception/local_setup.dsv
[2.027s] -- Installing: /home/anish/dp_ws/Thor-ROS/ws_thor/install/thor_perception/share/thor_perception/package.dsv
[2.027s] -- Up-to-date: /home/anish/dp_ws/Thor-ROS/ws_thor/install/thor_perception/share/ament_index/resource_index/packages/thor_perception
[2.027s] -- Up-to-date: /home/anish/dp_ws/Thor-ROS/ws_thor/install/thor_perception/share/thor_perception/cmake/thor_perceptionConfig.cmake
[2.027s] -- Up-to-date: /home/anish/dp_ws/Thor-ROS/ws_thor/install/thor_perception/share/thor_perception/cmake/thor_perceptionConfig-version.cmake
[2.027s] -- Up-to-date: /home/anish/dp_ws/Thor-ROS/ws_thor/install/thor_perception/share/thor_perception/package.xml
[2.030s] Invoked command in '/home/anish/dp_ws/Thor-ROS/ws_thor/build/thor_perception' returned '0': CMAKE_PREFIX_PATH=${CMAKE_PREFIX_PATH}:/opt/ros/humble /usr/bin/cmake --install /home/anish/dp_ws/Thor-ROS/ws_thor/build/thor_perception
