[0.056s] DEBUG:colcon:Command line arguments: ['/usr/bin/colcon', 'build', '--packages-select', 'thor_teleopsource', '/home/anish/dp_ws/Thor-ROS/ws_thor/install/setup.bash']
[0.056s] DEBUG:colcon:Parsed command line arguments: Namespace(log_base=None, log_level=None, verb_name='build', build_base='build', install_base='install', merge_install=False, symlink_install=False, test_result_base=None, continue_on_error=False, executor='parallel', parallel_workers=16, event_handlers=None, ignore_user_meta=False, metas=['./colcon.meta'], base_paths=['.'], packages_ignore=None, packages_ignore_regex=None, paths=None, packages_up_to=None, packages_up_to_regex=None, packages_above=None, packages_above_and_dependencies=None, packages_above_depth=None, packages_select_by_dep=None, packages_skip_by_dep=None, packages_skip_up_to=None, packages_select_build_failed=False, packages_skip_build_finished=False, packages_select_test_failures=False, packages_skip_test_passed=False, packages_select=['thor_teleopsource', '/home/anish/dp_ws/Thor-ROS/ws_thor/install/setup.bash'], packages_skip=None, packages_select_regex=None, packages_skip_regex=None, packages_start=None, packages_end=None, allow_overriding=[], cmake_args=None, cmake_target=None, cmake_target_skip_unavailable=False, cmake_clean_cache=False, cmake_clean_first=False, cmake_force_configure=False, ament_cmake_args=None, catkin_cmake_args=None, catkin_skip_building_tests=False, verb_parser=<colcon_defaults.argument_parser.defaults.DefaultArgumentsDecorator object at 0x7e75237624d0>, verb_extension=<colcon_core.verb.build.BuildVerb object at 0x7e75238cfaf0>, main=<bound method BuildVerb.main of <colcon_core.verb.build.BuildVerb object at 0x7e75238cfaf0>>)
[0.147s] Level 1:colcon.colcon_core.package_discovery:discover_packages(colcon_meta) check parameters
[0.147s] Level 1:colcon.colcon_core.package_discovery:discover_packages(recursive) check parameters
[0.147s] Level 1:colcon.colcon_core.package_discovery:discover_packages(ignore) check parameters
[0.147s] Level 1:colcon.colcon_core.package_discovery:discover_packages(path) check parameters
[0.147s] Level 1:colcon.colcon_core.package_discovery:discover_packages(colcon_meta) discover
[0.147s] Level 1:colcon.colcon_core.package_discovery:discover_packages(recursive) discover
[0.147s] INFO:colcon.colcon_core.package_discovery:Crawling recursively for packages in '/home/anish/dp_ws/Thor-ROS/ws_thor'
[0.147s] Level 1:colcon.colcon_core.package_identification:_identify(.) by extensions ['ignore', 'ignore_ament_install']
[0.147s] Level 1:colcon.colcon_core.package_identification:_identify(.) by extension 'ignore'
[0.147s] Level 1:colcon.colcon_core.package_identification:_identify(.) by extension 'ignore_ament_install'
[0.147s] Level 1:colcon.colcon_core.package_identification:_identify(.) by extensions ['colcon_pkg']
[0.147s] Level 1:colcon.colcon_core.package_identification:_identify(.) by extension 'colcon_pkg'
[0.147s] Level 1:colcon.colcon_core.package_identification:_identify(.) by extensions ['colcon_meta']
[0.147s] Level 1:colcon.colcon_core.package_identification:_identify(.) by extension 'colcon_meta'
[0.147s] Level 1:colcon.colcon_core.package_identification:_identify(.) by extensions ['ros']
[0.147s] Level 1:colcon.colcon_core.package_identification:_identify(.) by extension 'ros'
[0.153s] Level 1:colcon.colcon_core.package_identification:_identify(.) by extensions ['cmake', 'python']
[0.153s] Level 1:colcon.colcon_core.package_identification:_identify(.) by extension 'cmake'
[0.153s] Level 1:colcon.colcon_core.package_identification:_identify(.) by extension 'python'
[0.153s] Level 1:colcon.colcon_core.package_identification:_identify(.) by extensions ['python_setup_py']
[0.153s] Level 1:colcon.colcon_core.package_identification:_identify(.) by extension 'python_setup_py'
[0.153s] Level 1:colcon.colcon_core.package_identification:_identify(build) by extensions ['ignore', 'ignore_ament_install']
[0.153s] Level 1:colcon.colcon_core.package_identification:_identify(build) by extension 'ignore'
[0.153s] Level 1:colcon.colcon_core.package_identification:_identify(build) ignored
[0.153s] Level 1:colcon.colcon_core.package_identification:_identify(install) by extensions ['ignore', 'ignore_ament_install']
[0.153s] Level 1:colcon.colcon_core.package_identification:_identify(install) by extension 'ignore'
[0.153s] Level 1:colcon.colcon_core.package_identification:_identify(install) ignored
[0.154s] Level 1:colcon.colcon_core.package_identification:_identify(log) by extensions ['ignore', 'ignore_ament_install']
[0.154s] Level 1:colcon.colcon_core.package_identification:_identify(log) by extension 'ignore'
[0.154s] Level 1:colcon.colcon_core.package_identification:_identify(log) ignored
[0.154s] Level 1:colcon.colcon_core.package_identification:_identify(src) by extensions ['ignore', 'ignore_ament_install']
[0.154s] Level 1:colcon.colcon_core.package_identification:_identify(src) by extension 'ignore'
[0.154s] Level 1:colcon.colcon_core.package_identification:_identify(src) by extension 'ignore_ament_install'
[0.154s] Level 1:colcon.colcon_core.package_identification:_identify(src) by extensions ['colcon_pkg']
[0.154s] Level 1:colcon.colcon_core.package_identification:_identify(src) by extension 'colcon_pkg'
[0.154s] Level 1:colcon.colcon_core.package_identification:_identify(src) by extensions ['colcon_meta']
[0.154s] Level 1:colcon.colcon_core.package_identification:_identify(src) by extension 'colcon_meta'
[0.154s] Level 1:colcon.colcon_core.package_identification:_identify(src) by extensions ['ros']
[0.154s] Level 1:colcon.colcon_core.package_identification:_identify(src) by extension 'ros'
[0.154s] Level 1:colcon.colcon_core.package_identification:_identify(src) by extensions ['cmake', 'python']
[0.154s] Level 1:colcon.colcon_core.package_identification:_identify(src) by extension 'cmake'
[0.154s] Level 1:colcon.colcon_core.package_identification:_identify(src) by extension 'python'
[0.154s] Level 1:colcon.colcon_core.package_identification:_identify(src) by extensions ['python_setup_py']
[0.154s] Level 1:colcon.colcon_core.package_identification:_identify(src) by extension 'python_setup_py'
[0.154s] Level 1:colcon.colcon_core.package_identification:_identify(src/thor_bringup) by extensions ['ignore', 'ignore_ament_install']
[0.154s] Level 1:colcon.colcon_core.package_identification:_identify(src/thor_bringup) by extension 'ignore'
[0.154s] Level 1:colcon.colcon_core.package_identification:_identify(src/thor_bringup) by extension 'ignore_ament_install'
[0.154s] Level 1:colcon.colcon_core.package_identification:_identify(src/thor_bringup) by extensions ['colcon_pkg']
[0.154s] Level 1:colcon.colcon_core.package_identification:_identify(src/thor_bringup) by extension 'colcon_pkg'
[0.154s] Level 1:colcon.colcon_core.package_identification:_identify(src/thor_bringup) by extensions ['colcon_meta']
[0.154s] Level 1:colcon.colcon_core.package_identification:_identify(src/thor_bringup) by extension 'colcon_meta'
[0.154s] Level 1:colcon.colcon_core.package_identification:_identify(src/thor_bringup) by extensions ['ros']
[0.154s] Level 1:colcon.colcon_core.package_identification:_identify(src/thor_bringup) by extension 'ros'
[0.156s] DEBUG:colcon.colcon_core.package_identification:Package 'src/thor_bringup' with type 'ros.ament_cmake' and name 'thor_bringup'
[0.156s] Level 1:colcon.colcon_core.package_identification:_identify(src/thor_controller) by extensions ['ignore', 'ignore_ament_install']
[0.156s] Level 1:colcon.colcon_core.package_identification:_identify(src/thor_controller) by extension 'ignore'
[0.156s] Level 1:colcon.colcon_core.package_identification:_identify(src/thor_controller) by extension 'ignore_ament_install'
[0.156s] Level 1:colcon.colcon_core.package_identification:_identify(src/thor_controller) by extensions ['colcon_pkg']
[0.156s] Level 1:colcon.colcon_core.package_identification:_identify(src/thor_controller) by extension 'colcon_pkg'
[0.156s] Level 1:colcon.colcon_core.package_identification:_identify(src/thor_controller) by extensions ['colcon_meta']
[0.156s] Level 1:colcon.colcon_core.package_identification:_identify(src/thor_controller) by extension 'colcon_meta'
[0.156s] Level 1:colcon.colcon_core.package_identification:_identify(src/thor_controller) by extensions ['ros']
[0.156s] Level 1:colcon.colcon_core.package_identification:_identify(src/thor_controller) by extension 'ros'
[0.156s] DEBUG:colcon.colcon_core.package_identification:Package 'src/thor_controller' with type 'ros.ament_cmake' and name 'thor_controller'
[0.156s] Level 1:colcon.colcon_core.package_identification:_identify(src/thor_joystick) by extensions ['ignore', 'ignore_ament_install']
[0.157s] Level 1:colcon.colcon_core.package_identification:_identify(src/thor_joystick) by extension 'ignore'
[0.157s] Level 1:colcon.colcon_core.package_identification:_identify(src/thor_joystick) by extension 'ignore_ament_install'
[0.157s] Level 1:colcon.colcon_core.package_identification:_identify(src/thor_joystick) by extensions ['colcon_pkg']
[0.157s] Level 1:colcon.colcon_core.package_identification:_identify(src/thor_joystick) by extension 'colcon_pkg'
[0.157s] Level 1:colcon.colcon_core.package_identification:_identify(src/thor_joystick) by extensions ['colcon_meta']
[0.157s] Level 1:colcon.colcon_core.package_identification:_identify(src/thor_joystick) by extension 'colcon_meta'
[0.157s] Level 1:colcon.colcon_core.package_identification:_identify(src/thor_joystick) by extensions ['ros']
[0.157s] Level 1:colcon.colcon_core.package_identification:_identify(src/thor_joystick) by extension 'ros'
[0.157s] DEBUG:colcon.colcon_core.package_identification:Package 'src/thor_joystick' with type 'ros.ament_cmake' and name 'thor_joystick'
[0.157s] Level 1:colcon.colcon_core.package_identification:_identify(src/thor_manipulation) by extensions ['ignore', 'ignore_ament_install']
[0.157s] Level 1:colcon.colcon_core.package_identification:_identify(src/thor_manipulation) by extension 'ignore'
[0.157s] Level 1:colcon.colcon_core.package_identification:_identify(src/thor_manipulation) by extension 'ignore_ament_install'
[0.157s] Level 1:colcon.colcon_core.package_identification:_identify(src/thor_manipulation) by extensions ['colcon_pkg']
[0.157s] Level 1:colcon.colcon_core.package_identification:_identify(src/thor_manipulation) by extension 'colcon_pkg'
[0.157s] Level 1:colcon.colcon_core.package_identification:_identify(src/thor_manipulation) by extensions ['colcon_meta']
[0.157s] Level 1:colcon.colcon_core.package_identification:_identify(src/thor_manipulation) by extension 'colcon_meta'
[0.157s] Level 1:colcon.colcon_core.package_identification:_identify(src/thor_manipulation) by extensions ['ros']
[0.157s] Level 1:colcon.colcon_core.package_identification:_identify(src/thor_manipulation) by extension 'ros'
[0.164s] DEBUG:colcon.colcon_core.package_identification:Package 'src/thor_manipulation' with type 'ros.ament_cmake' and name 'thor_manipulation'
[0.164s] Level 1:colcon.colcon_core.package_identification:_identify(src/thor_moveit) by extensions ['ignore', 'ignore_ament_install']
[0.164s] Level 1:colcon.colcon_core.package_identification:_identify(src/thor_moveit) by extension 'ignore'
[0.164s] Level 1:colcon.colcon_core.package_identification:_identify(src/thor_moveit) by extension 'ignore_ament_install'
[0.164s] Level 1:colcon.colcon_core.package_identification:_identify(src/thor_moveit) by extensions ['colcon_pkg']
[0.164s] Level 1:colcon.colcon_core.package_identification:_identify(src/thor_moveit) by extension 'colcon_pkg'
[0.164s] Level 1:colcon.colcon_core.package_identification:_identify(src/thor_moveit) by extensions ['colcon_meta']
[0.164s] Level 1:colcon.colcon_core.package_identification:_identify(src/thor_moveit) by extension 'colcon_meta'
[0.164s] Level 1:colcon.colcon_core.package_identification:_identify(src/thor_moveit) by extensions ['ros']
[0.164s] Level 1:colcon.colcon_core.package_identification:_identify(src/thor_moveit) by extension 'ros'
[0.165s] DEBUG:colcon.colcon_core.package_identification:Package 'src/thor_moveit' with type 'ros.ament_cmake' and name 'thor_moveit'
[0.165s] Level 1:colcon.colcon_core.package_identification:_identify(src/thor_perception) by extensions ['ignore', 'ignore_ament_install']
[0.165s] Level 1:colcon.colcon_core.package_identification:_identify(src/thor_perception) by extension 'ignore'
[0.165s] Level 1:colcon.colcon_core.package_identification:_identify(src/thor_perception) by extension 'ignore_ament_install'
[0.165s] Level 1:colcon.colcon_core.package_identification:_identify(src/thor_perception) by extensions ['colcon_pkg']
[0.165s] Level 1:colcon.colcon_core.package_identification:_identify(src/thor_perception) by extension 'colcon_pkg'
[0.165s] Level 1:colcon.colcon_core.package_identification:_identify(src/thor_perception) by extensions ['colcon_meta']
[0.165s] Level 1:colcon.colcon_core.package_identification:_identify(src/thor_perception) by extension 'colcon_meta'
[0.165s] Level 1:colcon.colcon_core.package_identification:_identify(src/thor_perception) by extensions ['ros']
[0.165s] Level 1:colcon.colcon_core.package_identification:_identify(src/thor_perception) by extension 'ros'
[0.165s] DEBUG:colcon.colcon_core.package_identification:Package 'src/thor_perception' with type 'ros.ament_cmake' and name 'thor_perception'
[0.165s] Level 1:colcon.colcon_core.package_identification:_identify(src/thor_server) by extensions ['ignore', 'ignore_ament_install']
[0.165s] Level 1:colcon.colcon_core.package_identification:_identify(src/thor_server) by extension 'ignore'
[0.166s] Level 1:colcon.colcon_core.package_identification:_identify(src/thor_server) by extension 'ignore_ament_install'
[0.166s] Level 1:colcon.colcon_core.package_identification:_identify(src/thor_server) by extensions ['colcon_pkg']
[0.166s] Level 1:colcon.colcon_core.package_identification:_identify(src/thor_server) by extension 'colcon_pkg'
[0.166s] Level 1:colcon.colcon_core.package_identification:_identify(src/thor_server) by extensions ['colcon_meta']
[0.166s] Level 1:colcon.colcon_core.package_identification:_identify(src/thor_server) by extension 'colcon_meta'
[0.166s] Level 1:colcon.colcon_core.package_identification:_identify(src/thor_server) by extensions ['ros']
[0.166s] Level 1:colcon.colcon_core.package_identification:_identify(src/thor_server) by extension 'ros'
[0.166s] DEBUG:colcon.colcon_core.package_identification:Package 'src/thor_server' with type 'ros.ament_cmake' and name 'thor_server'
[0.166s] Level 1:colcon.colcon_core.package_identification:_identify(src/thor_teleop) by extensions ['ignore', 'ignore_ament_install']
[0.166s] Level 1:colcon.colcon_core.package_identification:_identify(src/thor_teleop) by extension 'ignore'
[0.166s] Level 1:colcon.colcon_core.package_identification:_identify(src/thor_teleop) by extension 'ignore_ament_install'
[0.166s] Level 1:colcon.colcon_core.package_identification:_identify(src/thor_teleop) by extensions ['colcon_pkg']
[0.166s] Level 1:colcon.colcon_core.package_identification:_identify(src/thor_teleop) by extension 'colcon_pkg'
[0.166s] Level 1:colcon.colcon_core.package_identification:_identify(src/thor_teleop) by extensions ['colcon_meta']
[0.166s] Level 1:colcon.colcon_core.package_identification:_identify(src/thor_teleop) by extension 'colcon_meta'
[0.166s] Level 1:colcon.colcon_core.package_identification:_identify(src/thor_teleop) by extensions ['ros']
[0.166s] Level 1:colcon.colcon_core.package_identification:_identify(src/thor_teleop) by extension 'ros'
[0.167s] DEBUG:colcon.colcon_core.package_identification:Package 'src/thor_teleop' with type 'ros.ament_cmake' and name 'thor_teleop'
[0.167s] Level 1:colcon.colcon_core.package_identification:_identify(src/thor_tests) by extensions ['ignore', 'ignore_ament_install']
[0.167s] Level 1:colcon.colcon_core.package_identification:_identify(src/thor_tests) by extension 'ignore'
[0.167s] Level 1:colcon.colcon_core.package_identification:_identify(src/thor_tests) by extension 'ignore_ament_install'
[0.167s] Level 1:colcon.colcon_core.package_identification:_identify(src/thor_tests) by extensions ['colcon_pkg']
[0.167s] Level 1:colcon.colcon_core.package_identification:_identify(src/thor_tests) by extension 'colcon_pkg'
[0.167s] Level 1:colcon.colcon_core.package_identification:_identify(src/thor_tests) by extensions ['colcon_meta']
[0.167s] Level 1:colcon.colcon_core.package_identification:_identify(src/thor_tests) by extension 'colcon_meta'
[0.167s] Level 1:colcon.colcon_core.package_identification:_identify(src/thor_tests) by extensions ['ros']
[0.167s] Level 1:colcon.colcon_core.package_identification:_identify(src/thor_tests) by extension 'ros'
[0.167s] Level 1:colcon.colcon_core.package_identification:_identify(src/thor_tests) by extensions ['cmake', 'python']
[0.167s] Level 1:colcon.colcon_core.package_identification:_identify(src/thor_tests) by extension 'cmake'
[0.167s] Level 1:colcon.colcon_core.package_identification:_identify(src/thor_tests) by extension 'python'
[0.167s] Level 1:colcon.colcon_core.package_identification:_identify(src/thor_tests) by extensions ['python_setup_py']
[0.167s] Level 1:colcon.colcon_core.package_identification:_identify(src/thor_tests) by extension 'python_setup_py'
[0.167s] Level 1:colcon.colcon_core.package_identification:_identify(src/thor_tests/src) by extensions ['ignore', 'ignore_ament_install']
[0.167s] Level 1:colcon.colcon_core.package_identification:_identify(src/thor_tests/src) by extension 'ignore'
[0.167s] Level 1:colcon.colcon_core.package_identification:_identify(src/thor_tests/src) by extension 'ignore_ament_install'
[0.167s] Level 1:colcon.colcon_core.package_identification:_identify(src/thor_tests/src) by extensions ['colcon_pkg']
[0.167s] Level 1:colcon.colcon_core.package_identification:_identify(src/thor_tests/src) by extension 'colcon_pkg'
[0.167s] Level 1:colcon.colcon_core.package_identification:_identify(src/thor_tests/src) by extensions ['colcon_meta']
[0.167s] Level 1:colcon.colcon_core.package_identification:_identify(src/thor_tests/src) by extension 'colcon_meta'
[0.167s] Level 1:colcon.colcon_core.package_identification:_identify(src/thor_tests/src) by extensions ['ros']
[0.167s] Level 1:colcon.colcon_core.package_identification:_identify(src/thor_tests/src) by extension 'ros'
[0.167s] Level 1:colcon.colcon_core.package_identification:_identify(src/thor_tests/src) by extensions ['cmake', 'python']
[0.167s] Level 1:colcon.colcon_core.package_identification:_identify(src/thor_tests/src) by extension 'cmake'
[0.167s] Level 1:colcon.colcon_core.package_identification:_identify(src/thor_tests/src) by extension 'python'
[0.167s] Level 1:colcon.colcon_core.package_identification:_identify(src/thor_tests/src) by extensions ['python_setup_py']
[0.167s] Level 1:colcon.colcon_core.package_identification:_identify(src/thor_tests/src) by extension 'python_setup_py'
[0.167s] Level 1:colcon.colcon_core.package_identification:_identify(src/thor_urdf) by extensions ['ignore', 'ignore_ament_install']
[0.167s] Level 1:colcon.colcon_core.package_identification:_identify(src/thor_urdf) by extension 'ignore'
[0.167s] Level 1:colcon.colcon_core.package_identification:_identify(src/thor_urdf) by extension 'ignore_ament_install'
[0.167s] Level 1:colcon.colcon_core.package_identification:_identify(src/thor_urdf) by extensions ['colcon_pkg']
[0.167s] Level 1:colcon.colcon_core.package_identification:_identify(src/thor_urdf) by extension 'colcon_pkg'
[0.167s] Level 1:colcon.colcon_core.package_identification:_identify(src/thor_urdf) by extensions ['colcon_meta']
[0.167s] Level 1:colcon.colcon_core.package_identification:_identify(src/thor_urdf) by extension 'colcon_meta'
[0.167s] Level 1:colcon.colcon_core.package_identification:_identify(src/thor_urdf) by extensions ['ros']
[0.167s] Level 1:colcon.colcon_core.package_identification:_identify(src/thor_urdf) by extension 'ros'
[0.168s] DEBUG:colcon.colcon_core.package_identification:Package 'src/thor_urdf' with type 'ros.ament_cmake' and name 'thor_urdf'
[0.168s] Level 1:colcon.colcon_core.package_discovery:discover_packages(recursive) using defaults
[0.168s] Level 1:colcon.colcon_core.package_discovery:discover_packages(ignore) discover
[0.168s] Level 1:colcon.colcon_core.package_discovery:discover_packages(ignore) using defaults
[0.168s] Level 1:colcon.colcon_core.package_discovery:discover_packages(path) discover
[0.168s] Level 1:colcon.colcon_core.package_discovery:discover_packages(path) using defaults
[0.168s] WARNING:colcon.colcon_core.package_selection:ignoring unknown package 'thor_teleopsource' in --packages-select
[0.168s] WARNING:colcon.colcon_core.package_selection:ignoring unknown package '/home/anish/dp_ws/Thor-ROS/ws_thor/install/setup.bash' in --packages-select
[0.179s] INFO:colcon.colcon_core.package_selection:Skipping not selected package 'thor_controller' in 'src/thor_controller'
[0.179s] INFO:colcon.colcon_core.package_selection:Skipping not selected package 'thor_manipulation' in 'src/thor_manipulation'
[0.179s] INFO:colcon.colcon_core.package_selection:Skipping not selected package 'thor_perception' in 'src/thor_perception'
[0.179s] INFO:colcon.colcon_core.package_selection:Skipping not selected package 'thor_teleop' in 'src/thor_teleop'
[0.179s] INFO:colcon.colcon_core.package_selection:Skipping not selected package 'thor_urdf' in 'src/thor_urdf'
[0.179s] INFO:colcon.colcon_core.package_selection:Skipping not selected package 'thor_moveit' in 'src/thor_moveit'
[0.179s] INFO:colcon.colcon_core.package_selection:Skipping not selected package 'thor_server' in 'src/thor_server'
[0.179s] INFO:colcon.colcon_core.package_selection:Skipping not selected package 'thor_bringup' in 'src/thor_bringup'
[0.179s] INFO:colcon.colcon_core.package_selection:Skipping not selected package 'thor_joystick' in 'src/thor_joystick'
[0.179s] Level 1:colcon.colcon_core.package_discovery:discover_packages(prefix_path) check parameters
[0.179s] Level 1:colcon.colcon_core.package_discovery:discover_packages(prefix_path) discover
[0.181s] DEBUG:colcon.colcon_installed_package_information.package_discovery:Found 9 installed packages in /home/anish/dp_ws/Thor-ROS/ws_thor/install
[0.182s] DEBUG:colcon.colcon_installed_package_information.package_discovery:Found 7 installed packages in /home/anish/panda_ws/install
[0.182s] DEBUG:colcon.colcon_installed_package_information.package_discovery:Found 10 installed packages in /home/anish/Downloads/mycobot_ros2/install
[0.183s] DEBUG:colcon.colcon_installed_package_information.package_discovery:Found 472 installed packages in /opt/ros/humble
[0.186s] Level 1:colcon.colcon_core.package_discovery:discover_packages(prefix_path) using defaults
[0.220s] INFO:colcon.colcon_core.executor:Executing jobs using 'parallel' executor
[0.221s] DEBUG:colcon.colcon_parallel_executor.executor.parallel:run_until_complete
[0.221s] DEBUG:colcon.colcon_parallel_executor.executor.parallel:closing loop
[0.221s] DEBUG:colcon.colcon_parallel_executor.executor.parallel:loop closed
[0.221s] DEBUG:colcon.colcon_parallel_executor.executor.parallel:run_until_complete finished with '0'
[0.221s] DEBUG:colcon.colcon_core.event_reactor:joining thread
[0.224s] INFO:colcon.colcon_core.plugin_system:Skipping extension 'colcon_notification.desktop_notification.terminal_notifier': Not used on non-Darwin systems
[0.224s] INFO:colcon.colcon_core.plugin_system:Skipping extension 'colcon_notification.desktop_notification.win32': Not used on non-Windows systems
[0.224s] INFO:colcon.colcon_notification.desktop_notification:Sending desktop notification using 'notify2'
[0.233s] DEBUG:colcon.colcon_core.event_reactor:joined thread
[0.234s] INFO:colcon.colcon_core.plugin_system:Skipping extension 'colcon_core.shell.bat': Not used on non-Windows systems
[0.234s] INFO:colcon.colcon_core.shell:Creating prefix script '/home/anish/dp_ws/Thor-ROS/ws_thor/install/local_setup.ps1'
[0.235s] INFO:colcon.colcon_core.shell:Creating prefix util module '/home/anish/dp_ws/Thor-ROS/ws_thor/install/_local_setup_util_ps1.py'
[0.236s] INFO:colcon.colcon_core.shell:Creating prefix chain script '/home/anish/dp_ws/Thor-ROS/ws_thor/install/setup.ps1'
[0.237s] INFO:colcon.colcon_core.shell:Creating prefix script '/home/anish/dp_ws/Thor-ROS/ws_thor/install/local_setup.sh'
[0.237s] INFO:colcon.colcon_core.shell:Creating prefix util module '/home/anish/dp_ws/Thor-ROS/ws_thor/install/_local_setup_util_sh.py'
[0.238s] INFO:colcon.colcon_core.shell:Creating prefix chain script '/home/anish/dp_ws/Thor-ROS/ws_thor/install/setup.sh'
[0.239s] INFO:colcon.colcon_core.shell:Creating prefix script '/home/anish/dp_ws/Thor-ROS/ws_thor/install/local_setup.bash'
[0.239s] INFO:colcon.colcon_core.shell:Creating prefix chain script '/home/anish/dp_ws/Thor-ROS/ws_thor/install/setup.bash'
[0.240s] INFO:colcon.colcon_core.shell:Creating prefix script '/home/anish/dp_ws/Thor-ROS/ws_thor/install/local_setup.zsh'
[0.240s] INFO:colcon.colcon_core.shell:Creating prefix chain script '/home/anish/dp_ws/Thor-ROS/ws_thor/install/setup.zsh'
