[0.014s] Invoking command in '/home/anish/dp_ws/Thor-ROS/ws_thor/build/thor_manipulation': CMAKE_PREFIX_PATH=${CMAKE_PREFIX_PATH}:/opt/ros/humble /usr/bin/cmake /home/anish/dp_ws/Thor-ROS/ws_thor/src/thor_manipulation -DCMAKE_INSTALL_PREFIX=/home/anish/dp_ws/Thor-ROS/ws_thor/install/thor_manipulation
[0.107s] -- The C compiler identification is GNU 11.4.0
[0.182s] -- The CXX compiler identification is GNU 11.4.0
[0.190s] -- Detecting C compiler ABI info
[0.258s] -- Detecting C compiler ABI info - done
[0.263s] -- Check for working C compiler: /usr/bin/cc - skipped
[0.263s] -- Detecting C compile features
[0.263s] -- Detecting C compile features - done
[0.265s] -- Detecting CXX compiler ABI info
[0.342s] -- Detecting CXX compiler ABI info - done
[0.348s] -- Check for working CXX compiler: /usr/bin/c++ - skipped
[0.348s] -- Detecting CXX compile features
[0.348s] -- Detecting CXX compile features - done
[0.352s] -- Found ament_cmake: 1.3.11 (/opt/ros/humble/share/ament_cmake/cmake)
[0.495s] -- Found Python3: /usr/bin/python3 (found version "3.10.12") found components: Interpreter 
[0.599s] -- Found rclcpp: 16.0.12 (/opt/ros/humble/share/rclcpp/cmake)
[0.652s] -- Found rosidl_generator_c: 3.1.6 (/opt/ros/humble/share/rosidl_generator_c/cmake)
[0.659s] -- Found rosidl_adapter: 3.1.6 (/opt/ros/humble/share/rosidl_adapter/cmake)
[0.669s] -- Found rosidl_generator_cpp: 3.1.6 (/opt/ros/humble/share/rosidl_generator_cpp/cmake)
[0.683s] -- Using all available rosidl_typesupport_c: rosidl_typesupport_fastrtps_c;rosidl_typesupport_introspection_c
[0.702s] -- Using all available rosidl_typesupport_cpp: rosidl_typesupport_fastrtps_cpp;rosidl_typesupport_introspection_cpp
[0.757s] -- Found rmw_implementation_cmake: 6.1.2 (/opt/ros/humble/share/rmw_implementation_cmake/cmake)
[0.762s] -- Found rmw_cyclonedds_cpp: 1.3.4 (/opt/ros/humble/share/rmw_cyclonedds_cpp/cmake)
[0.793s] -- Using RMW implementation 'rmw_cyclonedds_cpp' as default
[0.806s] -- Looking for pthread.h
[0.882s] -- Looking for pthread.h - found
[0.882s] -- Performing Test CMAKE_HAVE_LIBC_PTHREAD
[0.955s] -- Performing Test CMAKE_HAVE_LIBC_PTHREAD - Success
[0.956s] -- Found Threads: TRUE  
[1.012s] -- Found rclpy: 3.3.16 (/opt/ros/humble/share/rclpy/cmake)
[1.015s] -- Found geometry_msgs: 4.9.0 (/opt/ros/humble/share/geometry_msgs/cmake)
[1.026s] -- Found sensor_msgs: 4.9.0 (/opt/ros/humble/share/sensor_msgs/cmake)
[1.043s] -- Found shape_msgs: 4.9.0 (/opt/ros/humble/share/shape_msgs/cmake)
[1.058s] -- Found moveit_msgs: 2.2.1 (/opt/ros/humble/share/moveit_msgs/cmake)
[1.155s] -- Found moveit_core: 2.5.9 (/opt/ros/humble/share/moveit_core/cmake)
[1.213s] -- Found Boost: /usr/lib/x86_64-linux-gnu/cmake/Boost-1.74.0/BoostConfig.cmake (found version "1.74.0") found components: chrono date_time filesystem iostreams program_options regex serialization system thread 
[1.305s] -- Found parameter_traits: 0.5.0 (/opt/ros/humble/share/parameter_traits/cmake)
[1.323s] -- Found rclcpp_lifecycle: 16.0.12 (/opt/ros/humble/share/rclcpp_lifecycle/cmake)
[1.347s] -- Found Boost: /usr/lib/x86_64-linux-gnu/cmake/Boost-1.74.0/BoostConfig.cmake (found version "1.74.0") found components: filesystem 
[1.464s] -- library: /usr/lib/x86_64-linux-gnu/libcurl.so
[1.500s] -- Found Eigen3: TRUE (found version "3.4.0") 
[1.500s] -- Ensuring Eigen3 include directory is part of orocos-kdl CMake target
[1.653s] -- Found moveit_ros_planning_interface: 2.5.9 (/opt/ros/humble/share/moveit_ros_planning_interface/cmake)
[1.657s] -- Found Boost: /usr/lib/x86_64-linux-gnu/cmake/Boost-1.74.0/BoostConfig.cmake (found version "1.74.0") found components: date_time filesystem program_options system thread 
[1.670s] -- Found Boost: /usr/lib/x86_64-linux-gnu/cmake/Boost-1.74.0/BoostConfig.cmake (found version "1.74.0") found components: system filesystem date_time program_options thread chrono 
[1.696s] -- Found Boost: /usr/lib/x86_64-linux-gnu/cmake/Boost-1.74.0/BoostConfig.cmake (found version "1.74.0") found components: thread system filesystem regex date_time program_options 
[1.795s] -- Found Boost: /usr/lib/x86_64-linux-gnu/cmake/Boost-1.74.0/BoostConfig.cmake (found version "1.74.0") found components: system filesystem date_time program_options thread 
[1.826s] -- Found cv_bridge: 3.2.1 (/opt/ros/humble/share/cv_bridge/cmake)
[1.839s] -- Found image_transport: 3.1.12 (/opt/ros/humble/share/image_transport/cmake)
[1.843s] -- Found OpenCV: /usr (found version "4.5.4") 
[1.910s] -- Found ament_lint_auto: 0.12.12 (/opt/ros/humble/share/ament_lint_auto/cmake)
[1.984s] -- Added test 'copyright' to check source files copyright and LICENSE
[1.986s] -- Added test 'cppcheck' to perform static code analysis on C / C++ code
[1.986s] -- Configured cppcheck include dirs: 
[1.986s] -- Configured cppcheck exclude dirs and/or files: 
[1.987s] -- Added test 'cpplint' to check C / C++ code against the Google style
[1.987s] -- Configured cpplint exclude dirs and/or files: 
[1.988s] -- Added test 'flake8' to check Python code syntax and style conventions
[1.989s] -- Added test 'lint_cmake' to check CMake code style
[1.989s] -- Added test 'pep257' to check Python code against some of the docstring style conventions in PEP 257
[1.991s] -- Added test 'uncrustify' to check C / C++ code style
[1.991s] -- Configured uncrustify additional arguments: 
[1.991s] -- Added test 'xmllint' to check XML markup files
[1.993s] -- Configuring done
[1.999s] -- Generating done
[2.002s] -- Build files have been written to: /home/anish/dp_ws/Thor-ROS/ws_thor/build/thor_manipulation
[2.015s] Invoked command in '/home/anish/dp_ws/Thor-ROS/ws_thor/build/thor_manipulation' returned '0': CMAKE_PREFIX_PATH=${CMAKE_PREFIX_PATH}:/opt/ros/humble /usr/bin/cmake /home/anish/dp_ws/Thor-ROS/ws_thor/src/thor_manipulation -DCMAKE_INSTALL_PREFIX=/home/anish/dp_ws/Thor-ROS/ws_thor/install/thor_manipulation
[2.015s] Invoking command in '/home/anish/dp_ws/Thor-ROS/ws_thor/build/thor_manipulation': CMAKE_PREFIX_PATH=${CMAKE_PREFIX_PATH}:/opt/ros/humble /usr/bin/cmake --build /home/anish/dp_ws/Thor-ROS/ws_thor/build/thor_manipulation -- -j16 -l16
[2.077s] Built target ament_cmake_python_copy_thor_manipulation
[2.237s] running egg_info
[2.238s] creating thor_manipulation.egg-info
[2.238s] writing thor_manipulation.egg-info/PKG-INFO
[2.238s] writing dependency_links to thor_manipulation.egg-info/dependency_links.txt
[2.238s] writing top-level names to thor_manipulation.egg-info/top_level.txt
[2.238s] writing manifest file 'thor_manipulation.egg-info/SOURCES.txt'
[2.240s] reading manifest file 'thor_manipulation.egg-info/SOURCES.txt'
[2.240s] writing manifest file 'thor_manipulation.egg-info/SOURCES.txt'
[2.263s] Built target ament_cmake_python_build_thor_manipulation_egg
[2.274s] Invoked command in '/home/anish/dp_ws/Thor-ROS/ws_thor/build/thor_manipulation' returned '0': CMAKE_PREFIX_PATH=${CMAKE_PREFIX_PATH}:/opt/ros/humble /usr/bin/cmake --build /home/anish/dp_ws/Thor-ROS/ws_thor/build/thor_manipulation -- -j16 -l16
[2.276s] Invoking command in '/home/anish/dp_ws/Thor-ROS/ws_thor/build/thor_manipulation': CMAKE_PREFIX_PATH=${CMAKE_PREFIX_PATH}:/opt/ros/humble /usr/bin/cmake --install /home/anish/dp_ws/Thor-ROS/ws_thor/build/thor_manipulation
[2.284s] -- Install configuration: ""
[2.284s] -- Installing: /home/anish/dp_ws/Thor-ROS/ws_thor/install/thor_manipulation/share/thor_manipulation/environment/pythonpath.sh
[2.284s] -- Installing: /home/anish/dp_ws/Thor-ROS/ws_thor/install/thor_manipulation/share/thor_manipulation/environment/pythonpath.dsv
[2.285s] -- Installing: /home/anish/dp_ws/Thor-ROS/ws_thor/install/thor_manipulation/local/lib/python3.10/dist-packages/thor_manipulation-0.1.0-py3.10.egg-info
[2.285s] -- Installing: /home/anish/dp_ws/Thor-ROS/ws_thor/install/thor_manipulation/local/lib/python3.10/dist-packages/thor_manipulation-0.1.0-py3.10.egg-info/SOURCES.txt
[2.285s] -- Installing: /home/anish/dp_ws/Thor-ROS/ws_thor/install/thor_manipulation/local/lib/python3.10/dist-packages/thor_manipulation-0.1.0-py3.10.egg-info/PKG-INFO
[2.285s] -- Installing: /home/anish/dp_ws/Thor-ROS/ws_thor/install/thor_manipulation/local/lib/python3.10/dist-packages/thor_manipulation-0.1.0-py3.10.egg-info/dependency_links.txt
[2.285s] -- Installing: /home/anish/dp_ws/Thor-ROS/ws_thor/install/thor_manipulation/local/lib/python3.10/dist-packages/thor_manipulation-0.1.0-py3.10.egg-info/top_level.txt
[2.285s] -- Installing: /home/anish/dp_ws/Thor-ROS/ws_thor/install/thor_manipulation/local/lib/python3.10/dist-packages/thor_manipulation
[2.285s] -- Installing: /home/anish/dp_ws/Thor-ROS/ws_thor/install/thor_manipulation/local/lib/python3.10/dist-packages/thor_manipulation/__init__.py
[2.309s] Listing '/home/anish/dp_ws/Thor-ROS/ws_thor/install/thor_manipulation/local/lib/python3.10/dist-packages/thor_manipulation'...
[2.309s] Compiling '/home/anish/dp_ws/Thor-ROS/ws_thor/install/thor_manipulation/local/lib/python3.10/dist-packages/thor_manipulation/__init__.py'...
[2.313s] -- Installing: /home/anish/dp_ws/Thor-ROS/ws_thor/install/thor_manipulation/lib/thor_manipulation/pick_place_node
[2.313s] -- Installing: /home/anish/dp_ws/Thor-ROS/ws_thor/install/thor_manipulation/lib/thor_manipulation/pick_place_task_constructor
[2.314s] -- Installing: /home/anish/dp_ws/Thor-ROS/ws_thor/install/thor_manipulation/lib/thor_manipulation/thor_task_constructor_demo
[2.314s] -- Installing: /home/anish/dp_ws/Thor-ROS/ws_thor/install/thor_manipulation/lib/thor_manipulation/control_interface
[2.314s] -- Installing: /home/anish/dp_ws/Thor-ROS/ws_thor/install/thor_manipulation/lib/thor_manipulation/task_coordinator_node
[2.314s] -- Installing: /home/anish/dp_ws/Thor-ROS/ws_thor/install/thor_manipulation/lib/thor_manipulation/object_detector
[2.315s] -- Installing: /home/anish/dp_ws/Thor-ROS/ws_thor/install/thor_manipulation/lib/thor_manipulation/enhanced_pick_place_node
[2.315s] -- Installing: /home/anish/dp_ws/Thor-ROS/ws_thor/install/thor_manipulation/lib/thor_manipulation/simple_command_interface
[2.315s] -- Installing: /home/anish/dp_ws/Thor-ROS/ws_thor/install/thor_manipulation/share/thor_manipulation/launch
[2.315s] -- Installing: /home/anish/dp_ws/Thor-ROS/ws_thor/install/thor_manipulation/share/thor_manipulation/launch/pick_place.launch.py
[2.315s] -- Installing: /home/anish/dp_ws/Thor-ROS/ws_thor/install/thor_manipulation/share/thor_manipulation/config
[2.316s] -- Installing: /home/anish/dp_ws/Thor-ROS/ws_thor/install/thor_manipulation/share/thor_manipulation/config/sensors.yaml
[2.316s] -- Installing: /home/anish/dp_ws/Thor-ROS/ws_thor/install/thor_manipulation/share/thor_manipulation/config/mtc.rviz
[2.316s] -- Installing: /home/anish/dp_ws/Thor-ROS/ws_thor/install/thor_manipulation/share/thor_manipulation/config/electromagnet_controller.cpp
[2.316s] -- Installing: /home/anish/dp_ws/Thor-ROS/ws_thor/install/thor_manipulation/share/thor_manipulation/rviz
[2.316s] -- Installing: /home/anish/dp_ws/Thor-ROS/ws_thor/install/thor_manipulation/share/ament_index/resource_index/package_run_dependencies/thor_manipulation
[2.316s] -- Installing: /home/anish/dp_ws/Thor-ROS/ws_thor/install/thor_manipulation/share/ament_index/resource_index/parent_prefix_path/thor_manipulation
[2.316s] -- Installing: /home/anish/dp_ws/Thor-ROS/ws_thor/install/thor_manipulation/share/thor_manipulation/environment/ament_prefix_path.sh
[2.316s] -- Installing: /home/anish/dp_ws/Thor-ROS/ws_thor/install/thor_manipulation/share/thor_manipulation/environment/ament_prefix_path.dsv
[2.317s] -- Installing: /home/anish/dp_ws/Thor-ROS/ws_thor/install/thor_manipulation/share/thor_manipulation/environment/path.sh
[2.317s] -- Installing: /home/anish/dp_ws/Thor-ROS/ws_thor/install/thor_manipulation/share/thor_manipulation/environment/path.dsv
[2.317s] -- Installing: /home/anish/dp_ws/Thor-ROS/ws_thor/install/thor_manipulation/share/thor_manipulation/local_setup.bash
[2.317s] -- Installing: /home/anish/dp_ws/Thor-ROS/ws_thor/install/thor_manipulation/share/thor_manipulation/local_setup.sh
[2.317s] -- Installing: /home/anish/dp_ws/Thor-ROS/ws_thor/install/thor_manipulation/share/thor_manipulation/local_setup.zsh
[2.317s] -- Installing: /home/anish/dp_ws/Thor-ROS/ws_thor/install/thor_manipulation/share/thor_manipulation/local_setup.dsv
[2.317s] -- Installing: /home/anish/dp_ws/Thor-ROS/ws_thor/install/thor_manipulation/share/thor_manipulation/package.dsv
[2.317s] -- Installing: /home/anish/dp_ws/Thor-ROS/ws_thor/install/thor_manipulation/share/ament_index/resource_index/packages/thor_manipulation
[2.317s] -- Installing: /home/anish/dp_ws/Thor-ROS/ws_thor/install/thor_manipulation/share/thor_manipulation/cmake/thor_manipulationConfig.cmake
[2.317s] -- Installing: /home/anish/dp_ws/Thor-ROS/ws_thor/install/thor_manipulation/share/thor_manipulation/cmake/thor_manipulationConfig-version.cmake
[2.318s] -- Installing: /home/anish/dp_ws/Thor-ROS/ws_thor/install/thor_manipulation/share/thor_manipulation/package.xml
[2.319s] Invoked command in '/home/anish/dp_ws/Thor-ROS/ws_thor/build/thor_manipulation' returned '0': CMAKE_PREFIX_PATH=${CMAKE_PREFIX_PATH}:/opt/ros/humble /usr/bin/cmake --install /home/anish/dp_ws/Thor-ROS/ws_thor/build/thor_manipulation
