[0.017s] Invoking command in '/home/naman72060/common-dp/build/thor_bringup': CMAKE_PREFIX_PATH=/home/naman72060/common-dp/install/thor_server:/home/naman72060/common-dp/install/thor_moveit:/home/naman72060/common-dp/install/thor_urdf:/home/naman72060/common-dp/install/thor_controller:/home/naman72060/common-dp/install/thor_bringup:/home/naman72060/common-dp/install/thor_teleop:/home/naman72060/common-dp/install/thor_joystick:/home/naman72060/common-dp/install/thor_perception:/home/naman72060/common-dp/install/thor_manipulation:/opt/ros/humble /usr/bin/cmake --build /home/naman72060/common-dp/build/thor_bringup -- -j12 -l12
[0.062s] Invoked command in '/home/naman72060/common-dp/build/thor_bringup' returned '0': CMAKE_PREFIX_PATH=/home/naman72060/common-dp/install/thor_server:/home/naman72060/common-dp/install/thor_moveit:/home/naman72060/common-dp/install/thor_urdf:/home/naman72060/common-dp/install/thor_controller:/home/naman72060/common-dp/install/thor_bringup:/home/naman72060/common-dp/install/thor_teleop:/home/naman72060/common-dp/install/thor_joystick:/home/naman72060/common-dp/install/thor_perception:/home/naman72060/common-dp/install/thor_manipulation:/opt/ros/humble /usr/bin/cmake --build /home/naman72060/common-dp/build/thor_bringup -- -j12 -l12
[0.064s] Invoking command in '/home/naman72060/common-dp/build/thor_bringup': CMAKE_PREFIX_PATH=/home/naman72060/common-dp/install/thor_server:/home/naman72060/common-dp/install/thor_moveit:/home/naman72060/common-dp/install/thor_urdf:/home/naman72060/common-dp/install/thor_controller:/home/naman72060/common-dp/install/thor_bringup:/home/naman72060/common-dp/install/thor_teleop:/home/naman72060/common-dp/install/thor_joystick:/home/naman72060/common-dp/install/thor_perception:/home/naman72060/common-dp/install/thor_manipulation:/opt/ros/humble /usr/bin/cmake --install /home/naman72060/common-dp/build/thor_bringup
[0.070s] -- Install configuration: ""
[0.070s] -- Up-to-date: /home/naman72060/common-dp/install/thor_bringup/share/thor_bringup/launch
[0.070s] -- Up-to-date: /home/naman72060/common-dp/install/thor_bringup/share/thor_bringup/launch/simulated_robot.launch.py
[0.070s] -- Up-to-date: /home/naman72060/common-dp/install/thor_bringup/share/thor_bringup/launch/real_robot.launch.py
[0.070s] -- Up-to-date: /home/naman72060/common-dp/install/thor_bringup/share/ament_index/resource_index/package_run_dependencies/thor_bringup
[0.070s] -- Up-to-date: /home/naman72060/common-dp/install/thor_bringup/share/ament_index/resource_index/parent_prefix_path/thor_bringup
[0.070s] -- Up-to-date: /home/naman72060/common-dp/install/thor_bringup/share/thor_bringup/environment/ament_prefix_path.sh
[0.070s] -- Up-to-date: /home/naman72060/common-dp/install/thor_bringup/share/thor_bringup/environment/ament_prefix_path.dsv
[0.070s] -- Up-to-date: /home/naman72060/common-dp/install/thor_bringup/share/thor_bringup/environment/path.sh
[0.070s] -- Up-to-date: /home/naman72060/common-dp/install/thor_bringup/share/thor_bringup/environment/path.dsv
[0.070s] -- Up-to-date: /home/naman72060/common-dp/install/thor_bringup/share/thor_bringup/local_setup.bash
[0.071s] -- Up-to-date: /home/naman72060/common-dp/install/thor_bringup/share/thor_bringup/local_setup.sh
[0.071s] -- Up-to-date: /home/naman72060/common-dp/install/thor_bringup/share/thor_bringup/local_setup.zsh
[0.071s] -- Up-to-date: /home/naman72060/common-dp/install/thor_bringup/share/thor_bringup/local_setup.dsv
[0.071s] -- Installing: /home/naman72060/common-dp/install/thor_bringup/share/thor_bringup/package.dsv
[0.071s] -- Up-to-date: /home/naman72060/common-dp/install/thor_bringup/share/ament_index/resource_index/packages/thor_bringup
[0.071s] -- Up-to-date: /home/naman72060/common-dp/install/thor_bringup/share/thor_bringup/cmake/thor_bringupConfig.cmake
[0.071s] -- Up-to-date: /home/naman72060/common-dp/install/thor_bringup/share/thor_bringup/cmake/thor_bringupConfig-version.cmake
[0.072s] -- Up-to-date: /home/naman72060/common-dp/install/thor_bringup/share/thor_bringup/package.xml
[0.073s] Invoked command in '/home/naman72060/common-dp/build/thor_bringup' returned '0': CMAKE_PREFIX_PATH=/home/naman72060/common-dp/install/thor_server:/home/naman72060/common-dp/install/thor_moveit:/home/naman72060/common-dp/install/thor_urdf:/home/naman72060/common-dp/install/thor_controller:/home/naman72060/common-dp/install/thor_bringup:/home/naman72060/common-dp/install/thor_teleop:/home/naman72060/common-dp/install/thor_joystick:/home/naman72060/common-dp/install/thor_perception:/home/naman72060/common-dp/install/thor_manipulation:/opt/ros/humble /usr/bin/cmake --install /home/naman72060/common-dp/build/thor_bringup
