[0.011s] Invoking command in '/home/anish/dp_ws/Thor-ROS/ws_thor/build/thor_teleop': CMAKE_PREFIX_PATH=${CMAKE_PREFIX_PATH}:/opt/ros/humble /usr/bin/cmake --build /home/anish/dp_ws/Thor-ROS/ws_thor/build/thor_teleop -- -j16 -l16
[0.052s] Invoked command in '/home/anish/dp_ws/Thor-ROS/ws_thor/build/thor_teleop' returned '0': CMAKE_PREFIX_PATH=${CMAKE_PREFIX_PATH}:/opt/ros/humble /usr/bin/cmake --build /home/anish/dp_ws/Thor-ROS/ws_thor/build/thor_teleop -- -j16 -l16
[0.062s] Invoking command in '/home/anish/dp_ws/Thor-ROS/ws_thor/build/thor_teleop': CMAKE_PREFIX_PATH=${CMAKE_PREFIX_PATH}:/opt/ros/humble /usr/bin/cmake --install /home/anish/dp_ws/Thor-ROS/ws_thor/build/thor_teleop
[0.069s] -- Install configuration: ""
[0.069s] -- Up-to-date: /home/anish/dp_ws/Thor-ROS/ws_thor/install/thor_teleop/lib/thor_teleop/teleop_joint_control.py
[0.069s] -- Installing: /home/anish/dp_ws/Thor-ROS/ws_thor/install/thor_teleop/lib/thor_teleop/teleop_pose_control.py
[0.069s] -- Up-to-date: /home/anish/dp_ws/Thor-ROS/ws_thor/install/thor_teleop/share/ament_index/resource_index/package_run_dependencies/thor_teleop
[0.069s] -- Up-to-date: /home/anish/dp_ws/Thor-ROS/ws_thor/install/thor_teleop/share/ament_index/resource_index/parent_prefix_path/thor_teleop
[0.069s] -- Up-to-date: /home/anish/dp_ws/Thor-ROS/ws_thor/install/thor_teleop/share/thor_teleop/environment/ament_prefix_path.sh
[0.069s] -- Up-to-date: /home/anish/dp_ws/Thor-ROS/ws_thor/install/thor_teleop/share/thor_teleop/environment/ament_prefix_path.dsv
[0.069s] -- Up-to-date: /home/anish/dp_ws/Thor-ROS/ws_thor/install/thor_teleop/share/thor_teleop/environment/path.sh
[0.069s] -- Up-to-date: /home/anish/dp_ws/Thor-ROS/ws_thor/install/thor_teleop/share/thor_teleop/environment/path.dsv
[0.069s] -- Up-to-date: /home/anish/dp_ws/Thor-ROS/ws_thor/install/thor_teleop/share/thor_teleop/local_setup.bash
[0.069s] -- Up-to-date: /home/anish/dp_ws/Thor-ROS/ws_thor/install/thor_teleop/share/thor_teleop/local_setup.sh
[0.069s] -- Up-to-date: /home/anish/dp_ws/Thor-ROS/ws_thor/install/thor_teleop/share/thor_teleop/local_setup.zsh
[0.069s] -- Up-to-date: /home/anish/dp_ws/Thor-ROS/ws_thor/install/thor_teleop/share/thor_teleop/local_setup.dsv
[0.069s] -- Up-to-date: /home/anish/dp_ws/Thor-ROS/ws_thor/install/thor_teleop/share/thor_teleop/package.dsv
[0.069s] -- Up-to-date: /home/anish/dp_ws/Thor-ROS/ws_thor/install/thor_teleop/share/ament_index/resource_index/packages/thor_teleop
[0.070s] -- Up-to-date: /home/anish/dp_ws/Thor-ROS/ws_thor/install/thor_teleop/share/thor_teleop/cmake/thor_teleopConfig.cmake
[0.070s] -- Up-to-date: /home/anish/dp_ws/Thor-ROS/ws_thor/install/thor_teleop/share/thor_teleop/cmake/thor_teleopConfig-version.cmake
[0.070s] -- Up-to-date: /home/anish/dp_ws/Thor-ROS/ws_thor/install/thor_teleop/share/thor_teleop/package.xml
[0.070s] Invoked command in '/home/anish/dp_ws/Thor-ROS/ws_thor/build/thor_teleop' returned '0': CMAKE_PREFIX_PATH=${CMAKE_PREFIX_PATH}:/opt/ros/humble /usr/bin/cmake --install /home/anish/dp_ws/Thor-ROS/ws_thor/build/thor_teleop
