[0.011s] Invoking command in '/home/anish/dp_ws/Thor-ROS/ws_thor/build/thor_teleop': CMAKE_PREFIX_PATH=${CMAKE_PREFIX_PATH}:/opt/ros/humble /usr/bin/cmake --build /home/anish/dp_ws/Thor-ROS/ws_thor/build/thor_teleop -- -j16 -l16
[0.033s] -- Found ament_cmake: 1.3.11 (/opt/ros/humble/share/ament_cmake/cmake)
[0.121s] -- Found rclpy: 3.3.16 (/opt/ros/humble/share/rclpy/cmake)
[0.121s] -- Found moveit_msgs: 2.2.1 (/opt/ros/humble/share/moveit_msgs/cmake)
[0.139s] -- Found rosidl_generator_c: 3.1.6 (/opt/ros/humble/share/rosidl_generator_c/cmake)
[0.140s] -- Found rosidl_adapter: 3.1.6 (/opt/ros/humble/share/rosidl_adapter/cmake)
[0.144s] -- Found rosidl_generator_cpp: 3.1.6 (/opt/ros/humble/share/rosidl_generator_cpp/cmake)
[0.151s] -- Using all available rosidl_typesupport_c: rosidl_typesupport_fastrtps_c;rosidl_typesupport_introspection_c
[0.159s] -- Using all available rosidl_typesupport_cpp: rosidl_typesupport_fastrtps_cpp;rosidl_typesupport_introspection_cpp
[0.307s] -- Configuring done
[0.310s] -- Generating done
[0.312s] -- Build files have been written to: /home/anish/dp_ws/Thor-ROS/ws_thor/build/thor_teleop
[0.335s] Invoked command in '/home/anish/dp_ws/Thor-ROS/ws_thor/build/thor_teleop' returned '0': CMAKE_PREFIX_PATH=${CMAKE_PREFIX_PATH}:/opt/ros/humble /usr/bin/cmake --build /home/anish/dp_ws/Thor-ROS/ws_thor/build/thor_teleop -- -j16 -l16
[0.344s] Invoking command in '/home/anish/dp_ws/Thor-ROS/ws_thor/build/thor_teleop': CMAKE_PREFIX_PATH=${CMAKE_PREFIX_PATH}:/opt/ros/humble /usr/bin/cmake --install /home/anish/dp_ws/Thor-ROS/ws_thor/build/thor_teleop
[0.350s] -- Install configuration: ""
[0.350s] -- Up-to-date: /home/anish/dp_ws/Thor-ROS/ws_thor/install/thor_teleop/lib/thor_teleop/teleop_joint_control.py
[0.350s] -- Up-to-date: /home/anish/dp_ws/Thor-ROS/ws_thor/install/thor_teleop/lib/thor_teleop/teleop_pose_control.py
[0.350s] -- Up-to-date: /home/anish/dp_ws/Thor-ROS/ws_thor/install/thor_teleop/share/ament_index/resource_index/package_run_dependencies/thor_teleop
[0.350s] -- Installing: /home/anish/dp_ws/Thor-ROS/ws_thor/install/thor_teleop/share/ament_index/resource_index/parent_prefix_path/thor_teleop
[0.350s] -- Up-to-date: /home/anish/dp_ws/Thor-ROS/ws_thor/install/thor_teleop/share/thor_teleop/environment/ament_prefix_path.sh
[0.351s] -- Installing: /home/anish/dp_ws/Thor-ROS/ws_thor/install/thor_teleop/share/thor_teleop/environment/ament_prefix_path.dsv
[0.351s] -- Up-to-date: /home/anish/dp_ws/Thor-ROS/ws_thor/install/thor_teleop/share/thor_teleop/environment/path.sh
[0.351s] -- Installing: /home/anish/dp_ws/Thor-ROS/ws_thor/install/thor_teleop/share/thor_teleop/environment/path.dsv
[0.351s] -- Up-to-date: /home/anish/dp_ws/Thor-ROS/ws_thor/install/thor_teleop/share/thor_teleop/local_setup.bash
[0.351s] -- Up-to-date: /home/anish/dp_ws/Thor-ROS/ws_thor/install/thor_teleop/share/thor_teleop/local_setup.sh
[0.351s] -- Up-to-date: /home/anish/dp_ws/Thor-ROS/ws_thor/install/thor_teleop/share/thor_teleop/local_setup.zsh
[0.351s] -- Installing: /home/anish/dp_ws/Thor-ROS/ws_thor/install/thor_teleop/share/thor_teleop/local_setup.dsv
[0.351s] -- Installing: /home/anish/dp_ws/Thor-ROS/ws_thor/install/thor_teleop/share/thor_teleop/package.dsv
[0.351s] -- Up-to-date: /home/anish/dp_ws/Thor-ROS/ws_thor/install/thor_teleop/share/ament_index/resource_index/packages/thor_teleop
[0.351s] -- Up-to-date: /home/anish/dp_ws/Thor-ROS/ws_thor/install/thor_teleop/share/thor_teleop/cmake/thor_teleopConfig.cmake
[0.351s] -- Up-to-date: /home/anish/dp_ws/Thor-ROS/ws_thor/install/thor_teleop/share/thor_teleop/cmake/thor_teleopConfig-version.cmake
[0.351s] -- Installing: /home/anish/dp_ws/Thor-ROS/ws_thor/install/thor_teleop/share/thor_teleop/package.xml
[0.353s] Invoked command in '/home/anish/dp_ws/Thor-ROS/ws_thor/build/thor_teleop' returned '0': CMAKE_PREFIX_PATH=${CMAKE_PREFIX_PATH}:/opt/ros/humble /usr/bin/cmake --install /home/anish/dp_ws/Thor-ROS/ws_thor/build/thor_teleop
