[0.012s] Invoking command in '/home/naman72060/common-dp/build/thor_joystick': AMENT_PREFIX_PATH=/home/naman72060/common-dp/install/thor_server:/home/naman72060/common-dp/install/thor_controller:${AMENT_PREFIX_PATH} CMAKE_PREFIX_PATH=/home/naman72060/common-dp/install/thor_server:/home/naman72060/common-dp/install/thor_controller:/opt/ros/humble LD_LIBRARY_PATH=/home/naman72060/common-dp/install/thor_server/lib:/home/naman72060/common-dp/install/thor_controller/lib:${LD_LIBRARY_PATH} PYTHONPATH=/home/naman72060/common-dp/install/thor_server/local/lib/python3.10/dist-packages:${PYTHONPATH} /usr/bin/cmake /home/naman72060/common-dp/src/thor_joystick -DCMAKE_INSTALL_PREFIX=/home/naman72060/common-dp/install/thor_joystick
[0.080s] -- The C compiler identification is GNU 11.4.0
[0.142s] -- The CXX compiler identification is GNU 11.4.0
[0.150s] -- Detecting C compiler ABI info
[0.215s] -- Detecting C compiler ABI info - done
[0.219s] -- Check for working C compiler: /usr/bin/cc - skipped
[0.219s] -- Detecting C compile features
[0.219s] -- Detecting C compile features - done
[0.222s] -- Detecting CXX compiler ABI info
[0.287s] -- Detecting CXX compiler ABI info - done
[0.293s] -- Check for working CXX compiler: /usr/bin/c++ - skipped
[0.293s] -- Detecting CXX compile features
[0.293s] -- Detecting CXX compile features - done
[0.295s] -- Found ament_cmake: 1.3.11 (/opt/ros/humble/share/ament_cmake/cmake)
[0.410s] -- Found Python3: /usr/bin/python3 (found version "3.10.12") found components: Interpreter 
[0.474s] -- Found rclcpp: 16.0.12 (/opt/ros/humble/share/rclcpp/cmake)
[0.505s] -- Found rosidl_generator_c: 3.1.6 (/opt/ros/humble/share/rosidl_generator_c/cmake)
[0.508s] -- Found rosidl_adapter: 3.1.6 (/opt/ros/humble/share/rosidl_adapter/cmake)
[0.514s] -- Found rosidl_generator_cpp: 3.1.6 (/opt/ros/humble/share/rosidl_generator_cpp/cmake)
[0.522s] -- Using all available rosidl_typesupport_c: rosidl_typesupport_fastrtps_c;rosidl_typesupport_introspection_c
[0.533s] -- Using all available rosidl_typesupport_cpp: rosidl_typesupport_fastrtps_cpp;rosidl_typesupport_introspection_cpp
[0.562s] -- Found rmw_implementation_cmake: 6.1.2 (/opt/ros/humble/share/rmw_implementation_cmake/cmake)
[0.563s] -- Found rmw_fastrtps_cpp: 6.2.7 (/opt/ros/humble/share/rmw_fastrtps_cpp/cmake)
[0.638s] -- Found OpenSSL: /usr/lib/x86_64-linux-gnu/libcrypto.so (found version "3.0.2")  
[0.672s] -- Found FastRTPS: /opt/ros/humble/include  
[0.700s] -- Using RMW implementation 'rmw_fastrtps_cpp' as default
[0.705s] -- Looking for pthread.h
[0.784s] -- Looking for pthread.h - found
[0.784s] -- Performing Test CMAKE_HAVE_LIBC_PTHREAD
[0.871s] -- Performing Test CMAKE_HAVE_LIBC_PTHREAD - Success
[0.873s] -- Found Threads: TRUE  
[0.919s] -- Found rclcpp_action: 16.0.12 (/opt/ros/humble/share/rclcpp_action/cmake)
[0.941s] -- Found sensor_msgs: 4.9.0 (/opt/ros/humble/share/sensor_msgs/cmake)
[0.962s] -- Found moveit_ros_planning_interface: 2.5.9 (/opt/ros/humble/share/moveit_ros_planning_interface/cmake)
[0.977s] -- Found Boost: /usr/lib/x86_64-linux-gnu/cmake/Boost-1.74.0/BoostConfig.cmake (found version "1.74.0") found components: date_time filesystem program_options system thread 
[1.056s] -- Found Boost: /usr/lib/x86_64-linux-gnu/cmake/Boost-1.74.0/BoostConfig.cmake (found version "1.74.0") found components: chrono date_time filesystem iostreams program_options regex serialization system thread 
[1.082s] -- Found parameter_traits: 0.5.0 (/opt/ros/humble/share/parameter_traits/cmake)
[1.090s] -- Found rclcpp_lifecycle: 16.0.12 (/opt/ros/humble/share/rclcpp_lifecycle/cmake)
[1.106s] -- Found Boost: /usr/lib/x86_64-linux-gnu/cmake/Boost-1.74.0/BoostConfig.cmake (found version "1.74.0") found components: filesystem 
[1.199s] -- library: /usr/lib/x86_64-linux-gnu/libcurl.so
[1.231s] -- Found Eigen3: TRUE (found version "3.4.0") 
[1.231s] -- Ensuring Eigen3 include directory is part of orocos-kdl CMake target
[1.312s] -- Found Boost: /usr/lib/x86_64-linux-gnu/cmake/Boost-1.74.0/BoostConfig.cmake (found version "1.74.0") found components: system filesystem date_time program_options thread chrono 
[1.334s] -- Found Boost: /usr/lib/x86_64-linux-gnu/cmake/Boost-1.74.0/BoostConfig.cmake (found version "1.74.0") found components: thread system filesystem regex date_time program_options 
[1.349s] -- Found Boost: /usr/lib/x86_64-linux-gnu/cmake/Boost-1.74.0/BoostConfig.cmake (found version "1.74.0") found components: system filesystem date_time program_options thread 
[1.368s] -- Found thor_server: 0.0.0 (/home/naman72060/common-dp/install/thor_server/share/thor_server/cmake)
[1.379s] -- Found ament_lint_auto: 0.12.12 (/opt/ros/humble/share/ament_lint_auto/cmake)
[1.432s] -- Added test 'cppcheck' to perform static code analysis on C / C++ code
[1.432s] -- Configured cppcheck include dirs: /home/naman72060/common-dp/src/thor_joystick/include
[1.432s] -- Configured cppcheck exclude dirs and/or files: 
[1.432s] -- Added test 'flake8' to check Python code syntax and style conventions
[1.432s] -- Added test 'lint_cmake' to check CMake code style
[1.433s] -- Added test 'pep257' to check Python code against some of the docstring style conventions in PEP 257
[1.433s] -- Added test 'uncrustify' to check C / C++ code style
[1.433s] -- Configured uncrustify additional arguments: 
[1.434s] -- Added test 'xmllint' to check XML markup files
[1.434s] -- Configuring done
[1.454s] -- Generating done
[1.461s] -- Build files have been written to: /home/naman72060/common-dp/build/thor_joystick
[1.471s] Invoked command in '/home/naman72060/common-dp/build/thor_joystick' returned '0': AMENT_PREFIX_PATH=/home/naman72060/common-dp/install/thor_server:/home/naman72060/common-dp/install/thor_controller:${AMENT_PREFIX_PATH} CMAKE_PREFIX_PATH=/home/naman72060/common-dp/install/thor_server:/home/naman72060/common-dp/install/thor_controller:/opt/ros/humble LD_LIBRARY_PATH=/home/naman72060/common-dp/install/thor_server/lib:/home/naman72060/common-dp/install/thor_controller/lib:${LD_LIBRARY_PATH} PYTHONPATH=/home/naman72060/common-dp/install/thor_server/local/lib/python3.10/dist-packages:${PYTHONPATH} /usr/bin/cmake /home/naman72060/common-dp/src/thor_joystick -DCMAKE_INSTALL_PREFIX=/home/naman72060/common-dp/install/thor_joystick
[1.473s] Invoking command in '/home/naman72060/common-dp/build/thor_joystick': AMENT_PREFIX_PATH=/home/naman72060/common-dp/install/thor_server:/home/naman72060/common-dp/install/thor_controller:${AMENT_PREFIX_PATH} CMAKE_PREFIX_PATH=/home/naman72060/common-dp/install/thor_server:/home/naman72060/common-dp/install/thor_controller:/opt/ros/humble LD_LIBRARY_PATH=/home/naman72060/common-dp/install/thor_server/lib:/home/naman72060/common-dp/install/thor_controller/lib:${LD_LIBRARY_PATH} PYTHONPATH=/home/naman72060/common-dp/install/thor_server/local/lib/python3.10/dist-packages:${PYTHONPATH} /usr/bin/cmake --build /home/naman72060/common-dp/build/thor_joystick -- -j12 -l12
[1.529s] [ 16%] [32mBuilding CXX object CMakeFiles/joystick_moveit_controller.dir/src/joystick_moveit_controller.cpp.o[0m
[1.530s] [ 33%] [32mBuilding CXX object CMakeFiles/joystick_pose_controller.dir/src/joystick_pose_controller.cpp.o[0m
[1.531s] [ 50%] [32mBuilding CXX object CMakeFiles/joystick_joint_controller.dir/src/joystick_joint_controller.cpp.o[0m
[9.031s] [ 66%] [32m[1mLinking CXX executable joystick_joint_controller[0m
[9.378s] [ 83%] [32m[1mLinking CXX executable joystick_pose_controller[0m
[9.571s] [ 83%] Built target joystick_joint_controller
[9.709s] [ 83%] Built target joystick_pose_controller
[9.973s] [100%] [32m[1mLinking CXX executable joystick_moveit_controller[0m
[10.468s] [100%] Built target joystick_moveit_controller
[10.481s] Invoked command in '/home/naman72060/common-dp/build/thor_joystick' returned '0': AMENT_PREFIX_PATH=/home/naman72060/common-dp/install/thor_server:/home/naman72060/common-dp/install/thor_controller:${AMENT_PREFIX_PATH} CMAKE_PREFIX_PATH=/home/naman72060/common-dp/install/thor_server:/home/naman72060/common-dp/install/thor_controller:/opt/ros/humble LD_LIBRARY_PATH=/home/naman72060/common-dp/install/thor_server/lib:/home/naman72060/common-dp/install/thor_controller/lib:${LD_LIBRARY_PATH} PYTHONPATH=/home/naman72060/common-dp/install/thor_server/local/lib/python3.10/dist-packages:${PYTHONPATH} /usr/bin/cmake --build /home/naman72060/common-dp/build/thor_joystick -- -j12 -l12
[10.485s] Invoking command in '/home/naman72060/common-dp/build/thor_joystick': AMENT_PREFIX_PATH=/home/naman72060/common-dp/install/thor_server:/home/naman72060/common-dp/install/thor_controller:${AMENT_PREFIX_PATH} CMAKE_PREFIX_PATH=/home/naman72060/common-dp/install/thor_server:/home/naman72060/common-dp/install/thor_controller:/opt/ros/humble LD_LIBRARY_PATH=/home/naman72060/common-dp/install/thor_server/lib:/home/naman72060/common-dp/install/thor_controller/lib:${LD_LIBRARY_PATH} PYTHONPATH=/home/naman72060/common-dp/install/thor_server/local/lib/python3.10/dist-packages:${PYTHONPATH} /usr/bin/cmake --install /home/naman72060/common-dp/build/thor_joystick
[10.495s] -- Install configuration: ""
[10.495s] -- Installing: /home/naman72060/common-dp/install/thor_joystick/lib/thor_joystick/joystick_moveit_controller
[10.498s] -- Set runtime path of "/home/naman72060/common-dp/install/thor_joystick/lib/thor_joystick/joystick_moveit_controller" to ""
[10.498s] -- Installing: /home/naman72060/common-dp/install/thor_joystick/lib/thor_joystick/joystick_joint_controller
[10.501s] -- Set runtime path of "/home/naman72060/common-dp/install/thor_joystick/lib/thor_joystick/joystick_joint_controller" to ""
[10.501s] -- Installing: /home/naman72060/common-dp/install/thor_joystick/lib/thor_joystick/joystick_pose_controller
[10.503s] -- Set runtime path of "/home/naman72060/common-dp/install/thor_joystick/lib/thor_joystick/joystick_pose_controller" to ""
[10.503s] -- Installing: /home/naman72060/common-dp/install/thor_joystick/share/thor_joystick//launch
[10.503s] -- Installing: /home/naman72060/common-dp/install/thor_joystick/share/thor_joystick//launch/joy_joint.launch.py
[10.503s] -- Installing: /home/naman72060/common-dp/install/thor_joystick/share/thor_joystick//launch/joy_pose.launch.py
[10.504s] -- Installing: /home/naman72060/common-dp/install/thor_joystick/share/thor_joystick//launch/joystick_control.launch.py
[10.504s] -- Installing: /home/naman72060/common-dp/install/thor_joystick/share/ament_index/resource_index/package_run_dependencies/thor_joystick
[10.504s] -- Installing: /home/naman72060/common-dp/install/thor_joystick/share/ament_index/resource_index/parent_prefix_path/thor_joystick
[10.504s] -- Installing: /home/naman72060/common-dp/install/thor_joystick/share/thor_joystick/environment/ament_prefix_path.sh
[10.504s] -- Installing: /home/naman72060/common-dp/install/thor_joystick/share/thor_joystick/environment/ament_prefix_path.dsv
[10.504s] -- Installing: /home/naman72060/common-dp/install/thor_joystick/share/thor_joystick/environment/path.sh
[10.504s] -- Installing: /home/naman72060/common-dp/install/thor_joystick/share/thor_joystick/environment/path.dsv
[10.504s] -- Installing: /home/naman72060/common-dp/install/thor_joystick/share/thor_joystick/local_setup.bash
[10.504s] -- Installing: /home/naman72060/common-dp/install/thor_joystick/share/thor_joystick/local_setup.sh
[10.504s] -- Installing: /home/naman72060/common-dp/install/thor_joystick/share/thor_joystick/local_setup.zsh
[10.504s] -- Installing: /home/naman72060/common-dp/install/thor_joystick/share/thor_joystick/local_setup.dsv
[10.505s] -- Installing: /home/naman72060/common-dp/install/thor_joystick/share/thor_joystick/package.dsv
[10.505s] -- Installing: /home/naman72060/common-dp/install/thor_joystick/share/ament_index/resource_index/packages/thor_joystick
[10.505s] -- Installing: /home/naman72060/common-dp/install/thor_joystick/share/thor_joystick/cmake/thor_joystickConfig.cmake
[10.505s] -- Installing: /home/naman72060/common-dp/install/thor_joystick/share/thor_joystick/cmake/thor_joystickConfig-version.cmake
[10.505s] -- Installing: /home/naman72060/common-dp/install/thor_joystick/share/thor_joystick/package.xml
[10.506s] Invoked command in '/home/naman72060/common-dp/build/thor_joystick' returned '0': AMENT_PREFIX_PATH=/home/naman72060/common-dp/install/thor_server:/home/naman72060/common-dp/install/thor_controller:${AMENT_PREFIX_PATH} CMAKE_PREFIX_PATH=/home/naman72060/common-dp/install/thor_server:/home/naman72060/common-dp/install/thor_controller:/opt/ros/humble LD_LIBRARY_PATH=/home/naman72060/common-dp/install/thor_server/lib:/home/naman72060/common-dp/install/thor_controller/lib:${LD_LIBRARY_PATH} PYTHONPATH=/home/naman72060/common-dp/install/thor_server/local/lib/python3.10/dist-packages:${PYTHONPATH} /usr/bin/cmake --install /home/naman72060/common-dp/build/thor_joystick
