[0.011s] Invoking command in '/home/anish/dp_ws/Thor-ROS/ws_thor/build/thor_perception': CMAKE_PREFIX_PATH=${CMAKE_PREFIX_PATH}:/opt/ros/humble /usr/bin/cmake --build /home/anish/dp_ws/Thor-ROS/ws_thor/build/thor_perception -- -j16 -l16
[0.060s] Invoked command in '/home/anish/dp_ws/Thor-ROS/ws_thor/build/thor_perception' returned '0': CMAKE_PREFIX_PATH=${CMAKE_PREFIX_PATH}:/opt/ros/humble /usr/bin/cmake --build /home/anish/dp_ws/Thor-ROS/ws_thor/build/thor_perception -- -j16 -l16
[0.070s] Invoking command in '/home/anish/dp_ws/Thor-ROS/ws_thor/build/thor_perception': CMAKE_PREFIX_PATH=${CMAKE_PREFIX_PATH}:/opt/ros/humble /usr/bin/cmake --install /home/anish/dp_ws/Thor-ROS/ws_thor/build/thor_perception
[0.076s] -- Install configuration: ""
[0.076s] -- Installing: /home/anish/dp_ws/Thor-ROS/ws_thor/install/thor_perception/lib/thor_perception/perception_node.py
[0.076s] -- Up-to-date: /home/anish/dp_ws/Thor-ROS/ws_thor/install/thor_perception/lib/thor_perception/object_spawner.py
[0.076s] -- Installing: /home/anish/dp_ws/Thor-ROS/ws_thor/install/thor_perception/lib/thor_perception/pick_place_controller.py
[0.076s] -- Up-to-date: /home/anish/dp_ws/Thor-ROS/ws_thor/install/thor_perception/lib/thor_perception/electromagnet_controller.py
[0.076s] -- Up-to-date: /home/anish/dp_ws/Thor-ROS/ws_thor/install/thor_perception/lib/thor_perception/auto_spawn_trigger.py
[0.076s] -- Up-to-date: /home/anish/dp_ws/Thor-ROS/ws_thor/install/thor_perception/share/thor_perception/launch
[0.076s] -- Installing: /home/anish/dp_ws/Thor-ROS/ws_thor/install/thor_perception/share/thor_perception/launch/complete_demo.launch.py
[0.076s] -- Up-to-date: /home/anish/dp_ws/Thor-ROS/ws_thor/install/thor_perception/share/thor_perception/launch/object.launch.py
[0.076s] -- Up-to-date: /home/anish/dp_ws/Thor-ROS/ws_thor/install/thor_perception/share/thor_perception/launch/perception.launch.py
[0.076s] -- Up-to-date: /home/anish/dp_ws/Thor-ROS/ws_thor/install/thor_perception/share/thor_perception/config
[0.077s] -- Up-to-date: /home/anish/dp_ws/Thor-ROS/ws_thor/install/thor_perception/share/thor_perception/config/pick_place_params.yaml
[0.077s] -- Up-to-date: /home/anish/dp_ws/Thor-ROS/ws_thor/install/thor_perception/share/thor_perception/config/electromagnet_config.yaml
[0.077s] -- Up-to-date: /home/anish/dp_ws/Thor-ROS/ws_thor/install/thor_perception/share/thor_perception/config/perception_params.yaml
[0.077s] -- Up-to-date: /home/anish/dp_ws/Thor-ROS/ws_thor/install/thor_perception/share/thor_perception/config/camera_config.yaml
[0.077s] -- Up-to-date: /home/anish/dp_ws/Thor-ROS/ws_thor/install/thor_perception/share/thor_perception/worlds
[0.077s] -- Up-to-date: /home/anish/dp_ws/Thor-ROS/ws_thor/install/thor_perception/share/thor_perception/models
[0.077s] -- Up-to-date: /home/anish/dp_ws/Thor-ROS/ws_thor/install/thor_perception/share/ament_index/resource_index/package_run_dependencies/thor_perception
[0.077s] -- Up-to-date: /home/anish/dp_ws/Thor-ROS/ws_thor/install/thor_perception/share/ament_index/resource_index/parent_prefix_path/thor_perception
[0.077s] -- Up-to-date: /home/anish/dp_ws/Thor-ROS/ws_thor/install/thor_perception/share/thor_perception/environment/ament_prefix_path.sh
[0.077s] -- Up-to-date: /home/anish/dp_ws/Thor-ROS/ws_thor/install/thor_perception/share/thor_perception/environment/ament_prefix_path.dsv
[0.077s] -- Up-to-date: /home/anish/dp_ws/Thor-ROS/ws_thor/install/thor_perception/share/thor_perception/environment/path.sh
[0.077s] -- Up-to-date: /home/anish/dp_ws/Thor-ROS/ws_thor/install/thor_perception/share/thor_perception/environment/path.dsv
[0.077s] -- Up-to-date: /home/anish/dp_ws/Thor-ROS/ws_thor/install/thor_perception/share/thor_perception/local_setup.bash
[0.077s] -- Up-to-date: /home/anish/dp_ws/Thor-ROS/ws_thor/install/thor_perception/share/thor_perception/local_setup.sh
[0.077s] -- Up-to-date: /home/anish/dp_ws/Thor-ROS/ws_thor/install/thor_perception/share/thor_perception/local_setup.zsh
[0.077s] -- Up-to-date: /home/anish/dp_ws/Thor-ROS/ws_thor/install/thor_perception/share/thor_perception/local_setup.dsv
[0.077s] -- Installing: /home/anish/dp_ws/Thor-ROS/ws_thor/install/thor_perception/share/thor_perception/package.dsv
[0.077s] -- Up-to-date: /home/anish/dp_ws/Thor-ROS/ws_thor/install/thor_perception/share/ament_index/resource_index/packages/thor_perception
[0.078s] -- Up-to-date: /home/anish/dp_ws/Thor-ROS/ws_thor/install/thor_perception/share/thor_perception/cmake/thor_perceptionConfig.cmake
[0.078s] -- Up-to-date: /home/anish/dp_ws/Thor-ROS/ws_thor/install/thor_perception/share/thor_perception/cmake/thor_perceptionConfig-version.cmake
[0.078s] -- Up-to-date: /home/anish/dp_ws/Thor-ROS/ws_thor/install/thor_perception/share/thor_perception/package.xml
[0.078s] Invoked command in '/home/anish/dp_ws/Thor-ROS/ws_thor/build/thor_perception' returned '0': CMAKE_PREFIX_PATH=${CMAKE_PREFIX_PATH}:/opt/ros/humble /usr/bin/cmake --install /home/anish/dp_ws/Thor-ROS/ws_thor/build/thor_perception
