[0.008s] Invoking command in '/home/naman72060/common-dp/build/thor_server': AMENT_PREFIX_PATH=/home/naman72060/common-dp/install/thor_controller:${AMENT_PREFIX_PATH} CMAKE_PREFIX_PATH=/home/naman72060/common-dp/install/thor_controller:/opt/ros/humble LD_LIBRARY_PATH=/home/naman72060/common-dp/install/thor_controller/lib:${LD_LIBRARY_PATH} /usr/bin/cmake --build /home/naman72060/common-dp/build/thor_server -- -j12 -l12
[0.053s] [35m[1mConsolidate compiler generated dependencies of target thor_server__rosidl_generator_c[0m
[0.054s] [35m[1mConsolidate compiler generated dependencies of target task_server_node[0m
[0.054s] [35m[1mConsolidate compiler generated dependencies of target hardware_command_node[0m
[0.060s] [  2%] Built target thor_server__cpp
[0.060s] [ 11%] Built target thor_server__rosidl_generator_c
[0.066s] [ 11%] Built target ament_cmake_python_copy_thor_server
[0.067s] [35m[1mConsolidate compiler generated dependencies of target thor_server__rosidl_typesupport_fastrtps_cpp[0m
[0.071s] [ 15%] Built target task_server_node
[0.072s] [35m[1mConsolidate compiler generated dependencies of target thor_server__rosidl_typesupport_cpp[0m
[0.073s] [35m[1mConsolidate compiler generated dependencies of target thor_server__rosidl_typesupport_introspection_cpp[0m
[0.073s] [ 20%] Built target hardware_command_node
[0.075s] [35m[1mConsolidate compiler generated dependencies of target thor_server__rosidl_typesupport_c[0m
[0.076s] [35m[1mConsolidate compiler generated dependencies of target thor_server__rosidl_typesupport_introspection_c[0m
[0.077s] [35m[1mConsolidate compiler generated dependencies of target thor_server__rosidl_typesupport_fastrtps_c[0m
[0.081s] [ 28%] Built target thor_server__rosidl_typesupport_fastrtps_cpp
[0.084s] [ 37%] Built target thor_server__rosidl_typesupport_cpp
[0.084s] [ 46%] Built target thor_server__rosidl_typesupport_c
[0.086s] [ 55%] Built target thor_server__rosidl_typesupport_introspection_cpp
[0.087s] [ 64%] Built target thor_server__rosidl_typesupport_introspection_c
[0.088s] [ 73%] Built target thor_server__rosidl_typesupport_fastrtps_c
[0.096s] [35m[1mConsolidate compiler generated dependencies of target task_server[0m
[0.110s] [ 73%] Built target thor_server
[0.118s] [ 77%] Built target task_server
[0.133s] [ 80%] Built target thor_server__py
[0.144s] [35m[1mConsolidate compiler generated dependencies of target thor_server__rosidl_generator_py[0m
[0.156s] [ 86%] Built target thor_server__rosidl_generator_py
[0.168s] [35m[1mConsolidate compiler generated dependencies of target thor_server__rosidl_typesupport_introspection_c__pyext[0m
[0.168s] [35m[1mConsolidate compiler generated dependencies of target thor_server__rosidl_typesupport_fastrtps_c__pyext[0m
[0.169s] [35m[1mConsolidate compiler generated dependencies of target thor_server__rosidl_typesupport_c__pyext[0m
[0.180s] [ 91%] Built target thor_server__rosidl_typesupport_c__pyext
[0.181s] [100%] Built target thor_server__rosidl_typesupport_introspection_c__pyext
[0.181s] [100%] Built target thor_server__rosidl_typesupport_fastrtps_c__pyext
[0.218s] running egg_info
[0.218s] writing thor_server.egg-info/PKG-INFO
[0.218s] writing dependency_links to thor_server.egg-info/dependency_links.txt
[0.218s] writing top-level names to thor_server.egg-info/top_level.txt
[0.220s] reading manifest file 'thor_server.egg-info/SOURCES.txt'
[0.222s] writing manifest file 'thor_server.egg-info/SOURCES.txt'
[0.243s] [100%] Built target ament_cmake_python_build_thor_server_egg
[0.258s] Invoked command in '/home/naman72060/common-dp/build/thor_server' returned '0': AMENT_PREFIX_PATH=/home/naman72060/common-dp/install/thor_controller:${AMENT_PREFIX_PATH} CMAKE_PREFIX_PATH=/home/naman72060/common-dp/install/thor_controller:/opt/ros/humble LD_LIBRARY_PATH=/home/naman72060/common-dp/install/thor_controller/lib:${LD_LIBRARY_PATH} /usr/bin/cmake --build /home/naman72060/common-dp/build/thor_server -- -j12 -l12
[0.261s] Invoking command in '/home/naman72060/common-dp/build/thor_server': AMENT_PREFIX_PATH=/home/naman72060/common-dp/install/thor_controller:${AMENT_PREFIX_PATH} CMAKE_PREFIX_PATH=/home/naman72060/common-dp/install/thor_controller:/opt/ros/humble LD_LIBRARY_PATH=/home/naman72060/common-dp/install/thor_controller/lib:${LD_LIBRARY_PATH} /usr/bin/cmake --install /home/naman72060/common-dp/build/thor_server
[0.275s] -- Install configuration: ""
[0.275s] -- Up-to-date: /home/naman72060/common-dp/install/thor_server/share/ament_index/resource_index/rosidl_interfaces/thor_server
[0.275s] -- Up-to-date: /home/naman72060/common-dp/install/thor_server/include/thor_server/thor_server
[0.276s] -- Up-to-date: /home/naman72060/common-dp/install/thor_server/include/thor_server/thor_server/msg
[0.276s] -- Up-to-date: /home/naman72060/common-dp/install/thor_server/include/thor_server/thor_server/msg/rosidl_generator_c__visibility_control.h
[0.276s] -- Up-to-date: /home/naman72060/common-dp/install/thor_server/include/thor_server/thor_server/action
[0.276s] -- Up-to-date: /home/naman72060/common-dp/install/thor_server/include/thor_server/thor_server/action/joint_task.h
[0.276s] -- Up-to-date: /home/naman72060/common-dp/install/thor_server/include/thor_server/thor_server/action/pose_task.h
[0.276s] -- Up-to-date: /home/naman72060/common-dp/install/thor_server/include/thor_server/thor_server/action/detail
[0.276s] -- Up-to-date: /home/naman72060/common-dp/install/thor_server/include/thor_server/thor_server/action/detail/joint_task__type_support.h
[0.277s] -- Up-to-date: /home/naman72060/common-dp/install/thor_server/include/thor_server/thor_server/action/detail/joint_task__functions.c
[0.277s] -- Up-to-date: /home/naman72060/common-dp/install/thor_server/include/thor_server/thor_server/action/detail/joint_task__functions.h
[0.277s] -- Up-to-date: /home/naman72060/common-dp/install/thor_server/include/thor_server/thor_server/action/detail/pose_task__functions.c
[0.277s] -- Up-to-date: /home/naman72060/common-dp/install/thor_server/include/thor_server/thor_server/action/detail/pose_task__struct.h
[0.277s] -- Up-to-date: /home/naman72060/common-dp/install/thor_server/include/thor_server/thor_server/action/detail/pose_task__functions.h
[0.277s] -- Up-to-date: /home/naman72060/common-dp/install/thor_server/include/thor_server/thor_server/action/detail/joint_task__struct.h
[0.278s] -- Up-to-date: /home/naman72060/common-dp/install/thor_server/include/thor_server/thor_server/action/detail/pose_task__type_support.h
[0.278s] -- Up-to-date: /home/naman72060/common-dp/install/thor_server/share/thor_server/environment/library_path.sh
[0.278s] -- Up-to-date: /home/naman72060/common-dp/install/thor_server/share/thor_server/environment/library_path.dsv
[0.278s] -- Up-to-date: /home/naman72060/common-dp/install/thor_server/lib/libthor_server__rosidl_generator_c.so
[0.278s] -- Up-to-date: /home/naman72060/common-dp/install/thor_server/include/thor_server/thor_server
[0.278s] -- Up-to-date: /home/naman72060/common-dp/install/thor_server/include/thor_server/thor_server/msg
[0.278s] -- Up-to-date: /home/naman72060/common-dp/install/thor_server/include/thor_server/thor_server/msg/rosidl_typesupport_fastrtps_c__visibility_control.h
[0.278s] -- Up-to-date: /home/naman72060/common-dp/install/thor_server/include/thor_server/thor_server/action
[0.279s] -- Up-to-date: /home/naman72060/common-dp/install/thor_server/include/thor_server/thor_server/action/detail
[0.279s] -- Up-to-date: /home/naman72060/common-dp/install/thor_server/include/thor_server/thor_server/action/detail/pose_task__rosidl_typesupport_fastrtps_c.h
[0.279s] -- Up-to-date: /home/naman72060/common-dp/install/thor_server/include/thor_server/thor_server/action/detail/joint_task__rosidl_typesupport_fastrtps_c.h
[0.279s] -- Up-to-date: /home/naman72060/common-dp/install/thor_server/lib/libthor_server__rosidl_typesupport_fastrtps_c.so
[0.279s] -- Up-to-date: /home/naman72060/common-dp/install/thor_server/include/thor_server/thor_server
[0.279s] -- Up-to-date: /home/naman72060/common-dp/install/thor_server/include/thor_server/thor_server/msg
[0.279s] -- Up-to-date: /home/naman72060/common-dp/install/thor_server/include/thor_server/thor_server/msg/rosidl_generator_cpp__visibility_control.hpp
[0.279s] -- Up-to-date: /home/naman72060/common-dp/install/thor_server/include/thor_server/thor_server/action
[0.280s] -- Up-to-date: /home/naman72060/common-dp/install/thor_server/include/thor_server/thor_server/action/pose_task.hpp
[0.280s] -- Up-to-date: /home/naman72060/common-dp/install/thor_server/include/thor_server/thor_server/action/detail
[0.280s] -- Up-to-date: /home/naman72060/common-dp/install/thor_server/include/thor_server/thor_server/action/detail/joint_task__struct.hpp
[0.280s] -- Up-to-date: /home/naman72060/common-dp/install/thor_server/include/thor_server/thor_server/action/detail/pose_task__type_support.hpp
[0.280s] -- Up-to-date: /home/naman72060/common-dp/install/thor_server/include/thor_server/thor_server/action/detail/joint_task__traits.hpp
[0.280s] -- Up-to-date: /home/naman72060/common-dp/install/thor_server/include/thor_server/thor_server/action/detail/joint_task__builder.hpp
[0.280s] -- Up-to-date: /home/naman72060/common-dp/install/thor_server/include/thor_server/thor_server/action/detail/pose_task__builder.hpp
[0.280s] -- Up-to-date: /home/naman72060/common-dp/install/thor_server/include/thor_server/thor_server/action/detail/pose_task__struct.hpp
[0.280s] -- Up-to-date: /home/naman72060/common-dp/install/thor_server/include/thor_server/thor_server/action/detail/joint_task__type_support.hpp
[0.281s] -- Up-to-date: /home/naman72060/common-dp/install/thor_server/include/thor_server/thor_server/action/detail/pose_task__traits.hpp
[0.281s] -- Up-to-date: /home/naman72060/common-dp/install/thor_server/include/thor_server/thor_server/action/joint_task.hpp
[0.281s] -- Up-to-date: /home/naman72060/common-dp/install/thor_server/include/thor_server/thor_server
[0.281s] -- Up-to-date: /home/naman72060/common-dp/install/thor_server/include/thor_server/thor_server/msg
[0.281s] -- Up-to-date: /home/naman72060/common-dp/install/thor_server/include/thor_server/thor_server/msg/rosidl_typesupport_fastrtps_cpp__visibility_control.h
[0.281s] -- Up-to-date: /home/naman72060/common-dp/install/thor_server/include/thor_server/thor_server/action
[0.281s] -- Up-to-date: /home/naman72060/common-dp/install/thor_server/include/thor_server/thor_server/action/detail
[0.281s] -- Up-to-date: /home/naman72060/common-dp/install/thor_server/include/thor_server/thor_server/action/detail/dds_fastrtps
[0.281s] -- Up-to-date: /home/naman72060/common-dp/install/thor_server/include/thor_server/thor_server/action/detail/joint_task__rosidl_typesupport_fastrtps_cpp.hpp
[0.281s] -- Up-to-date: /home/naman72060/common-dp/install/thor_server/include/thor_server/thor_server/action/detail/pose_task__rosidl_typesupport_fastrtps_cpp.hpp
[0.281s] -- Up-to-date: /home/naman72060/common-dp/install/thor_server/lib/libthor_server__rosidl_typesupport_fastrtps_cpp.so
[0.281s] -- Up-to-date: /home/naman72060/common-dp/install/thor_server/include/thor_server/thor_server
[0.281s] -- Up-to-date: /home/naman72060/common-dp/install/thor_server/include/thor_server/thor_server/msg
[0.281s] -- Up-to-date: /home/naman72060/common-dp/install/thor_server/include/thor_server/thor_server/msg/rosidl_typesupport_introspection_c__visibility_control.h
[0.281s] -- Up-to-date: /home/naman72060/common-dp/install/thor_server/include/thor_server/thor_server/action
[0.281s] -- Up-to-date: /home/naman72060/common-dp/install/thor_server/include/thor_server/thor_server/action/detail
[0.281s] -- Up-to-date: /home/naman72060/common-dp/install/thor_server/include/thor_server/thor_server/action/detail/joint_task__rosidl_typesupport_introspection_c.h
[0.282s] -- Up-to-date: /home/naman72060/common-dp/install/thor_server/include/thor_server/thor_server/action/detail/pose_task__type_support.c
[0.282s] -- Up-to-date: /home/naman72060/common-dp/install/thor_server/include/thor_server/thor_server/action/detail/pose_task__rosidl_typesupport_introspection_c.h
[0.282s] -- Up-to-date: /home/naman72060/common-dp/install/thor_server/include/thor_server/thor_server/action/detail/joint_task__type_support.c
[0.282s] -- Up-to-date: /home/naman72060/common-dp/install/thor_server/lib/libthor_server__rosidl_typesupport_introspection_c.so
[0.282s] -- Up-to-date: /home/naman72060/common-dp/install/thor_server/lib/libthor_server__rosidl_typesupport_c.so
[0.282s] -- Up-to-date: /home/naman72060/common-dp/install/thor_server/include/thor_server/thor_server
[0.282s] -- Up-to-date: /home/naman72060/common-dp/install/thor_server/include/thor_server/thor_server/action
[0.282s] -- Up-to-date: /home/naman72060/common-dp/install/thor_server/include/thor_server/thor_server/action/detail
[0.282s] -- Up-to-date: /home/naman72060/common-dp/install/thor_server/include/thor_server/thor_server/action/detail/joint_task__rosidl_typesupport_introspection_cpp.hpp
[0.282s] -- Up-to-date: /home/naman72060/common-dp/install/thor_server/include/thor_server/thor_server/action/detail/joint_task__type_support.cpp
[0.282s] -- Up-to-date: /home/naman72060/common-dp/install/thor_server/include/thor_server/thor_server/action/detail/pose_task__rosidl_typesupport_introspection_cpp.hpp
[0.282s] -- Up-to-date: /home/naman72060/common-dp/install/thor_server/include/thor_server/thor_server/action/detail/pose_task__type_support.cpp
[0.282s] -- Up-to-date: /home/naman72060/common-dp/install/thor_server/lib/libthor_server__rosidl_typesupport_introspection_cpp.so
[0.282s] -- Up-to-date: /home/naman72060/common-dp/install/thor_server/lib/libthor_server__rosidl_typesupport_cpp.so
[0.282s] -- Up-to-date: /home/naman72060/common-dp/install/thor_server/share/thor_server/environment/pythonpath.sh
[0.282s] -- Up-to-date: /home/naman72060/common-dp/install/thor_server/share/thor_server/environment/pythonpath.dsv
[0.282s] -- Up-to-date: /home/naman72060/common-dp/install/thor_server/local/lib/python3.10/dist-packages/thor_server-0.0.0-py3.10.egg-info
[0.282s] -- Installing: /home/naman72060/common-dp/install/thor_server/local/lib/python3.10/dist-packages/thor_server-0.0.0-py3.10.egg-info/SOURCES.txt
[0.282s] -- Installing: /home/naman72060/common-dp/install/thor_server/local/lib/python3.10/dist-packages/thor_server-0.0.0-py3.10.egg-info/PKG-INFO
[0.282s] -- Installing: /home/naman72060/common-dp/install/thor_server/local/lib/python3.10/dist-packages/thor_server-0.0.0-py3.10.egg-info/top_level.txt
[0.282s] -- Installing: /home/naman72060/common-dp/install/thor_server/local/lib/python3.10/dist-packages/thor_server-0.0.0-py3.10.egg-info/dependency_links.txt
[0.282s] -- Up-to-date: /home/naman72060/common-dp/install/thor_server/local/lib/python3.10/dist-packages/thor_server
[0.283s] -- Up-to-date: /home/naman72060/common-dp/install/thor_server/local/lib/python3.10/dist-packages/thor_server/_thor_server_s.ep.rosidl_typesupport_c.c
[0.283s] -- Up-to-date: /home/naman72060/common-dp/install/thor_server/local/lib/python3.10/dist-packages/thor_server/libthor_server__rosidl_generator_py.so
[0.283s] -- Up-to-date: /home/naman72060/common-dp/install/thor_server/local/lib/python3.10/dist-packages/thor_server/thor_server_s__rosidl_typesupport_fastrtps_c.cpython-310-x86_64-linux-gnu.so
[0.283s] -- Up-to-date: /home/naman72060/common-dp/install/thor_server/local/lib/python3.10/dist-packages/thor_server/thor_server_s__rosidl_typesupport_c.cpython-310-x86_64-linux-gnu.so
[0.283s] -- Up-to-date: /home/naman72060/common-dp/install/thor_server/local/lib/python3.10/dist-packages/thor_server/_thor_server_s.ep.rosidl_typesupport_fastrtps_c.c
[0.283s] -- Up-to-date: /home/naman72060/common-dp/install/thor_server/local/lib/python3.10/dist-packages/thor_server/thor_server_s__rosidl_typesupport_introspection_c.cpython-310-x86_64-linux-gnu.so
[0.283s] -- Up-to-date: /home/naman72060/common-dp/install/thor_server/local/lib/python3.10/dist-packages/thor_server/__init__.py
[0.283s] -- Up-to-date: /home/naman72060/common-dp/install/thor_server/local/lib/python3.10/dist-packages/thor_server/_thor_server_s.ep.rosidl_typesupport_introspection_c.c
[0.283s] -- Up-to-date: /home/naman72060/common-dp/install/thor_server/local/lib/python3.10/dist-packages/thor_server/action
[0.283s] -- Up-to-date: /home/naman72060/common-dp/install/thor_server/local/lib/python3.10/dist-packages/thor_server/action/_pose_task.py
[0.283s] -- Up-to-date: /home/naman72060/common-dp/install/thor_server/local/lib/python3.10/dist-packages/thor_server/action/_joint_task.py
[0.283s] -- Up-to-date: /home/naman72060/common-dp/install/thor_server/local/lib/python3.10/dist-packages/thor_server/action/_pose_task_s.c
[0.283s] -- Up-to-date: /home/naman72060/common-dp/install/thor_server/local/lib/python3.10/dist-packages/thor_server/action/__init__.py
[0.283s] -- Up-to-date: /home/naman72060/common-dp/install/thor_server/local/lib/python3.10/dist-packages/thor_server/action/_joint_task_s.c
[0.307s] Listing '/home/naman72060/common-dp/install/thor_server/local/lib/python3.10/dist-packages/thor_server'...
[0.307s] Listing '/home/naman72060/common-dp/install/thor_server/local/lib/python3.10/dist-packages/thor_server/action'...
[0.310s] -- Up-to-date: /home/naman72060/common-dp/install/thor_server/local/lib/python3.10/dist-packages/thor_server/thor_server_s__rosidl_typesupport_fastrtps_c.cpython-310-x86_64-linux-gnu.so
[0.310s] -- Up-to-date: /home/naman72060/common-dp/install/thor_server/local/lib/python3.10/dist-packages/thor_server/thor_server_s__rosidl_typesupport_introspection_c.cpython-310-x86_64-linux-gnu.so
[0.310s] -- Up-to-date: /home/naman72060/common-dp/install/thor_server/local/lib/python3.10/dist-packages/thor_server/thor_server_s__rosidl_typesupport_c.cpython-310-x86_64-linux-gnu.so
[0.311s] -- Up-to-date: /home/naman72060/common-dp/install/thor_server/lib/libthor_server__rosidl_generator_py.so
[0.311s] -- Up-to-date: /home/naman72060/common-dp/install/thor_server/share/thor_server/action/JointTask.idl
[0.311s] -- Up-to-date: /home/naman72060/common-dp/install/thor_server/share/thor_server/action/PoseTask.idl
[0.311s] -- Up-to-date: /home/naman72060/common-dp/install/thor_server/share/thor_server/action/JointTask.action
[0.311s] -- Up-to-date: /home/naman72060/common-dp/install/thor_server/share/thor_server/action/PoseTask.action
[0.311s] -- Up-to-date: /home/naman72060/common-dp/install/thor_server/lib/thor_server/task_server_node
[0.311s] -- Up-to-date: /home/naman72060/common-dp/install/thor_server/share/thor_server/action
[0.311s] -- Up-to-date: /home/naman72060/common-dp/install/thor_server/share/thor_server/action/PoseTask.action
[0.311s] -- Up-to-date: /home/naman72060/common-dp/install/thor_server/share/thor_server/action/JointTask.action
[0.311s] -- Up-to-date: /home/naman72060/common-dp/install/thor_server/lib/thor_server/libtask_server.so
[0.311s] -- Up-to-date: /home/naman72060/common-dp/install/thor_server/lib/thor_server/hardware_command_node
[0.311s] -- Up-to-date: /home/naman72060/common-dp/install/thor_server/lib/libtask_server.so
[0.311s] -- Up-to-date: /home/naman72060/common-dp/install/thor_server/share/ament_index/resource_index/package_run_dependencies/thor_server
[0.311s] -- Up-to-date: /home/naman72060/common-dp/install/thor_server/share/ament_index/resource_index/parent_prefix_path/thor_server
[0.311s] -- Up-to-date: /home/naman72060/common-dp/install/thor_server/share/thor_server/environment/ament_prefix_path.sh
[0.311s] -- Up-to-date: /home/naman72060/common-dp/install/thor_server/share/thor_server/environment/ament_prefix_path.dsv
[0.312s] -- Up-to-date: /home/naman72060/common-dp/install/thor_server/share/thor_server/environment/path.sh
[0.312s] -- Up-to-date: /home/naman72060/common-dp/install/thor_server/share/thor_server/environment/path.dsv
[0.312s] -- Up-to-date: /home/naman72060/common-dp/install/thor_server/share/thor_server/local_setup.bash
[0.312s] -- Up-to-date: /home/naman72060/common-dp/install/thor_server/share/thor_server/local_setup.sh
[0.312s] -- Up-to-date: /home/naman72060/common-dp/install/thor_server/share/thor_server/local_setup.zsh
[0.312s] -- Up-to-date: /home/naman72060/common-dp/install/thor_server/share/thor_server/local_setup.dsv
[0.312s] -- Installing: /home/naman72060/common-dp/install/thor_server/share/thor_server/package.dsv
[0.312s] -- Up-to-date: /home/naman72060/common-dp/install/thor_server/share/ament_index/resource_index/packages/thor_server
[0.312s] -- Up-to-date: /home/naman72060/common-dp/install/thor_server/share/thor_server/cmake/export_thor_server__rosidl_generator_cExport.cmake
[0.312s] -- Up-to-date: /home/naman72060/common-dp/install/thor_server/share/thor_server/cmake/export_thor_server__rosidl_generator_cExport-noconfig.cmake
[0.312s] -- Up-to-date: /home/naman72060/common-dp/install/thor_server/share/thor_server/cmake/export_thor_server__rosidl_typesupport_fastrtps_cExport.cmake
[0.312s] -- Up-to-date: /home/naman72060/common-dp/install/thor_server/share/thor_server/cmake/export_thor_server__rosidl_typesupport_fastrtps_cExport-noconfig.cmake
[0.312s] -- Up-to-date: /home/naman72060/common-dp/install/thor_server/share/thor_server/cmake/export_thor_server__rosidl_generator_cppExport.cmake
[0.312s] -- Up-to-date: /home/naman72060/common-dp/install/thor_server/share/thor_server/cmake/export_thor_server__rosidl_typesupport_fastrtps_cppExport.cmake
[0.312s] -- Up-to-date: /home/naman72060/common-dp/install/thor_server/share/thor_server/cmake/export_thor_server__rosidl_typesupport_fastrtps_cppExport-noconfig.cmake
[0.312s] -- Up-to-date: /home/naman72060/common-dp/install/thor_server/share/thor_server/cmake/thor_server__rosidl_typesupport_introspection_cExport.cmake
[0.312s] -- Up-to-date: /home/naman72060/common-dp/install/thor_server/share/thor_server/cmake/thor_server__rosidl_typesupport_introspection_cExport-noconfig.cmake
[0.312s] -- Up-to-date: /home/naman72060/common-dp/install/thor_server/share/thor_server/cmake/thor_server__rosidl_typesupport_cExport.cmake
[0.312s] -- Up-to-date: /home/naman72060/common-dp/install/thor_server/share/thor_server/cmake/thor_server__rosidl_typesupport_cExport-noconfig.cmake
[0.312s] -- Up-to-date: /home/naman72060/common-dp/install/thor_server/share/thor_server/cmake/thor_server__rosidl_typesupport_introspection_cppExport.cmake
[0.312s] -- Up-to-date: /home/naman72060/common-dp/install/thor_server/share/thor_server/cmake/thor_server__rosidl_typesupport_introspection_cppExport-noconfig.cmake
[0.312s] -- Up-to-date: /home/naman72060/common-dp/install/thor_server/share/thor_server/cmake/thor_server__rosidl_typesupport_cppExport.cmake
[0.312s] -- Up-to-date: /home/naman72060/common-dp/install/thor_server/share/thor_server/cmake/thor_server__rosidl_typesupport_cppExport-noconfig.cmake
[0.312s] -- Up-to-date: /home/naman72060/common-dp/install/thor_server/share/thor_server/cmake/export_thor_server__rosidl_generator_pyExport.cmake
[0.312s] -- Up-to-date: /home/naman72060/common-dp/install/thor_server/share/thor_server/cmake/export_thor_server__rosidl_generator_pyExport-noconfig.cmake
[0.312s] -- Up-to-date: /home/naman72060/common-dp/install/thor_server/share/ament_index/resource_index/rclcpp_components/thor_server
[0.312s] -- Up-to-date: /home/naman72060/common-dp/install/thor_server/share/thor_server/cmake/rosidl_cmake-extras.cmake
[0.312s] -- Up-to-date: /home/naman72060/common-dp/install/thor_server/share/thor_server/cmake/ament_cmake_export_dependencies-extras.cmake
[0.312s] -- Up-to-date: /home/naman72060/common-dp/install/thor_server/share/thor_server/cmake/ament_cmake_export_include_directories-extras.cmake
[0.313s] -- Up-to-date: /home/naman72060/common-dp/install/thor_server/share/thor_server/cmake/ament_cmake_export_libraries-extras.cmake
[0.313s] -- Up-to-date: /home/naman72060/common-dp/install/thor_server/share/thor_server/cmake/ament_cmake_export_targets-extras.cmake
[0.313s] -- Up-to-date: /home/naman72060/common-dp/install/thor_server/share/thor_server/cmake/rosidl_cmake_export_typesupport_targets-extras.cmake
[0.313s] -- Up-to-date: /home/naman72060/common-dp/install/thor_server/share/thor_server/cmake/rosidl_cmake_export_typesupport_libraries-extras.cmake
[0.313s] -- Up-to-date: /home/naman72060/common-dp/install/thor_server/share/thor_server/cmake/thor_serverConfig.cmake
[0.313s] -- Up-to-date: /home/naman72060/common-dp/install/thor_server/share/thor_server/cmake/thor_serverConfig-version.cmake
[0.313s] -- Up-to-date: /home/naman72060/common-dp/install/thor_server/share/thor_server/package.xml
[0.315s] Invoked command in '/home/naman72060/common-dp/build/thor_server' returned '0': AMENT_PREFIX_PATH=/home/naman72060/common-dp/install/thor_controller:${AMENT_PREFIX_PATH} CMAKE_PREFIX_PATH=/home/naman72060/common-dp/install/thor_controller:/opt/ros/humble LD_LIBRARY_PATH=/home/naman72060/common-dp/install/thor_controller/lib:${LD_LIBRARY_PATH} /usr/bin/cmake --install /home/naman72060/common-dp/build/thor_server
