[0.019s] Invoking command in '/home/anish/dp_ws/Thor-ROS/ws_thor/build/thor_perception': CMAKE_PREFIX_PATH=${CMAKE_PREFIX_PATH}:/opt/ros/humble /usr/bin/cmake --build /home/anish/dp_ws/Thor-ROS/ws_thor/build/thor_perception -- -j16 -l16
[0.057s] -- Found ament_cmake: 1.3.11 (/opt/ros/humble/share/ament_cmake/cmake)
[0.178s] -- Found rclpy: 3.3.16 (/opt/ros/humble/share/rclpy/cmake)
[0.178s] -- Found std_msgs: 4.9.0 (/opt/ros/humble/share/std_msgs/cmake)
[0.201s] -- Found rosidl_generator_c: 3.1.6 (/opt/ros/humble/share/rosidl_generator_c/cmake)
[0.206s] -- Found rosidl_adapter: 3.1.6 (/opt/ros/humble/share/rosidl_adapter/cmake)
[0.211s] -- Found rosidl_generator_cpp: 3.1.6 (/opt/ros/humble/share/rosidl_generator_cpp/cmake)
[0.221s] -- Using all available rosidl_typesupport_c: rosidl_typesupport_fastrtps_c;rosidl_typesupport_introspection_c
[0.232s] -- Using all available rosidl_typesupport_cpp: rosidl_typesupport_fastrtps_cpp;rosidl_typesupport_introspection_cpp
[0.252s] -- Found geometry_msgs: 4.9.0 (/opt/ros/humble/share/geometry_msgs/cmake)
[0.262s] -- Found sensor_msgs: 4.9.0 (/opt/ros/humble/share/sensor_msgs/cmake)
[0.275s] -- Found tf2_ros: 0.25.13 (/opt/ros/humble/share/tf2_ros/cmake)
[0.312s] -- Found rmw_implementation_cmake: 6.1.2 (/opt/ros/humble/share/rmw_implementation_cmake/cmake)
[0.314s] -- Found rmw_cyclonedds_cpp: 1.3.4 (/opt/ros/humble/share/rmw_cyclonedds_cpp/cmake)
[0.330s] -- Using RMW implementation 'rmw_cyclonedds_cpp' as default
[0.413s] -- Found tf2_geometry_msgs: 0.25.13 (/opt/ros/humble/share/tf2_geometry_msgs/cmake)
[0.416s] -- Found eigen3_cmake_module: 0.1.1 (/opt/ros/humble/share/eigen3_cmake_module/cmake)
[0.417s] -- Ensuring Eigen3 include directory is part of orocos-kdl CMake target
[0.418s] -- Found cv_bridge: 3.2.1 (/opt/ros/humble/share/cv_bridge/cmake)
[0.425s] -- Found pcl_conversions: 2.4.5 (/opt/ros/humble/share/pcl_conversions/cmake)
[0.458s] -- Eigen found (include: /usr/include/eigen3, version: 3.4.0)
[0.499s] -- FLANN found (include: /usr/include, lib: /usr/lib/x86_64-linux-gnu/libflann_cpp.so)
[0.824s] -- OpenNI found (version: 1.5.4.0, include: /usr/include/ni, lib: /usr/lib/libOpenNI.so;libusb::libusb)
[0.831s] -- OpenNI2 found (version: 2.2.0.33, include: /usr/include/openni2, lib: /usr/lib/x86_64-linux-gnu/libOpenNI2.so;libusb::libusb)
[0.990s] -- Eigen found (include: /usr/include/eigen3, version: 3.4.0)
[0.997s] -- OpenNI found (version: 1.5.4.0, include: /usr/include/ni, lib: /usr/lib/libOpenNI.so;libusb::libusb)
[1.006s] -- OpenNI2 found (version: 2.2.0.33, include: /usr/include/openni2, lib: /usr/lib/x86_64-linux-gnu/libOpenNI2.so;libusb::libusb)
[1.152s] -- Found Qhull version 8.0.2
[1.305s] -- OpenNI found (version: 1.5.4.0, include: /usr/include/ni, lib: /usr/lib/libOpenNI.so;libusb::libusb)
[1.462s] -- Found pcl_ros: 2.4.5 (/opt/ros/humble/share/pcl_ros/cmake)
[1.471s] -- Found gazebo_msgs: 3.9.0 (/opt/ros/humble/share/gazebo_msgs/cmake)
[1.500s] -- Found moveit_msgs: 2.2.1 (/opt/ros/humble/share/moveit_msgs/cmake)
[1.567s] -- Found moveit_ros_planning_interface: 2.5.9 (/opt/ros/humble/share/moveit_ros_planning_interface/cmake)
[1.575s] -- Found Boost: /usr/lib/x86_64-linux-gnu/cmake/Boost-1.74.0/BoostConfig.cmake (found version "1.74.0") found components: date_time filesystem program_options system thread 
[1.584s] -- Found Boost: /usr/lib/x86_64-linux-gnu/cmake/Boost-1.74.0/BoostConfig.cmake (found version "1.74.0") found components: chrono date_time filesystem iostreams program_options regex serialization system thread 
[1.608s] -- Found parameter_traits: 0.5.0 (/opt/ros/humble/share/parameter_traits/cmake)
[1.613s] -- Found rclcpp_lifecycle: 16.0.12 (/opt/ros/humble/share/rclcpp_lifecycle/cmake)
[1.632s] -- Found Boost: /usr/lib/x86_64-linux-gnu/cmake/Boost-1.74.0/BoostConfig.cmake (found version "1.74.0") found components: filesystem 
[1.680s] -- library: /usr/lib/x86_64-linux-gnu/libcurl.so
[1.745s] -- Found Boost: /usr/lib/x86_64-linux-gnu/cmake/Boost-1.74.0/BoostConfig.cmake (found version "1.74.0") found components: system filesystem date_time program_options thread chrono 
[1.772s] -- Found Boost: /usr/lib/x86_64-linux-gnu/cmake/Boost-1.74.0/BoostConfig.cmake (found version "1.74.0") found components: thread system filesystem regex date_time program_options 
[1.798s] -- Found Boost: /usr/lib/x86_64-linux-gnu/cmake/Boost-1.74.0/BoostConfig.cmake (found version "1.74.0") found components: system filesystem date_time program_options thread 
[1.820s] -- Found ament_lint_auto: 0.12.12 (/opt/ros/humble/share/ament_lint_auto/cmake)
[1.885s] -- Added test 'copyright' to check source files copyright and LICENSE
[1.888s] -- Added test 'flake8' to check Python code syntax and style conventions
[1.888s] -- Added test 'lint_cmake' to check CMake code style
[1.888s] -- Added test 'pep257' to check Python code against some of the docstring style conventions in PEP 257
[1.890s] -- Added test 'xmllint' to check XML markup files
[1.890s] -- Configuring done
[1.902s] -- Generating done
[1.906s] -- Build files have been written to: /home/anish/dp_ws/Thor-ROS/ws_thor/build/thor_perception
[1.960s] Invoked command in '/home/anish/dp_ws/Thor-ROS/ws_thor/build/thor_perception' returned '0': CMAKE_PREFIX_PATH=${CMAKE_PREFIX_PATH}:/opt/ros/humble /usr/bin/cmake --build /home/anish/dp_ws/Thor-ROS/ws_thor/build/thor_perception -- -j16 -l16
[1.976s] Invoking command in '/home/anish/dp_ws/Thor-ROS/ws_thor/build/thor_perception': CMAKE_PREFIX_PATH=${CMAKE_PREFIX_PATH}:/opt/ros/humble /usr/bin/cmake --install /home/anish/dp_ws/Thor-ROS/ws_thor/build/thor_perception
[1.984s] -- Install configuration: ""
[1.984s] -- Installing: /home/anish/dp_ws/Thor-ROS/ws_thor/install/thor_perception/lib/thor_perception/perception_node.py
[1.984s] -- Up-to-date: /home/anish/dp_ws/Thor-ROS/ws_thor/install/thor_perception/lib/thor_perception/object_spawner.py
[1.984s] -- Installing: /home/anish/dp_ws/Thor-ROS/ws_thor/install/thor_perception/lib/thor_perception/pick_place_controller.py
[1.985s] -- Up-to-date: /home/anish/dp_ws/Thor-ROS/ws_thor/install/thor_perception/lib/thor_perception/electromagnet_controller.py
[1.985s] -- Up-to-date: /home/anish/dp_ws/Thor-ROS/ws_thor/install/thor_perception/share/thor_perception/launch
[1.985s] -- Up-to-date: /home/anish/dp_ws/Thor-ROS/ws_thor/install/thor_perception/share/thor_perception/launch/complete_demo.launch.py
[1.985s] -- Up-to-date: /home/anish/dp_ws/Thor-ROS/ws_thor/install/thor_perception/share/thor_perception/launch/object.launch.py
[1.985s] -- Up-to-date: /home/anish/dp_ws/Thor-ROS/ws_thor/install/thor_perception/share/thor_perception/launch/perception.launch.py
[1.985s] -- Up-to-date: /home/anish/dp_ws/Thor-ROS/ws_thor/install/thor_perception/share/thor_perception/config
[1.985s] -- Up-to-date: /home/anish/dp_ws/Thor-ROS/ws_thor/install/thor_perception/share/thor_perception/config/pick_place_params.yaml
[1.985s] -- Up-to-date: /home/anish/dp_ws/Thor-ROS/ws_thor/install/thor_perception/share/thor_perception/config/electromagnet_config.yaml
[1.985s] -- Up-to-date: /home/anish/dp_ws/Thor-ROS/ws_thor/install/thor_perception/share/thor_perception/config/perception_params.yaml
[1.985s] -- Up-to-date: /home/anish/dp_ws/Thor-ROS/ws_thor/install/thor_perception/share/thor_perception/config/camera_config.yaml
[1.985s] -- Up-to-date: /home/anish/dp_ws/Thor-ROS/ws_thor/install/thor_perception/share/thor_perception/worlds
[1.985s] -- Up-to-date: /home/anish/dp_ws/Thor-ROS/ws_thor/install/thor_perception/share/thor_perception/models
[1.985s] -- Installing: /home/anish/dp_ws/Thor-ROS/ws_thor/install/thor_perception/share/ament_index/resource_index/package_run_dependencies/thor_perception
[1.985s] -- Up-to-date: /home/anish/dp_ws/Thor-ROS/ws_thor/install/thor_perception/share/ament_index/resource_index/parent_prefix_path/thor_perception
[1.985s] -- Up-to-date: /home/anish/dp_ws/Thor-ROS/ws_thor/install/thor_perception/share/thor_perception/environment/ament_prefix_path.sh
[1.985s] -- Installing: /home/anish/dp_ws/Thor-ROS/ws_thor/install/thor_perception/share/thor_perception/environment/ament_prefix_path.dsv
[1.985s] -- Up-to-date: /home/anish/dp_ws/Thor-ROS/ws_thor/install/thor_perception/share/thor_perception/environment/path.sh
[1.985s] -- Installing: /home/anish/dp_ws/Thor-ROS/ws_thor/install/thor_perception/share/thor_perception/environment/path.dsv
[1.985s] -- Up-to-date: /home/anish/dp_ws/Thor-ROS/ws_thor/install/thor_perception/share/thor_perception/local_setup.bash
[1.985s] -- Up-to-date: /home/anish/dp_ws/Thor-ROS/ws_thor/install/thor_perception/share/thor_perception/local_setup.sh
[1.985s] -- Up-to-date: /home/anish/dp_ws/Thor-ROS/ws_thor/install/thor_perception/share/thor_perception/local_setup.zsh
[1.986s] -- Installing: /home/anish/dp_ws/Thor-ROS/ws_thor/install/thor_perception/share/thor_perception/local_setup.dsv
[1.986s] -- Installing: /home/anish/dp_ws/Thor-ROS/ws_thor/install/thor_perception/share/thor_perception/package.dsv
[1.986s] -- Up-to-date: /home/anish/dp_ws/Thor-ROS/ws_thor/install/thor_perception/share/ament_index/resource_index/packages/thor_perception
[1.986s] -- Up-to-date: /home/anish/dp_ws/Thor-ROS/ws_thor/install/thor_perception/share/thor_perception/cmake/thor_perceptionConfig.cmake
[1.986s] -- Up-to-date: /home/anish/dp_ws/Thor-ROS/ws_thor/install/thor_perception/share/thor_perception/cmake/thor_perceptionConfig-version.cmake
[1.986s] -- Installing: /home/anish/dp_ws/Thor-ROS/ws_thor/install/thor_perception/share/thor_perception/package.xml
[1.989s] Invoked command in '/home/anish/dp_ws/Thor-ROS/ws_thor/build/thor_perception' returned '0': CMAKE_PREFIX_PATH=${CMAKE_PREFIX_PATH}:/opt/ros/humble /usr/bin/cmake --install /home/anish/dp_ws/Thor-ROS/ws_thor/build/thor_perception
