[0.010s] Invoking command in '/home/anish/dp_ws/Thor-ROS/ws_thor/build/thor_teleop': CMAKE_PREFIX_PATH=${CMAKE_PREFIX_PATH}:/opt/ros/humble /usr/bin/cmake --build /home/anish/dp_ws/Thor-ROS/ws_thor/build/thor_teleop -- -j16 -l16
[0.033s] -- Found ament_cmake: 1.3.11 (/opt/ros/humble/share/ament_cmake/cmake)
[0.112s] -- Found rclpy: 3.3.16 (/opt/ros/humble/share/rclpy/cmake)
[0.115s] -- Found rclcpp: 16.0.12 (/opt/ros/humble/share/rclcpp/cmake)
[0.142s] -- Found rosidl_generator_c: 3.1.6 (/opt/ros/humble/share/rosidl_generator_c/cmake)
[0.144s] -- Found rosidl_adapter: 3.1.6 (/opt/ros/humble/share/rosidl_adapter/cmake)
[0.147s] -- Found rosidl_generator_cpp: 3.1.6 (/opt/ros/humble/share/rosidl_generator_cpp/cmake)
[0.152s] -- Using all available rosidl_typesupport_c: rosidl_typesupport_fastrtps_c;rosidl_typesupport_introspection_c
[0.160s] -- Using all available rosidl_typesupport_cpp: rosidl_typesupport_fastrtps_cpp;rosidl_typesupport_introspection_cpp
[0.202s] -- Found rmw_implementation_cmake: 6.1.2 (/opt/ros/humble/share/rmw_implementation_cmake/cmake)
[0.206s] -- Found rmw_cyclonedds_cpp: 1.3.4 (/opt/ros/humble/share/rmw_cyclonedds_cpp/cmake)
[0.231s] -- Using RMW implementation 'rmw_cyclonedds_cpp' as default
[0.247s] -- Looking for pthread.h
[0.315s] -- Looking for pthread.h - found
[0.315s] -- Performing Test CMAKE_HAVE_LIBC_PTHREAD
[0.385s] -- Performing Test CMAKE_HAVE_LIBC_PTHREAD - Success
[0.385s] -- Found Threads: TRUE  
[0.420s] -- Found moveit_msgs: 2.2.1 (/opt/ros/humble/share/moveit_msgs/cmake)
[0.507s] [31mCMake Error at CMakeLists.txt:11 (install):
[0.507s]   install TARGETS given unknown argument "install".
[0.508s] 
[0.508s] [0m
[0.508s] [31mCMake Error at /opt/ros/humble/share/ament_cmake_target_dependencies/cmake/ament_target_dependencies.cmake:77 (message):
[0.508s]   ament_target_dependencies() the passed package name 'rclcpp_action' was not
[0.508s]   found before
[0.508s] Call Stack (most recent call first):
[0.508s]   CMakeLists.txt:20 (ament_target_dependencies)
[0.508s] 
[0.508s] [0m
[0.508s] -- Configuring incomplete, errors occurred!
[0.508s] See also "/home/anish/dp_ws/Thor-ROS/ws_thor/build/thor_teleop/CMakeFiles/CMakeOutput.log".
[0.513s] gmake: *** [Makefile:226: cmake_check_build_system] Error 1
[0.515s] Invoked command in '/home/anish/dp_ws/Thor-ROS/ws_thor/build/thor_teleop' returned '2': CMAKE_PREFIX_PATH=${CMAKE_PREFIX_PATH}:/opt/ros/humble /usr/bin/cmake --build /home/anish/dp_ws/Thor-ROS/ws_thor/build/thor_teleop -- -j16 -l16
