[100%] Built target thor_controller
-- Install configuration: ""
-- Up-to-date: /home/anish/dp_ws/Thor-ROS/ws_thor/install/thor_controller/share/thor_controller/thor_controller.xml
-- Up-to-date: /home/anish/dp_ws/Thor-ROS/ws_thor/install/thor_controller/share/thor_controller/config
-- Up-to-date: /home/anish/dp_ws/Thor-ROS/ws_thor/install/thor_controller/share/thor_controller/config/thor_controllers.yaml
-- Up-to-date: /home/anish/dp_ws/Thor-ROS/ws_thor/install/thor_controller/share/thor_controller/launch
-- Up-to-date: /home/anish/dp_ws/Thor-ROS/ws_thor/install/thor_controller/share/thor_controller/launch/controller.launch.py
-- Up-to-date: /home/anish/dp_ws/Thor-ROS/ws_thor/install/thor_controller/lib/libthor_controller.so
-- Up-to-date: /home/anish/dp_ws/Thor-ROS/ws_thor/install/thor_controller/include/thor_controller
-- Up-to-date: /home/anish/dp_ws/Thor-ROS/ws_thor/install/thor_controller/include/thor_controller/thor_interface.hpp
-- Up-to-date: /home/anish/dp_ws/Thor-ROS/ws_thor/install/thor_controller/share/thor_controller/environment/library_path.sh
-- Up-to-date: /home/anish/dp_ws/Thor-ROS/ws_thor/install/thor_controller/share/thor_controller/environment/library_path.dsv
-- Up-to-date: /home/anish/dp_ws/Thor-ROS/ws_thor/install/thor_controller/share/ament_index/resource_index/package_run_dependencies/thor_controller
-- Up-to-date: /home/anish/dp_ws/Thor-ROS/ws_thor/install/thor_controller/share/ament_index/resource_index/parent_prefix_path/thor_controller
-- Up-to-date: /home/anish/dp_ws/Thor-ROS/ws_thor/install/thor_controller/share/thor_controller/environment/ament_prefix_path.sh
-- Up-to-date: /home/anish/dp_ws/Thor-ROS/ws_thor/install/thor_controller/share/thor_controller/environment/ament_prefix_path.dsv
-- Up-to-date: /home/anish/dp_ws/Thor-ROS/ws_thor/install/thor_controller/share/thor_controller/environment/path.sh
-- Up-to-date: /home/anish/dp_ws/Thor-ROS/ws_thor/install/thor_controller/share/thor_controller/environment/path.dsv
-- Up-to-date: /home/anish/dp_ws/Thor-ROS/ws_thor/install/thor_controller/share/thor_controller/local_setup.bash
-- Up-to-date: /home/anish/dp_ws/Thor-ROS/ws_thor/install/thor_controller/share/thor_controller/local_setup.sh
-- Up-to-date: /home/anish/dp_ws/Thor-ROS/ws_thor/install/thor_controller/share/thor_controller/local_setup.zsh
-- Up-to-date: /home/anish/dp_ws/Thor-ROS/ws_thor/install/thor_controller/share/thor_controller/local_setup.dsv
-- Installing: /home/anish/dp_ws/Thor-ROS/ws_thor/install/thor_controller/share/thor_controller/package.dsv
-- Up-to-date: /home/anish/dp_ws/Thor-ROS/ws_thor/install/thor_controller/share/ament_index/resource_index/packages/thor_controller
-- Up-to-date: /home/anish/dp_ws/Thor-ROS/ws_thor/install/thor_controller/share/ament_index/resource_index/hardware_interface__pluginlib__plugin/thor_controller
-- Up-to-date: /home/anish/dp_ws/Thor-ROS/ws_thor/install/thor_controller/share/thor_controller/cmake/ament_cmake_export_include_directories-extras.cmake
-- Up-to-date: /home/anish/dp_ws/Thor-ROS/ws_thor/install/thor_controller/share/thor_controller/cmake/ament_cmake_export_libraries-extras.cmake
-- Up-to-date: /home/anish/dp_ws/Thor-ROS/ws_thor/install/thor_controller/share/thor_controller/cmake/ament_cmake_export_dependencies-extras.cmake
-- Up-to-date: /home/anish/dp_ws/Thor-ROS/ws_thor/install/thor_controller/share/thor_controller/cmake/thor_controllerConfig.cmake
-- Up-to-date: /home/anish/dp_ws/Thor-ROS/ws_thor/install/thor_controller/share/thor_controller/cmake/thor_controllerConfig-version.cmake
-- Up-to-date: /home/anish/dp_ws/Thor-ROS/ws_thor/install/thor_controller/share/thor_controller/package.xml
