-- The C compiler identification is GNU 11.4.0
-- The CXX compiler identification is GNU 11.4.0
-- Detecting C compiler ABI info
-- Detecting C compiler ABI info - done
-- Check for working C compiler: /usr/bin/cc - skipped
-- Detecting C compile features
-- Detecting C compile features - done
-- Detecting CXX compiler ABI info
-- Detecting CXX compiler ABI info - done
-- Check for working CXX compiler: /usr/bin/c++ - skipped
-- Detecting CXX compile features
-- Detecting CXX compile features - done
-- Found ament_cmake: 1.3.11 (/opt/ros/humble/share/ament_cmake/cmake)
-- Found Python3: /usr/bin/python3 (found version "3.10.12") found components: Interpreter 
-- Found rclcpp: 16.0.12 (/opt/ros/humble/share/rclcpp/cmake)
-- Found rosidl_generator_c: 3.1.6 (/opt/ros/humble/share/rosidl_generator_c/cmake)
-- Found rosidl_adapter: 3.1.6 (/opt/ros/humble/share/rosidl_adapter/cmake)
-- Found rosidl_generator_cpp: 3.1.6 (/opt/ros/humble/share/rosidl_generator_cpp/cmake)
-- Using all available rosidl_typesupport_c: rosidl_typesupport_fastrtps_c;rosidl_typesupport_introspection_c
-- Using all available rosidl_typesupport_cpp: rosidl_typesupport_fastrtps_cpp;rosidl_typesupport_introspection_cpp
-- Found rmw_implementation_cmake: 6.1.2 (/opt/ros/humble/share/rmw_implementation_cmake/cmake)
-- Found rmw_cyclonedds_cpp: 1.3.4 (/opt/ros/humble/share/rmw_cyclonedds_cpp/cmake)
-- Using RMW implementation 'rmw_cyclonedds_cpp' as default
-- Looking for pthread.h
-- Looking for pthread.h - found
-- Performing Test CMAKE_HAVE_LIBC_PTHREAD
-- Performing Test CMAKE_HAVE_LIBC_PTHREAD - Success
-- Found Threads: TRUE  
-- Found rclcpp_action: 16.0.12 (/opt/ros/humble/share/rclcpp_action/cmake)
-- Found sensor_msgs: 4.9.0 (/opt/ros/humble/share/sensor_msgs/cmake)
-- Found moveit_ros_planning_interface: 2.5.9 (/opt/ros/humble/share/moveit_ros_planning_interface/cmake)
-- Found Boost: /usr/lib/x86_64-linux-gnu/cmake/Boost-1.74.0/BoostConfig.cmake (found version "1.74.0") found components: date_time filesystem program_options system thread 
-- Found Boost: /usr/lib/x86_64-linux-gnu/cmake/Boost-1.74.0/BoostConfig.cmake (found version "1.74.0") found components: chrono date_time filesystem iostreams program_options regex serialization system thread 
-- Found parameter_traits: 0.5.0 (/opt/ros/humble/share/parameter_traits/cmake)
-- Found rclcpp_lifecycle: 16.0.12 (/opt/ros/humble/share/rclcpp_lifecycle/cmake)
-- Found Boost: /usr/lib/x86_64-linux-gnu/cmake/Boost-1.74.0/BoostConfig.cmake (found version "1.74.0") found components: filesystem 
-- library: /usr/lib/x86_64-linux-gnu/libcurl.so
-- Found Eigen3: TRUE (found version "3.4.0") 
-- Ensuring Eigen3 include directory is part of orocos-kdl CMake target
-- Found Boost: /usr/lib/x86_64-linux-gnu/cmake/Boost-1.74.0/BoostConfig.cmake (found version "1.74.0") found components: system filesystem date_time program_options thread chrono 
-- Found Boost: /usr/lib/x86_64-linux-gnu/cmake/Boost-1.74.0/BoostConfig.cmake (found version "1.74.0") found components: thread system filesystem regex date_time program_options 
-- Found Boost: /usr/lib/x86_64-linux-gnu/cmake/Boost-1.74.0/BoostConfig.cmake (found version "1.74.0") found components: system filesystem date_time program_options thread 
-- Found thor_server: 0.0.0 (/home/anish/dp_ws/Thor-ROS/ws_thor/install/thor_server/share/thor_server/cmake)
-- Found ament_lint_auto: 0.12.12 (/opt/ros/humble/share/ament_lint_auto/cmake)
-- Added test 'cppcheck' to perform static code analysis on C / C++ code
-- Configured cppcheck include dirs: /home/anish/dp_ws/Thor-ROS/ws_thor/src/thor_joystick/include
-- Configured cppcheck exclude dirs and/or files: 
-- Added test 'flake8' to check Python code syntax and style conventions
-- Added test 'lint_cmake' to check CMake code style
-- Added test 'pep257' to check Python code against some of the docstring style conventions in PEP 257
-- Added test 'uncrustify' to check C / C++ code style
-- Configured uncrustify additional arguments: 
-- Added test 'xmllint' to check XML markup files
-- Configuring done
-- Generating done
-- Build files have been written to: /home/anish/dp_ws/Thor-ROS/ws_thor/build/thor_joystick
[ 16%] [32mBuilding CXX object CMakeFiles/joystick_joint_controller.dir/src/joystick_joint_controller.cpp.o[0m
[ 50%] [32mBuilding CXX object CMakeFiles/joystick_pose_controller.dir/src/joystick_pose_controller.cpp.o[0m
[ 50%] [32mBuilding CXX object CMakeFiles/joystick_moveit_controller.dir/src/joystick_moveit_controller.cpp.o[0m
[ 66%] [32m[1mLinking CXX executable joystick_pose_controller[0m
[ 83%] [32m[1mLinking CXX executable joystick_joint_controller[0m
[ 83%] Built target joystick_pose_controller
[ 83%] Built target joystick_joint_controller
[100%] [32m[1mLinking CXX executable joystick_moveit_controller[0m
[100%] Built target joystick_moveit_controller
-- Install configuration: ""
-- Installing: /home/anish/dp_ws/Thor-ROS/ws_thor/install/thor_joystick/lib/thor_joystick/joystick_moveit_controller
-- Set runtime path of "/home/anish/dp_ws/Thor-ROS/ws_thor/install/thor_joystick/lib/thor_joystick/joystick_moveit_controller" to ""
-- Installing: /home/anish/dp_ws/Thor-ROS/ws_thor/install/thor_joystick/lib/thor_joystick/joystick_joint_controller
-- Set runtime path of "/home/anish/dp_ws/Thor-ROS/ws_thor/install/thor_joystick/lib/thor_joystick/joystick_joint_controller" to ""
-- Installing: /home/anish/dp_ws/Thor-ROS/ws_thor/install/thor_joystick/lib/thor_joystick/joystick_pose_controller
-- Set runtime path of "/home/anish/dp_ws/Thor-ROS/ws_thor/install/thor_joystick/lib/thor_joystick/joystick_pose_controller" to ""
-- Installing: /home/anish/dp_ws/Thor-ROS/ws_thor/install/thor_joystick/share/thor_joystick//launch
-- Installing: /home/anish/dp_ws/Thor-ROS/ws_thor/install/thor_joystick/share/thor_joystick//launch/joy_pose.launch.py
-- Installing: /home/anish/dp_ws/Thor-ROS/ws_thor/install/thor_joystick/share/thor_joystick//launch/joystick_control.launch.py
-- Installing: /home/anish/dp_ws/Thor-ROS/ws_thor/install/thor_joystick/share/thor_joystick//launch/joy_joint.launch.py
-- Installing: /home/anish/dp_ws/Thor-ROS/ws_thor/install/thor_joystick/share/ament_index/resource_index/package_run_dependencies/thor_joystick
-- Installing: /home/anish/dp_ws/Thor-ROS/ws_thor/install/thor_joystick/share/ament_index/resource_index/parent_prefix_path/thor_joystick
-- Installing: /home/anish/dp_ws/Thor-ROS/ws_thor/install/thor_joystick/share/thor_joystick/environment/ament_prefix_path.sh
-- Installing: /home/anish/dp_ws/Thor-ROS/ws_thor/install/thor_joystick/share/thor_joystick/environment/ament_prefix_path.dsv
-- Installing: /home/anish/dp_ws/Thor-ROS/ws_thor/install/thor_joystick/share/thor_joystick/environment/path.sh
-- Installing: /home/anish/dp_ws/Thor-ROS/ws_thor/install/thor_joystick/share/thor_joystick/environment/path.dsv
-- Installing: /home/anish/dp_ws/Thor-ROS/ws_thor/install/thor_joystick/share/thor_joystick/local_setup.bash
-- Installing: /home/anish/dp_ws/Thor-ROS/ws_thor/install/thor_joystick/share/thor_joystick/local_setup.sh
-- Installing: /home/anish/dp_ws/Thor-ROS/ws_thor/install/thor_joystick/share/thor_joystick/local_setup.zsh
-- Installing: /home/anish/dp_ws/Thor-ROS/ws_thor/install/thor_joystick/share/thor_joystick/local_setup.dsv
-- Installing: /home/anish/dp_ws/Thor-ROS/ws_thor/install/thor_joystick/share/thor_joystick/package.dsv
-- Installing: /home/anish/dp_ws/Thor-ROS/ws_thor/install/thor_joystick/share/ament_index/resource_index/packages/thor_joystick
-- Installing: /home/anish/dp_ws/Thor-ROS/ws_thor/install/thor_joystick/share/thor_joystick/cmake/thor_joystickConfig.cmake
-- Installing: /home/anish/dp_ws/Thor-ROS/ws_thor/install/thor_joystick/share/thor_joystick/cmake/thor_joystickConfig-version.cmake
-- Installing: /home/anish/dp_ws/Thor-ROS/ws_thor/install/thor_joystick/share/thor_joystick/package.xml
