[0.012s] Invoking command in '/home/anish/dp_ws/Thor-ROS/ws_thor/build/thor_joystick': CMAKE_PREFIX_PATH=/home/anish/dp_ws/Thor-ROS/ws_thor/install/thor_server:/home/anish/dp_ws/Thor-ROS/ws_thor/install/thor_controller:/home/anish/dp_ws/Thor-ROS/ws_thor/install/thor_bringup:/home/anish/dp_ws/Thor-ROS/ws_thor/install/thor_moveit:/home/anish/dp_ws/Thor-ROS/ws_thor/install/thor_urdf:/home/anish/dp_ws/Thor-ROS/ws_thor/install/thor_joystick:/home/anish/dp_ws/Thor-ROS/ws_thor/install/thor_perception:/home/anish/dp_ws/Thor-ROS/ws_thor/install/thor_manipulation:/home/anish/panda_ws/install/moveit_resources:/home/anish/panda_ws/install/panda_moveit_config:/home/anish/panda_ws/install/panda_description:/home/anish/panda_ws/install/moveit_resources_pr2_description:/home/anish/panda_ws/install/moveit_resources_gazebo:/home/anish/panda_ws/install/moveit_resources_fanuc_moveit_config:/home/anish/panda_ws/install/moveit_resources_fanuc_description:/home/anish/Downloads/mycobot_ros2/install/rviz_marker_tools:/home/anish/Downloads/mycobot_ros2/install/mycobot_ros2:/home/anish/Downloads/mycobot_ros2/install/mycobot_system_tests:/home/anish/Downloads/mycobot_ros2/install/mycobot_moveit_demos:/home/anish/Downloads/mycobot_ros2/install/mycobot_moveit_config:/home/anish/Downloads/mycobot_ros2/install/mycobot_interfaces:/home/anish/Downloads/mycobot_ros2/install/mycobot_gazebo:/home/anish/Downloads/mycobot_ros2/install/mycobot_description:/home/anish/Downloads/mycobot_ros2/install/mycobot_bringup:/home/anish/Downloads/mycobot_ros2/install/moveit_task_constructor_msgs:/opt/ros/humble LD_LIBRARY_PATH=/home/anish/dp_ws/Thor-ROS/ws_thor/install/thor_server/lib:/home/anish/dp_ws/Thor-ROS/ws_thor/install/thor_controller/lib:/home/anish/Downloads/mycobot_ros2/install/rviz_marker_tools/lib:/home/anish/Downloads/mycobot_ros2/install/mycobot_interfaces/lib:/home/anish/Downloads/mycobot_ros2/install/moveit_task_constructor_msgs/lib:/opt/ros/humble/opt/rviz_ogre_vendor/lib:/opt/ros/humble/lib/x86_64-linux-gnu:/opt/ros/humble/lib:/usr/lib/x86_64-linux-gnu/gazebo-11/plugins /usr/bin/cmake /home/anish/dp_ws/Thor-ROS/ws_thor/src/thor_joystick -DCMAKE_INSTALL_PREFIX=/home/anish/dp_ws/Thor-ROS/ws_thor/install/thor_joystick
[0.055s] -- The C compiler identification is GNU 11.4.0
[0.100s] -- The CXX compiler identification is GNU 11.4.0
[0.105s] -- Detecting C compiler ABI info
[0.163s] -- Detecting C compiler ABI info - done
[0.167s] -- Check for working C compiler: /usr/bin/cc - skipped
[0.167s] -- Detecting C compile features
[0.167s] -- Detecting C compile features - done
[0.169s] -- Detecting CXX compiler ABI info
[0.237s] -- Detecting CXX compiler ABI info - done
[0.242s] -- Check for working CXX compiler: /usr/bin/c++ - skipped
[0.242s] -- Detecting CXX compile features
[0.242s] -- Detecting CXX compile features - done
[0.246s] -- Found ament_cmake: 1.3.11 (/opt/ros/humble/share/ament_cmake/cmake)
[0.363s] -- Found Python3: /usr/bin/python3 (found version "3.10.12") found components: Interpreter 
[0.457s] -- Found rclcpp: 16.0.12 (/opt/ros/humble/share/rclcpp/cmake)
[0.510s] -- Found rosidl_generator_c: 3.1.6 (/opt/ros/humble/share/rosidl_generator_c/cmake)
[0.517s] -- Found rosidl_adapter: 3.1.6 (/opt/ros/humble/share/rosidl_adapter/cmake)
[0.527s] -- Found rosidl_generator_cpp: 3.1.6 (/opt/ros/humble/share/rosidl_generator_cpp/cmake)
[0.539s] -- Using all available rosidl_typesupport_c: rosidl_typesupport_fastrtps_c;rosidl_typesupport_introspection_c
[0.557s] -- Using all available rosidl_typesupport_cpp: rosidl_typesupport_fastrtps_cpp;rosidl_typesupport_introspection_cpp
[0.605s] -- Found rmw_implementation_cmake: 6.1.2 (/opt/ros/humble/share/rmw_implementation_cmake/cmake)
[0.610s] -- Found rmw_cyclonedds_cpp: 1.3.4 (/opt/ros/humble/share/rmw_cyclonedds_cpp/cmake)
[0.636s] -- Using RMW implementation 'rmw_cyclonedds_cpp' as default
[0.648s] -- Looking for pthread.h
[0.713s] -- Looking for pthread.h - found
[0.713s] -- Performing Test CMAKE_HAVE_LIBC_PTHREAD
[0.776s] -- Performing Test CMAKE_HAVE_LIBC_PTHREAD - Success
[0.777s] -- Found Threads: TRUE  
[0.825s] -- Found rclcpp_action: 16.0.12 (/opt/ros/humble/share/rclcpp_action/cmake)
[0.862s] -- Found sensor_msgs: 4.9.0 (/opt/ros/humble/share/sensor_msgs/cmake)
[0.886s] -- Found moveit_ros_planning_interface: 2.5.9 (/opt/ros/humble/share/moveit_ros_planning_interface/cmake)
[0.925s] -- Found Boost: /usr/lib/x86_64-linux-gnu/cmake/Boost-1.74.0/BoostConfig.cmake (found version "1.74.0") found components: date_time filesystem program_options system thread 
[1.024s] -- Found Boost: /usr/lib/x86_64-linux-gnu/cmake/Boost-1.74.0/BoostConfig.cmake (found version "1.74.0") found components: chrono date_time filesystem iostreams program_options regex serialization system thread 
[1.079s] -- Found parameter_traits: 0.5.0 (/opt/ros/humble/share/parameter_traits/cmake)
[1.096s] -- Found rclcpp_lifecycle: 16.0.12 (/opt/ros/humble/share/rclcpp_lifecycle/cmake)
[1.120s] -- Found Boost: /usr/lib/x86_64-linux-gnu/cmake/Boost-1.74.0/BoostConfig.cmake (found version "1.74.0") found components: filesystem 
[1.229s] -- library: /usr/lib/x86_64-linux-gnu/libcurl.so
[1.259s] -- Found Eigen3: TRUE (found version "3.4.0") 
[1.259s] -- Ensuring Eigen3 include directory is part of orocos-kdl CMake target
[1.389s] -- Found Boost: /usr/lib/x86_64-linux-gnu/cmake/Boost-1.74.0/BoostConfig.cmake (found version "1.74.0") found components: system filesystem date_time program_options thread chrono 
[1.413s] -- Found Boost: /usr/lib/x86_64-linux-gnu/cmake/Boost-1.74.0/BoostConfig.cmake (found version "1.74.0") found components: thread system filesystem regex date_time program_options 
[1.500s] -- Found Boost: /usr/lib/x86_64-linux-gnu/cmake/Boost-1.74.0/BoostConfig.cmake (found version "1.74.0") found components: system filesystem date_time program_options thread 
[1.519s] -- Found thor_server: 0.0.0 (/home/anish/dp_ws/Thor-ROS/ws_thor/install/thor_server/share/thor_server/cmake)
[1.535s] -- Found ament_lint_auto: 0.12.12 (/opt/ros/humble/share/ament_lint_auto/cmake)
[1.600s] -- Added test 'cppcheck' to perform static code analysis on C / C++ code
[1.600s] -- Configured cppcheck include dirs: /home/anish/dp_ws/Thor-ROS/ws_thor/src/thor_joystick/include
[1.601s] -- Configured cppcheck exclude dirs and/or files: 
[1.601s] -- Added test 'flake8' to check Python code syntax and style conventions
[1.602s] -- Added test 'lint_cmake' to check CMake code style
[1.602s] -- Added test 'pep257' to check Python code against some of the docstring style conventions in PEP 257
[1.603s] -- Added test 'uncrustify' to check C / C++ code style
[1.603s] -- Configured uncrustify additional arguments: 
[1.604s] -- Added test 'xmllint' to check XML markup files
[1.605s] -- Configuring done
[1.630s] -- Generating done
[1.636s] -- Build files have been written to: /home/anish/dp_ws/Thor-ROS/ws_thor/build/thor_joystick
[1.647s] Invoked command in '/home/anish/dp_ws/Thor-ROS/ws_thor/build/thor_joystick' returned '0': CMAKE_PREFIX_PATH=/home/anish/dp_ws/Thor-ROS/ws_thor/install/thor_server:/home/anish/dp_ws/Thor-ROS/ws_thor/install/thor_controller:/home/anish/dp_ws/Thor-ROS/ws_thor/install/thor_bringup:/home/anish/dp_ws/Thor-ROS/ws_thor/install/thor_moveit:/home/anish/dp_ws/Thor-ROS/ws_thor/install/thor_urdf:/home/anish/dp_ws/Thor-ROS/ws_thor/install/thor_joystick:/home/anish/dp_ws/Thor-ROS/ws_thor/install/thor_perception:/home/anish/dp_ws/Thor-ROS/ws_thor/install/thor_manipulation:/home/anish/panda_ws/install/moveit_resources:/home/anish/panda_ws/install/panda_moveit_config:/home/anish/panda_ws/install/panda_description:/home/anish/panda_ws/install/moveit_resources_pr2_description:/home/anish/panda_ws/install/moveit_resources_gazebo:/home/anish/panda_ws/install/moveit_resources_fanuc_moveit_config:/home/anish/panda_ws/install/moveit_resources_fanuc_description:/home/anish/Downloads/mycobot_ros2/install/rviz_marker_tools:/home/anish/Downloads/mycobot_ros2/install/mycobot_ros2:/home/anish/Downloads/mycobot_ros2/install/mycobot_system_tests:/home/anish/Downloads/mycobot_ros2/install/mycobot_moveit_demos:/home/anish/Downloads/mycobot_ros2/install/mycobot_moveit_config:/home/anish/Downloads/mycobot_ros2/install/mycobot_interfaces:/home/anish/Downloads/mycobot_ros2/install/mycobot_gazebo:/home/anish/Downloads/mycobot_ros2/install/mycobot_description:/home/anish/Downloads/mycobot_ros2/install/mycobot_bringup:/home/anish/Downloads/mycobot_ros2/install/moveit_task_constructor_msgs:/opt/ros/humble LD_LIBRARY_PATH=/home/anish/dp_ws/Thor-ROS/ws_thor/install/thor_server/lib:/home/anish/dp_ws/Thor-ROS/ws_thor/install/thor_controller/lib:/home/anish/Downloads/mycobot_ros2/install/rviz_marker_tools/lib:/home/anish/Downloads/mycobot_ros2/install/mycobot_interfaces/lib:/home/anish/Downloads/mycobot_ros2/install/moveit_task_constructor_msgs/lib:/opt/ros/humble/opt/rviz_ogre_vendor/lib:/opt/ros/humble/lib/x86_64-linux-gnu:/opt/ros/humble/lib:/usr/lib/x86_64-linux-gnu/gazebo-11/plugins /usr/bin/cmake /home/anish/dp_ws/Thor-ROS/ws_thor/src/thor_joystick -DCMAKE_INSTALL_PREFIX=/home/anish/dp_ws/Thor-ROS/ws_thor/install/thor_joystick
[1.649s] Invoking command in '/home/anish/dp_ws/Thor-ROS/ws_thor/build/thor_joystick': CMAKE_PREFIX_PATH=/home/anish/dp_ws/Thor-ROS/ws_thor/install/thor_server:/home/anish/dp_ws/Thor-ROS/ws_thor/install/thor_controller:/home/anish/dp_ws/Thor-ROS/ws_thor/install/thor_bringup:/home/anish/dp_ws/Thor-ROS/ws_thor/install/thor_moveit:/home/anish/dp_ws/Thor-ROS/ws_thor/install/thor_urdf:/home/anish/dp_ws/Thor-ROS/ws_thor/install/thor_joystick:/home/anish/dp_ws/Thor-ROS/ws_thor/install/thor_perception:/home/anish/dp_ws/Thor-ROS/ws_thor/install/thor_manipulation:/home/anish/panda_ws/install/moveit_resources:/home/anish/panda_ws/install/panda_moveit_config:/home/anish/panda_ws/install/panda_description:/home/anish/panda_ws/install/moveit_resources_pr2_description:/home/anish/panda_ws/install/moveit_resources_gazebo:/home/anish/panda_ws/install/moveit_resources_fanuc_moveit_config:/home/anish/panda_ws/install/moveit_resources_fanuc_description:/home/anish/Downloads/mycobot_ros2/install/rviz_marker_tools:/home/anish/Downloads/mycobot_ros2/install/mycobot_ros2:/home/anish/Downloads/mycobot_ros2/install/mycobot_system_tests:/home/anish/Downloads/mycobot_ros2/install/mycobot_moveit_demos:/home/anish/Downloads/mycobot_ros2/install/mycobot_moveit_config:/home/anish/Downloads/mycobot_ros2/install/mycobot_interfaces:/home/anish/Downloads/mycobot_ros2/install/mycobot_gazebo:/home/anish/Downloads/mycobot_ros2/install/mycobot_description:/home/anish/Downloads/mycobot_ros2/install/mycobot_bringup:/home/anish/Downloads/mycobot_ros2/install/moveit_task_constructor_msgs:/opt/ros/humble LD_LIBRARY_PATH=/home/anish/dp_ws/Thor-ROS/ws_thor/install/thor_server/lib:/home/anish/dp_ws/Thor-ROS/ws_thor/install/thor_controller/lib:/home/anish/Downloads/mycobot_ros2/install/rviz_marker_tools/lib:/home/anish/Downloads/mycobot_ros2/install/mycobot_interfaces/lib:/home/anish/Downloads/mycobot_ros2/install/moveit_task_constructor_msgs/lib:/opt/ros/humble/opt/rviz_ogre_vendor/lib:/opt/ros/humble/lib/x86_64-linux-gnu:/opt/ros/humble/lib:/usr/lib/x86_64-linux-gnu/gazebo-11/plugins /usr/bin/cmake --build /home/anish/dp_ws/Thor-ROS/ws_thor/build/thor_joystick -- -j16 -l16
[1.703s] [ 16%] [32mBuilding CXX object CMakeFiles/joystick_joint_controller.dir/src/joystick_joint_controller.cpp.o[0m
[1.704s] [ 50%] [32mBuilding CXX object CMakeFiles/joystick_pose_controller.dir/src/joystick_pose_controller.cpp.o[0m
[1.704s] [ 50%] [32mBuilding CXX object CMakeFiles/joystick_moveit_controller.dir/src/joystick_moveit_controller.cpp.o[0m
[8.010s] [ 66%] [32m[1mLinking CXX executable joystick_pose_controller[0m
[8.038s] [ 83%] [32m[1mLinking CXX executable joystick_joint_controller[0m
[8.322s] [ 83%] Built target joystick_pose_controller
[8.358s] [ 83%] Built target joystick_joint_controller
[10.868s] [100%] [32m[1mLinking CXX executable joystick_moveit_controller[0m
[11.469s] [100%] Built target joystick_moveit_controller
[11.482s] Invoked command in '/home/anish/dp_ws/Thor-ROS/ws_thor/build/thor_joystick' returned '0': CMAKE_PREFIX_PATH=/home/anish/dp_ws/Thor-ROS/ws_thor/install/thor_server:/home/anish/dp_ws/Thor-ROS/ws_thor/install/thor_controller:/home/anish/dp_ws/Thor-ROS/ws_thor/install/thor_bringup:/home/anish/dp_ws/Thor-ROS/ws_thor/install/thor_moveit:/home/anish/dp_ws/Thor-ROS/ws_thor/install/thor_urdf:/home/anish/dp_ws/Thor-ROS/ws_thor/install/thor_joystick:/home/anish/dp_ws/Thor-ROS/ws_thor/install/thor_perception:/home/anish/dp_ws/Thor-ROS/ws_thor/install/thor_manipulation:/home/anish/panda_ws/install/moveit_resources:/home/anish/panda_ws/install/panda_moveit_config:/home/anish/panda_ws/install/panda_description:/home/anish/panda_ws/install/moveit_resources_pr2_description:/home/anish/panda_ws/install/moveit_resources_gazebo:/home/anish/panda_ws/install/moveit_resources_fanuc_moveit_config:/home/anish/panda_ws/install/moveit_resources_fanuc_description:/home/anish/Downloads/mycobot_ros2/install/rviz_marker_tools:/home/anish/Downloads/mycobot_ros2/install/mycobot_ros2:/home/anish/Downloads/mycobot_ros2/install/mycobot_system_tests:/home/anish/Downloads/mycobot_ros2/install/mycobot_moveit_demos:/home/anish/Downloads/mycobot_ros2/install/mycobot_moveit_config:/home/anish/Downloads/mycobot_ros2/install/mycobot_interfaces:/home/anish/Downloads/mycobot_ros2/install/mycobot_gazebo:/home/anish/Downloads/mycobot_ros2/install/mycobot_description:/home/anish/Downloads/mycobot_ros2/install/mycobot_bringup:/home/anish/Downloads/mycobot_ros2/install/moveit_task_constructor_msgs:/opt/ros/humble LD_LIBRARY_PATH=/home/anish/dp_ws/Thor-ROS/ws_thor/install/thor_server/lib:/home/anish/dp_ws/Thor-ROS/ws_thor/install/thor_controller/lib:/home/anish/Downloads/mycobot_ros2/install/rviz_marker_tools/lib:/home/anish/Downloads/mycobot_ros2/install/mycobot_interfaces/lib:/home/anish/Downloads/mycobot_ros2/install/moveit_task_constructor_msgs/lib:/opt/ros/humble/opt/rviz_ogre_vendor/lib:/opt/ros/humble/lib/x86_64-linux-gnu:/opt/ros/humble/lib:/usr/lib/x86_64-linux-gnu/gazebo-11/plugins /usr/bin/cmake --build /home/anish/dp_ws/Thor-ROS/ws_thor/build/thor_joystick -- -j16 -l16
[11.483s] Invoking command in '/home/anish/dp_ws/Thor-ROS/ws_thor/build/thor_joystick': CMAKE_PREFIX_PATH=/home/anish/dp_ws/Thor-ROS/ws_thor/install/thor_server:/home/anish/dp_ws/Thor-ROS/ws_thor/install/thor_controller:/home/anish/dp_ws/Thor-ROS/ws_thor/install/thor_bringup:/home/anish/dp_ws/Thor-ROS/ws_thor/install/thor_moveit:/home/anish/dp_ws/Thor-ROS/ws_thor/install/thor_urdf:/home/anish/dp_ws/Thor-ROS/ws_thor/install/thor_joystick:/home/anish/dp_ws/Thor-ROS/ws_thor/install/thor_perception:/home/anish/dp_ws/Thor-ROS/ws_thor/install/thor_manipulation:/home/anish/panda_ws/install/moveit_resources:/home/anish/panda_ws/install/panda_moveit_config:/home/anish/panda_ws/install/panda_description:/home/anish/panda_ws/install/moveit_resources_pr2_description:/home/anish/panda_ws/install/moveit_resources_gazebo:/home/anish/panda_ws/install/moveit_resources_fanuc_moveit_config:/home/anish/panda_ws/install/moveit_resources_fanuc_description:/home/anish/Downloads/mycobot_ros2/install/rviz_marker_tools:/home/anish/Downloads/mycobot_ros2/install/mycobot_ros2:/home/anish/Downloads/mycobot_ros2/install/mycobot_system_tests:/home/anish/Downloads/mycobot_ros2/install/mycobot_moveit_demos:/home/anish/Downloads/mycobot_ros2/install/mycobot_moveit_config:/home/anish/Downloads/mycobot_ros2/install/mycobot_interfaces:/home/anish/Downloads/mycobot_ros2/install/mycobot_gazebo:/home/anish/Downloads/mycobot_ros2/install/mycobot_description:/home/anish/Downloads/mycobot_ros2/install/mycobot_bringup:/home/anish/Downloads/mycobot_ros2/install/moveit_task_constructor_msgs:/opt/ros/humble LD_LIBRARY_PATH=/home/anish/dp_ws/Thor-ROS/ws_thor/install/thor_server/lib:/home/anish/dp_ws/Thor-ROS/ws_thor/install/thor_controller/lib:/home/anish/Downloads/mycobot_ros2/install/rviz_marker_tools/lib:/home/anish/Downloads/mycobot_ros2/install/mycobot_interfaces/lib:/home/anish/Downloads/mycobot_ros2/install/moveit_task_constructor_msgs/lib:/opt/ros/humble/opt/rviz_ogre_vendor/lib:/opt/ros/humble/lib/x86_64-linux-gnu:/opt/ros/humble/lib:/usr/lib/x86_64-linux-gnu/gazebo-11/plugins /usr/bin/cmake --install /home/anish/dp_ws/Thor-ROS/ws_thor/build/thor_joystick
[11.491s] -- Install configuration: ""
[11.492s] -- Installing: /home/anish/dp_ws/Thor-ROS/ws_thor/install/thor_joystick/lib/thor_joystick/joystick_moveit_controller
[11.495s] -- Set runtime path of "/home/anish/dp_ws/Thor-ROS/ws_thor/install/thor_joystick/lib/thor_joystick/joystick_moveit_controller" to ""
[11.495s] -- Installing: /home/anish/dp_ws/Thor-ROS/ws_thor/install/thor_joystick/lib/thor_joystick/joystick_joint_controller
[11.499s] -- Set runtime path of "/home/anish/dp_ws/Thor-ROS/ws_thor/install/thor_joystick/lib/thor_joystick/joystick_joint_controller" to ""
[11.499s] -- Installing: /home/anish/dp_ws/Thor-ROS/ws_thor/install/thor_joystick/lib/thor_joystick/joystick_pose_controller
[11.503s] -- Set runtime path of "/home/anish/dp_ws/Thor-ROS/ws_thor/install/thor_joystick/lib/thor_joystick/joystick_pose_controller" to ""
[11.503s] -- Installing: /home/anish/dp_ws/Thor-ROS/ws_thor/install/thor_joystick/share/thor_joystick//launch
[11.503s] -- Installing: /home/anish/dp_ws/Thor-ROS/ws_thor/install/thor_joystick/share/thor_joystick//launch/joy_pose.launch.py
[11.503s] -- Installing: /home/anish/dp_ws/Thor-ROS/ws_thor/install/thor_joystick/share/thor_joystick//launch/joystick_control.launch.py
[11.503s] -- Installing: /home/anish/dp_ws/Thor-ROS/ws_thor/install/thor_joystick/share/thor_joystick//launch/joy_joint.launch.py
[11.503s] -- Installing: /home/anish/dp_ws/Thor-ROS/ws_thor/install/thor_joystick/share/ament_index/resource_index/package_run_dependencies/thor_joystick
[11.503s] -- Installing: /home/anish/dp_ws/Thor-ROS/ws_thor/install/thor_joystick/share/ament_index/resource_index/parent_prefix_path/thor_joystick
[11.504s] -- Installing: /home/anish/dp_ws/Thor-ROS/ws_thor/install/thor_joystick/share/thor_joystick/environment/ament_prefix_path.sh
[11.504s] -- Installing: /home/anish/dp_ws/Thor-ROS/ws_thor/install/thor_joystick/share/thor_joystick/environment/ament_prefix_path.dsv
[11.504s] -- Installing: /home/anish/dp_ws/Thor-ROS/ws_thor/install/thor_joystick/share/thor_joystick/environment/path.sh
[11.504s] -- Installing: /home/anish/dp_ws/Thor-ROS/ws_thor/install/thor_joystick/share/thor_joystick/environment/path.dsv
[11.504s] -- Installing: /home/anish/dp_ws/Thor-ROS/ws_thor/install/thor_joystick/share/thor_joystick/local_setup.bash
[11.504s] -- Installing: /home/anish/dp_ws/Thor-ROS/ws_thor/install/thor_joystick/share/thor_joystick/local_setup.sh
[11.504s] -- Installing: /home/anish/dp_ws/Thor-ROS/ws_thor/install/thor_joystick/share/thor_joystick/local_setup.zsh
[11.504s] -- Installing: /home/anish/dp_ws/Thor-ROS/ws_thor/install/thor_joystick/share/thor_joystick/local_setup.dsv
[11.504s] -- Installing: /home/anish/dp_ws/Thor-ROS/ws_thor/install/thor_joystick/share/thor_joystick/package.dsv
[11.505s] -- Installing: /home/anish/dp_ws/Thor-ROS/ws_thor/install/thor_joystick/share/ament_index/resource_index/packages/thor_joystick
[11.505s] -- Installing: /home/anish/dp_ws/Thor-ROS/ws_thor/install/thor_joystick/share/thor_joystick/cmake/thor_joystickConfig.cmake
[11.505s] -- Installing: /home/anish/dp_ws/Thor-ROS/ws_thor/install/thor_joystick/share/thor_joystick/cmake/thor_joystickConfig-version.cmake
[11.505s] -- Installing: /home/anish/dp_ws/Thor-ROS/ws_thor/install/thor_joystick/share/thor_joystick/package.xml
[11.510s] Invoked command in '/home/anish/dp_ws/Thor-ROS/ws_thor/build/thor_joystick' returned '0': CMAKE_PREFIX_PATH=/home/anish/dp_ws/Thor-ROS/ws_thor/install/thor_server:/home/anish/dp_ws/Thor-ROS/ws_thor/install/thor_controller:/home/anish/dp_ws/Thor-ROS/ws_thor/install/thor_bringup:/home/anish/dp_ws/Thor-ROS/ws_thor/install/thor_moveit:/home/anish/dp_ws/Thor-ROS/ws_thor/install/thor_urdf:/home/anish/dp_ws/Thor-ROS/ws_thor/install/thor_joystick:/home/anish/dp_ws/Thor-ROS/ws_thor/install/thor_perception:/home/anish/dp_ws/Thor-ROS/ws_thor/install/thor_manipulation:/home/anish/panda_ws/install/moveit_resources:/home/anish/panda_ws/install/panda_moveit_config:/home/anish/panda_ws/install/panda_description:/home/anish/panda_ws/install/moveit_resources_pr2_description:/home/anish/panda_ws/install/moveit_resources_gazebo:/home/anish/panda_ws/install/moveit_resources_fanuc_moveit_config:/home/anish/panda_ws/install/moveit_resources_fanuc_description:/home/anish/Downloads/mycobot_ros2/install/rviz_marker_tools:/home/anish/Downloads/mycobot_ros2/install/mycobot_ros2:/home/anish/Downloads/mycobot_ros2/install/mycobot_system_tests:/home/anish/Downloads/mycobot_ros2/install/mycobot_moveit_demos:/home/anish/Downloads/mycobot_ros2/install/mycobot_moveit_config:/home/anish/Downloads/mycobot_ros2/install/mycobot_interfaces:/home/anish/Downloads/mycobot_ros2/install/mycobot_gazebo:/home/anish/Downloads/mycobot_ros2/install/mycobot_description:/home/anish/Downloads/mycobot_ros2/install/mycobot_bringup:/home/anish/Downloads/mycobot_ros2/install/moveit_task_constructor_msgs:/opt/ros/humble LD_LIBRARY_PATH=/home/anish/dp_ws/Thor-ROS/ws_thor/install/thor_server/lib:/home/anish/dp_ws/Thor-ROS/ws_thor/install/thor_controller/lib:/home/anish/Downloads/mycobot_ros2/install/rviz_marker_tools/lib:/home/anish/Downloads/mycobot_ros2/install/mycobot_interfaces/lib:/home/anish/Downloads/mycobot_ros2/install/moveit_task_constructor_msgs/lib:/opt/ros/humble/opt/rviz_ogre_vendor/lib:/opt/ros/humble/lib/x86_64-linux-gnu:/opt/ros/humble/lib:/usr/lib/x86_64-linux-gnu/gazebo-11/plugins /usr/bin/cmake --install /home/anish/dp_ws/Thor-ROS/ws_thor/build/thor_joystick
