[0.015s] Invoking command in '/home/anish/dp_ws/Thor-ROS/ws_thor/build/thor_moveit': CMAKE_PREFIX_PATH=/home/anish/dp_ws/Thor-ROS/ws_thor/install/thor_urdf:/home/anish/dp_ws/Thor-ROS/ws_thor/install/thor_bringup:/home/anish/dp_ws/Thor-ROS/ws_thor/install/thor_moveit:/home/anish/dp_ws/Thor-ROS/ws_thor/install/thor_joystick:/home/anish/dp_ws/Thor-ROS/ws_thor/install/thor_server:/home/anish/dp_ws/Thor-ROS/ws_thor/install/thor_perception:/home/anish/dp_ws/Thor-ROS/ws_thor/install/thor_manipulation:/home/anish/dp_ws/Thor-ROS/ws_thor/install/thor_controller:/home/anish/panda_ws/install/moveit_resources:/home/anish/panda_ws/install/panda_moveit_config:/home/anish/panda_ws/install/panda_description:/home/anish/panda_ws/install/moveit_resources_pr2_description:/home/anish/panda_ws/install/moveit_resources_gazebo:/home/anish/panda_ws/install/moveit_resources_fanuc_moveit_config:/home/anish/panda_ws/install/moveit_resources_fanuc_description:/home/anish/Downloads/mycobot_ros2/install/rviz_marker_tools:/home/anish/Downloads/mycobot_ros2/install/mycobot_ros2:/home/anish/Downloads/mycobot_ros2/install/mycobot_system_tests:/home/anish/Downloads/mycobot_ros2/install/mycobot_moveit_demos:/home/anish/Downloads/mycobot_ros2/install/mycobot_moveit_config:/home/anish/Downloads/mycobot_ros2/install/mycobot_interfaces:/home/anish/Downloads/mycobot_ros2/install/mycobot_gazebo:/home/anish/Downloads/mycobot_ros2/install/mycobot_description:/home/anish/Downloads/mycobot_ros2/install/mycobot_bringup:/home/anish/Downloads/mycobot_ros2/install/moveit_task_constructor_msgs:/opt/ros/humble /usr/bin/cmake --build /home/anish/dp_ws/Thor-ROS/ws_thor/build/thor_moveit -- -j16 -l16
[0.047s] Invoked command in '/home/anish/dp_ws/Thor-ROS/ws_thor/build/thor_moveit' returned '0': CMAKE_PREFIX_PATH=/home/anish/dp_ws/Thor-ROS/ws_thor/install/thor_urdf:/home/anish/dp_ws/Thor-ROS/ws_thor/install/thor_bringup:/home/anish/dp_ws/Thor-ROS/ws_thor/install/thor_moveit:/home/anish/dp_ws/Thor-ROS/ws_thor/install/thor_joystick:/home/anish/dp_ws/Thor-ROS/ws_thor/install/thor_server:/home/anish/dp_ws/Thor-ROS/ws_thor/install/thor_perception:/home/anish/dp_ws/Thor-ROS/ws_thor/install/thor_manipulation:/home/anish/dp_ws/Thor-ROS/ws_thor/install/thor_controller:/home/anish/panda_ws/install/moveit_resources:/home/anish/panda_ws/install/panda_moveit_config:/home/anish/panda_ws/install/panda_description:/home/anish/panda_ws/install/moveit_resources_pr2_description:/home/anish/panda_ws/install/moveit_resources_gazebo:/home/anish/panda_ws/install/moveit_resources_fanuc_moveit_config:/home/anish/panda_ws/install/moveit_resources_fanuc_description:/home/anish/Downloads/mycobot_ros2/install/rviz_marker_tools:/home/anish/Downloads/mycobot_ros2/install/mycobot_ros2:/home/anish/Downloads/mycobot_ros2/install/mycobot_system_tests:/home/anish/Downloads/mycobot_ros2/install/mycobot_moveit_demos:/home/anish/Downloads/mycobot_ros2/install/mycobot_moveit_config:/home/anish/Downloads/mycobot_ros2/install/mycobot_interfaces:/home/anish/Downloads/mycobot_ros2/install/mycobot_gazebo:/home/anish/Downloads/mycobot_ros2/install/mycobot_description:/home/anish/Downloads/mycobot_ros2/install/mycobot_bringup:/home/anish/Downloads/mycobot_ros2/install/moveit_task_constructor_msgs:/opt/ros/humble /usr/bin/cmake --build /home/anish/dp_ws/Thor-ROS/ws_thor/build/thor_moveit -- -j16 -l16
[0.048s] Invoking command in '/home/anish/dp_ws/Thor-ROS/ws_thor/build/thor_moveit': CMAKE_PREFIX_PATH=/home/anish/dp_ws/Thor-ROS/ws_thor/install/thor_urdf:/home/anish/dp_ws/Thor-ROS/ws_thor/install/thor_bringup:/home/anish/dp_ws/Thor-ROS/ws_thor/install/thor_moveit:/home/anish/dp_ws/Thor-ROS/ws_thor/install/thor_joystick:/home/anish/dp_ws/Thor-ROS/ws_thor/install/thor_server:/home/anish/dp_ws/Thor-ROS/ws_thor/install/thor_perception:/home/anish/dp_ws/Thor-ROS/ws_thor/install/thor_manipulation:/home/anish/dp_ws/Thor-ROS/ws_thor/install/thor_controller:/home/anish/panda_ws/install/moveit_resources:/home/anish/panda_ws/install/panda_moveit_config:/home/anish/panda_ws/install/panda_description:/home/anish/panda_ws/install/moveit_resources_pr2_description:/home/anish/panda_ws/install/moveit_resources_gazebo:/home/anish/panda_ws/install/moveit_resources_fanuc_moveit_config:/home/anish/panda_ws/install/moveit_resources_fanuc_description:/home/anish/Downloads/mycobot_ros2/install/rviz_marker_tools:/home/anish/Downloads/mycobot_ros2/install/mycobot_ros2:/home/anish/Downloads/mycobot_ros2/install/mycobot_system_tests:/home/anish/Downloads/mycobot_ros2/install/mycobot_moveit_demos:/home/anish/Downloads/mycobot_ros2/install/mycobot_moveit_config:/home/anish/Downloads/mycobot_ros2/install/mycobot_interfaces:/home/anish/Downloads/mycobot_ros2/install/mycobot_gazebo:/home/anish/Downloads/mycobot_ros2/install/mycobot_description:/home/anish/Downloads/mycobot_ros2/install/mycobot_bringup:/home/anish/Downloads/mycobot_ros2/install/moveit_task_constructor_msgs:/opt/ros/humble /usr/bin/cmake --install /home/anish/dp_ws/Thor-ROS/ws_thor/build/thor_moveit
[0.054s] -- Install configuration: ""
[0.054s] -- Up-to-date: /home/anish/dp_ws/Thor-ROS/ws_thor/install/thor_moveit/share/ament_index/resource_index/package_run_dependencies/thor_moveit
[0.054s] -- Up-to-date: /home/anish/dp_ws/Thor-ROS/ws_thor/install/thor_moveit/share/ament_index/resource_index/parent_prefix_path/thor_moveit
[0.054s] -- Up-to-date: /home/anish/dp_ws/Thor-ROS/ws_thor/install/thor_moveit/share/thor_moveit/environment/ament_prefix_path.sh
[0.054s] -- Up-to-date: /home/anish/dp_ws/Thor-ROS/ws_thor/install/thor_moveit/share/thor_moveit/environment/ament_prefix_path.dsv
[0.054s] -- Up-to-date: /home/anish/dp_ws/Thor-ROS/ws_thor/install/thor_moveit/share/thor_moveit/environment/path.sh
[0.054s] -- Up-to-date: /home/anish/dp_ws/Thor-ROS/ws_thor/install/thor_moveit/share/thor_moveit/environment/path.dsv
[0.054s] -- Up-to-date: /home/anish/dp_ws/Thor-ROS/ws_thor/install/thor_moveit/share/thor_moveit/local_setup.bash
[0.054s] -- Up-to-date: /home/anish/dp_ws/Thor-ROS/ws_thor/install/thor_moveit/share/thor_moveit/local_setup.sh
[0.054s] -- Up-to-date: /home/anish/dp_ws/Thor-ROS/ws_thor/install/thor_moveit/share/thor_moveit/local_setup.zsh
[0.054s] -- Up-to-date: /home/anish/dp_ws/Thor-ROS/ws_thor/install/thor_moveit/share/thor_moveit/local_setup.dsv
[0.055s] -- Installing: /home/anish/dp_ws/Thor-ROS/ws_thor/install/thor_moveit/share/thor_moveit/package.dsv
[0.055s] -- Up-to-date: /home/anish/dp_ws/Thor-ROS/ws_thor/install/thor_moveit/share/ament_index/resource_index/packages/thor_moveit
[0.055s] -- Up-to-date: /home/anish/dp_ws/Thor-ROS/ws_thor/install/thor_moveit/share/thor_moveit/cmake/thor_moveitConfig.cmake
[0.055s] -- Up-to-date: /home/anish/dp_ws/Thor-ROS/ws_thor/install/thor_moveit/share/thor_moveit/cmake/thor_moveitConfig-version.cmake
[0.055s] -- Up-to-date: /home/anish/dp_ws/Thor-ROS/ws_thor/install/thor_moveit/share/thor_moveit/package.xml
[0.055s] -- Up-to-date: /home/anish/dp_ws/Thor-ROS/ws_thor/install/thor_moveit/share/thor_moveit/launch
[0.055s] -- Up-to-date: /home/anish/dp_ws/Thor-ROS/ws_thor/install/thor_moveit/share/thor_moveit/launch/setup_assistant.launch.py
[0.055s] -- Up-to-date: /home/anish/dp_ws/Thor-ROS/ws_thor/install/thor_moveit/share/thor_moveit/launch/static_virtual_joint_tfs.launch.py
[0.055s] -- Up-to-date: /home/anish/dp_ws/Thor-ROS/ws_thor/install/thor_moveit/share/thor_moveit/launch/rsp.launch.py
[0.055s] -- Up-to-date: /home/anish/dp_ws/Thor-ROS/ws_thor/install/thor_moveit/share/thor_moveit/launch/moveit.launch.py
[0.055s] -- Up-to-date: /home/anish/dp_ws/Thor-ROS/ws_thor/install/thor_moveit/share/thor_moveit/launch/move_group.launch.py
[0.055s] -- Up-to-date: /home/anish/dp_ws/Thor-ROS/ws_thor/install/thor_moveit/share/thor_moveit/launch/spawn_controllers.launch.py
[0.055s] -- Up-to-date: /home/anish/dp_ws/Thor-ROS/ws_thor/install/thor_moveit/share/thor_moveit/launch/demo.launch.py
[0.055s] -- Up-to-date: /home/anish/dp_ws/Thor-ROS/ws_thor/install/thor_moveit/share/thor_moveit/launch/warehouse_db.launch.py
[0.055s] -- Up-to-date: /home/anish/dp_ws/Thor-ROS/ws_thor/install/thor_moveit/share/thor_moveit/launch/moveit_rviz.launch.py
[0.055s] -- Up-to-date: /home/anish/dp_ws/Thor-ROS/ws_thor/install/thor_moveit/share/thor_moveit/config
[0.055s] -- Up-to-date: /home/anish/dp_ws/Thor-ROS/ws_thor/install/thor_moveit/share/thor_moveit/config/initial_positions.yaml
[0.055s] -- Up-to-date: /home/anish/dp_ws/Thor-ROS/ws_thor/install/thor_moveit/share/thor_moveit/config/moveit_controllers.yaml
[0.055s] -- Up-to-date: /home/anish/dp_ws/Thor-ROS/ws_thor/install/thor_moveit/share/thor_moveit/config/joint_limits.yaml
[0.055s] -- Up-to-date: /home/anish/dp_ws/Thor-ROS/ws_thor/install/thor_moveit/share/thor_moveit/config/sensors_3d.yaml
[0.055s] -- Up-to-date: /home/anish/dp_ws/Thor-ROS/ws_thor/install/thor_moveit/share/thor_moveit/config/thor_arm.urdf.xacro
[0.055s] -- Up-to-date: /home/anish/dp_ws/Thor-ROS/ws_thor/install/thor_moveit/share/thor_moveit/config/moveit.rviz
[0.055s] -- Up-to-date: /home/anish/dp_ws/Thor-ROS/ws_thor/install/thor_moveit/share/thor_moveit/config/thor_arm.ros2_control.xacro
[0.055s] -- Up-to-date: /home/anish/dp_ws/Thor-ROS/ws_thor/install/thor_moveit/share/thor_moveit/config/thor_arm.srdf
[0.055s] -- Up-to-date: /home/anish/dp_ws/Thor-ROS/ws_thor/install/thor_moveit/share/thor_moveit/config/ros2_controllers.yaml
[0.055s] -- Up-to-date: /home/anish/dp_ws/Thor-ROS/ws_thor/install/thor_moveit/share/thor_moveit/config/kinematics.yaml
[0.055s] -- Up-to-date: /home/anish/dp_ws/Thor-ROS/ws_thor/install/thor_moveit/share/thor_moveit/config/pilz_cartesian_limits.yaml
[0.056s] -- Up-to-date: /home/anish/dp_ws/Thor-ROS/ws_thor/install/thor_moveit/share/thor_moveit/.setup_assistant
[0.056s] Invoked command in '/home/anish/dp_ws/Thor-ROS/ws_thor/build/thor_moveit' returned '0': CMAKE_PREFIX_PATH=/home/anish/dp_ws/Thor-ROS/ws_thor/install/thor_urdf:/home/anish/dp_ws/Thor-ROS/ws_thor/install/thor_bringup:/home/anish/dp_ws/Thor-ROS/ws_thor/install/thor_moveit:/home/anish/dp_ws/Thor-ROS/ws_thor/install/thor_joystick:/home/anish/dp_ws/Thor-ROS/ws_thor/install/thor_server:/home/anish/dp_ws/Thor-ROS/ws_thor/install/thor_perception:/home/anish/dp_ws/Thor-ROS/ws_thor/install/thor_manipulation:/home/anish/dp_ws/Thor-ROS/ws_thor/install/thor_controller:/home/anish/panda_ws/install/moveit_resources:/home/anish/panda_ws/install/panda_moveit_config:/home/anish/panda_ws/install/panda_description:/home/anish/panda_ws/install/moveit_resources_pr2_description:/home/anish/panda_ws/install/moveit_resources_gazebo:/home/anish/panda_ws/install/moveit_resources_fanuc_moveit_config:/home/anish/panda_ws/install/moveit_resources_fanuc_description:/home/anish/Downloads/mycobot_ros2/install/rviz_marker_tools:/home/anish/Downloads/mycobot_ros2/install/mycobot_ros2:/home/anish/Downloads/mycobot_ros2/install/mycobot_system_tests:/home/anish/Downloads/mycobot_ros2/install/mycobot_moveit_demos:/home/anish/Downloads/mycobot_ros2/install/mycobot_moveit_config:/home/anish/Downloads/mycobot_ros2/install/mycobot_interfaces:/home/anish/Downloads/mycobot_ros2/install/mycobot_gazebo:/home/anish/Downloads/mycobot_ros2/install/mycobot_description:/home/anish/Downloads/mycobot_ros2/install/mycobot_bringup:/home/anish/Downloads/mycobot_ros2/install/moveit_task_constructor_msgs:/opt/ros/humble /usr/bin/cmake --install /home/anish/dp_ws/Thor-ROS/ws_thor/build/thor_moveit
