[0.059s] DEBUG:colcon:Command line arguments: ['/usr/bin/colcon', 'build', '--packages-select', 'thor_perception']
[0.059s] DEBUG:colcon:Parsed command line arguments: Namespace(log_base=None, log_level=None, verb_name='build', build_base='build', install_base='install', merge_install=False, symlink_install=False, test_result_base=None, continue_on_error=False, executor='parallel', parallel_workers=16, event_handlers=None, ignore_user_meta=False, metas=['./colcon.meta'], base_paths=['.'], packages_ignore=None, packages_ignore_regex=None, paths=None, packages_up_to=None, packages_up_to_regex=None, packages_above=None, packages_above_and_dependencies=None, packages_above_depth=None, packages_select_by_dep=None, packages_skip_by_dep=None, packages_skip_up_to=None, packages_select_build_failed=False, packages_skip_build_finished=False, packages_select_test_failures=False, packages_skip_test_passed=False, packages_select=['thor_perception'], packages_skip=None, packages_select_regex=None, packages_skip_regex=None, packages_start=None, packages_end=None, allow_overriding=[], cmake_args=None, cmake_target=None, cmake_target_skip_unavailable=False, cmake_clean_cache=False, cmake_clean_first=False, cmake_force_configure=False, ament_cmake_args=None, catkin_cmake_args=None, catkin_skip_building_tests=False, verb_parser=<colcon_defaults.argument_parser.defaults.DefaultArgumentsDecorator object at 0x7eac5b3d64a0>, verb_extension=<colcon_core.verb.build.BuildVerb object at 0x7eac5b5d3ac0>, main=<bound method BuildVerb.main of <colcon_core.verb.build.BuildVerb object at 0x7eac5b5d3ac0>>)
[0.152s] Level 1:colcon.colcon_core.package_discovery:discover_packages(colcon_meta) check parameters
[0.152s] Level 1:colcon.colcon_core.package_discovery:discover_packages(recursive) check parameters
[0.152s] Level 1:colcon.colcon_core.package_discovery:discover_packages(ignore) check parameters
[0.152s] Level 1:colcon.colcon_core.package_discovery:discover_packages(path) check parameters
[0.152s] Level 1:colcon.colcon_core.package_discovery:discover_packages(colcon_meta) discover
[0.152s] Level 1:colcon.colcon_core.package_discovery:discover_packages(recursive) discover
[0.152s] INFO:colcon.colcon_core.package_discovery:Crawling recursively for packages in '/home/anish/dp_ws/Thor-ROS/ws_thor'
[0.152s] Level 1:colcon.colcon_core.package_identification:_identify(.) by extensions ['ignore', 'ignore_ament_install']
[0.153s] Level 1:colcon.colcon_core.package_identification:_identify(.) by extension 'ignore'
[0.153s] Level 1:colcon.colcon_core.package_identification:_identify(.) by extension 'ignore_ament_install'
[0.153s] Level 1:colcon.colcon_core.package_identification:_identify(.) by extensions ['colcon_pkg']
[0.153s] Level 1:colcon.colcon_core.package_identification:_identify(.) by extension 'colcon_pkg'
[0.153s] Level 1:colcon.colcon_core.package_identification:_identify(.) by extensions ['colcon_meta']
[0.153s] Level 1:colcon.colcon_core.package_identification:_identify(.) by extension 'colcon_meta'
[0.153s] Level 1:colcon.colcon_core.package_identification:_identify(.) by extensions ['ros']
[0.153s] Level 1:colcon.colcon_core.package_identification:_identify(.) by extension 'ros'
[0.159s] Level 1:colcon.colcon_core.package_identification:_identify(.) by extensions ['cmake', 'python']
[0.159s] Level 1:colcon.colcon_core.package_identification:_identify(.) by extension 'cmake'
[0.159s] Level 1:colcon.colcon_core.package_identification:_identify(.) by extension 'python'
[0.159s] Level 1:colcon.colcon_core.package_identification:_identify(.) by extensions ['python_setup_py']
[0.159s] Level 1:colcon.colcon_core.package_identification:_identify(.) by extension 'python_setup_py'
[0.159s] Level 1:colcon.colcon_core.package_identification:_identify(build) by extensions ['ignore', 'ignore_ament_install']
[0.159s] Level 1:colcon.colcon_core.package_identification:_identify(build) by extension 'ignore'
[0.159s] Level 1:colcon.colcon_core.package_identification:_identify(build) ignored
[0.159s] Level 1:colcon.colcon_core.package_identification:_identify(install) by extensions ['ignore', 'ignore_ament_install']
[0.159s] Level 1:colcon.colcon_core.package_identification:_identify(install) by extension 'ignore'
[0.159s] Level 1:colcon.colcon_core.package_identification:_identify(install) ignored
[0.159s] Level 1:colcon.colcon_core.package_identification:_identify(log) by extensions ['ignore', 'ignore_ament_install']
[0.160s] Level 1:colcon.colcon_core.package_identification:_identify(log) by extension 'ignore'
[0.160s] Level 1:colcon.colcon_core.package_identification:_identify(log) ignored
[0.160s] Level 1:colcon.colcon_core.package_identification:_identify(src) by extensions ['ignore', 'ignore_ament_install']
[0.160s] Level 1:colcon.colcon_core.package_identification:_identify(src) by extension 'ignore'
[0.160s] Level 1:colcon.colcon_core.package_identification:_identify(src) by extension 'ignore_ament_install'
[0.160s] Level 1:colcon.colcon_core.package_identification:_identify(src) by extensions ['colcon_pkg']
[0.160s] Level 1:colcon.colcon_core.package_identification:_identify(src) by extension 'colcon_pkg'
[0.160s] Level 1:colcon.colcon_core.package_identification:_identify(src) by extensions ['colcon_meta']
[0.160s] Level 1:colcon.colcon_core.package_identification:_identify(src) by extension 'colcon_meta'
[0.160s] Level 1:colcon.colcon_core.package_identification:_identify(src) by extensions ['ros']
[0.160s] Level 1:colcon.colcon_core.package_identification:_identify(src) by extension 'ros'
[0.160s] Level 1:colcon.colcon_core.package_identification:_identify(src) by extensions ['cmake', 'python']
[0.160s] Level 1:colcon.colcon_core.package_identification:_identify(src) by extension 'cmake'
[0.160s] Level 1:colcon.colcon_core.package_identification:_identify(src) by extension 'python'
[0.160s] Level 1:colcon.colcon_core.package_identification:_identify(src) by extensions ['python_setup_py']
[0.160s] Level 1:colcon.colcon_core.package_identification:_identify(src) by extension 'python_setup_py'
[0.160s] Level 1:colcon.colcon_core.package_identification:_identify(src/thor_bringup) by extensions ['ignore', 'ignore_ament_install']
[0.160s] Level 1:colcon.colcon_core.package_identification:_identify(src/thor_bringup) by extension 'ignore'
[0.160s] Level 1:colcon.colcon_core.package_identification:_identify(src/thor_bringup) by extension 'ignore_ament_install'
[0.160s] Level 1:colcon.colcon_core.package_identification:_identify(src/thor_bringup) by extensions ['colcon_pkg']
[0.160s] Level 1:colcon.colcon_core.package_identification:_identify(src/thor_bringup) by extension 'colcon_pkg'
[0.160s] Level 1:colcon.colcon_core.package_identification:_identify(src/thor_bringup) by extensions ['colcon_meta']
[0.160s] Level 1:colcon.colcon_core.package_identification:_identify(src/thor_bringup) by extension 'colcon_meta'
[0.160s] Level 1:colcon.colcon_core.package_identification:_identify(src/thor_bringup) by extensions ['ros']
[0.160s] Level 1:colcon.colcon_core.package_identification:_identify(src/thor_bringup) by extension 'ros'
[0.162s] DEBUG:colcon.colcon_core.package_identification:Package 'src/thor_bringup' with type 'ros.ament_cmake' and name 'thor_bringup'
[0.162s] Level 1:colcon.colcon_core.package_identification:_identify(src/thor_controller) by extensions ['ignore', 'ignore_ament_install']
[0.162s] Level 1:colcon.colcon_core.package_identification:_identify(src/thor_controller) by extension 'ignore'
[0.162s] Level 1:colcon.colcon_core.package_identification:_identify(src/thor_controller) by extension 'ignore_ament_install'
[0.162s] Level 1:colcon.colcon_core.package_identification:_identify(src/thor_controller) by extensions ['colcon_pkg']
[0.162s] Level 1:colcon.colcon_core.package_identification:_identify(src/thor_controller) by extension 'colcon_pkg'
[0.162s] Level 1:colcon.colcon_core.package_identification:_identify(src/thor_controller) by extensions ['colcon_meta']
[0.162s] Level 1:colcon.colcon_core.package_identification:_identify(src/thor_controller) by extension 'colcon_meta'
[0.162s] Level 1:colcon.colcon_core.package_identification:_identify(src/thor_controller) by extensions ['ros']
[0.162s] Level 1:colcon.colcon_core.package_identification:_identify(src/thor_controller) by extension 'ros'
[0.163s] DEBUG:colcon.colcon_core.package_identification:Package 'src/thor_controller' with type 'ros.ament_cmake' and name 'thor_controller'
[0.163s] Level 1:colcon.colcon_core.package_identification:_identify(src/thor_joystick) by extensions ['ignore', 'ignore_ament_install']
[0.163s] Level 1:colcon.colcon_core.package_identification:_identify(src/thor_joystick) by extension 'ignore'
[0.163s] Level 1:colcon.colcon_core.package_identification:_identify(src/thor_joystick) by extension 'ignore_ament_install'
[0.163s] Level 1:colcon.colcon_core.package_identification:_identify(src/thor_joystick) by extensions ['colcon_pkg']
[0.163s] Level 1:colcon.colcon_core.package_identification:_identify(src/thor_joystick) by extension 'colcon_pkg'
[0.163s] Level 1:colcon.colcon_core.package_identification:_identify(src/thor_joystick) by extensions ['colcon_meta']
[0.163s] Level 1:colcon.colcon_core.package_identification:_identify(src/thor_joystick) by extension 'colcon_meta'
[0.163s] Level 1:colcon.colcon_core.package_identification:_identify(src/thor_joystick) by extensions ['ros']
[0.163s] Level 1:colcon.colcon_core.package_identification:_identify(src/thor_joystick) by extension 'ros'
[0.163s] DEBUG:colcon.colcon_core.package_identification:Package 'src/thor_joystick' with type 'ros.ament_cmake' and name 'thor_joystick'
[0.163s] Level 1:colcon.colcon_core.package_identification:_identify(src/thor_manipulation) by extensions ['ignore', 'ignore_ament_install']
[0.163s] Level 1:colcon.colcon_core.package_identification:_identify(src/thor_manipulation) by extension 'ignore'
[0.163s] Level 1:colcon.colcon_core.package_identification:_identify(src/thor_manipulation) by extension 'ignore_ament_install'
[0.163s] Level 1:colcon.colcon_core.package_identification:_identify(src/thor_manipulation) by extensions ['colcon_pkg']
[0.163s] Level 1:colcon.colcon_core.package_identification:_identify(src/thor_manipulation) by extension 'colcon_pkg'
[0.164s] Level 1:colcon.colcon_core.package_identification:_identify(src/thor_manipulation) by extensions ['colcon_meta']
[0.164s] Level 1:colcon.colcon_core.package_identification:_identify(src/thor_manipulation) by extension 'colcon_meta'
[0.164s] Level 1:colcon.colcon_core.package_identification:_identify(src/thor_manipulation) by extensions ['ros']
[0.164s] Level 1:colcon.colcon_core.package_identification:_identify(src/thor_manipulation) by extension 'ros'
[0.171s] DEBUG:colcon.colcon_core.package_identification:Package 'src/thor_manipulation' with type 'ros.ament_cmake' and name 'thor_manipulation'
[0.171s] Level 1:colcon.colcon_core.package_identification:_identify(src/thor_moveit) by extensions ['ignore', 'ignore_ament_install']
[0.171s] Level 1:colcon.colcon_core.package_identification:_identify(src/thor_moveit) by extension 'ignore'
[0.171s] Level 1:colcon.colcon_core.package_identification:_identify(src/thor_moveit) by extension 'ignore_ament_install'
[0.171s] Level 1:colcon.colcon_core.package_identification:_identify(src/thor_moveit) by extensions ['colcon_pkg']
[0.171s] Level 1:colcon.colcon_core.package_identification:_identify(src/thor_moveit) by extension 'colcon_pkg'
[0.171s] Level 1:colcon.colcon_core.package_identification:_identify(src/thor_moveit) by extensions ['colcon_meta']
[0.171s] Level 1:colcon.colcon_core.package_identification:_identify(src/thor_moveit) by extension 'colcon_meta'
[0.171s] Level 1:colcon.colcon_core.package_identification:_identify(src/thor_moveit) by extensions ['ros']
[0.171s] Level 1:colcon.colcon_core.package_identification:_identify(src/thor_moveit) by extension 'ros'
[0.171s] DEBUG:colcon.colcon_core.package_identification:Package 'src/thor_moveit' with type 'ros.ament_cmake' and name 'thor_moveit'
[0.171s] Level 1:colcon.colcon_core.package_identification:_identify(src/thor_perception) by extensions ['ignore', 'ignore_ament_install']
[0.171s] Level 1:colcon.colcon_core.package_identification:_identify(src/thor_perception) by extension 'ignore'
[0.172s] Level 1:colcon.colcon_core.package_identification:_identify(src/thor_perception) by extension 'ignore_ament_install'
[0.172s] Level 1:colcon.colcon_core.package_identification:_identify(src/thor_perception) by extensions ['colcon_pkg']
[0.172s] Level 1:colcon.colcon_core.package_identification:_identify(src/thor_perception) by extension 'colcon_pkg'
[0.172s] Level 1:colcon.colcon_core.package_identification:_identify(src/thor_perception) by extensions ['colcon_meta']
[0.172s] Level 1:colcon.colcon_core.package_identification:_identify(src/thor_perception) by extension 'colcon_meta'
[0.172s] Level 1:colcon.colcon_core.package_identification:_identify(src/thor_perception) by extensions ['ros']
[0.172s] Level 1:colcon.colcon_core.package_identification:_identify(src/thor_perception) by extension 'ros'
[0.172s] DEBUG:colcon.colcon_core.package_identification:Package 'src/thor_perception' with type 'ros.ament_cmake' and name 'thor_perception'
[0.172s] Level 1:colcon.colcon_core.package_identification:_identify(src/thor_server) by extensions ['ignore', 'ignore_ament_install']
[0.172s] Level 1:colcon.colcon_core.package_identification:_identify(src/thor_server) by extension 'ignore'
[0.172s] Level 1:colcon.colcon_core.package_identification:_identify(src/thor_server) by extension 'ignore_ament_install'
[0.172s] Level 1:colcon.colcon_core.package_identification:_identify(src/thor_server) by extensions ['colcon_pkg']
[0.172s] Level 1:colcon.colcon_core.package_identification:_identify(src/thor_server) by extension 'colcon_pkg'
[0.172s] Level 1:colcon.colcon_core.package_identification:_identify(src/thor_server) by extensions ['colcon_meta']
[0.172s] Level 1:colcon.colcon_core.package_identification:_identify(src/thor_server) by extension 'colcon_meta'
[0.173s] Level 1:colcon.colcon_core.package_identification:_identify(src/thor_server) by extensions ['ros']
[0.173s] Level 1:colcon.colcon_core.package_identification:_identify(src/thor_server) by extension 'ros'
[0.173s] DEBUG:colcon.colcon_core.package_identification:Package 'src/thor_server' with type 'ros.ament_cmake' and name 'thor_server'
[0.173s] Level 1:colcon.colcon_core.package_identification:_identify(src/thor_tests) by extensions ['ignore', 'ignore_ament_install']
[0.173s] Level 1:colcon.colcon_core.package_identification:_identify(src/thor_tests) by extension 'ignore'
[0.173s] Level 1:colcon.colcon_core.package_identification:_identify(src/thor_tests) by extension 'ignore_ament_install'
[0.173s] Level 1:colcon.colcon_core.package_identification:_identify(src/thor_tests) by extensions ['colcon_pkg']
[0.173s] Level 1:colcon.colcon_core.package_identification:_identify(src/thor_tests) by extension 'colcon_pkg'
[0.173s] Level 1:colcon.colcon_core.package_identification:_identify(src/thor_tests) by extensions ['colcon_meta']
[0.173s] Level 1:colcon.colcon_core.package_identification:_identify(src/thor_tests) by extension 'colcon_meta'
[0.173s] Level 1:colcon.colcon_core.package_identification:_identify(src/thor_tests) by extensions ['ros']
[0.173s] Level 1:colcon.colcon_core.package_identification:_identify(src/thor_tests) by extension 'ros'
[0.173s] Level 1:colcon.colcon_core.package_identification:_identify(src/thor_tests) by extensions ['cmake', 'python']
[0.173s] Level 1:colcon.colcon_core.package_identification:_identify(src/thor_tests) by extension 'cmake'
[0.173s] Level 1:colcon.colcon_core.package_identification:_identify(src/thor_tests) by extension 'python'
[0.173s] Level 1:colcon.colcon_core.package_identification:_identify(src/thor_tests) by extensions ['python_setup_py']
[0.173s] Level 1:colcon.colcon_core.package_identification:_identify(src/thor_tests) by extension 'python_setup_py'
[0.173s] Level 1:colcon.colcon_core.package_identification:_identify(src/thor_tests/src) by extensions ['ignore', 'ignore_ament_install']
[0.173s] Level 1:colcon.colcon_core.package_identification:_identify(src/thor_tests/src) by extension 'ignore'
[0.173s] Level 1:colcon.colcon_core.package_identification:_identify(src/thor_tests/src) by extension 'ignore_ament_install'
[0.174s] Level 1:colcon.colcon_core.package_identification:_identify(src/thor_tests/src) by extensions ['colcon_pkg']
[0.174s] Level 1:colcon.colcon_core.package_identification:_identify(src/thor_tests/src) by extension 'colcon_pkg'
[0.174s] Level 1:colcon.colcon_core.package_identification:_identify(src/thor_tests/src) by extensions ['colcon_meta']
[0.174s] Level 1:colcon.colcon_core.package_identification:_identify(src/thor_tests/src) by extension 'colcon_meta'
[0.174s] Level 1:colcon.colcon_core.package_identification:_identify(src/thor_tests/src) by extensions ['ros']
[0.174s] Level 1:colcon.colcon_core.package_identification:_identify(src/thor_tests/src) by extension 'ros'
[0.174s] Level 1:colcon.colcon_core.package_identification:_identify(src/thor_tests/src) by extensions ['cmake', 'python']
[0.174s] Level 1:colcon.colcon_core.package_identification:_identify(src/thor_tests/src) by extension 'cmake'
[0.174s] Level 1:colcon.colcon_core.package_identification:_identify(src/thor_tests/src) by extension 'python'
[0.174s] Level 1:colcon.colcon_core.package_identification:_identify(src/thor_tests/src) by extensions ['python_setup_py']
[0.174s] Level 1:colcon.colcon_core.package_identification:_identify(src/thor_tests/src) by extension 'python_setup_py'
[0.174s] Level 1:colcon.colcon_core.package_identification:_identify(src/thor_urdf) by extensions ['ignore', 'ignore_ament_install']
[0.174s] Level 1:colcon.colcon_core.package_identification:_identify(src/thor_urdf) by extension 'ignore'
[0.174s] Level 1:colcon.colcon_core.package_identification:_identify(src/thor_urdf) by extension 'ignore_ament_install'
[0.174s] Level 1:colcon.colcon_core.package_identification:_identify(src/thor_urdf) by extensions ['colcon_pkg']
[0.174s] Level 1:colcon.colcon_core.package_identification:_identify(src/thor_urdf) by extension 'colcon_pkg'
[0.174s] Level 1:colcon.colcon_core.package_identification:_identify(src/thor_urdf) by extensions ['colcon_meta']
[0.174s] Level 1:colcon.colcon_core.package_identification:_identify(src/thor_urdf) by extension 'colcon_meta'
[0.174s] Level 1:colcon.colcon_core.package_identification:_identify(src/thor_urdf) by extensions ['ros']
[0.174s] Level 1:colcon.colcon_core.package_identification:_identify(src/thor_urdf) by extension 'ros'
[0.174s] DEBUG:colcon.colcon_core.package_identification:Package 'src/thor_urdf' with type 'ros.ament_cmake' and name 'thor_urdf'
[0.174s] Level 1:colcon.colcon_core.package_discovery:discover_packages(recursive) using defaults
[0.174s] Level 1:colcon.colcon_core.package_discovery:discover_packages(ignore) discover
[0.174s] Level 1:colcon.colcon_core.package_discovery:discover_packages(ignore) using defaults
[0.174s] Level 1:colcon.colcon_core.package_discovery:discover_packages(path) discover
[0.174s] Level 1:colcon.colcon_core.package_discovery:discover_packages(path) using defaults
[0.186s] INFO:colcon.colcon_core.package_selection:Skipping not selected package 'thor_controller' in 'src/thor_controller'
[0.186s] INFO:colcon.colcon_core.package_selection:Skipping not selected package 'thor_manipulation' in 'src/thor_manipulation'
[0.186s] INFO:colcon.colcon_core.package_selection:Skipping not selected package 'thor_urdf' in 'src/thor_urdf'
[0.186s] INFO:colcon.colcon_core.package_selection:Skipping not selected package 'thor_moveit' in 'src/thor_moveit'
[0.186s] INFO:colcon.colcon_core.package_selection:Skipping not selected package 'thor_server' in 'src/thor_server'
[0.186s] INFO:colcon.colcon_core.package_selection:Skipping not selected package 'thor_bringup' in 'src/thor_bringup'
[0.186s] INFO:colcon.colcon_core.package_selection:Skipping not selected package 'thor_joystick' in 'src/thor_joystick'
[0.186s] Level 1:colcon.colcon_core.package_discovery:discover_packages(prefix_path) check parameters
[0.186s] Level 1:colcon.colcon_core.package_discovery:discover_packages(prefix_path) discover
[0.187s] DEBUG:colcon.colcon_installed_package_information.package_discovery:Found 8 installed packages in /home/anish/dp_ws/Thor-ROS/ws_thor/install
[0.188s] DEBUG:colcon.colcon_installed_package_information.package_discovery:Found 7 installed packages in /home/anish/panda_ws/install
[0.188s] DEBUG:colcon.colcon_installed_package_information.package_discovery:Found 10 installed packages in /home/anish/Downloads/mycobot_ros2/install
[0.189s] DEBUG:colcon.colcon_installed_package_information.package_discovery:Found 472 installed packages in /opt/ros/humble
[0.191s] Level 1:colcon.colcon_core.package_discovery:discover_packages(prefix_path) using defaults
[0.221s] Level 5:colcon.colcon_core.verb:set package 'thor_perception' build argument 'cmake_args' from command line to 'None'
[0.221s] Level 5:colcon.colcon_core.verb:set package 'thor_perception' build argument 'cmake_target' from command line to 'None'
[0.221s] Level 5:colcon.colcon_core.verb:set package 'thor_perception' build argument 'cmake_target_skip_unavailable' from command line to 'False'
[0.221s] Level 5:colcon.colcon_core.verb:set package 'thor_perception' build argument 'cmake_clean_cache' from command line to 'False'
[0.221s] Level 5:colcon.colcon_core.verb:set package 'thor_perception' build argument 'cmake_clean_first' from command line to 'False'
[0.221s] Level 5:colcon.colcon_core.verb:set package 'thor_perception' build argument 'cmake_force_configure' from command line to 'False'
[0.221s] Level 5:colcon.colcon_core.verb:set package 'thor_perception' build argument 'ament_cmake_args' from command line to 'None'
[0.221s] Level 5:colcon.colcon_core.verb:set package 'thor_perception' build argument 'catkin_cmake_args' from command line to 'None'
[0.221s] Level 5:colcon.colcon_core.verb:set package 'thor_perception' build argument 'catkin_skip_building_tests' from command line to 'False'
[0.221s] DEBUG:colcon.colcon_core.verb:Building package 'thor_perception' with the following arguments: {'ament_cmake_args': None, 'build_base': '/home/anish/dp_ws/Thor-ROS/ws_thor/build/thor_perception', 'catkin_cmake_args': None, 'catkin_skip_building_tests': False, 'cmake_args': None, 'cmake_clean_cache': False, 'cmake_clean_first': False, 'cmake_force_configure': False, 'cmake_target': None, 'cmake_target_skip_unavailable': False, 'install_base': '/home/anish/dp_ws/Thor-ROS/ws_thor/install/thor_perception', 'merge_install': False, 'path': '/home/anish/dp_ws/Thor-ROS/ws_thor/src/thor_perception', 'symlink_install': False, 'test_result_base': None}
[0.221s] INFO:colcon.colcon_core.executor:Executing jobs using 'parallel' executor
[0.222s] DEBUG:colcon.colcon_parallel_executor.executor.parallel:run_until_complete
[0.222s] INFO:colcon.colcon_ros.task.ament_cmake.build:Building ROS package in '/home/anish/dp_ws/Thor-ROS/ws_thor/src/thor_perception' with build type 'ament_cmake'
[0.222s] INFO:colcon.colcon_cmake.task.cmake.build:Building CMake package in '/home/anish/dp_ws/Thor-ROS/ws_thor/src/thor_perception'
[0.223s] INFO:colcon.colcon_core.plugin_system:Skipping extension 'colcon_core.shell.bat': Not used on non-Windows systems
[0.223s] INFO:colcon.colcon_core.shell:Skip shell extension 'powershell' for command environment: Not usable outside of PowerShell
[0.223s] DEBUG:colcon.colcon_core.shell:Skip shell extension 'dsv' for command environment
[0.232s] DEBUG:colcon.colcon_core.event_handler.log_command:Invoking command in '/home/anish/dp_ws/Thor-ROS/ws_thor/build/thor_perception': CMAKE_PREFIX_PATH=${CMAKE_PREFIX_PATH}:/opt/ros/humble /usr/bin/cmake --build /home/anish/dp_ws/Thor-ROS/ws_thor/build/thor_perception -- -j16 -l16
[0.279s] DEBUG:colcon.colcon_core.event_handler.log_command:Invoked command in '/home/anish/dp_ws/Thor-ROS/ws_thor/build/thor_perception' returned '0': CMAKE_PREFIX_PATH=${CMAKE_PREFIX_PATH}:/opt/ros/humble /usr/bin/cmake --build /home/anish/dp_ws/Thor-ROS/ws_thor/build/thor_perception -- -j16 -l16
[0.287s] DEBUG:colcon.colcon_core.event_handler.log_command:Invoking command in '/home/anish/dp_ws/Thor-ROS/ws_thor/build/thor_perception': CMAKE_PREFIX_PATH=${CMAKE_PREFIX_PATH}:/opt/ros/humble /usr/bin/cmake --install /home/anish/dp_ws/Thor-ROS/ws_thor/build/thor_perception
[0.294s] Level 1:colcon.colcon_core.environment:create_environment_scripts_only(thor_perception)
[0.295s] DEBUG:colcon.colcon_core.event_handler.log_command:Invoked command in '/home/anish/dp_ws/Thor-ROS/ws_thor/build/thor_perception' returned '0': CMAKE_PREFIX_PATH=${CMAKE_PREFIX_PATH}:/opt/ros/humble /usr/bin/cmake --install /home/anish/dp_ws/Thor-ROS/ws_thor/build/thor_perception
[0.297s] Level 1:colcon.colcon_core.environment:checking '/home/anish/dp_ws/Thor-ROS/ws_thor/install/thor_perception' for CMake module files
[0.297s] Level 1:colcon.colcon_core.environment:checking '/home/anish/dp_ws/Thor-ROS/ws_thor/install/thor_perception' for CMake config files
[0.297s] Level 1:colcon.colcon_core.shell:create_environment_hook('thor_perception', 'cmake_prefix_path')
[0.297s] INFO:colcon.colcon_core.shell:Creating environment hook '/home/anish/dp_ws/Thor-ROS/ws_thor/install/thor_perception/share/thor_perception/hook/cmake_prefix_path.ps1'
[0.298s] INFO:colcon.colcon_core.shell:Creating environment descriptor '/home/anish/dp_ws/Thor-ROS/ws_thor/install/thor_perception/share/thor_perception/hook/cmake_prefix_path.dsv'
[0.298s] INFO:colcon.colcon_core.shell:Creating environment hook '/home/anish/dp_ws/Thor-ROS/ws_thor/install/thor_perception/share/thor_perception/hook/cmake_prefix_path.sh'
[0.299s] Level 1:colcon.colcon_core.environment:checking '/home/anish/dp_ws/Thor-ROS/ws_thor/install/thor_perception/lib'
[0.299s] Level 1:colcon.colcon_core.environment:checking '/home/anish/dp_ws/Thor-ROS/ws_thor/install/thor_perception/bin'
[0.299s] Level 1:colcon.colcon_core.environment:checking '/home/anish/dp_ws/Thor-ROS/ws_thor/install/thor_perception/lib/pkgconfig/thor_perception.pc'
[0.299s] Level 1:colcon.colcon_core.environment:checking '/home/anish/dp_ws/Thor-ROS/ws_thor/install/thor_perception/lib/python3.10/site-packages'
[0.299s] Level 1:colcon.colcon_core.environment:checking '/home/anish/dp_ws/Thor-ROS/ws_thor/install/thor_perception/bin'
[0.299s] INFO:colcon.colcon_core.shell:Creating package script '/home/anish/dp_ws/Thor-ROS/ws_thor/install/thor_perception/share/thor_perception/package.ps1'
[0.300s] INFO:colcon.colcon_core.shell:Creating package descriptor '/home/anish/dp_ws/Thor-ROS/ws_thor/install/thor_perception/share/thor_perception/package.dsv'
[0.300s] INFO:colcon.colcon_core.shell:Creating package script '/home/anish/dp_ws/Thor-ROS/ws_thor/install/thor_perception/share/thor_perception/package.sh'
[0.300s] INFO:colcon.colcon_core.shell:Creating package script '/home/anish/dp_ws/Thor-ROS/ws_thor/install/thor_perception/share/thor_perception/package.bash'
[0.301s] INFO:colcon.colcon_core.shell:Creating package script '/home/anish/dp_ws/Thor-ROS/ws_thor/install/thor_perception/share/thor_perception/package.zsh'
[0.301s] Level 1:colcon.colcon_core.environment:create_file_with_runtime_dependencies(/home/anish/dp_ws/Thor-ROS/ws_thor/install/thor_perception/share/colcon-core/packages/thor_perception)
[0.301s] Level 1:colcon.colcon_core.environment:create_environment_scripts_only(thor_perception)
[0.302s] Level 1:colcon.colcon_core.environment:checking '/home/anish/dp_ws/Thor-ROS/ws_thor/install/thor_perception' for CMake module files
[0.302s] Level 1:colcon.colcon_core.environment:checking '/home/anish/dp_ws/Thor-ROS/ws_thor/install/thor_perception' for CMake config files
[0.302s] Level 1:colcon.colcon_core.shell:create_environment_hook('thor_perception', 'cmake_prefix_path')
[0.302s] INFO:colcon.colcon_core.shell:Creating environment hook '/home/anish/dp_ws/Thor-ROS/ws_thor/install/thor_perception/share/thor_perception/hook/cmake_prefix_path.ps1'
[0.302s] INFO:colcon.colcon_core.shell:Creating environment descriptor '/home/anish/dp_ws/Thor-ROS/ws_thor/install/thor_perception/share/thor_perception/hook/cmake_prefix_path.dsv'
[0.303s] INFO:colcon.colcon_core.shell:Creating environment hook '/home/anish/dp_ws/Thor-ROS/ws_thor/install/thor_perception/share/thor_perception/hook/cmake_prefix_path.sh'
[0.303s] Level 1:colcon.colcon_core.environment:checking '/home/anish/dp_ws/Thor-ROS/ws_thor/install/thor_perception/lib'
[0.303s] Level 1:colcon.colcon_core.environment:checking '/home/anish/dp_ws/Thor-ROS/ws_thor/install/thor_perception/bin'
[0.303s] Level 1:colcon.colcon_core.environment:checking '/home/anish/dp_ws/Thor-ROS/ws_thor/install/thor_perception/lib/pkgconfig/thor_perception.pc'
[0.303s] Level 1:colcon.colcon_core.environment:checking '/home/anish/dp_ws/Thor-ROS/ws_thor/install/thor_perception/lib/python3.10/site-packages'
[0.303s] Level 1:colcon.colcon_core.environment:checking '/home/anish/dp_ws/Thor-ROS/ws_thor/install/thor_perception/bin'
[0.303s] INFO:colcon.colcon_core.shell:Creating package script '/home/anish/dp_ws/Thor-ROS/ws_thor/install/thor_perception/share/thor_perception/package.ps1'
[0.304s] INFO:colcon.colcon_core.shell:Creating package descriptor '/home/anish/dp_ws/Thor-ROS/ws_thor/install/thor_perception/share/thor_perception/package.dsv'
[0.304s] INFO:colcon.colcon_core.shell:Creating package script '/home/anish/dp_ws/Thor-ROS/ws_thor/install/thor_perception/share/thor_perception/package.sh'
[0.304s] INFO:colcon.colcon_core.shell:Creating package script '/home/anish/dp_ws/Thor-ROS/ws_thor/install/thor_perception/share/thor_perception/package.bash'
[0.304s] INFO:colcon.colcon_core.shell:Creating package script '/home/anish/dp_ws/Thor-ROS/ws_thor/install/thor_perception/share/thor_perception/package.zsh'
[0.305s] Level 1:colcon.colcon_core.environment:create_file_with_runtime_dependencies(/home/anish/dp_ws/Thor-ROS/ws_thor/install/thor_perception/share/colcon-core/packages/thor_perception)
[0.305s] DEBUG:colcon.colcon_parallel_executor.executor.parallel:closing loop
[0.305s] DEBUG:colcon.colcon_parallel_executor.executor.parallel:loop closed
[0.305s] DEBUG:colcon.colcon_parallel_executor.executor.parallel:run_until_complete finished with '0'
[0.305s] DEBUG:colcon.colcon_core.event_reactor:joining thread
[0.308s] INFO:colcon.colcon_core.plugin_system:Skipping extension 'colcon_notification.desktop_notification.terminal_notifier': Not used on non-Darwin systems
[0.308s] INFO:colcon.colcon_core.plugin_system:Skipping extension 'colcon_notification.desktop_notification.win32': Not used on non-Windows systems
[0.308s] INFO:colcon.colcon_notification.desktop_notification:Sending desktop notification using 'notify2'
[0.316s] DEBUG:colcon.colcon_core.event_reactor:joined thread
[0.317s] INFO:colcon.colcon_core.shell:Creating prefix script '/home/anish/dp_ws/Thor-ROS/ws_thor/install/local_setup.ps1'
[0.317s] INFO:colcon.colcon_core.shell:Creating prefix util module '/home/anish/dp_ws/Thor-ROS/ws_thor/install/_local_setup_util_ps1.py'
[0.318s] INFO:colcon.colcon_core.shell:Creating prefix chain script '/home/anish/dp_ws/Thor-ROS/ws_thor/install/setup.ps1'
[0.320s] INFO:colcon.colcon_core.shell:Creating prefix script '/home/anish/dp_ws/Thor-ROS/ws_thor/install/local_setup.sh'
[0.320s] INFO:colcon.colcon_core.shell:Creating prefix util module '/home/anish/dp_ws/Thor-ROS/ws_thor/install/_local_setup_util_sh.py'
[0.320s] INFO:colcon.colcon_core.shell:Creating prefix chain script '/home/anish/dp_ws/Thor-ROS/ws_thor/install/setup.sh'
[0.321s] INFO:colcon.colcon_core.shell:Creating prefix script '/home/anish/dp_ws/Thor-ROS/ws_thor/install/local_setup.bash'
[0.322s] INFO:colcon.colcon_core.shell:Creating prefix chain script '/home/anish/dp_ws/Thor-ROS/ws_thor/install/setup.bash'
[0.323s] INFO:colcon.colcon_core.shell:Creating prefix script '/home/anish/dp_ws/Thor-ROS/ws_thor/install/local_setup.zsh'
[0.325s] INFO:colcon.colcon_core.shell:Creating prefix chain script '/home/anish/dp_ws/Thor-ROS/ws_thor/install/setup.zsh'
