[0.010s] Invoking command in '/home/anish/dp_ws/Thor-ROS/ws_thor/build/thor_teleop': CMAKE_PREFIX_PATH=${CMAKE_PREFIX_PATH}:/opt/ros/humble /usr/bin/cmake /home/anish/dp_ws/Thor-ROS/ws_thor/src/thor_teleop -DCMAKE_INSTALL_PREFIX=/home/anish/dp_ws/Thor-ROS/ws_thor/install/thor_teleop
[0.062s] -- The C compiler identification is GNU 11.4.0
[0.140s] -- The CXX compiler identification is GNU 11.4.0
[0.147s] -- Detecting C compiler ABI info
[0.211s] -- Detecting C compiler ABI info - done
[0.215s] -- Check for working C compiler: /usr/bin/cc - skipped
[0.215s] -- Detecting C compile features
[0.215s] -- Detecting C compile features - done
[0.217s] -- Detecting CXX compiler ABI info
[0.285s] -- Detecting CXX compiler ABI info - done
[0.289s] -- Check for working CXX compiler: /usr/bin/c++ - skipped
[0.289s] -- Detecting CXX compile features
[0.289s] -- Detecting CXX compile features - done
[0.293s] -- Found ament_cmake: 1.3.11 (/opt/ros/humble/share/ament_cmake/cmake)
[0.405s] -- Found Python3: /usr/bin/python3 (found version "3.10.12") found components: Interpreter 
[0.498s] -- Found rclpy: 3.3.16 (/opt/ros/humble/share/rclpy/cmake)
[0.502s] -- Found moveit_msgs: 2.2.1 (/opt/ros/humble/share/moveit_msgs/cmake)
[0.549s] -- Found rosidl_generator_c: 3.1.6 (/opt/ros/humble/share/rosidl_generator_c/cmake)
[0.556s] -- Found rosidl_adapter: 3.1.6 (/opt/ros/humble/share/rosidl_adapter/cmake)
[0.565s] -- Found rosidl_generator_cpp: 3.1.6 (/opt/ros/humble/share/rosidl_generator_cpp/cmake)
[0.577s] -- Using all available rosidl_typesupport_c: rosidl_typesupport_fastrtps_c;rosidl_typesupport_introspection_c
[0.593s] -- Using all available rosidl_typesupport_cpp: rosidl_typesupport_fastrtps_cpp;rosidl_typesupport_introspection_cpp
[0.761s] -- Configuring done
[0.764s] -- Generating done
[0.765s] -- Build files have been written to: /home/anish/dp_ws/Thor-ROS/ws_thor/build/thor_teleop
[0.772s] Invoked command in '/home/anish/dp_ws/Thor-ROS/ws_thor/build/thor_teleop' returned '0': CMAKE_PREFIX_PATH=${CMAKE_PREFIX_PATH}:/opt/ros/humble /usr/bin/cmake /home/anish/dp_ws/Thor-ROS/ws_thor/src/thor_teleop -DCMAKE_INSTALL_PREFIX=/home/anish/dp_ws/Thor-ROS/ws_thor/install/thor_teleop
[0.772s] Invoking command in '/home/anish/dp_ws/Thor-ROS/ws_thor/build/thor_teleop': CMAKE_PREFIX_PATH=${CMAKE_PREFIX_PATH}:/opt/ros/humble /usr/bin/cmake --build /home/anish/dp_ws/Thor-ROS/ws_thor/build/thor_teleop -- -j16 -l16
[0.807s] Invoked command in '/home/anish/dp_ws/Thor-ROS/ws_thor/build/thor_teleop' returned '0': CMAKE_PREFIX_PATH=${CMAKE_PREFIX_PATH}:/opt/ros/humble /usr/bin/cmake --build /home/anish/dp_ws/Thor-ROS/ws_thor/build/thor_teleop -- -j16 -l16
[0.814s] Invoking command in '/home/anish/dp_ws/Thor-ROS/ws_thor/build/thor_teleop': CMAKE_PREFIX_PATH=${CMAKE_PREFIX_PATH}:/opt/ros/humble /usr/bin/cmake --install /home/anish/dp_ws/Thor-ROS/ws_thor/build/thor_teleop
[0.819s] -- Install configuration: ""
[0.819s] -- Installing: /home/anish/dp_ws/Thor-ROS/ws_thor/install/thor_teleop/lib/thor_teleop
[0.819s] -- Installing: /home/anish/dp_ws/Thor-ROS/ws_thor/install/thor_teleop/lib/thor_teleop/teleop_pose_control.py
[0.819s] -- Installing: /home/anish/dp_ws/Thor-ROS/ws_thor/install/thor_teleop/lib/thor_teleop/teleop_joint_control.py
[0.819s] -- Installing: /home/anish/dp_ws/Thor-ROS/ws_thor/install/thor_teleop/share/ament_index/resource_index/package_run_dependencies/thor_teleop
[0.820s] -- Installing: /home/anish/dp_ws/Thor-ROS/ws_thor/install/thor_teleop/share/ament_index/resource_index/parent_prefix_path/thor_teleop
[0.820s] -- Installing: /home/anish/dp_ws/Thor-ROS/ws_thor/install/thor_teleop/share/thor_teleop/environment/ament_prefix_path.sh
[0.820s] -- Installing: /home/anish/dp_ws/Thor-ROS/ws_thor/install/thor_teleop/share/thor_teleop/environment/ament_prefix_path.dsv
[0.820s] -- Installing: /home/anish/dp_ws/Thor-ROS/ws_thor/install/thor_teleop/share/thor_teleop/environment/path.sh
[0.820s] -- Installing: /home/anish/dp_ws/Thor-ROS/ws_thor/install/thor_teleop/share/thor_teleop/environment/path.dsv
[0.820s] -- Installing: /home/anish/dp_ws/Thor-ROS/ws_thor/install/thor_teleop/share/thor_teleop/local_setup.bash
[0.820s] -- Installing: /home/anish/dp_ws/Thor-ROS/ws_thor/install/thor_teleop/share/thor_teleop/local_setup.sh
[0.820s] -- Installing: /home/anish/dp_ws/Thor-ROS/ws_thor/install/thor_teleop/share/thor_teleop/local_setup.zsh
[0.820s] -- Installing: /home/anish/dp_ws/Thor-ROS/ws_thor/install/thor_teleop/share/thor_teleop/local_setup.dsv
[0.820s] -- Installing: /home/anish/dp_ws/Thor-ROS/ws_thor/install/thor_teleop/share/thor_teleop/package.dsv
[0.820s] -- Installing: /home/anish/dp_ws/Thor-ROS/ws_thor/install/thor_teleop/share/ament_index/resource_index/packages/thor_teleop
[0.820s] -- Installing: /home/anish/dp_ws/Thor-ROS/ws_thor/install/thor_teleop/share/thor_teleop/cmake/thor_teleopConfig.cmake
[0.821s] -- Installing: /home/anish/dp_ws/Thor-ROS/ws_thor/install/thor_teleop/share/thor_teleop/cmake/thor_teleopConfig-version.cmake
[0.821s] -- Installing: /home/anish/dp_ws/Thor-ROS/ws_thor/install/thor_teleop/share/thor_teleop/package.xml
[0.822s] Invoked command in '/home/anish/dp_ws/Thor-ROS/ws_thor/build/thor_teleop' returned '0': CMAKE_PREFIX_PATH=${CMAKE_PREFIX_PATH}:/opt/ros/humble /usr/bin/cmake --install /home/anish/dp_ws/Thor-ROS/ws_thor/build/thor_teleop
