[0.055s] DEBUG:colcon:Command line arguments: ['/usr/bin/colcon', 'build', '--packages-select', 'thor_teleop']
[0.056s] DEBUG:colcon:Parsed command line arguments: Namespace(log_base=None, log_level=None, verb_name='build', build_base='build', install_base='install', merge_install=False, symlink_install=False, test_result_base=None, continue_on_error=False, executor='parallel', parallel_workers=16, event_handlers=None, ignore_user_meta=False, metas=['./colcon.meta'], base_paths=['.'], packages_ignore=None, packages_ignore_regex=None, paths=None, packages_up_to=None, packages_up_to_regex=None, packages_above=None, packages_above_and_dependencies=None, packages_above_depth=None, packages_select_by_dep=None, packages_skip_by_dep=None, packages_skip_up_to=None, packages_select_build_failed=False, packages_skip_build_finished=False, packages_select_test_failures=False, packages_skip_test_passed=False, packages_select=['thor_teleop'], packages_skip=None, packages_select_regex=None, packages_skip_regex=None, packages_start=None, packages_end=None, allow_overriding=[], cmake_args=None, cmake_target=None, cmake_target_skip_unavailable=False, cmake_clean_cache=False, cmake_clean_first=False, cmake_force_configure=False, ament_cmake_args=None, catkin_cmake_args=None, catkin_skip_building_tests=False, verb_parser=<colcon_defaults.argument_parser.defaults.DefaultArgumentsDecorator object at 0x7d625fd5e4a0>, verb_extension=<colcon_core.verb.build.BuildVerb object at 0x7d625fecfac0>, main=<bound method BuildVerb.main of <colcon_core.verb.build.BuildVerb object at 0x7d625fecfac0>>)
[0.151s] Level 1:colcon.colcon_core.package_discovery:discover_packages(colcon_meta) check parameters
[0.151s] Level 1:colcon.colcon_core.package_discovery:discover_packages(recursive) check parameters
[0.151s] Level 1:colcon.colcon_core.package_discovery:discover_packages(ignore) check parameters
[0.151s] Level 1:colcon.colcon_core.package_discovery:discover_packages(path) check parameters
[0.151s] Level 1:colcon.colcon_core.package_discovery:discover_packages(colcon_meta) discover
[0.151s] Level 1:colcon.colcon_core.package_discovery:discover_packages(recursive) discover
[0.151s] INFO:colcon.colcon_core.package_discovery:Crawling recursively for packages in '/home/anish/dp_ws/Thor-ROS/ws_thor'
[0.151s] Level 1:colcon.colcon_core.package_identification:_identify(.) by extensions ['ignore', 'ignore_ament_install']
[0.152s] Level 1:colcon.colcon_core.package_identification:_identify(.) by extension 'ignore'
[0.152s] Level 1:colcon.colcon_core.package_identification:_identify(.) by extension 'ignore_ament_install'
[0.152s] Level 1:colcon.colcon_core.package_identification:_identify(.) by extensions ['colcon_pkg']
[0.152s] Level 1:colcon.colcon_core.package_identification:_identify(.) by extension 'colcon_pkg'
[0.152s] Level 1:colcon.colcon_core.package_identification:_identify(.) by extensions ['colcon_meta']
[0.152s] Level 1:colcon.colcon_core.package_identification:_identify(.) by extension 'colcon_meta'
[0.152s] Level 1:colcon.colcon_core.package_identification:_identify(.) by extensions ['ros']
[0.152s] Level 1:colcon.colcon_core.package_identification:_identify(.) by extension 'ros'
[0.159s] Level 1:colcon.colcon_core.package_identification:_identify(.) by extensions ['cmake', 'python']
[0.159s] Level 1:colcon.colcon_core.package_identification:_identify(.) by extension 'cmake'
[0.159s] Level 1:colcon.colcon_core.package_identification:_identify(.) by extension 'python'
[0.159s] Level 1:colcon.colcon_core.package_identification:_identify(.) by extensions ['python_setup_py']
[0.159s] Level 1:colcon.colcon_core.package_identification:_identify(.) by extension 'python_setup_py'
[0.159s] Level 1:colcon.colcon_core.package_identification:_identify(build) by extensions ['ignore', 'ignore_ament_install']
[0.159s] Level 1:colcon.colcon_core.package_identification:_identify(build) by extension 'ignore'
[0.159s] Level 1:colcon.colcon_core.package_identification:_identify(build) ignored
[0.159s] Level 1:colcon.colcon_core.package_identification:_identify(install) by extensions ['ignore', 'ignore_ament_install']
[0.159s] Level 1:colcon.colcon_core.package_identification:_identify(install) by extension 'ignore'
[0.159s] Level 1:colcon.colcon_core.package_identification:_identify(install) ignored
[0.159s] Level 1:colcon.colcon_core.package_identification:_identify(log) by extensions ['ignore', 'ignore_ament_install']
[0.159s] Level 1:colcon.colcon_core.package_identification:_identify(log) by extension 'ignore'
[0.159s] Level 1:colcon.colcon_core.package_identification:_identify(log) ignored
[0.160s] Level 1:colcon.colcon_core.package_identification:_identify(src) by extensions ['ignore', 'ignore_ament_install']
[0.160s] Level 1:colcon.colcon_core.package_identification:_identify(src) by extension 'ignore'
[0.160s] Level 1:colcon.colcon_core.package_identification:_identify(src) by extension 'ignore_ament_install'
[0.160s] Level 1:colcon.colcon_core.package_identification:_identify(src) by extensions ['colcon_pkg']
[0.160s] Level 1:colcon.colcon_core.package_identification:_identify(src) by extension 'colcon_pkg'
[0.160s] Level 1:colcon.colcon_core.package_identification:_identify(src) by extensions ['colcon_meta']
[0.160s] Level 1:colcon.colcon_core.package_identification:_identify(src) by extension 'colcon_meta'
[0.160s] Level 1:colcon.colcon_core.package_identification:_identify(src) by extensions ['ros']
[0.160s] Level 1:colcon.colcon_core.package_identification:_identify(src) by extension 'ros'
[0.160s] Level 1:colcon.colcon_core.package_identification:_identify(src) by extensions ['cmake', 'python']
[0.160s] Level 1:colcon.colcon_core.package_identification:_identify(src) by extension 'cmake'
[0.160s] Level 1:colcon.colcon_core.package_identification:_identify(src) by extension 'python'
[0.160s] Level 1:colcon.colcon_core.package_identification:_identify(src) by extensions ['python_setup_py']
[0.160s] Level 1:colcon.colcon_core.package_identification:_identify(src) by extension 'python_setup_py'
[0.160s] Level 1:colcon.colcon_core.package_identification:_identify(src/thor_bringup) by extensions ['ignore', 'ignore_ament_install']
[0.160s] Level 1:colcon.colcon_core.package_identification:_identify(src/thor_bringup) by extension 'ignore'
[0.160s] Level 1:colcon.colcon_core.package_identification:_identify(src/thor_bringup) by extension 'ignore_ament_install'
[0.160s] Level 1:colcon.colcon_core.package_identification:_identify(src/thor_bringup) by extensions ['colcon_pkg']
[0.160s] Level 1:colcon.colcon_core.package_identification:_identify(src/thor_bringup) by extension 'colcon_pkg'
[0.160s] Level 1:colcon.colcon_core.package_identification:_identify(src/thor_bringup) by extensions ['colcon_meta']
[0.160s] Level 1:colcon.colcon_core.package_identification:_identify(src/thor_bringup) by extension 'colcon_meta'
[0.160s] Level 1:colcon.colcon_core.package_identification:_identify(src/thor_bringup) by extensions ['ros']
[0.160s] Level 1:colcon.colcon_core.package_identification:_identify(src/thor_bringup) by extension 'ros'
[0.163s] DEBUG:colcon.colcon_core.package_identification:Package 'src/thor_bringup' with type 'ros.ament_cmake' and name 'thor_bringup'
[0.163s] Level 1:colcon.colcon_core.package_identification:_identify(src/thor_controller) by extensions ['ignore', 'ignore_ament_install']
[0.163s] Level 1:colcon.colcon_core.package_identification:_identify(src/thor_controller) by extension 'ignore'
[0.163s] Level 1:colcon.colcon_core.package_identification:_identify(src/thor_controller) by extension 'ignore_ament_install'
[0.163s] Level 1:colcon.colcon_core.package_identification:_identify(src/thor_controller) by extensions ['colcon_pkg']
[0.163s] Level 1:colcon.colcon_core.package_identification:_identify(src/thor_controller) by extension 'colcon_pkg'
[0.163s] Level 1:colcon.colcon_core.package_identification:_identify(src/thor_controller) by extensions ['colcon_meta']
[0.163s] Level 1:colcon.colcon_core.package_identification:_identify(src/thor_controller) by extension 'colcon_meta'
[0.163s] Level 1:colcon.colcon_core.package_identification:_identify(src/thor_controller) by extensions ['ros']
[0.163s] Level 1:colcon.colcon_core.package_identification:_identify(src/thor_controller) by extension 'ros'
[0.164s] DEBUG:colcon.colcon_core.package_identification:Package 'src/thor_controller' with type 'ros.ament_cmake' and name 'thor_controller'
[0.164s] Level 1:colcon.colcon_core.package_identification:_identify(src/thor_joystick) by extensions ['ignore', 'ignore_ament_install']
[0.164s] Level 1:colcon.colcon_core.package_identification:_identify(src/thor_joystick) by extension 'ignore'
[0.164s] Level 1:colcon.colcon_core.package_identification:_identify(src/thor_joystick) by extension 'ignore_ament_install'
[0.164s] Level 1:colcon.colcon_core.package_identification:_identify(src/thor_joystick) by extensions ['colcon_pkg']
[0.164s] Level 1:colcon.colcon_core.package_identification:_identify(src/thor_joystick) by extension 'colcon_pkg'
[0.164s] Level 1:colcon.colcon_core.package_identification:_identify(src/thor_joystick) by extensions ['colcon_meta']
[0.164s] Level 1:colcon.colcon_core.package_identification:_identify(src/thor_joystick) by extension 'colcon_meta'
[0.164s] Level 1:colcon.colcon_core.package_identification:_identify(src/thor_joystick) by extensions ['ros']
[0.164s] Level 1:colcon.colcon_core.package_identification:_identify(src/thor_joystick) by extension 'ros'
[0.165s] DEBUG:colcon.colcon_core.package_identification:Package 'src/thor_joystick' with type 'ros.ament_cmake' and name 'thor_joystick'
[0.165s] Level 1:colcon.colcon_core.package_identification:_identify(src/thor_manipulation) by extensions ['ignore', 'ignore_ament_install']
[0.165s] Level 1:colcon.colcon_core.package_identification:_identify(src/thor_manipulation) by extension 'ignore'
[0.165s] Level 1:colcon.colcon_core.package_identification:_identify(src/thor_manipulation) by extension 'ignore_ament_install'
[0.165s] Level 1:colcon.colcon_core.package_identification:_identify(src/thor_manipulation) by extensions ['colcon_pkg']
[0.165s] Level 1:colcon.colcon_core.package_identification:_identify(src/thor_manipulation) by extension 'colcon_pkg'
[0.165s] Level 1:colcon.colcon_core.package_identification:_identify(src/thor_manipulation) by extensions ['colcon_meta']
[0.165s] Level 1:colcon.colcon_core.package_identification:_identify(src/thor_manipulation) by extension 'colcon_meta'
[0.165s] Level 1:colcon.colcon_core.package_identification:_identify(src/thor_manipulation) by extensions ['ros']
[0.165s] Level 1:colcon.colcon_core.package_identification:_identify(src/thor_manipulation) by extension 'ros'
[0.174s] DEBUG:colcon.colcon_core.package_identification:Package 'src/thor_manipulation' with type 'ros.ament_cmake' and name 'thor_manipulation'
[0.175s] Level 1:colcon.colcon_core.package_identification:_identify(src/thor_moveit) by extensions ['ignore', 'ignore_ament_install']
[0.175s] Level 1:colcon.colcon_core.package_identification:_identify(src/thor_moveit) by extension 'ignore'
[0.175s] Level 1:colcon.colcon_core.package_identification:_identify(src/thor_moveit) by extension 'ignore_ament_install'
[0.175s] Level 1:colcon.colcon_core.package_identification:_identify(src/thor_moveit) by extensions ['colcon_pkg']
[0.175s] Level 1:colcon.colcon_core.package_identification:_identify(src/thor_moveit) by extension 'colcon_pkg'
[0.175s] Level 1:colcon.colcon_core.package_identification:_identify(src/thor_moveit) by extensions ['colcon_meta']
[0.175s] Level 1:colcon.colcon_core.package_identification:_identify(src/thor_moveit) by extension 'colcon_meta'
[0.175s] Level 1:colcon.colcon_core.package_identification:_identify(src/thor_moveit) by extensions ['ros']
[0.175s] Level 1:colcon.colcon_core.package_identification:_identify(src/thor_moveit) by extension 'ros'
[0.175s] DEBUG:colcon.colcon_core.package_identification:Package 'src/thor_moveit' with type 'ros.ament_cmake' and name 'thor_moveit'
[0.175s] Level 1:colcon.colcon_core.package_identification:_identify(src/thor_perception) by extensions ['ignore', 'ignore_ament_install']
[0.175s] Level 1:colcon.colcon_core.package_identification:_identify(src/thor_perception) by extension 'ignore'
[0.175s] Level 1:colcon.colcon_core.package_identification:_identify(src/thor_perception) by extension 'ignore_ament_install'
[0.175s] Level 1:colcon.colcon_core.package_identification:_identify(src/thor_perception) by extensions ['colcon_pkg']
[0.175s] Level 1:colcon.colcon_core.package_identification:_identify(src/thor_perception) by extension 'colcon_pkg'
[0.175s] Level 1:colcon.colcon_core.package_identification:_identify(src/thor_perception) by extensions ['colcon_meta']
[0.175s] Level 1:colcon.colcon_core.package_identification:_identify(src/thor_perception) by extension 'colcon_meta'
[0.175s] Level 1:colcon.colcon_core.package_identification:_identify(src/thor_perception) by extensions ['ros']
[0.175s] Level 1:colcon.colcon_core.package_identification:_identify(src/thor_perception) by extension 'ros'
[0.176s] DEBUG:colcon.colcon_core.package_identification:Package 'src/thor_perception' with type 'ros.ament_cmake' and name 'thor_perception'
[0.176s] Level 1:colcon.colcon_core.package_identification:_identify(src/thor_server) by extensions ['ignore', 'ignore_ament_install']
[0.176s] Level 1:colcon.colcon_core.package_identification:_identify(src/thor_server) by extension 'ignore'
[0.176s] Level 1:colcon.colcon_core.package_identification:_identify(src/thor_server) by extension 'ignore_ament_install'
[0.176s] Level 1:colcon.colcon_core.package_identification:_identify(src/thor_server) by extensions ['colcon_pkg']
[0.176s] Level 1:colcon.colcon_core.package_identification:_identify(src/thor_server) by extension 'colcon_pkg'
[0.176s] Level 1:colcon.colcon_core.package_identification:_identify(src/thor_server) by extensions ['colcon_meta']
[0.176s] Level 1:colcon.colcon_core.package_identification:_identify(src/thor_server) by extension 'colcon_meta'
[0.176s] Level 1:colcon.colcon_core.package_identification:_identify(src/thor_server) by extensions ['ros']
[0.176s] Level 1:colcon.colcon_core.package_identification:_identify(src/thor_server) by extension 'ros'
[0.177s] DEBUG:colcon.colcon_core.package_identification:Package 'src/thor_server' with type 'ros.ament_cmake' and name 'thor_server'
[0.177s] Level 1:colcon.colcon_core.package_identification:_identify(src/thor_teleop) by extensions ['ignore', 'ignore_ament_install']
[0.177s] Level 1:colcon.colcon_core.package_identification:_identify(src/thor_teleop) by extension 'ignore'
[0.177s] Level 1:colcon.colcon_core.package_identification:_identify(src/thor_teleop) by extension 'ignore_ament_install'
[0.177s] Level 1:colcon.colcon_core.package_identification:_identify(src/thor_teleop) by extensions ['colcon_pkg']
[0.177s] Level 1:colcon.colcon_core.package_identification:_identify(src/thor_teleop) by extension 'colcon_pkg'
[0.177s] Level 1:colcon.colcon_core.package_identification:_identify(src/thor_teleop) by extensions ['colcon_meta']
[0.177s] Level 1:colcon.colcon_core.package_identification:_identify(src/thor_teleop) by extension 'colcon_meta'
[0.177s] Level 1:colcon.colcon_core.package_identification:_identify(src/thor_teleop) by extensions ['ros']
[0.177s] Level 1:colcon.colcon_core.package_identification:_identify(src/thor_teleop) by extension 'ros'
[0.177s] DEBUG:colcon.colcon_core.package_identification:Package 'src/thor_teleop' with type 'ros.ament_cmake' and name 'thor_teleop'
[0.177s] Level 1:colcon.colcon_core.package_identification:_identify(src/thor_tests) by extensions ['ignore', 'ignore_ament_install']
[0.177s] Level 1:colcon.colcon_core.package_identification:_identify(src/thor_tests) by extension 'ignore'
[0.177s] Level 1:colcon.colcon_core.package_identification:_identify(src/thor_tests) by extension 'ignore_ament_install'
[0.177s] Level 1:colcon.colcon_core.package_identification:_identify(src/thor_tests) by extensions ['colcon_pkg']
[0.177s] Level 1:colcon.colcon_core.package_identification:_identify(src/thor_tests) by extension 'colcon_pkg'
[0.178s] Level 1:colcon.colcon_core.package_identification:_identify(src/thor_tests) by extensions ['colcon_meta']
[0.178s] Level 1:colcon.colcon_core.package_identification:_identify(src/thor_tests) by extension 'colcon_meta'
[0.178s] Level 1:colcon.colcon_core.package_identification:_identify(src/thor_tests) by extensions ['ros']
[0.178s] Level 1:colcon.colcon_core.package_identification:_identify(src/thor_tests) by extension 'ros'
[0.178s] Level 1:colcon.colcon_core.package_identification:_identify(src/thor_tests) by extensions ['cmake', 'python']
[0.178s] Level 1:colcon.colcon_core.package_identification:_identify(src/thor_tests) by extension 'cmake'
[0.178s] Level 1:colcon.colcon_core.package_identification:_identify(src/thor_tests) by extension 'python'
[0.178s] Level 1:colcon.colcon_core.package_identification:_identify(src/thor_tests) by extensions ['python_setup_py']
[0.178s] Level 1:colcon.colcon_core.package_identification:_identify(src/thor_tests) by extension 'python_setup_py'
[0.178s] Level 1:colcon.colcon_core.package_identification:_identify(src/thor_tests/src) by extensions ['ignore', 'ignore_ament_install']
[0.178s] Level 1:colcon.colcon_core.package_identification:_identify(src/thor_tests/src) by extension 'ignore'
[0.178s] Level 1:colcon.colcon_core.package_identification:_identify(src/thor_tests/src) by extension 'ignore_ament_install'
[0.178s] Level 1:colcon.colcon_core.package_identification:_identify(src/thor_tests/src) by extensions ['colcon_pkg']
[0.178s] Level 1:colcon.colcon_core.package_identification:_identify(src/thor_tests/src) by extension 'colcon_pkg'
[0.178s] Level 1:colcon.colcon_core.package_identification:_identify(src/thor_tests/src) by extensions ['colcon_meta']
[0.178s] Level 1:colcon.colcon_core.package_identification:_identify(src/thor_tests/src) by extension 'colcon_meta'
[0.178s] Level 1:colcon.colcon_core.package_identification:_identify(src/thor_tests/src) by extensions ['ros']
[0.178s] Level 1:colcon.colcon_core.package_identification:_identify(src/thor_tests/src) by extension 'ros'
[0.178s] Level 1:colcon.colcon_core.package_identification:_identify(src/thor_tests/src) by extensions ['cmake', 'python']
[0.178s] Level 1:colcon.colcon_core.package_identification:_identify(src/thor_tests/src) by extension 'cmake'
[0.178s] Level 1:colcon.colcon_core.package_identification:_identify(src/thor_tests/src) by extension 'python'
[0.178s] Level 1:colcon.colcon_core.package_identification:_identify(src/thor_tests/src) by extensions ['python_setup_py']
[0.178s] Level 1:colcon.colcon_core.package_identification:_identify(src/thor_tests/src) by extension 'python_setup_py'
[0.178s] Level 1:colcon.colcon_core.package_identification:_identify(src/thor_urdf) by extensions ['ignore', 'ignore_ament_install']
[0.178s] Level 1:colcon.colcon_core.package_identification:_identify(src/thor_urdf) by extension 'ignore'
[0.178s] Level 1:colcon.colcon_core.package_identification:_identify(src/thor_urdf) by extension 'ignore_ament_install'
[0.178s] Level 1:colcon.colcon_core.package_identification:_identify(src/thor_urdf) by extensions ['colcon_pkg']
[0.178s] Level 1:colcon.colcon_core.package_identification:_identify(src/thor_urdf) by extension 'colcon_pkg'
[0.178s] Level 1:colcon.colcon_core.package_identification:_identify(src/thor_urdf) by extensions ['colcon_meta']
[0.178s] Level 1:colcon.colcon_core.package_identification:_identify(src/thor_urdf) by extension 'colcon_meta'
[0.178s] Level 1:colcon.colcon_core.package_identification:_identify(src/thor_urdf) by extensions ['ros']
[0.178s] Level 1:colcon.colcon_core.package_identification:_identify(src/thor_urdf) by extension 'ros'
[0.178s] DEBUG:colcon.colcon_core.package_identification:Package 'src/thor_urdf' with type 'ros.ament_cmake' and name 'thor_urdf'
[0.178s] Level 1:colcon.colcon_core.package_discovery:discover_packages(recursive) using defaults
[0.178s] Level 1:colcon.colcon_core.package_discovery:discover_packages(ignore) discover
[0.178s] Level 1:colcon.colcon_core.package_discovery:discover_packages(ignore) using defaults
[0.178s] Level 1:colcon.colcon_core.package_discovery:discover_packages(path) discover
[0.178s] Level 1:colcon.colcon_core.package_discovery:discover_packages(path) using defaults
[0.190s] INFO:colcon.colcon_core.package_selection:Skipping not selected package 'thor_controller' in 'src/thor_controller'
[0.190s] INFO:colcon.colcon_core.package_selection:Skipping not selected package 'thor_manipulation' in 'src/thor_manipulation'
[0.190s] INFO:colcon.colcon_core.package_selection:Skipping not selected package 'thor_perception' in 'src/thor_perception'
[0.190s] INFO:colcon.colcon_core.package_selection:Skipping not selected package 'thor_urdf' in 'src/thor_urdf'
[0.190s] INFO:colcon.colcon_core.package_selection:Skipping not selected package 'thor_moveit' in 'src/thor_moveit'
[0.190s] INFO:colcon.colcon_core.package_selection:Skipping not selected package 'thor_server' in 'src/thor_server'
[0.190s] INFO:colcon.colcon_core.package_selection:Skipping not selected package 'thor_bringup' in 'src/thor_bringup'
[0.190s] INFO:colcon.colcon_core.package_selection:Skipping not selected package 'thor_joystick' in 'src/thor_joystick'
[0.190s] Level 1:colcon.colcon_core.package_discovery:discover_packages(prefix_path) check parameters
[0.190s] Level 1:colcon.colcon_core.package_discovery:discover_packages(prefix_path) discover
[0.192s] DEBUG:colcon.colcon_installed_package_information.package_discovery:Found 9 installed packages in /home/anish/dp_ws/Thor-ROS/ws_thor/install
[0.192s] DEBUG:colcon.colcon_installed_package_information.package_discovery:Found 7 installed packages in /home/anish/panda_ws/install
[0.192s] DEBUG:colcon.colcon_installed_package_information.package_discovery:Found 10 installed packages in /home/anish/Downloads/mycobot_ros2/install
[0.194s] DEBUG:colcon.colcon_installed_package_information.package_discovery:Found 472 installed packages in /opt/ros/humble
[0.195s] Level 1:colcon.colcon_core.package_discovery:discover_packages(prefix_path) using defaults
[0.224s] Level 5:colcon.colcon_core.verb:set package 'thor_teleop' build argument 'cmake_args' from command line to 'None'
[0.224s] Level 5:colcon.colcon_core.verb:set package 'thor_teleop' build argument 'cmake_target' from command line to 'None'
[0.224s] Level 5:colcon.colcon_core.verb:set package 'thor_teleop' build argument 'cmake_target_skip_unavailable' from command line to 'False'
[0.224s] Level 5:colcon.colcon_core.verb:set package 'thor_teleop' build argument 'cmake_clean_cache' from command line to 'False'
[0.224s] Level 5:colcon.colcon_core.verb:set package 'thor_teleop' build argument 'cmake_clean_first' from command line to 'False'
[0.224s] Level 5:colcon.colcon_core.verb:set package 'thor_teleop' build argument 'cmake_force_configure' from command line to 'False'
[0.224s] Level 5:colcon.colcon_core.verb:set package 'thor_teleop' build argument 'ament_cmake_args' from command line to 'None'
[0.224s] Level 5:colcon.colcon_core.verb:set package 'thor_teleop' build argument 'catkin_cmake_args' from command line to 'None'
[0.224s] Level 5:colcon.colcon_core.verb:set package 'thor_teleop' build argument 'catkin_skip_building_tests' from command line to 'False'
[0.224s] DEBUG:colcon.colcon_core.verb:Building package 'thor_teleop' with the following arguments: {'ament_cmake_args': None, 'build_base': '/home/anish/dp_ws/Thor-ROS/ws_thor/build/thor_teleop', 'catkin_cmake_args': None, 'catkin_skip_building_tests': False, 'cmake_args': None, 'cmake_clean_cache': False, 'cmake_clean_first': False, 'cmake_force_configure': False, 'cmake_target': None, 'cmake_target_skip_unavailable': False, 'install_base': '/home/anish/dp_ws/Thor-ROS/ws_thor/install/thor_teleop', 'merge_install': False, 'path': '/home/anish/dp_ws/Thor-ROS/ws_thor/src/thor_teleop', 'symlink_install': False, 'test_result_base': None}
[0.224s] INFO:colcon.colcon_core.executor:Executing jobs using 'parallel' executor
[0.225s] DEBUG:colcon.colcon_parallel_executor.executor.parallel:run_until_complete
[0.225s] INFO:colcon.colcon_ros.task.ament_cmake.build:Building ROS package in '/home/anish/dp_ws/Thor-ROS/ws_thor/src/thor_teleop' with build type 'ament_cmake'
[0.225s] INFO:colcon.colcon_cmake.task.cmake.build:Building CMake package in '/home/anish/dp_ws/Thor-ROS/ws_thor/src/thor_teleop'
[0.227s] INFO:colcon.colcon_core.plugin_system:Skipping extension 'colcon_core.shell.bat': Not used on non-Windows systems
[0.227s] INFO:colcon.colcon_core.shell:Skip shell extension 'powershell' for command environment: Not usable outside of PowerShell
[0.227s] DEBUG:colcon.colcon_core.shell:Skip shell extension 'dsv' for command environment
[0.235s] DEBUG:colcon.colcon_core.event_handler.log_command:Invoking command in '/home/anish/dp_ws/Thor-ROS/ws_thor/build/thor_teleop': CMAKE_PREFIX_PATH=${CMAKE_PREFIX_PATH}:/opt/ros/humble /usr/bin/cmake /home/anish/dp_ws/Thor-ROS/ws_thor/src/thor_teleop -DCMAKE_INSTALL_PREFIX=/home/anish/dp_ws/Thor-ROS/ws_thor/install/thor_teleop
[0.997s] DEBUG:colcon.colcon_core.event_handler.log_command:Invoked command in '/home/anish/dp_ws/Thor-ROS/ws_thor/build/thor_teleop' returned '0': CMAKE_PREFIX_PATH=${CMAKE_PREFIX_PATH}:/opt/ros/humble /usr/bin/cmake /home/anish/dp_ws/Thor-ROS/ws_thor/src/thor_teleop -DCMAKE_INSTALL_PREFIX=/home/anish/dp_ws/Thor-ROS/ws_thor/install/thor_teleop
[0.997s] DEBUG:colcon.colcon_core.event_handler.log_command:Invoking command in '/home/anish/dp_ws/Thor-ROS/ws_thor/build/thor_teleop': CMAKE_PREFIX_PATH=${CMAKE_PREFIX_PATH}:/opt/ros/humble /usr/bin/cmake --build /home/anish/dp_ws/Thor-ROS/ws_thor/build/thor_teleop -- -j16 -l16
[1.033s] DEBUG:colcon.colcon_core.event_handler.log_command:Invoked command in '/home/anish/dp_ws/Thor-ROS/ws_thor/build/thor_teleop' returned '0': CMAKE_PREFIX_PATH=${CMAKE_PREFIX_PATH}:/opt/ros/humble /usr/bin/cmake --build /home/anish/dp_ws/Thor-ROS/ws_thor/build/thor_teleop -- -j16 -l16
[1.040s] DEBUG:colcon.colcon_core.event_handler.log_command:Invoking command in '/home/anish/dp_ws/Thor-ROS/ws_thor/build/thor_teleop': CMAKE_PREFIX_PATH=${CMAKE_PREFIX_PATH}:/opt/ros/humble /usr/bin/cmake --install /home/anish/dp_ws/Thor-ROS/ws_thor/build/thor_teleop
[1.047s] Level 1:colcon.colcon_core.environment:create_environment_scripts_only(thor_teleop)
[1.048s] DEBUG:colcon.colcon_core.event_handler.log_command:Invoked command in '/home/anish/dp_ws/Thor-ROS/ws_thor/build/thor_teleop' returned '0': CMAKE_PREFIX_PATH=${CMAKE_PREFIX_PATH}:/opt/ros/humble /usr/bin/cmake --install /home/anish/dp_ws/Thor-ROS/ws_thor/build/thor_teleop
[1.049s] Level 1:colcon.colcon_core.environment:checking '/home/anish/dp_ws/Thor-ROS/ws_thor/install/thor_teleop' for CMake module files
[1.050s] Level 1:colcon.colcon_core.environment:checking '/home/anish/dp_ws/Thor-ROS/ws_thor/install/thor_teleop' for CMake config files
[1.050s] Level 1:colcon.colcon_core.shell:create_environment_hook('thor_teleop', 'cmake_prefix_path')
[1.050s] INFO:colcon.colcon_core.shell:Creating environment hook '/home/anish/dp_ws/Thor-ROS/ws_thor/install/thor_teleop/share/thor_teleop/hook/cmake_prefix_path.ps1'
[1.050s] INFO:colcon.colcon_core.shell:Creating environment descriptor '/home/anish/dp_ws/Thor-ROS/ws_thor/install/thor_teleop/share/thor_teleop/hook/cmake_prefix_path.dsv'
[1.050s] INFO:colcon.colcon_core.shell:Creating environment hook '/home/anish/dp_ws/Thor-ROS/ws_thor/install/thor_teleop/share/thor_teleop/hook/cmake_prefix_path.sh'
[1.051s] Level 1:colcon.colcon_core.environment:checking '/home/anish/dp_ws/Thor-ROS/ws_thor/install/thor_teleop/lib'
[1.051s] Level 1:colcon.colcon_core.environment:checking '/home/anish/dp_ws/Thor-ROS/ws_thor/install/thor_teleop/bin'
[1.051s] Level 1:colcon.colcon_core.environment:checking '/home/anish/dp_ws/Thor-ROS/ws_thor/install/thor_teleop/lib/pkgconfig/thor_teleop.pc'
[1.051s] Level 1:colcon.colcon_core.environment:checking '/home/anish/dp_ws/Thor-ROS/ws_thor/install/thor_teleop/lib/python3.10/site-packages'
[1.051s] Level 1:colcon.colcon_core.environment:checking '/home/anish/dp_ws/Thor-ROS/ws_thor/install/thor_teleop/bin'
[1.051s] INFO:colcon.colcon_core.shell:Creating package script '/home/anish/dp_ws/Thor-ROS/ws_thor/install/thor_teleop/share/thor_teleop/package.ps1'
[1.052s] INFO:colcon.colcon_core.shell:Creating package descriptor '/home/anish/dp_ws/Thor-ROS/ws_thor/install/thor_teleop/share/thor_teleop/package.dsv'
[1.052s] INFO:colcon.colcon_core.shell:Creating package script '/home/anish/dp_ws/Thor-ROS/ws_thor/install/thor_teleop/share/thor_teleop/package.sh'
[1.052s] INFO:colcon.colcon_core.shell:Creating package script '/home/anish/dp_ws/Thor-ROS/ws_thor/install/thor_teleop/share/thor_teleop/package.bash'
[1.053s] INFO:colcon.colcon_core.shell:Creating package script '/home/anish/dp_ws/Thor-ROS/ws_thor/install/thor_teleop/share/thor_teleop/package.zsh'
[1.053s] Level 1:colcon.colcon_core.environment:create_file_with_runtime_dependencies(/home/anish/dp_ws/Thor-ROS/ws_thor/install/thor_teleop/share/colcon-core/packages/thor_teleop)
[1.053s] Level 1:colcon.colcon_core.environment:create_environment_scripts_only(thor_teleop)
[1.054s] Level 1:colcon.colcon_core.environment:checking '/home/anish/dp_ws/Thor-ROS/ws_thor/install/thor_teleop' for CMake module files
[1.054s] Level 1:colcon.colcon_core.environment:checking '/home/anish/dp_ws/Thor-ROS/ws_thor/install/thor_teleop' for CMake config files
[1.054s] Level 1:colcon.colcon_core.shell:create_environment_hook('thor_teleop', 'cmake_prefix_path')
[1.054s] INFO:colcon.colcon_core.shell:Creating environment hook '/home/anish/dp_ws/Thor-ROS/ws_thor/install/thor_teleop/share/thor_teleop/hook/cmake_prefix_path.ps1'
[1.054s] INFO:colcon.colcon_core.shell:Creating environment descriptor '/home/anish/dp_ws/Thor-ROS/ws_thor/install/thor_teleop/share/thor_teleop/hook/cmake_prefix_path.dsv'
[1.054s] INFO:colcon.colcon_core.shell:Creating environment hook '/home/anish/dp_ws/Thor-ROS/ws_thor/install/thor_teleop/share/thor_teleop/hook/cmake_prefix_path.sh'
[1.055s] Level 1:colcon.colcon_core.environment:checking '/home/anish/dp_ws/Thor-ROS/ws_thor/install/thor_teleop/lib'
[1.055s] Level 1:colcon.colcon_core.environment:checking '/home/anish/dp_ws/Thor-ROS/ws_thor/install/thor_teleop/bin'
[1.055s] Level 1:colcon.colcon_core.environment:checking '/home/anish/dp_ws/Thor-ROS/ws_thor/install/thor_teleop/lib/pkgconfig/thor_teleop.pc'
[1.055s] Level 1:colcon.colcon_core.environment:checking '/home/anish/dp_ws/Thor-ROS/ws_thor/install/thor_teleop/lib/python3.10/site-packages'
[1.055s] Level 1:colcon.colcon_core.environment:checking '/home/anish/dp_ws/Thor-ROS/ws_thor/install/thor_teleop/bin'
[1.055s] INFO:colcon.colcon_core.shell:Creating package script '/home/anish/dp_ws/Thor-ROS/ws_thor/install/thor_teleop/share/thor_teleop/package.ps1'
[1.055s] INFO:colcon.colcon_core.shell:Creating package descriptor '/home/anish/dp_ws/Thor-ROS/ws_thor/install/thor_teleop/share/thor_teleop/package.dsv'
[1.056s] INFO:colcon.colcon_core.shell:Creating package script '/home/anish/dp_ws/Thor-ROS/ws_thor/install/thor_teleop/share/thor_teleop/package.sh'
[1.056s] INFO:colcon.colcon_core.shell:Creating package script '/home/anish/dp_ws/Thor-ROS/ws_thor/install/thor_teleop/share/thor_teleop/package.bash'
[1.056s] INFO:colcon.colcon_core.shell:Creating package script '/home/anish/dp_ws/Thor-ROS/ws_thor/install/thor_teleop/share/thor_teleop/package.zsh'
[1.056s] Level 1:colcon.colcon_core.environment:create_file_with_runtime_dependencies(/home/anish/dp_ws/Thor-ROS/ws_thor/install/thor_teleop/share/colcon-core/packages/thor_teleop)
[1.056s] DEBUG:colcon.colcon_parallel_executor.executor.parallel:closing loop
[1.056s] DEBUG:colcon.colcon_parallel_executor.executor.parallel:loop closed
[1.056s] DEBUG:colcon.colcon_parallel_executor.executor.parallel:run_until_complete finished with '0'
[1.056s] DEBUG:colcon.colcon_core.event_reactor:joining thread
[1.060s] INFO:colcon.colcon_core.plugin_system:Skipping extension 'colcon_notification.desktop_notification.terminal_notifier': Not used on non-Darwin systems
[1.060s] INFO:colcon.colcon_core.plugin_system:Skipping extension 'colcon_notification.desktop_notification.win32': Not used on non-Windows systems
[1.060s] INFO:colcon.colcon_notification.desktop_notification:Sending desktop notification using 'notify2'
[1.072s] DEBUG:colcon.colcon_core.event_reactor:joined thread
[1.072s] INFO:colcon.colcon_core.shell:Creating prefix script '/home/anish/dp_ws/Thor-ROS/ws_thor/install/local_setup.ps1'
[1.073s] INFO:colcon.colcon_core.shell:Creating prefix util module '/home/anish/dp_ws/Thor-ROS/ws_thor/install/_local_setup_util_ps1.py'
[1.074s] INFO:colcon.colcon_core.shell:Creating prefix chain script '/home/anish/dp_ws/Thor-ROS/ws_thor/install/setup.ps1'
[1.076s] INFO:colcon.colcon_core.shell:Creating prefix script '/home/anish/dp_ws/Thor-ROS/ws_thor/install/local_setup.sh'
[1.076s] INFO:colcon.colcon_core.shell:Creating prefix util module '/home/anish/dp_ws/Thor-ROS/ws_thor/install/_local_setup_util_sh.py'
[1.076s] INFO:colcon.colcon_core.shell:Creating prefix chain script '/home/anish/dp_ws/Thor-ROS/ws_thor/install/setup.sh'
[1.077s] INFO:colcon.colcon_core.shell:Creating prefix script '/home/anish/dp_ws/Thor-ROS/ws_thor/install/local_setup.bash'
[1.078s] INFO:colcon.colcon_core.shell:Creating prefix chain script '/home/anish/dp_ws/Thor-ROS/ws_thor/install/setup.bash'
[1.079s] INFO:colcon.colcon_core.shell:Creating prefix script '/home/anish/dp_ws/Thor-ROS/ws_thor/install/local_setup.zsh'
[1.080s] INFO:colcon.colcon_core.shell:Creating prefix chain script '/home/anish/dp_ws/Thor-ROS/ws_thor/install/setup.zsh'
