[0.010s] Invoking command in '/home/naman72060/common-dp/build/thor_server': CMAKE_PREFIX_PATH=/home/naman72060/common-dp/install/thor_controller:/home/naman72060/common-dp/install/thor_bringup:/home/naman72060/common-dp/install/thor_moveit:/home/naman72060/common-dp/install/thor_urdf:/home/naman72060/common-dp/install/thor_teleop:/home/naman72060/common-dp/install/thor_joystick:/home/naman72060/common-dp/install/thor_server:/home/naman72060/common-dp/install/thor_perception:/home/naman72060/common-dp/install/thor_manipulation:/opt/ros/humble LD_LIBRARY_PATH=/home/naman72060/common-dp/install/thor_controller/lib:/home/naman72060/common-dp/install/thor_server/lib:/usr/lib/x86_64-linux-gnu/gazebo-11/plugins:/opt/ros/humble/opt/rviz_ogre_vendor/lib:/opt/ros/humble/lib/x86_64-linux-gnu:/opt/ros/humble/lib /usr/bin/cmake --build /home/naman72060/common-dp/build/thor_server -- -j12 -l12
[0.073s] [  4%] Built target thor_server__cpp
[0.073s] [ 11%] Built target thor_server__rosidl_generator_c
[0.076s] [ 15%] Built target hardware_command_node
[0.079s] [ 20%] Built target task_server_node
[0.082s] [ 20%] Built target ament_cmake_python_copy_thor_server
[0.092s] [ 28%] Built target thor_server__rosidl_typesupport_cpp
[0.097s] [ 37%] Built target thor_server__rosidl_typesupport_c
[0.098s] [ 55%] Built target thor_server__rosidl_typesupport_introspection_c
[0.098s] [ 55%] Built target thor_server__rosidl_typesupport_fastrtps_c
[0.099s] [ 64%] Built target thor_server__rosidl_typesupport_fastrtps_cpp
[0.104s] [ 73%] Built target thor_server__rosidl_typesupport_introspection_cpp
[0.125s] [ 77%] Built target task_server
[0.129s] [ 77%] Built target thor_server
[0.150s] [ 80%] Built target thor_server__py
[0.174s] [ 86%] Built target thor_server__rosidl_generator_py
[0.195s] [ 91%] Built target thor_server__rosidl_typesupport_fastrtps_c__pyext
[0.198s] [ 95%] Built target thor_server__rosidl_typesupport_c__pyext
[0.200s] [100%] Built target thor_server__rosidl_typesupport_introspection_c__pyext
[0.265s] running egg_info
[0.265s] writing thor_server.egg-info/PKG-INFO
[0.265s] writing dependency_links to thor_server.egg-info/dependency_links.txt
[0.266s] writing top-level names to thor_server.egg-info/top_level.txt
[0.267s] reading manifest file 'thor_server.egg-info/SOURCES.txt'
[0.267s] writing manifest file 'thor_server.egg-info/SOURCES.txt'
[0.295s] [100%] Built target ament_cmake_python_build_thor_server_egg
[0.307s] Invoked command in '/home/naman72060/common-dp/build/thor_server' returned '0': CMAKE_PREFIX_PATH=/home/naman72060/common-dp/install/thor_controller:/home/naman72060/common-dp/install/thor_bringup:/home/naman72060/common-dp/install/thor_moveit:/home/naman72060/common-dp/install/thor_urdf:/home/naman72060/common-dp/install/thor_teleop:/home/naman72060/common-dp/install/thor_joystick:/home/naman72060/common-dp/install/thor_server:/home/naman72060/common-dp/install/thor_perception:/home/naman72060/common-dp/install/thor_manipulation:/opt/ros/humble LD_LIBRARY_PATH=/home/naman72060/common-dp/install/thor_controller/lib:/home/naman72060/common-dp/install/thor_server/lib:/usr/lib/x86_64-linux-gnu/gazebo-11/plugins:/opt/ros/humble/opt/rviz_ogre_vendor/lib:/opt/ros/humble/lib/x86_64-linux-gnu:/opt/ros/humble/lib /usr/bin/cmake --build /home/naman72060/common-dp/build/thor_server -- -j12 -l12
[0.308s] Invoking command in '/home/naman72060/common-dp/build/thor_server': CMAKE_PREFIX_PATH=/home/naman72060/common-dp/install/thor_controller:/home/naman72060/common-dp/install/thor_bringup:/home/naman72060/common-dp/install/thor_moveit:/home/naman72060/common-dp/install/thor_urdf:/home/naman72060/common-dp/install/thor_teleop:/home/naman72060/common-dp/install/thor_joystick:/home/naman72060/common-dp/install/thor_server:/home/naman72060/common-dp/install/thor_perception:/home/naman72060/common-dp/install/thor_manipulation:/opt/ros/humble LD_LIBRARY_PATH=/home/naman72060/common-dp/install/thor_controller/lib:/home/naman72060/common-dp/install/thor_server/lib:/usr/lib/x86_64-linux-gnu/gazebo-11/plugins:/opt/ros/humble/opt/rviz_ogre_vendor/lib:/opt/ros/humble/lib/x86_64-linux-gnu:/opt/ros/humble/lib /usr/bin/cmake --install /home/naman72060/common-dp/build/thor_server
[0.317s] -- Install configuration: ""
[0.317s] -- Up-to-date: /home/naman72060/common-dp/install/thor_server/share/ament_index/resource_index/rosidl_interfaces/thor_server
[0.317s] -- Up-to-date: /home/naman72060/common-dp/install/thor_server/include/thor_server/thor_server
[0.317s] -- Up-to-date: /home/naman72060/common-dp/install/thor_server/include/thor_server/thor_server/msg
[0.317s] -- Up-to-date: /home/naman72060/common-dp/install/thor_server/include/thor_server/thor_server/msg/rosidl_generator_c__visibility_control.h
[0.317s] -- Up-to-date: /home/naman72060/common-dp/install/thor_server/include/thor_server/thor_server/action
[0.317s] -- Up-to-date: /home/naman72060/common-dp/install/thor_server/include/thor_server/thor_server/action/joint_task.h
[0.318s] -- Up-to-date: /home/naman72060/common-dp/install/thor_server/include/thor_server/thor_server/action/pose_task.h
[0.318s] -- Up-to-date: /home/naman72060/common-dp/install/thor_server/include/thor_server/thor_server/action/detail
[0.318s] -- Up-to-date: /home/naman72060/common-dp/install/thor_server/include/thor_server/thor_server/action/detail/joint_task__type_support.h
[0.318s] -- Up-to-date: /home/naman72060/common-dp/install/thor_server/include/thor_server/thor_server/action/detail/joint_task__functions.c
[0.318s] -- Up-to-date: /home/naman72060/common-dp/install/thor_server/include/thor_server/thor_server/action/detail/joint_task__functions.h
[0.318s] -- Up-to-date: /home/naman72060/common-dp/install/thor_server/include/thor_server/thor_server/action/detail/pose_task__functions.c
[0.318s] -- Up-to-date: /home/naman72060/common-dp/install/thor_server/include/thor_server/thor_server/action/detail/pose_task__struct.h
[0.318s] -- Up-to-date: /home/naman72060/common-dp/install/thor_server/include/thor_server/thor_server/action/detail/pose_task__functions.h
[0.319s] -- Up-to-date: /home/naman72060/common-dp/install/thor_server/include/thor_server/thor_server/action/detail/joint_task__struct.h
[0.319s] -- Up-to-date: /home/naman72060/common-dp/install/thor_server/include/thor_server/thor_server/action/detail/pose_task__type_support.h
[0.319s] -- Up-to-date: /home/naman72060/common-dp/install/thor_server/share/thor_server/environment/library_path.sh
[0.320s] -- Up-to-date: /home/naman72060/common-dp/install/thor_server/share/thor_server/environment/library_path.dsv
[0.320s] -- Up-to-date: /home/naman72060/common-dp/install/thor_server/lib/libthor_server__rosidl_generator_c.so
[0.320s] -- Up-to-date: /home/naman72060/common-dp/install/thor_server/include/thor_server/thor_server
[0.320s] -- Up-to-date: /home/naman72060/common-dp/install/thor_server/include/thor_server/thor_server/msg
[0.320s] -- Up-to-date: /home/naman72060/common-dp/install/thor_server/include/thor_server/thor_server/msg/rosidl_typesupport_fastrtps_c__visibility_control.h
[0.321s] -- Up-to-date: /home/naman72060/common-dp/install/thor_server/include/thor_server/thor_server/action
[0.321s] -- Up-to-date: /home/naman72060/common-dp/install/thor_server/include/thor_server/thor_server/action/detail
[0.321s] -- Up-to-date: /home/naman72060/common-dp/install/thor_server/include/thor_server/thor_server/action/detail/pose_task__rosidl_typesupport_fastrtps_c.h
[0.321s] -- Up-to-date: /home/naman72060/common-dp/install/thor_server/include/thor_server/thor_server/action/detail/joint_task__rosidl_typesupport_fastrtps_c.h
[0.321s] -- Up-to-date: /home/naman72060/common-dp/install/thor_server/lib/libthor_server__rosidl_typesupport_fastrtps_c.so
[0.321s] -- Up-to-date: /home/naman72060/common-dp/install/thor_server/include/thor_server/thor_server
[0.321s] -- Up-to-date: /home/naman72060/common-dp/install/thor_server/include/thor_server/thor_server/msg
[0.321s] -- Up-to-date: /home/naman72060/common-dp/install/thor_server/include/thor_server/thor_server/msg/rosidl_generator_cpp__visibility_control.hpp
[0.322s] -- Up-to-date: /home/naman72060/common-dp/install/thor_server/include/thor_server/thor_server/action
[0.322s] -- Up-to-date: /home/naman72060/common-dp/install/thor_server/include/thor_server/thor_server/action/pose_task.hpp
[0.322s] -- Up-to-date: /home/naman72060/common-dp/install/thor_server/include/thor_server/thor_server/action/detail
[0.322s] -- Up-to-date: /home/naman72060/common-dp/install/thor_server/include/thor_server/thor_server/action/detail/joint_task__struct.hpp
[0.322s] -- Up-to-date: /home/naman72060/common-dp/install/thor_server/include/thor_server/thor_server/action/detail/pose_task__type_support.hpp
[0.322s] -- Up-to-date: /home/naman72060/common-dp/install/thor_server/include/thor_server/thor_server/action/detail/joint_task__traits.hpp
[0.322s] -- Up-to-date: /home/naman72060/common-dp/install/thor_server/include/thor_server/thor_server/action/detail/joint_task__builder.hpp
[0.322s] -- Up-to-date: /home/naman72060/common-dp/install/thor_server/include/thor_server/thor_server/action/detail/pose_task__builder.hpp
[0.322s] -- Up-to-date: /home/naman72060/common-dp/install/thor_server/include/thor_server/thor_server/action/detail/pose_task__struct.hpp
[0.322s] -- Up-to-date: /home/naman72060/common-dp/install/thor_server/include/thor_server/thor_server/action/detail/joint_task__type_support.hpp
[0.322s] -- Up-to-date: /home/naman72060/common-dp/install/thor_server/include/thor_server/thor_server/action/detail/pose_task__traits.hpp
[0.322s] -- Up-to-date: /home/naman72060/common-dp/install/thor_server/include/thor_server/thor_server/action/joint_task.hpp
[0.323s] -- Up-to-date: /home/naman72060/common-dp/install/thor_server/include/thor_server/thor_server
[0.323s] -- Up-to-date: /home/naman72060/common-dp/install/thor_server/include/thor_server/thor_server/msg
[0.323s] -- Up-to-date: /home/naman72060/common-dp/install/thor_server/include/thor_server/thor_server/msg/rosidl_typesupport_fastrtps_cpp__visibility_control.h
[0.323s] -- Up-to-date: /home/naman72060/common-dp/install/thor_server/include/thor_server/thor_server/action
[0.323s] -- Up-to-date: /home/naman72060/common-dp/install/thor_server/include/thor_server/thor_server/action/detail
[0.323s] -- Up-to-date: /home/naman72060/common-dp/install/thor_server/include/thor_server/thor_server/action/detail/dds_fastrtps
[0.323s] -- Up-to-date: /home/naman72060/common-dp/install/thor_server/include/thor_server/thor_server/action/detail/joint_task__rosidl_typesupport_fastrtps_cpp.hpp
[0.323s] -- Up-to-date: /home/naman72060/common-dp/install/thor_server/include/thor_server/thor_server/action/detail/pose_task__rosidl_typesupport_fastrtps_cpp.hpp
[0.323s] -- Up-to-date: /home/naman72060/common-dp/install/thor_server/lib/libthor_server__rosidl_typesupport_fastrtps_cpp.so
[0.323s] -- Up-to-date: /home/naman72060/common-dp/install/thor_server/include/thor_server/thor_server
[0.323s] -- Up-to-date: /home/naman72060/common-dp/install/thor_server/include/thor_server/thor_server/msg
[0.323s] -- Up-to-date: /home/naman72060/common-dp/install/thor_server/include/thor_server/thor_server/msg/rosidl_typesupport_introspection_c__visibility_control.h
[0.323s] -- Up-to-date: /home/naman72060/common-dp/install/thor_server/include/thor_server/thor_server/action
[0.324s] -- Up-to-date: /home/naman72060/common-dp/install/thor_server/include/thor_server/thor_server/action/detail
[0.324s] -- Up-to-date: /home/naman72060/common-dp/install/thor_server/include/thor_server/thor_server/action/detail/joint_task__rosidl_typesupport_introspection_c.h
[0.324s] -- Up-to-date: /home/naman72060/common-dp/install/thor_server/include/thor_server/thor_server/action/detail/pose_task__type_support.c
[0.324s] -- Up-to-date: /home/naman72060/common-dp/install/thor_server/include/thor_server/thor_server/action/detail/pose_task__rosidl_typesupport_introspection_c.h
[0.324s] -- Up-to-date: /home/naman72060/common-dp/install/thor_server/include/thor_server/thor_server/action/detail/joint_task__type_support.c
[0.324s] -- Up-to-date: /home/naman72060/common-dp/install/thor_server/lib/libthor_server__rosidl_typesupport_introspection_c.so
[0.324s] -- Up-to-date: /home/naman72060/common-dp/install/thor_server/lib/libthor_server__rosidl_typesupport_c.so
[0.324s] -- Up-to-date: /home/naman72060/common-dp/install/thor_server/include/thor_server/thor_server
[0.324s] -- Up-to-date: /home/naman72060/common-dp/install/thor_server/include/thor_server/thor_server/action
[0.324s] -- Up-to-date: /home/naman72060/common-dp/install/thor_server/include/thor_server/thor_server/action/detail
[0.324s] -- Up-to-date: /home/naman72060/common-dp/install/thor_server/include/thor_server/thor_server/action/detail/joint_task__rosidl_typesupport_introspection_cpp.hpp
[0.324s] -- Up-to-date: /home/naman72060/common-dp/install/thor_server/include/thor_server/thor_server/action/detail/joint_task__type_support.cpp
[0.325s] -- Up-to-date: /home/naman72060/common-dp/install/thor_server/include/thor_server/thor_server/action/detail/pose_task__rosidl_typesupport_introspection_cpp.hpp
[0.325s] -- Up-to-date: /home/naman72060/common-dp/install/thor_server/include/thor_server/thor_server/action/detail/pose_task__type_support.cpp
[0.325s] -- Up-to-date: /home/naman72060/common-dp/install/thor_server/lib/libthor_server__rosidl_typesupport_introspection_cpp.so
[0.325s] -- Up-to-date: /home/naman72060/common-dp/install/thor_server/lib/libthor_server__rosidl_typesupport_cpp.so
[0.325s] -- Up-to-date: /home/naman72060/common-dp/install/thor_server/share/thor_server/environment/pythonpath.sh
[0.325s] -- Up-to-date: /home/naman72060/common-dp/install/thor_server/share/thor_server/environment/pythonpath.dsv
[0.325s] -- Up-to-date: /home/naman72060/common-dp/install/thor_server/local/lib/python3.10/dist-packages/thor_server-0.0.0-py3.10.egg-info
[0.325s] -- Installing: /home/naman72060/common-dp/install/thor_server/local/lib/python3.10/dist-packages/thor_server-0.0.0-py3.10.egg-info/SOURCES.txt
[0.325s] -- Installing: /home/naman72060/common-dp/install/thor_server/local/lib/python3.10/dist-packages/thor_server-0.0.0-py3.10.egg-info/PKG-INFO
[0.325s] -- Installing: /home/naman72060/common-dp/install/thor_server/local/lib/python3.10/dist-packages/thor_server-0.0.0-py3.10.egg-info/top_level.txt
[0.325s] -- Installing: /home/naman72060/common-dp/install/thor_server/local/lib/python3.10/dist-packages/thor_server-0.0.0-py3.10.egg-info/dependency_links.txt
[0.325s] -- Up-to-date: /home/naman72060/common-dp/install/thor_server/local/lib/python3.10/dist-packages/thor_server
[0.326s] -- Up-to-date: /home/naman72060/common-dp/install/thor_server/local/lib/python3.10/dist-packages/thor_server/_thor_server_s.ep.rosidl_typesupport_c.c
[0.326s] -- Up-to-date: /home/naman72060/common-dp/install/thor_server/local/lib/python3.10/dist-packages/thor_server/libthor_server__rosidl_generator_py.so
[0.326s] -- Up-to-date: /home/naman72060/common-dp/install/thor_server/local/lib/python3.10/dist-packages/thor_server/thor_server_s__rosidl_typesupport_fastrtps_c.cpython-310-x86_64-linux-gnu.so
[0.326s] -- Up-to-date: /home/naman72060/common-dp/install/thor_server/local/lib/python3.10/dist-packages/thor_server/thor_server_s__rosidl_typesupport_c.cpython-310-x86_64-linux-gnu.so
[0.326s] -- Up-to-date: /home/naman72060/common-dp/install/thor_server/local/lib/python3.10/dist-packages/thor_server/_thor_server_s.ep.rosidl_typesupport_fastrtps_c.c
[0.326s] -- Up-to-date: /home/naman72060/common-dp/install/thor_server/local/lib/python3.10/dist-packages/thor_server/thor_server_s__rosidl_typesupport_introspection_c.cpython-310-x86_64-linux-gnu.so
[0.326s] -- Up-to-date: /home/naman72060/common-dp/install/thor_server/local/lib/python3.10/dist-packages/thor_server/__init__.py
[0.326s] -- Up-to-date: /home/naman72060/common-dp/install/thor_server/local/lib/python3.10/dist-packages/thor_server/_thor_server_s.ep.rosidl_typesupport_introspection_c.c
[0.326s] -- Up-to-date: /home/naman72060/common-dp/install/thor_server/local/lib/python3.10/dist-packages/thor_server/action
[0.326s] -- Up-to-date: /home/naman72060/common-dp/install/thor_server/local/lib/python3.10/dist-packages/thor_server/action/_pose_task.py
[0.326s] -- Up-to-date: /home/naman72060/common-dp/install/thor_server/local/lib/python3.10/dist-packages/thor_server/action/_joint_task.py
[0.327s] -- Up-to-date: /home/naman72060/common-dp/install/thor_server/local/lib/python3.10/dist-packages/thor_server/action/_pose_task_s.c
[0.327s] -- Up-to-date: /home/naman72060/common-dp/install/thor_server/local/lib/python3.10/dist-packages/thor_server/action/__init__.py
[0.327s] -- Up-to-date: /home/naman72060/common-dp/install/thor_server/local/lib/python3.10/dist-packages/thor_server/action/_joint_task_s.c
[0.345s] Listing '/home/naman72060/common-dp/install/thor_server/local/lib/python3.10/dist-packages/thor_server'...
[0.346s] Listing '/home/naman72060/common-dp/install/thor_server/local/lib/python3.10/dist-packages/thor_server/action'...
[0.349s] -- Up-to-date: /home/naman72060/common-dp/install/thor_server/local/lib/python3.10/dist-packages/thor_server/thor_server_s__rosidl_typesupport_fastrtps_c.cpython-310-x86_64-linux-gnu.so
[0.349s] -- Up-to-date: /home/naman72060/common-dp/install/thor_server/local/lib/python3.10/dist-packages/thor_server/thor_server_s__rosidl_typesupport_introspection_c.cpython-310-x86_64-linux-gnu.so
[0.349s] -- Up-to-date: /home/naman72060/common-dp/install/thor_server/local/lib/python3.10/dist-packages/thor_server/thor_server_s__rosidl_typesupport_c.cpython-310-x86_64-linux-gnu.so
[0.350s] -- Up-to-date: /home/naman72060/common-dp/install/thor_server/lib/libthor_server__rosidl_generator_py.so
[0.350s] -- Up-to-date: /home/naman72060/common-dp/install/thor_server/share/thor_server/action/JointTask.idl
[0.350s] -- Up-to-date: /home/naman72060/common-dp/install/thor_server/share/thor_server/action/PoseTask.idl
[0.350s] -- Up-to-date: /home/naman72060/common-dp/install/thor_server/share/thor_server/action/JointTask.action
[0.350s] -- Up-to-date: /home/naman72060/common-dp/install/thor_server/share/thor_server/action/PoseTask.action
[0.350s] -- Up-to-date: /home/naman72060/common-dp/install/thor_server/lib/thor_server/task_server_node
[0.350s] -- Up-to-date: /home/naman72060/common-dp/install/thor_server/share/thor_server/action
[0.350s] -- Up-to-date: /home/naman72060/common-dp/install/thor_server/share/thor_server/action/PoseTask.action
[0.351s] -- Up-to-date: /home/naman72060/common-dp/install/thor_server/share/thor_server/action/JointTask.action
[0.351s] -- Up-to-date: /home/naman72060/common-dp/install/thor_server/lib/thor_server/libtask_server.so
[0.351s] -- Up-to-date: /home/naman72060/common-dp/install/thor_server/lib/thor_server/hardware_command_node
[0.351s] -- Up-to-date: /home/naman72060/common-dp/install/thor_server/lib/libtask_server.so
[0.351s] -- Up-to-date: /home/naman72060/common-dp/install/thor_server/share/ament_index/resource_index/package_run_dependencies/thor_server
[0.351s] -- Up-to-date: /home/naman72060/common-dp/install/thor_server/share/ament_index/resource_index/parent_prefix_path/thor_server
[0.351s] -- Up-to-date: /home/naman72060/common-dp/install/thor_server/share/thor_server/environment/ament_prefix_path.sh
[0.351s] -- Up-to-date: /home/naman72060/common-dp/install/thor_server/share/thor_server/environment/ament_prefix_path.dsv
[0.351s] -- Up-to-date: /home/naman72060/common-dp/install/thor_server/share/thor_server/environment/path.sh
[0.351s] -- Up-to-date: /home/naman72060/common-dp/install/thor_server/share/thor_server/environment/path.dsv
[0.352s] -- Up-to-date: /home/naman72060/common-dp/install/thor_server/share/thor_server/local_setup.bash
[0.352s] -- Up-to-date: /home/naman72060/common-dp/install/thor_server/share/thor_server/local_setup.sh
[0.352s] -- Up-to-date: /home/naman72060/common-dp/install/thor_server/share/thor_server/local_setup.zsh
[0.352s] -- Up-to-date: /home/naman72060/common-dp/install/thor_server/share/thor_server/local_setup.dsv
[0.352s] -- Installing: /home/naman72060/common-dp/install/thor_server/share/thor_server/package.dsv
[0.352s] -- Up-to-date: /home/naman72060/common-dp/install/thor_server/share/ament_index/resource_index/packages/thor_server
[0.352s] -- Up-to-date: /home/naman72060/common-dp/install/thor_server/share/thor_server/cmake/export_thor_server__rosidl_generator_cExport.cmake
[0.353s] -- Up-to-date: /home/naman72060/common-dp/install/thor_server/share/thor_server/cmake/export_thor_server__rosidl_generator_cExport-noconfig.cmake
[0.353s] -- Up-to-date: /home/naman72060/common-dp/install/thor_server/share/thor_server/cmake/export_thor_server__rosidl_typesupport_fastrtps_cExport.cmake
[0.353s] -- Up-to-date: /home/naman72060/common-dp/install/thor_server/share/thor_server/cmake/export_thor_server__rosidl_typesupport_fastrtps_cExport-noconfig.cmake
[0.353s] -- Up-to-date: /home/naman72060/common-dp/install/thor_server/share/thor_server/cmake/export_thor_server__rosidl_generator_cppExport.cmake
[0.353s] -- Up-to-date: /home/naman72060/common-dp/install/thor_server/share/thor_server/cmake/export_thor_server__rosidl_typesupport_fastrtps_cppExport.cmake
[0.354s] -- Up-to-date: /home/naman72060/common-dp/install/thor_server/share/thor_server/cmake/export_thor_server__rosidl_typesupport_fastrtps_cppExport-noconfig.cmake
[0.355s] -- Up-to-date: /home/naman72060/common-dp/install/thor_server/share/thor_server/cmake/thor_server__rosidl_typesupport_introspection_cExport.cmake
[0.355s] -- Up-to-date: /home/naman72060/common-dp/install/thor_server/share/thor_server/cmake/thor_server__rosidl_typesupport_introspection_cExport-noconfig.cmake
[0.355s] -- Up-to-date: /home/naman72060/common-dp/install/thor_server/share/thor_server/cmake/thor_server__rosidl_typesupport_cExport.cmake
[0.355s] -- Up-to-date: /home/naman72060/common-dp/install/thor_server/share/thor_server/cmake/thor_server__rosidl_typesupport_cExport-noconfig.cmake
[0.355s] -- Up-to-date: /home/naman72060/common-dp/install/thor_server/share/thor_server/cmake/thor_server__rosidl_typesupport_introspection_cppExport.cmake
[0.355s] -- Up-to-date: /home/naman72060/common-dp/install/thor_server/share/thor_server/cmake/thor_server__rosidl_typesupport_introspection_cppExport-noconfig.cmake
[0.355s] -- Up-to-date: /home/naman72060/common-dp/install/thor_server/share/thor_server/cmake/thor_server__rosidl_typesupport_cppExport.cmake
[0.355s] -- Up-to-date: /home/naman72060/common-dp/install/thor_server/share/thor_server/cmake/thor_server__rosidl_typesupport_cppExport-noconfig.cmake
[0.355s] -- Up-to-date: /home/naman72060/common-dp/install/thor_server/share/thor_server/cmake/export_thor_server__rosidl_generator_pyExport.cmake
[0.356s] -- Up-to-date: /home/naman72060/common-dp/install/thor_server/share/thor_server/cmake/export_thor_server__rosidl_generator_pyExport-noconfig.cmake
[0.356s] -- Up-to-date: /home/naman72060/common-dp/install/thor_server/share/ament_index/resource_index/rclcpp_components/thor_server
[0.356s] -- Up-to-date: /home/naman72060/common-dp/install/thor_server/share/thor_server/cmake/rosidl_cmake-extras.cmake
[0.356s] -- Up-to-date: /home/naman72060/common-dp/install/thor_server/share/thor_server/cmake/ament_cmake_export_dependencies-extras.cmake
[0.356s] -- Up-to-date: /home/naman72060/common-dp/install/thor_server/share/thor_server/cmake/ament_cmake_export_include_directories-extras.cmake
[0.356s] -- Up-to-date: /home/naman72060/common-dp/install/thor_server/share/thor_server/cmake/ament_cmake_export_libraries-extras.cmake
[0.356s] -- Up-to-date: /home/naman72060/common-dp/install/thor_server/share/thor_server/cmake/ament_cmake_export_targets-extras.cmake
[0.356s] -- Up-to-date: /home/naman72060/common-dp/install/thor_server/share/thor_server/cmake/rosidl_cmake_export_typesupport_targets-extras.cmake
[0.356s] -- Up-to-date: /home/naman72060/common-dp/install/thor_server/share/thor_server/cmake/rosidl_cmake_export_typesupport_libraries-extras.cmake
[0.356s] -- Up-to-date: /home/naman72060/common-dp/install/thor_server/share/thor_server/cmake/thor_serverConfig.cmake
[0.356s] -- Up-to-date: /home/naman72060/common-dp/install/thor_server/share/thor_server/cmake/thor_serverConfig-version.cmake
[0.356s] -- Up-to-date: /home/naman72060/common-dp/install/thor_server/share/thor_server/package.xml
[0.357s] Invoked command in '/home/naman72060/common-dp/build/thor_server' returned '0': CMAKE_PREFIX_PATH=/home/naman72060/common-dp/install/thor_controller:/home/naman72060/common-dp/install/thor_bringup:/home/naman72060/common-dp/install/thor_moveit:/home/naman72060/common-dp/install/thor_urdf:/home/naman72060/common-dp/install/thor_teleop:/home/naman72060/common-dp/install/thor_joystick:/home/naman72060/common-dp/install/thor_server:/home/naman72060/common-dp/install/thor_perception:/home/naman72060/common-dp/install/thor_manipulation:/opt/ros/humble LD_LIBRARY_PATH=/home/naman72060/common-dp/install/thor_controller/lib:/home/naman72060/common-dp/install/thor_server/lib:/usr/lib/x86_64-linux-gnu/gazebo-11/plugins:/opt/ros/humble/opt/rviz_ogre_vendor/lib:/opt/ros/humble/lib/x86_64-linux-gnu:/opt/ros/humble/lib /usr/bin/cmake --install /home/naman72060/common-dp/build/thor_server
