[35m[1mConsolidate compiler generated dependencies of target joystick_pose_controller[0m
[35m[1mConsolidate compiler generated dependencies of target joystick_joint_controller[0m
[35m[1mConsolidate compiler generated dependencies of target joystick_moveit_controller[0m
[ 66%] Built target joystick_joint_controller
[ 66%] Built target joystick_pose_controller
[100%] Built target joystick_moveit_controller
-- Install configuration: ""
-- Up-to-date: /home/anish/dp_ws/Thor-ROS/ws_thor/install/thor_joystick/lib/thor_joystick/joystick_moveit_controller
-- Up-to-date: /home/anish/dp_ws/Thor-ROS/ws_thor/install/thor_joystick/lib/thor_joystick/joystick_joint_controller
-- Up-to-date: /home/anish/dp_ws/Thor-ROS/ws_thor/install/thor_joystick/lib/thor_joystick/joystick_pose_controller
-- Up-to-date: /home/anish/dp_ws/Thor-ROS/ws_thor/install/thor_joystick/share/thor_joystick//launch
-- Up-to-date: /home/anish/dp_ws/Thor-ROS/ws_thor/install/thor_joystick/share/thor_joystick//launch/joy_pose.launch.py
-- Up-to-date: /home/anish/dp_ws/Thor-ROS/ws_thor/install/thor_joystick/share/thor_joystick//launch/joystick_control.launch.py
-- Up-to-date: /home/anish/dp_ws/Thor-ROS/ws_thor/install/thor_joystick/share/thor_joystick//launch/joy_joint.launch.py
-- Up-to-date: /home/anish/dp_ws/Thor-ROS/ws_thor/install/thor_joystick/share/ament_index/resource_index/package_run_dependencies/thor_joystick
-- Up-to-date: /home/anish/dp_ws/Thor-ROS/ws_thor/install/thor_joystick/share/ament_index/resource_index/parent_prefix_path/thor_joystick
-- Up-to-date: /home/anish/dp_ws/Thor-ROS/ws_thor/install/thor_joystick/share/thor_joystick/environment/ament_prefix_path.sh
-- Up-to-date: /home/anish/dp_ws/Thor-ROS/ws_thor/install/thor_joystick/share/thor_joystick/environment/ament_prefix_path.dsv
-- Up-to-date: /home/anish/dp_ws/Thor-ROS/ws_thor/install/thor_joystick/share/thor_joystick/environment/path.sh
-- Up-to-date: /home/anish/dp_ws/Thor-ROS/ws_thor/install/thor_joystick/share/thor_joystick/environment/path.dsv
-- Up-to-date: /home/anish/dp_ws/Thor-ROS/ws_thor/install/thor_joystick/share/thor_joystick/local_setup.bash
-- Up-to-date: /home/anish/dp_ws/Thor-ROS/ws_thor/install/thor_joystick/share/thor_joystick/local_setup.sh
-- Up-to-date: /home/anish/dp_ws/Thor-ROS/ws_thor/install/thor_joystick/share/thor_joystick/local_setup.zsh
-- Up-to-date: /home/anish/dp_ws/Thor-ROS/ws_thor/install/thor_joystick/share/thor_joystick/local_setup.dsv
-- Installing: /home/anish/dp_ws/Thor-ROS/ws_thor/install/thor_joystick/share/thor_joystick/package.dsv
-- Up-to-date: /home/anish/dp_ws/Thor-ROS/ws_thor/install/thor_joystick/share/ament_index/resource_index/packages/thor_joystick
-- Up-to-date: /home/anish/dp_ws/Thor-ROS/ws_thor/install/thor_joystick/share/thor_joystick/cmake/thor_joystickConfig.cmake
-- Up-to-date: /home/anish/dp_ws/Thor-ROS/ws_thor/install/thor_joystick/share/thor_joystick/cmake/thor_joystickConfig-version.cmake
-- Up-to-date: /home/anish/dp_ws/Thor-ROS/ws_thor/install/thor_joystick/share/thor_joystick/package.xml
