[0.023s] Invoking command in '/home/naman72060/common-dp/build/thor_teleop': CMAKE_PREFIX_PATH=${CMAKE_PREFIX_PATH}:/opt/ros/humble /usr/bin/cmake --build /home/naman72060/common-dp/build/thor_teleop -- -j12 -l12
[0.054s] -- Found ament_cmake: 1.3.11 (/opt/ros/humble/share/ament_cmake/cmake)
[0.182s] -- Found rclpy: 3.3.16 (/opt/ros/humble/share/rclpy/cmake)
[0.182s] -- Found moveit_msgs: 2.2.1 (/opt/ros/humble/share/moveit_msgs/cmake)
[0.200s] -- Found rosidl_generator_c: 3.1.6 (/opt/ros/humble/share/rosidl_generator_c/cmake)
[0.201s] -- Found rosidl_adapter: 3.1.6 (/opt/ros/humble/share/rosidl_adapter/cmake)
[0.205s] -- Found rosidl_generator_cpp: 3.1.6 (/opt/ros/humble/share/rosidl_generator_cpp/cmake)
[0.212s] -- Using all available rosidl_typesupport_c: rosidl_typesupport_fastrtps_c;rosidl_typesupport_introspection_c
[0.220s] -- Using all available rosidl_typesupport_cpp: rosidl_typesupport_fastrtps_cpp;rosidl_typesupport_introspection_cpp
[0.384s] -- Configuring done
[0.388s] -- Generating done
[0.391s] -- Build files have been written to: /home/naman72060/common-dp/build/thor_teleop
[0.418s] Invoked command in '/home/naman72060/common-dp/build/thor_teleop' returned '0': CMAKE_PREFIX_PATH=${CMAKE_PREFIX_PATH}:/opt/ros/humble /usr/bin/cmake --build /home/naman72060/common-dp/build/thor_teleop -- -j12 -l12
[0.420s] Invoking command in '/home/naman72060/common-dp/build/thor_teleop': CMAKE_PREFIX_PATH=${CMAKE_PREFIX_PATH}:/opt/ros/humble /usr/bin/cmake --install /home/naman72060/common-dp/build/thor_teleop
[0.428s] -- Install configuration: ""
[0.428s] -- Up-to-date: /home/naman72060/common-dp/install/thor_teleop/lib/thor_teleop/teleop_joint_control.py
[0.428s] -- Up-to-date: /home/naman72060/common-dp/install/thor_teleop/lib/thor_teleop/teleop_pose_control.py
[0.429s] -- Up-to-date: /home/naman72060/common-dp/install/thor_teleop/lib/thor_teleop/teleop_ps5_control_joy.py
[0.429s] -- Installing: /home/naman72060/common-dp/install/thor_teleop/lib/thor_teleop/teleop_ps5_control_pose.py
[0.429s] -- Up-to-date: /home/naman72060/common-dp/install/thor_teleop/share/ament_index/resource_index/package_run_dependencies/thor_teleop
[0.429s] -- Installing: /home/naman72060/common-dp/install/thor_teleop/share/ament_index/resource_index/parent_prefix_path/thor_teleop
[0.429s] -- Up-to-date: /home/naman72060/common-dp/install/thor_teleop/share/thor_teleop/environment/ament_prefix_path.sh
[0.429s] -- Installing: /home/naman72060/common-dp/install/thor_teleop/share/thor_teleop/environment/ament_prefix_path.dsv
[0.429s] -- Up-to-date: /home/naman72060/common-dp/install/thor_teleop/share/thor_teleop/environment/path.sh
[0.429s] -- Installing: /home/naman72060/common-dp/install/thor_teleop/share/thor_teleop/environment/path.dsv
[0.429s] -- Up-to-date: /home/naman72060/common-dp/install/thor_teleop/share/thor_teleop/local_setup.bash
[0.429s] -- Up-to-date: /home/naman72060/common-dp/install/thor_teleop/share/thor_teleop/local_setup.sh
[0.430s] -- Up-to-date: /home/naman72060/common-dp/install/thor_teleop/share/thor_teleop/local_setup.zsh
[0.431s] -- Installing: /home/naman72060/common-dp/install/thor_teleop/share/thor_teleop/local_setup.dsv
[0.431s] -- Installing: /home/naman72060/common-dp/install/thor_teleop/share/thor_teleop/package.dsv
[0.431s] -- Up-to-date: /home/naman72060/common-dp/install/thor_teleop/share/ament_index/resource_index/packages/thor_teleop
[0.431s] -- Up-to-date: /home/naman72060/common-dp/install/thor_teleop/share/thor_teleop/cmake/thor_teleopConfig.cmake
[0.431s] -- Up-to-date: /home/naman72060/common-dp/install/thor_teleop/share/thor_teleop/cmake/thor_teleopConfig-version.cmake
[0.431s] -- Up-to-date: /home/naman72060/common-dp/install/thor_teleop/share/thor_teleop/package.xml
[0.432s] Invoked command in '/home/naman72060/common-dp/build/thor_teleop' returned '0': CMAKE_PREFIX_PATH=${CMAKE_PREFIX_PATH}:/opt/ros/humble /usr/bin/cmake --install /home/naman72060/common-dp/build/thor_teleop
