-- Found ament_cmake: 1.3.11 (/opt/ros/humble/share/ament_cmake/cmake)
-- Found rclcpp: 16.0.12 (/opt/ros/humble/share/rclcpp/cmake)
-- Found rosidl_generator_c: 3.1.6 (/opt/ros/humble/share/rosidl_generator_c/cmake)
-- Found rosidl_adapter: 3.1.6 (/opt/ros/humble/share/rosidl_adapter/cmake)
-- Found rosidl_generator_cpp: 3.1.6 (/opt/ros/humble/share/rosidl_generator_cpp/cmake)
-- Using all available rosidl_typesupport_c: rosidl_typesupport_fastrtps_c;rosidl_typesupport_introspection_c
-- Using all available rosidl_typesupport_cpp: rosidl_typesupport_fastrtps_cpp;rosidl_typesupport_introspection_cpp
-- Found rmw_implementation_cmake: 6.1.2 (/opt/ros/humble/share/rmw_implementation_cmake/cmake)
-- Found rmw_cyclonedds_cpp: 1.3.4 (/opt/ros/humble/share/rmw_cyclonedds_cpp/cmake)
-- Using RMW implementation 'rmw_cyclonedds_cpp' as default
-- Found rclcpp_action: 16.0.12 (/opt/ros/humble/share/rclcpp_action/cmake)
-- Found moveit_msgs: 2.2.1 (/opt/ros/humble/share/moveit_msgs/cmake)
-- Found tf2_ros: 0.25.13 (/opt/ros/humble/share/tf2_ros/cmake)
-- Found tf2_geometry_msgs: 0.25.13 (/opt/ros/humble/share/tf2_geometry_msgs/cmake)
-- Found eigen3_cmake_module: 0.1.1 (/opt/ros/humble/share/eigen3_cmake_module/cmake)
-- Found Eigen3: TRUE (found version "3.4.0") 
-- Ensuring Eigen3 include directory is part of orocos-kdl CMake target
-- Configuring done
-- Generating done
-- Build files have been written to: /home/anish/dp_ws/Thor-ROS/ws_thor/build/thor_teleop
[ 50%] [32mBuilding CXX object CMakeFiles/teleop_pose_control.dir/src/teleop_pose_control.cpp.o[0m
[100%] [32m[1mLinking CXX executable teleop_pose_control[0m
[100%] Built target teleop_pose_control
-- Install configuration: ""
-- Installing: /home/anish/dp_ws/Thor-ROS/ws_thor/install/thor_teleop/lib/thor_teleop/teleop_pose_control
-- Set runtime path of "/home/anish/dp_ws/Thor-ROS/ws_thor/install/thor_teleop/lib/thor_teleop/teleop_pose_control" to ""
-- Up-to-date: /home/anish/dp_ws/Thor-ROS/ws_thor/install/thor_teleop/share/ament_index/resource_index/package_run_dependencies/thor_teleop
-- Up-to-date: /home/anish/dp_ws/Thor-ROS/ws_thor/install/thor_teleop/share/ament_index/resource_index/parent_prefix_path/thor_teleop
-- Up-to-date: /home/anish/dp_ws/Thor-ROS/ws_thor/install/thor_teleop/share/thor_teleop/environment/ament_prefix_path.sh
-- Installing: /home/anish/dp_ws/Thor-ROS/ws_thor/install/thor_teleop/share/thor_teleop/environment/ament_prefix_path.dsv
-- Up-to-date: /home/anish/dp_ws/Thor-ROS/ws_thor/install/thor_teleop/share/thor_teleop/environment/path.sh
-- Installing: /home/anish/dp_ws/Thor-ROS/ws_thor/install/thor_teleop/share/thor_teleop/environment/path.dsv
-- Up-to-date: /home/anish/dp_ws/Thor-ROS/ws_thor/install/thor_teleop/share/thor_teleop/local_setup.bash
-- Up-to-date: /home/anish/dp_ws/Thor-ROS/ws_thor/install/thor_teleop/share/thor_teleop/local_setup.sh
-- Up-to-date: /home/anish/dp_ws/Thor-ROS/ws_thor/install/thor_teleop/share/thor_teleop/local_setup.zsh
-- Installing: /home/anish/dp_ws/Thor-ROS/ws_thor/install/thor_teleop/share/thor_teleop/local_setup.dsv
-- Installing: /home/anish/dp_ws/Thor-ROS/ws_thor/install/thor_teleop/share/thor_teleop/package.dsv
-- Up-to-date: /home/anish/dp_ws/Thor-ROS/ws_thor/install/thor_teleop/share/ament_index/resource_index/packages/thor_teleop
-- Up-to-date: /home/anish/dp_ws/Thor-ROS/ws_thor/install/thor_teleop/share/thor_teleop/cmake/thor_teleopConfig.cmake
-- Up-to-date: /home/anish/dp_ws/Thor-ROS/ws_thor/install/thor_teleop/share/thor_teleop/cmake/thor_teleopConfig-version.cmake
-- Up-to-date: /home/anish/dp_ws/Thor-ROS/ws_thor/install/thor_teleop/share/thor_teleop/package.xml
