[0.015s] Invoking command in '/home/naman72060/common-dp/build/thor_joystick': CMAKE_PREFIX_PATH=/home/naman72060/common-dp/install/thor_server:/home/naman72060/common-dp/install/thor_controller:/home/naman72060/common-dp/install/thor_bringup:/home/naman72060/common-dp/install/thor_moveit:/home/naman72060/common-dp/install/thor_urdf:/home/naman72060/common-dp/install/thor_teleop:/home/naman72060/common-dp/install/thor_joystick:/home/naman72060/common-dp/install/thor_perception:/home/naman72060/common-dp/install/thor_manipulation:/opt/ros/humble /usr/bin/cmake --build /home/naman72060/common-dp/build/thor_joystick -- -j12 -l12
[0.084s] [ 33%] Built target joystick_joint_controller
[0.092s] [ 66%] Built target joystick_pose_controller
[0.096s] [100%] Built target joystick_moveit_controller
[0.111s] Invoked command in '/home/naman72060/common-dp/build/thor_joystick' returned '0': CMAKE_PREFIX_PATH=/home/naman72060/common-dp/install/thor_server:/home/naman72060/common-dp/install/thor_controller:/home/naman72060/common-dp/install/thor_bringup:/home/naman72060/common-dp/install/thor_moveit:/home/naman72060/common-dp/install/thor_urdf:/home/naman72060/common-dp/install/thor_teleop:/home/naman72060/common-dp/install/thor_joystick:/home/naman72060/common-dp/install/thor_perception:/home/naman72060/common-dp/install/thor_manipulation:/opt/ros/humble /usr/bin/cmake --build /home/naman72060/common-dp/build/thor_joystick -- -j12 -l12
[0.112s] Invoking command in '/home/naman72060/common-dp/build/thor_joystick': CMAKE_PREFIX_PATH=/home/naman72060/common-dp/install/thor_server:/home/naman72060/common-dp/install/thor_controller:/home/naman72060/common-dp/install/thor_bringup:/home/naman72060/common-dp/install/thor_moveit:/home/naman72060/common-dp/install/thor_urdf:/home/naman72060/common-dp/install/thor_teleop:/home/naman72060/common-dp/install/thor_joystick:/home/naman72060/common-dp/install/thor_perception:/home/naman72060/common-dp/install/thor_manipulation:/opt/ros/humble /usr/bin/cmake --install /home/naman72060/common-dp/build/thor_joystick
[0.121s] -- Install configuration: ""
[0.121s] -- Up-to-date: /home/naman72060/common-dp/install/thor_joystick/lib/thor_joystick/joystick_moveit_controller
[0.121s] -- Up-to-date: /home/naman72060/common-dp/install/thor_joystick/lib/thor_joystick/joystick_joint_controller
[0.121s] -- Up-to-date: /home/naman72060/common-dp/install/thor_joystick/lib/thor_joystick/joystick_pose_controller
[0.122s] -- Up-to-date: /home/naman72060/common-dp/install/thor_joystick/share/thor_joystick//launch
[0.122s] -- Up-to-date: /home/naman72060/common-dp/install/thor_joystick/share/thor_joystick//launch/joy_joint.launch.py
[0.122s] -- Up-to-date: /home/naman72060/common-dp/install/thor_joystick/share/thor_joystick//launch/joy_pose.launch.py
[0.122s] -- Up-to-date: /home/naman72060/common-dp/install/thor_joystick/share/thor_joystick//launch/joystick_control.launch.py
[0.122s] -- Up-to-date: /home/naman72060/common-dp/install/thor_joystick/share/ament_index/resource_index/package_run_dependencies/thor_joystick
[0.122s] -- Up-to-date: /home/naman72060/common-dp/install/thor_joystick/share/ament_index/resource_index/parent_prefix_path/thor_joystick
[0.122s] -- Up-to-date: /home/naman72060/common-dp/install/thor_joystick/share/thor_joystick/environment/ament_prefix_path.sh
[0.122s] -- Up-to-date: /home/naman72060/common-dp/install/thor_joystick/share/thor_joystick/environment/ament_prefix_path.dsv
[0.122s] -- Up-to-date: /home/naman72060/common-dp/install/thor_joystick/share/thor_joystick/environment/path.sh
[0.122s] -- Up-to-date: /home/naman72060/common-dp/install/thor_joystick/share/thor_joystick/environment/path.dsv
[0.123s] -- Up-to-date: /home/naman72060/common-dp/install/thor_joystick/share/thor_joystick/local_setup.bash
[0.123s] -- Up-to-date: /home/naman72060/common-dp/install/thor_joystick/share/thor_joystick/local_setup.sh
[0.123s] -- Up-to-date: /home/naman72060/common-dp/install/thor_joystick/share/thor_joystick/local_setup.zsh
[0.123s] -- Up-to-date: /home/naman72060/common-dp/install/thor_joystick/share/thor_joystick/local_setup.dsv
[0.123s] -- Installing: /home/naman72060/common-dp/install/thor_joystick/share/thor_joystick/package.dsv
[0.123s] -- Up-to-date: /home/naman72060/common-dp/install/thor_joystick/share/ament_index/resource_index/packages/thor_joystick
[0.123s] -- Up-to-date: /home/naman72060/common-dp/install/thor_joystick/share/thor_joystick/cmake/thor_joystickConfig.cmake
[0.124s] -- Up-to-date: /home/naman72060/common-dp/install/thor_joystick/share/thor_joystick/cmake/thor_joystickConfig-version.cmake
[0.124s] -- Up-to-date: /home/naman72060/common-dp/install/thor_joystick/share/thor_joystick/package.xml
[0.125s] Invoked command in '/home/naman72060/common-dp/build/thor_joystick' returned '0': CMAKE_PREFIX_PATH=/home/naman72060/common-dp/install/thor_server:/home/naman72060/common-dp/install/thor_controller:/home/naman72060/common-dp/install/thor_bringup:/home/naman72060/common-dp/install/thor_moveit:/home/naman72060/common-dp/install/thor_urdf:/home/naman72060/common-dp/install/thor_teleop:/home/naman72060/common-dp/install/thor_joystick:/home/naman72060/common-dp/install/thor_perception:/home/naman72060/common-dp/install/thor_manipulation:/opt/ros/humble /usr/bin/cmake --install /home/naman72060/common-dp/build/thor_joystick
