[0.006s] Invoking command in '/home/naman72060/common-dp/build/thor_moveit': AMENT_PREFIX_PATH=/home/naman72060/common-dp/install/thor_urdf:${AMENT_PREFIX_PATH} CMAKE_PREFIX_PATH=/home/naman72060/common-dp/install/thor_urdf:/opt/ros/humble /usr/bin/cmake /home/naman72060/common-dp/src/thor_moveit -DCMAKE_INSTALL_PREFIX=/home/naman72060/common-dp/install/thor_moveit
[0.051s] -- The C compiler identification is GNU 11.4.0
[0.098s] -- The CXX compiler identification is GNU 11.4.0
[0.103s] -- Detecting C compiler ABI info
[0.155s] -- Detecting C compiler ABI info - done
[0.162s] -- Check for working C compiler: /usr/bin/cc - skipped
[0.162s] -- Detecting C compile features
[0.162s] -- Detecting C compile features - done
[0.164s] -- Detecting CXX compiler ABI info
[0.253s] -- Detecting CXX compiler ABI info - done
[0.262s] -- Check for working CXX compiler: /usr/bin/c++ - skipped
[0.263s] -- Detecting CXX compile features
[0.263s] -- Detecting CXX compile features - done
[0.266s] -- Found ament_cmake: 1.3.11 (/opt/ros/humble/share/ament_cmake/cmake)
[0.404s] -- Found Python3: /usr/bin/python3 (found version "3.10.12") found components: Interpreter 
[0.517s] -- Configuring done
[0.519s] -- Generating done
[0.521s] -- Build files have been written to: /home/naman72060/common-dp/build/thor_moveit
[0.526s] Invoked command in '/home/naman72060/common-dp/build/thor_moveit' returned '0': AMENT_PREFIX_PATH=/home/naman72060/common-dp/install/thor_urdf:${AMENT_PREFIX_PATH} CMAKE_PREFIX_PATH=/home/naman72060/common-dp/install/thor_urdf:/opt/ros/humble /usr/bin/cmake /home/naman72060/common-dp/src/thor_moveit -DCMAKE_INSTALL_PREFIX=/home/naman72060/common-dp/install/thor_moveit
[0.527s] Invoking command in '/home/naman72060/common-dp/build/thor_moveit': AMENT_PREFIX_PATH=/home/naman72060/common-dp/install/thor_urdf:${AMENT_PREFIX_PATH} CMAKE_PREFIX_PATH=/home/naman72060/common-dp/install/thor_urdf:/opt/ros/humble /usr/bin/cmake --build /home/naman72060/common-dp/build/thor_moveit -- -j12 -l12
[0.566s] Invoked command in '/home/naman72060/common-dp/build/thor_moveit' returned '0': AMENT_PREFIX_PATH=/home/naman72060/common-dp/install/thor_urdf:${AMENT_PREFIX_PATH} CMAKE_PREFIX_PATH=/home/naman72060/common-dp/install/thor_urdf:/opt/ros/humble /usr/bin/cmake --build /home/naman72060/common-dp/build/thor_moveit -- -j12 -l12
[0.567s] Invoking command in '/home/naman72060/common-dp/build/thor_moveit': AMENT_PREFIX_PATH=/home/naman72060/common-dp/install/thor_urdf:${AMENT_PREFIX_PATH} CMAKE_PREFIX_PATH=/home/naman72060/common-dp/install/thor_urdf:/opt/ros/humble /usr/bin/cmake --install /home/naman72060/common-dp/build/thor_moveit
[0.573s] -- Install configuration: ""
[0.573s] -- Installing: /home/naman72060/common-dp/install/thor_moveit/share/ament_index/resource_index/package_run_dependencies/thor_moveit
[0.573s] -- Installing: /home/naman72060/common-dp/install/thor_moveit/share/ament_index/resource_index/parent_prefix_path/thor_moveit
[0.573s] -- Installing: /home/naman72060/common-dp/install/thor_moveit/share/thor_moveit/environment/ament_prefix_path.sh
[0.573s] -- Installing: /home/naman72060/common-dp/install/thor_moveit/share/thor_moveit/environment/ament_prefix_path.dsv
[0.573s] -- Installing: /home/naman72060/common-dp/install/thor_moveit/share/thor_moveit/environment/path.sh
[0.573s] -- Installing: /home/naman72060/common-dp/install/thor_moveit/share/thor_moveit/environment/path.dsv
[0.573s] -- Installing: /home/naman72060/common-dp/install/thor_moveit/share/thor_moveit/local_setup.bash
[0.573s] -- Installing: /home/naman72060/common-dp/install/thor_moveit/share/thor_moveit/local_setup.sh
[0.573s] -- Installing: /home/naman72060/common-dp/install/thor_moveit/share/thor_moveit/local_setup.zsh
[0.574s] -- Installing: /home/naman72060/common-dp/install/thor_moveit/share/thor_moveit/local_setup.dsv
[0.574s] -- Installing: /home/naman72060/common-dp/install/thor_moveit/share/thor_moveit/package.dsv
[0.574s] -- Installing: /home/naman72060/common-dp/install/thor_moveit/share/ament_index/resource_index/packages/thor_moveit
[0.574s] -- Installing: /home/naman72060/common-dp/install/thor_moveit/share/thor_moveit/cmake/thor_moveitConfig.cmake
[0.574s] -- Installing: /home/naman72060/common-dp/install/thor_moveit/share/thor_moveit/cmake/thor_moveitConfig-version.cmake
[0.574s] -- Installing: /home/naman72060/common-dp/install/thor_moveit/share/thor_moveit/package.xml
[0.574s] -- Installing: /home/naman72060/common-dp/install/thor_moveit/share/thor_moveit/launch
[0.574s] -- Installing: /home/naman72060/common-dp/install/thor_moveit/share/thor_moveit/launch/static_virtual_joint_tfs.launch.py
[0.574s] -- Installing: /home/naman72060/common-dp/install/thor_moveit/share/thor_moveit/launch/spawn_controllers.launch.py
[0.575s] -- Installing: /home/naman72060/common-dp/install/thor_moveit/share/thor_moveit/launch/demo.launch.py
[0.575s] -- Installing: /home/naman72060/common-dp/install/thor_moveit/share/thor_moveit/launch/moveit_rviz.launch.py
[0.575s] -- Installing: /home/naman72060/common-dp/install/thor_moveit/share/thor_moveit/launch/rsp.launch.py
[0.575s] -- Installing: /home/naman72060/common-dp/install/thor_moveit/share/thor_moveit/launch/moveit.launch.py
[0.575s] -- Installing: /home/naman72060/common-dp/install/thor_moveit/share/thor_moveit/launch/warehouse_db.launch.py
[0.575s] -- Installing: /home/naman72060/common-dp/install/thor_moveit/share/thor_moveit/launch/move_group.launch.py
[0.575s] -- Installing: /home/naman72060/common-dp/install/thor_moveit/share/thor_moveit/launch/setup_assistant.launch.py
[0.575s] -- Installing: /home/naman72060/common-dp/install/thor_moveit/share/thor_moveit/config
[0.575s] -- Installing: /home/naman72060/common-dp/install/thor_moveit/share/thor_moveit/config/initial_positions.yaml
[0.575s] -- Installing: /home/naman72060/common-dp/install/thor_moveit/share/thor_moveit/config/sensors_3d.yaml
[0.575s] -- Installing: /home/naman72060/common-dp/install/thor_moveit/share/thor_moveit/config/moveit.rviz
[0.576s] -- Installing: /home/naman72060/common-dp/install/thor_moveit/share/thor_moveit/config/thor_arm.urdf.xacro
[0.576s] -- Installing: /home/naman72060/common-dp/install/thor_moveit/share/thor_moveit/config/moveit_controllers.yaml
[0.576s] -- Installing: /home/naman72060/common-dp/install/thor_moveit/share/thor_moveit/config/joint_limits.yaml
[0.576s] -- Installing: /home/naman72060/common-dp/install/thor_moveit/share/thor_moveit/config/ros2_controllers.yaml
[0.576s] -- Installing: /home/naman72060/common-dp/install/thor_moveit/share/thor_moveit/config/thor_arm.ros2_control.xacro
[0.576s] -- Installing: /home/naman72060/common-dp/install/thor_moveit/share/thor_moveit/config/thor_arm.srdf
[0.576s] -- Installing: /home/naman72060/common-dp/install/thor_moveit/share/thor_moveit/config/pilz_cartesian_limits.yaml
[0.576s] -- Installing: /home/naman72060/common-dp/install/thor_moveit/share/thor_moveit/config/kinematics.yaml
[0.577s] -- Installing: /home/naman72060/common-dp/install/thor_moveit/share/thor_moveit/.setup_assistant
[0.578s] Invoked command in '/home/naman72060/common-dp/build/thor_moveit' returned '0': AMENT_PREFIX_PATH=/home/naman72060/common-dp/install/thor_urdf:${AMENT_PREFIX_PATH} CMAKE_PREFIX_PATH=/home/naman72060/common-dp/install/thor_urdf:/opt/ros/humble /usr/bin/cmake --install /home/naman72060/common-dp/build/thor_moveit
