[  2%] Built target thor_server__cpp
[ 11%] Built target thor_server__rosidl_generator_c
[ 20%] Built target task_server_node
[ 20%] Built target hardware_command_node
[ 20%] Built target ament_cmake_python_copy_thor_server
[ 33%] Built target thor_server__rosidl_typesupport_cpp
[ 37%] Built target thor_server__rosidl_typesupport_fastrtps_cpp
[ 46%] Built target thor_server__rosidl_typesupport_introspection_cpp
[ 64%] Built target thor_server__rosidl_typesupport_c
[ 64%] Built target thor_server__rosidl_typesupport_introspection_c
[ 73%] Built target thor_server__rosidl_typesupport_fastrtps_c
[ 73%] Built target thor_server
[ 77%] Built target task_server
[ 80%] Built target thor_server__py
[ 86%] Built target thor_server__rosidl_generator_py
[ 97%] Built target thor_server__rosidl_typesupport_fastrtps_c__pyext
[ 97%] Built target thor_server__rosidl_typesupport_c__pyext
[100%] Built target thor_server__rosidl_typesupport_introspection_c__pyext
running egg_info
writing thor_server.egg-info/PKG-INFO
writing dependency_links to thor_server.egg-info/dependency_links.txt
writing top-level names to thor_server.egg-info/top_level.txt
reading manifest file 'thor_server.egg-info/SOURCES.txt'
writing manifest file 'thor_server.egg-info/SOURCES.txt'
[100%] Built target ament_cmake_python_build_thor_server_egg
-- Install configuration: ""
-- Up-to-date: /home/anish/dp_ws/Thor-ROS/ws_thor/install/thor_server/share/ament_index/resource_index/rosidl_interfaces/thor_server
-- Up-to-date: /home/anish/dp_ws/Thor-ROS/ws_thor/install/thor_server/include/thor_server/thor_server
-- Up-to-date: /home/anish/dp_ws/Thor-ROS/ws_thor/install/thor_server/include/thor_server/thor_server/msg
-- Up-to-date: /home/anish/dp_ws/Thor-ROS/ws_thor/install/thor_server/include/thor_server/thor_server/msg/rosidl_generator_c__visibility_control.h
-- Up-to-date: /home/anish/dp_ws/Thor-ROS/ws_thor/install/thor_server/include/thor_server/thor_server/action
-- Up-to-date: /home/anish/dp_ws/Thor-ROS/ws_thor/install/thor_server/include/thor_server/thor_server/action/joint_task.h
-- Up-to-date: /home/anish/dp_ws/Thor-ROS/ws_thor/install/thor_server/include/thor_server/thor_server/action/detail
-- Up-to-date: /home/anish/dp_ws/Thor-ROS/ws_thor/install/thor_server/include/thor_server/thor_server/action/detail/pose_task__functions.h
-- Up-to-date: /home/anish/dp_ws/Thor-ROS/ws_thor/install/thor_server/include/thor_server/thor_server/action/detail/pose_task__type_support.h
-- Up-to-date: /home/anish/dp_ws/Thor-ROS/ws_thor/install/thor_server/include/thor_server/thor_server/action/detail/pose_task__functions.c
-- Up-to-date: /home/anish/dp_ws/Thor-ROS/ws_thor/install/thor_server/include/thor_server/thor_server/action/detail/joint_task__functions.h
-- Up-to-date: /home/anish/dp_ws/Thor-ROS/ws_thor/install/thor_server/include/thor_server/thor_server/action/detail/pose_task__struct.h
-- Up-to-date: /home/anish/dp_ws/Thor-ROS/ws_thor/install/thor_server/include/thor_server/thor_server/action/detail/joint_task__type_support.h
-- Up-to-date: /home/anish/dp_ws/Thor-ROS/ws_thor/install/thor_server/include/thor_server/thor_server/action/detail/joint_task__functions.c
-- Up-to-date: /home/anish/dp_ws/Thor-ROS/ws_thor/install/thor_server/include/thor_server/thor_server/action/detail/joint_task__struct.h
-- Up-to-date: /home/anish/dp_ws/Thor-ROS/ws_thor/install/thor_server/include/thor_server/thor_server/action/pose_task.h
-- Up-to-date: /home/anish/dp_ws/Thor-ROS/ws_thor/install/thor_server/share/thor_server/environment/library_path.sh
-- Up-to-date: /home/anish/dp_ws/Thor-ROS/ws_thor/install/thor_server/share/thor_server/environment/library_path.dsv
-- Up-to-date: /home/anish/dp_ws/Thor-ROS/ws_thor/install/thor_server/lib/libthor_server__rosidl_generator_c.so
-- Up-to-date: /home/anish/dp_ws/Thor-ROS/ws_thor/install/thor_server/include/thor_server/thor_server
-- Up-to-date: /home/anish/dp_ws/Thor-ROS/ws_thor/install/thor_server/include/thor_server/thor_server/msg
-- Up-to-date: /home/anish/dp_ws/Thor-ROS/ws_thor/install/thor_server/include/thor_server/thor_server/msg/rosidl_typesupport_fastrtps_c__visibility_control.h
-- Up-to-date: /home/anish/dp_ws/Thor-ROS/ws_thor/install/thor_server/include/thor_server/thor_server/action
-- Up-to-date: /home/anish/dp_ws/Thor-ROS/ws_thor/install/thor_server/include/thor_server/thor_server/action/detail
-- Up-to-date: /home/anish/dp_ws/Thor-ROS/ws_thor/install/thor_server/include/thor_server/thor_server/action/detail/pose_task__rosidl_typesupport_fastrtps_c.h
-- Up-to-date: /home/anish/dp_ws/Thor-ROS/ws_thor/install/thor_server/include/thor_server/thor_server/action/detail/joint_task__rosidl_typesupport_fastrtps_c.h
-- Up-to-date: /home/anish/dp_ws/Thor-ROS/ws_thor/install/thor_server/lib/libthor_server__rosidl_typesupport_fastrtps_c.so
-- Up-to-date: /home/anish/dp_ws/Thor-ROS/ws_thor/install/thor_server/include/thor_server/thor_server
-- Up-to-date: /home/anish/dp_ws/Thor-ROS/ws_thor/install/thor_server/include/thor_server/thor_server/msg
-- Up-to-date: /home/anish/dp_ws/Thor-ROS/ws_thor/install/thor_server/include/thor_server/thor_server/msg/rosidl_generator_cpp__visibility_control.hpp
-- Up-to-date: /home/anish/dp_ws/Thor-ROS/ws_thor/install/thor_server/include/thor_server/thor_server/action
-- Up-to-date: /home/anish/dp_ws/Thor-ROS/ws_thor/install/thor_server/include/thor_server/thor_server/action/pose_task.hpp
-- Up-to-date: /home/anish/dp_ws/Thor-ROS/ws_thor/install/thor_server/include/thor_server/thor_server/action/joint_task.hpp
-- Up-to-date: /home/anish/dp_ws/Thor-ROS/ws_thor/install/thor_server/include/thor_server/thor_server/action/detail
-- Up-to-date: /home/anish/dp_ws/Thor-ROS/ws_thor/install/thor_server/include/thor_server/thor_server/action/detail/joint_task__type_support.hpp
-- Up-to-date: /home/anish/dp_ws/Thor-ROS/ws_thor/install/thor_server/include/thor_server/thor_server/action/detail/pose_task__struct.hpp
-- Up-to-date: /home/anish/dp_ws/Thor-ROS/ws_thor/install/thor_server/include/thor_server/thor_server/action/detail/pose_task__type_support.hpp
-- Up-to-date: /home/anish/dp_ws/Thor-ROS/ws_thor/install/thor_server/include/thor_server/thor_server/action/detail/pose_task__builder.hpp
-- Up-to-date: /home/anish/dp_ws/Thor-ROS/ws_thor/install/thor_server/include/thor_server/thor_server/action/detail/joint_task__struct.hpp
-- Up-to-date: /home/anish/dp_ws/Thor-ROS/ws_thor/install/thor_server/include/thor_server/thor_server/action/detail/joint_task__traits.hpp
-- Up-to-date: /home/anish/dp_ws/Thor-ROS/ws_thor/install/thor_server/include/thor_server/thor_server/action/detail/pose_task__traits.hpp
-- Up-to-date: /home/anish/dp_ws/Thor-ROS/ws_thor/install/thor_server/include/thor_server/thor_server/action/detail/joint_task__builder.hpp
-- Up-to-date: /home/anish/dp_ws/Thor-ROS/ws_thor/install/thor_server/include/thor_server/thor_server
-- Up-to-date: /home/anish/dp_ws/Thor-ROS/ws_thor/install/thor_server/include/thor_server/thor_server/msg
-- Up-to-date: /home/anish/dp_ws/Thor-ROS/ws_thor/install/thor_server/include/thor_server/thor_server/msg/rosidl_typesupport_fastrtps_cpp__visibility_control.h
-- Up-to-date: /home/anish/dp_ws/Thor-ROS/ws_thor/install/thor_server/include/thor_server/thor_server/action
-- Up-to-date: /home/anish/dp_ws/Thor-ROS/ws_thor/install/thor_server/include/thor_server/thor_server/action/detail
-- Up-to-date: /home/anish/dp_ws/Thor-ROS/ws_thor/install/thor_server/include/thor_server/thor_server/action/detail/pose_task__rosidl_typesupport_fastrtps_cpp.hpp
-- Up-to-date: /home/anish/dp_ws/Thor-ROS/ws_thor/install/thor_server/include/thor_server/thor_server/action/detail/joint_task__rosidl_typesupport_fastrtps_cpp.hpp
-- Up-to-date: /home/anish/dp_ws/Thor-ROS/ws_thor/install/thor_server/include/thor_server/thor_server/action/detail/dds_fastrtps
-- Up-to-date: /home/anish/dp_ws/Thor-ROS/ws_thor/install/thor_server/lib/libthor_server__rosidl_typesupport_fastrtps_cpp.so
-- Up-to-date: /home/anish/dp_ws/Thor-ROS/ws_thor/install/thor_server/include/thor_server/thor_server
-- Up-to-date: /home/anish/dp_ws/Thor-ROS/ws_thor/install/thor_server/include/thor_server/thor_server/msg
-- Up-to-date: /home/anish/dp_ws/Thor-ROS/ws_thor/install/thor_server/include/thor_server/thor_server/msg/rosidl_typesupport_introspection_c__visibility_control.h
-- Up-to-date: /home/anish/dp_ws/Thor-ROS/ws_thor/install/thor_server/include/thor_server/thor_server/action
-- Up-to-date: /home/anish/dp_ws/Thor-ROS/ws_thor/install/thor_server/include/thor_server/thor_server/action/detail
-- Up-to-date: /home/anish/dp_ws/Thor-ROS/ws_thor/install/thor_server/include/thor_server/thor_server/action/detail/pose_task__rosidl_typesupport_introspection_c.h
-- Up-to-date: /home/anish/dp_ws/Thor-ROS/ws_thor/install/thor_server/include/thor_server/thor_server/action/detail/joint_task__rosidl_typesupport_introspection_c.h
-- Up-to-date: /home/anish/dp_ws/Thor-ROS/ws_thor/install/thor_server/include/thor_server/thor_server/action/detail/pose_task__type_support.c
-- Up-to-date: /home/anish/dp_ws/Thor-ROS/ws_thor/install/thor_server/include/thor_server/thor_server/action/detail/joint_task__type_support.c
-- Up-to-date: /home/anish/dp_ws/Thor-ROS/ws_thor/install/thor_server/lib/libthor_server__rosidl_typesupport_introspection_c.so
-- Up-to-date: /home/anish/dp_ws/Thor-ROS/ws_thor/install/thor_server/lib/libthor_server__rosidl_typesupport_c.so
-- Up-to-date: /home/anish/dp_ws/Thor-ROS/ws_thor/install/thor_server/include/thor_server/thor_server
-- Up-to-date: /home/anish/dp_ws/Thor-ROS/ws_thor/install/thor_server/include/thor_server/thor_server/action
-- Up-to-date: /home/anish/dp_ws/Thor-ROS/ws_thor/install/thor_server/include/thor_server/thor_server/action/detail
-- Up-to-date: /home/anish/dp_ws/Thor-ROS/ws_thor/install/thor_server/include/thor_server/thor_server/action/detail/joint_task__rosidl_typesupport_introspection_cpp.hpp
-- Up-to-date: /home/anish/dp_ws/Thor-ROS/ws_thor/install/thor_server/include/thor_server/thor_server/action/detail/joint_task__type_support.cpp
-- Up-to-date: /home/anish/dp_ws/Thor-ROS/ws_thor/install/thor_server/include/thor_server/thor_server/action/detail/pose_task__type_support.cpp
-- Up-to-date: /home/anish/dp_ws/Thor-ROS/ws_thor/install/thor_server/include/thor_server/thor_server/action/detail/pose_task__rosidl_typesupport_introspection_cpp.hpp
-- Up-to-date: /home/anish/dp_ws/Thor-ROS/ws_thor/install/thor_server/lib/libthor_server__rosidl_typesupport_introspection_cpp.so
-- Up-to-date: /home/anish/dp_ws/Thor-ROS/ws_thor/install/thor_server/lib/libthor_server__rosidl_typesupport_cpp.so
-- Up-to-date: /home/anish/dp_ws/Thor-ROS/ws_thor/install/thor_server/share/thor_server/environment/pythonpath.sh
-- Up-to-date: /home/anish/dp_ws/Thor-ROS/ws_thor/install/thor_server/share/thor_server/environment/pythonpath.dsv
-- Up-to-date: /home/anish/dp_ws/Thor-ROS/ws_thor/install/thor_server/local/lib/python3.10/dist-packages/thor_server-0.0.0-py3.10.egg-info
-- Installing: /home/anish/dp_ws/Thor-ROS/ws_thor/install/thor_server/local/lib/python3.10/dist-packages/thor_server-0.0.0-py3.10.egg-info/SOURCES.txt
-- Installing: /home/anish/dp_ws/Thor-ROS/ws_thor/install/thor_server/local/lib/python3.10/dist-packages/thor_server-0.0.0-py3.10.egg-info/PKG-INFO
-- Installing: /home/anish/dp_ws/Thor-ROS/ws_thor/install/thor_server/local/lib/python3.10/dist-packages/thor_server-0.0.0-py3.10.egg-info/dependency_links.txt
-- Installing: /home/anish/dp_ws/Thor-ROS/ws_thor/install/thor_server/local/lib/python3.10/dist-packages/thor_server-0.0.0-py3.10.egg-info/top_level.txt
-- Up-to-date: /home/anish/dp_ws/Thor-ROS/ws_thor/install/thor_server/local/lib/python3.10/dist-packages/thor_server
-- Up-to-date: /home/anish/dp_ws/Thor-ROS/ws_thor/install/thor_server/local/lib/python3.10/dist-packages/thor_server/_thor_server_s.ep.rosidl_typesupport_fastrtps_c.c
-- Up-to-date: /home/anish/dp_ws/Thor-ROS/ws_thor/install/thor_server/local/lib/python3.10/dist-packages/thor_server/_thor_server_s.ep.rosidl_typesupport_c.c
-- Up-to-date: /home/anish/dp_ws/Thor-ROS/ws_thor/install/thor_server/local/lib/python3.10/dist-packages/thor_server/_thor_server_s.ep.rosidl_typesupport_introspection_c.c
-- Up-to-date: /home/anish/dp_ws/Thor-ROS/ws_thor/install/thor_server/local/lib/python3.10/dist-packages/thor_server/__init__.py
-- Up-to-date: /home/anish/dp_ws/Thor-ROS/ws_thor/install/thor_server/local/lib/python3.10/dist-packages/thor_server/thor_server_s__rosidl_typesupport_c.cpython-310-x86_64-linux-gnu.so
-- Up-to-date: /home/anish/dp_ws/Thor-ROS/ws_thor/install/thor_server/local/lib/python3.10/dist-packages/thor_server/thor_server_s__rosidl_typesupport_introspection_c.cpython-310-x86_64-linux-gnu.so
-- Up-to-date: /home/anish/dp_ws/Thor-ROS/ws_thor/install/thor_server/local/lib/python3.10/dist-packages/thor_server/action
-- Up-to-date: /home/anish/dp_ws/Thor-ROS/ws_thor/install/thor_server/local/lib/python3.10/dist-packages/thor_server/action/__init__.py
-- Up-to-date: /home/anish/dp_ws/Thor-ROS/ws_thor/install/thor_server/local/lib/python3.10/dist-packages/thor_server/action/_joint_task_s.c
-- Up-to-date: /home/anish/dp_ws/Thor-ROS/ws_thor/install/thor_server/local/lib/python3.10/dist-packages/thor_server/action/_pose_task.py
-- Up-to-date: /home/anish/dp_ws/Thor-ROS/ws_thor/install/thor_server/local/lib/python3.10/dist-packages/thor_server/action/_pose_task_s.c
-- Up-to-date: /home/anish/dp_ws/Thor-ROS/ws_thor/install/thor_server/local/lib/python3.10/dist-packages/thor_server/action/_joint_task.py
-- Up-to-date: /home/anish/dp_ws/Thor-ROS/ws_thor/install/thor_server/local/lib/python3.10/dist-packages/thor_server/thor_server_s__rosidl_typesupport_fastrtps_c.cpython-310-x86_64-linux-gnu.so
-- Up-to-date: /home/anish/dp_ws/Thor-ROS/ws_thor/install/thor_server/local/lib/python3.10/dist-packages/thor_server/libthor_server__rosidl_generator_py.so
Listing '/home/anish/dp_ws/Thor-ROS/ws_thor/install/thor_server/local/lib/python3.10/dist-packages/thor_server'...
Listing '/home/anish/dp_ws/Thor-ROS/ws_thor/install/thor_server/local/lib/python3.10/dist-packages/thor_server/action'...
-- Up-to-date: /home/anish/dp_ws/Thor-ROS/ws_thor/install/thor_server/local/lib/python3.10/dist-packages/thor_server/thor_server_s__rosidl_typesupport_fastrtps_c.cpython-310-x86_64-linux-gnu.so
-- Up-to-date: /home/anish/dp_ws/Thor-ROS/ws_thor/install/thor_server/local/lib/python3.10/dist-packages/thor_server/thor_server_s__rosidl_typesupport_introspection_c.cpython-310-x86_64-linux-gnu.so
-- Up-to-date: /home/anish/dp_ws/Thor-ROS/ws_thor/install/thor_server/local/lib/python3.10/dist-packages/thor_server/thor_server_s__rosidl_typesupport_c.cpython-310-x86_64-linux-gnu.so
-- Up-to-date: /home/anish/dp_ws/Thor-ROS/ws_thor/install/thor_server/lib/libthor_server__rosidl_generator_py.so
-- Up-to-date: /home/anish/dp_ws/Thor-ROS/ws_thor/install/thor_server/share/thor_server/action/JointTask.idl
-- Up-to-date: /home/anish/dp_ws/Thor-ROS/ws_thor/install/thor_server/share/thor_server/action/PoseTask.idl
-- Up-to-date: /home/anish/dp_ws/Thor-ROS/ws_thor/install/thor_server/share/thor_server/action/JointTask.action
-- Up-to-date: /home/anish/dp_ws/Thor-ROS/ws_thor/install/thor_server/share/thor_server/action/PoseTask.action
-- Up-to-date: /home/anish/dp_ws/Thor-ROS/ws_thor/install/thor_server/lib/thor_server/task_server_node
-- Up-to-date: /home/anish/dp_ws/Thor-ROS/ws_thor/install/thor_server/share/thor_server/action
-- Up-to-date: /home/anish/dp_ws/Thor-ROS/ws_thor/install/thor_server/share/thor_server/action/PoseTask.action
-- Up-to-date: /home/anish/dp_ws/Thor-ROS/ws_thor/install/thor_server/share/thor_server/action/JointTask.action
-- Up-to-date: /home/anish/dp_ws/Thor-ROS/ws_thor/install/thor_server/lib/thor_server/libtask_server.so
-- Up-to-date: /home/anish/dp_ws/Thor-ROS/ws_thor/install/thor_server/lib/thor_server/hardware_command_node
-- Up-to-date: /home/anish/dp_ws/Thor-ROS/ws_thor/install/thor_server/lib/libtask_server.so
-- Up-to-date: /home/anish/dp_ws/Thor-ROS/ws_thor/install/thor_server/share/ament_index/resource_index/package_run_dependencies/thor_server
-- Up-to-date: /home/anish/dp_ws/Thor-ROS/ws_thor/install/thor_server/share/ament_index/resource_index/parent_prefix_path/thor_server
-- Up-to-date: /home/anish/dp_ws/Thor-ROS/ws_thor/install/thor_server/share/thor_server/environment/ament_prefix_path.sh
-- Up-to-date: /home/anish/dp_ws/Thor-ROS/ws_thor/install/thor_server/share/thor_server/environment/ament_prefix_path.dsv
-- Up-to-date: /home/anish/dp_ws/Thor-ROS/ws_thor/install/thor_server/share/thor_server/environment/path.sh
-- Up-to-date: /home/anish/dp_ws/Thor-ROS/ws_thor/install/thor_server/share/thor_server/environment/path.dsv
-- Up-to-date: /home/anish/dp_ws/Thor-ROS/ws_thor/install/thor_server/share/thor_server/local_setup.bash
-- Up-to-date: /home/anish/dp_ws/Thor-ROS/ws_thor/install/thor_server/share/thor_server/local_setup.sh
-- Up-to-date: /home/anish/dp_ws/Thor-ROS/ws_thor/install/thor_server/share/thor_server/local_setup.zsh
-- Up-to-date: /home/anish/dp_ws/Thor-ROS/ws_thor/install/thor_server/share/thor_server/local_setup.dsv
-- Installing: /home/anish/dp_ws/Thor-ROS/ws_thor/install/thor_server/share/thor_server/package.dsv
-- Up-to-date: /home/anish/dp_ws/Thor-ROS/ws_thor/install/thor_server/share/ament_index/resource_index/packages/thor_server
-- Up-to-date: /home/anish/dp_ws/Thor-ROS/ws_thor/install/thor_server/share/thor_server/cmake/export_thor_server__rosidl_generator_cExport.cmake
-- Up-to-date: /home/anish/dp_ws/Thor-ROS/ws_thor/install/thor_server/share/thor_server/cmake/export_thor_server__rosidl_generator_cExport-noconfig.cmake
-- Up-to-date: /home/anish/dp_ws/Thor-ROS/ws_thor/install/thor_server/share/thor_server/cmake/export_thor_server__rosidl_typesupport_fastrtps_cExport.cmake
-- Up-to-date: /home/anish/dp_ws/Thor-ROS/ws_thor/install/thor_server/share/thor_server/cmake/export_thor_server__rosidl_typesupport_fastrtps_cExport-noconfig.cmake
-- Up-to-date: /home/anish/dp_ws/Thor-ROS/ws_thor/install/thor_server/share/thor_server/cmake/export_thor_server__rosidl_generator_cppExport.cmake
-- Up-to-date: /home/anish/dp_ws/Thor-ROS/ws_thor/install/thor_server/share/thor_server/cmake/export_thor_server__rosidl_typesupport_fastrtps_cppExport.cmake
-- Up-to-date: /home/anish/dp_ws/Thor-ROS/ws_thor/install/thor_server/share/thor_server/cmake/export_thor_server__rosidl_typesupport_fastrtps_cppExport-noconfig.cmake
-- Up-to-date: /home/anish/dp_ws/Thor-ROS/ws_thor/install/thor_server/share/thor_server/cmake/thor_server__rosidl_typesupport_introspection_cExport.cmake
-- Up-to-date: /home/anish/dp_ws/Thor-ROS/ws_thor/install/thor_server/share/thor_server/cmake/thor_server__rosidl_typesupport_introspection_cExport-noconfig.cmake
-- Up-to-date: /home/anish/dp_ws/Thor-ROS/ws_thor/install/thor_server/share/thor_server/cmake/thor_server__rosidl_typesupport_cExport.cmake
-- Up-to-date: /home/anish/dp_ws/Thor-ROS/ws_thor/install/thor_server/share/thor_server/cmake/thor_server__rosidl_typesupport_cExport-noconfig.cmake
-- Up-to-date: /home/anish/dp_ws/Thor-ROS/ws_thor/install/thor_server/share/thor_server/cmake/thor_server__rosidl_typesupport_introspection_cppExport.cmake
-- Up-to-date: /home/anish/dp_ws/Thor-ROS/ws_thor/install/thor_server/share/thor_server/cmake/thor_server__rosidl_typesupport_introspection_cppExport-noconfig.cmake
-- Up-to-date: /home/anish/dp_ws/Thor-ROS/ws_thor/install/thor_server/share/thor_server/cmake/thor_server__rosidl_typesupport_cppExport.cmake
-- Up-to-date: /home/anish/dp_ws/Thor-ROS/ws_thor/install/thor_server/share/thor_server/cmake/thor_server__rosidl_typesupport_cppExport-noconfig.cmake
-- Up-to-date: /home/anish/dp_ws/Thor-ROS/ws_thor/install/thor_server/share/thor_server/cmake/export_thor_server__rosidl_generator_pyExport.cmake
-- Up-to-date: /home/anish/dp_ws/Thor-ROS/ws_thor/install/thor_server/share/thor_server/cmake/export_thor_server__rosidl_generator_pyExport-noconfig.cmake
-- Up-to-date: /home/anish/dp_ws/Thor-ROS/ws_thor/install/thor_server/share/ament_index/resource_index/rclcpp_components/thor_server
-- Up-to-date: /home/anish/dp_ws/Thor-ROS/ws_thor/install/thor_server/share/thor_server/cmake/rosidl_cmake-extras.cmake
-- Up-to-date: /home/anish/dp_ws/Thor-ROS/ws_thor/install/thor_server/share/thor_server/cmake/ament_cmake_export_dependencies-extras.cmake
-- Up-to-date: /home/anish/dp_ws/Thor-ROS/ws_thor/install/thor_server/share/thor_server/cmake/ament_cmake_export_include_directories-extras.cmake
-- Up-to-date: /home/anish/dp_ws/Thor-ROS/ws_thor/install/thor_server/share/thor_server/cmake/ament_cmake_export_libraries-extras.cmake
-- Up-to-date: /home/anish/dp_ws/Thor-ROS/ws_thor/install/thor_server/share/thor_server/cmake/ament_cmake_export_targets-extras.cmake
-- Up-to-date: /home/anish/dp_ws/Thor-ROS/ws_thor/install/thor_server/share/thor_server/cmake/rosidl_cmake_export_typesupport_targets-extras.cmake
-- Up-to-date: /home/anish/dp_ws/Thor-ROS/ws_thor/install/thor_server/share/thor_server/cmake/rosidl_cmake_export_typesupport_libraries-extras.cmake
-- Up-to-date: /home/anish/dp_ws/Thor-ROS/ws_thor/install/thor_server/share/thor_server/cmake/thor_serverConfig.cmake
-- Up-to-date: /home/anish/dp_ws/Thor-ROS/ws_thor/install/thor_server/share/thor_server/cmake/thor_serverConfig-version.cmake
-- Up-to-date: /home/anish/dp_ws/Thor-ROS/ws_thor/install/thor_server/share/thor_server/package.xml
