[0.013s] Invoking command in '/home/naman72060/common-dp/build/thor_perception': CMAKE_PREFIX_PATH=/opt/ros/humble /usr/bin/cmake /home/naman72060/common-dp/src/thor_perception -DCMAKE_INSTALL_PREFIX=/home/naman72060/common-dp/install/thor_perception
[0.084s] -- The C compiler identification is GNU 11.4.0
[0.166s] -- The CXX compiler identification is GNU 11.4.0
[0.172s] -- Detecting C compiler ABI info
[0.226s] -- Detecting C compiler ABI info - done
[0.236s] -- Check for working C compiler: /usr/bin/cc - skipped
[0.238s] -- Detecting C compile features
[0.238s] -- Detecting C compile features - done
[0.240s] -- Detecting CXX compiler ABI info
[0.311s] -- Detecting CXX compiler ABI info - done
[0.319s] -- Check for working CXX compiler: /usr/bin/c++ - skipped
[0.320s] -- Detecting CXX compile features
[0.320s] -- Detecting CXX compile features - done
[0.323s] -- Found ament_cmake: 1.3.11 (/opt/ros/humble/share/ament_cmake/cmake)
[0.469s] -- Found Python3: /usr/bin/python3 (found version "3.10.12") found components: Interpreter 
[0.564s] -- Found rclpy: 3.3.16 (/opt/ros/humble/share/rclpy/cmake)
[0.566s] -- Found std_msgs: 4.9.0 (/opt/ros/humble/share/std_msgs/cmake)
[0.591s] -- Found rosidl_generator_c: 3.1.6 (/opt/ros/humble/share/rosidl_generator_c/cmake)
[0.595s] -- Found rosidl_adapter: 3.1.6 (/opt/ros/humble/share/rosidl_adapter/cmake)
[0.603s] -- Found rosidl_generator_cpp: 3.1.6 (/opt/ros/humble/share/rosidl_generator_cpp/cmake)
[0.620s] -- Using all available rosidl_typesupport_c: rosidl_typesupport_fastrtps_c;rosidl_typesupport_introspection_c
[0.635s] -- Using all available rosidl_typesupport_cpp: rosidl_typesupport_fastrtps_cpp;rosidl_typesupport_introspection_cpp
[0.657s] -- Found geometry_msgs: 4.9.0 (/opt/ros/humble/share/geometry_msgs/cmake)
[0.676s] -- Found sensor_msgs: 4.9.0 (/opt/ros/humble/share/sensor_msgs/cmake)
[0.701s] -- Found tf2_ros: 0.25.13 (/opt/ros/humble/share/tf2_ros/cmake)
[0.788s] -- Found rmw_implementation_cmake: 6.1.2 (/opt/ros/humble/share/rmw_implementation_cmake/cmake)
[0.791s] -- Found rmw_fastrtps_cpp: 6.2.7 (/opt/ros/humble/share/rmw_fastrtps_cpp/cmake)
[0.880s] -- Found OpenSSL: /usr/lib/x86_64-linux-gnu/libcrypto.so (found version "3.0.2")  
[0.914s] -- Found FastRTPS: /opt/ros/humble/include  
[0.955s] -- Using RMW implementation 'rmw_fastrtps_cpp' as default
[0.961s] -- Looking for pthread.h
[1.026s] -- Looking for pthread.h - found
[1.026s] -- Performing Test CMAKE_HAVE_LIBC_PTHREAD
[1.090s] -- Performing Test CMAKE_HAVE_LIBC_PTHREAD - Success
[1.091s] -- Found Threads: TRUE  
[1.207s] -- Found tf2_geometry_msgs: 0.25.13 (/opt/ros/humble/share/tf2_geometry_msgs/cmake)
[1.224s] -- Found eigen3_cmake_module: 0.1.1 (/opt/ros/humble/share/eigen3_cmake_module/cmake)
[1.225s] -- Found Eigen3: TRUE (found version "3.4.0") 
[1.225s] -- Ensuring Eigen3 include directory is part of orocos-kdl CMake target
[1.228s] -- Found cv_bridge: 3.2.1 (/opt/ros/humble/share/cv_bridge/cmake)
[1.243s] -- Found pcl_conversions: 2.4.5 (/opt/ros/humble/share/pcl_conversions/cmake)
[1.286s] -- Checking for module 'eigen3'
[1.299s] --   Found eigen3, version 3.4.0
[1.329s] -- Found Eigen: /usr/include/eigen3 (Required is at least version "3.1") 
[1.329s] -- Eigen found (include: /usr/include/eigen3, version: 3.4.0)
[1.351s] -- Checking for module 'flann'
[1.364s] --   Found flann, version 1.9.1
[1.402s] -- Found FLANN: /usr/lib/x86_64-linux-gnu/libflann_cpp.so  
[1.403s] -- FLANN found (include: /usr/include, lib: /usr/lib/x86_64-linux-gnu/libflann_cpp.so)
[2.348s] -- Checking for module 'libusb-1.0'
[2.364s] --   Found libusb-1.0, version 1.0.25
[2.403s] -- Found libusb: /usr/lib/x86_64-linux-gnu/libusb-1.0.so  
[2.406s] -- OpenNI found (version: 1.5.4.0, include: /usr/include/ni, lib: /usr/lib/libOpenNI.so;libusb::libusb)
[2.471s] -- OpenNI2 found (version: 2.2.0.33, include: /usr/include/openni2, lib: /usr/lib/x86_64-linux-gnu/libOpenNI2.so;libusb::libusb)
[2.601s] -- Eigen found (include: /usr/include/eigen3, version: 3.4.0)
[2.609s] -- OpenNI found (version: 1.5.4.0, include: /usr/include/ni, lib: /usr/lib/libOpenNI.so;libusb::libusb)
[2.616s] -- OpenNI2 found (version: 2.2.0.33, include: /usr/include/openni2, lib: /usr/lib/x86_64-linux-gnu/libOpenNI2.so;libusb::libusb)
[2.737s] -- Found Qhull version 8.0.2
[2.865s] -- OpenNI found (version: 1.5.4.0, include: /usr/include/ni, lib: /usr/lib/libOpenNI.so;libusb::libusb)
[2.990s] -- Found PCL_COMMON: /usr/lib/x86_64-linux-gnu/libpcl_common.so  
[2.991s] -- Found PCL_KDTREE: /usr/lib/x86_64-linux-gnu/libpcl_kdtree.so  
[2.991s] -- Found PCL_OCTREE: /usr/lib/x86_64-linux-gnu/libpcl_octree.so  
[2.992s] -- Found PCL_SEARCH: /usr/lib/x86_64-linux-gnu/libpcl_search.so  
[2.992s] -- Found PCL_SAMPLE_CONSENSUS: /usr/lib/x86_64-linux-gnu/libpcl_sample_consensus.so  
[2.993s] -- Found PCL_FILTERS: /usr/lib/x86_64-linux-gnu/libpcl_filters.so  
[2.993s] -- Found PCL_2D: /usr/include/pcl-1.12  
[2.993s] -- Found PCL_GEOMETRY: /usr/include/pcl-1.12  
[2.994s] -- Found PCL_IO: /usr/lib/x86_64-linux-gnu/libpcl_io.so  
[2.995s] -- Found PCL_FEATURES: /usr/lib/x86_64-linux-gnu/libpcl_features.so  
[2.995s] -- Found PCL_ML: /usr/lib/x86_64-linux-gnu/libpcl_ml.so  
[2.996s] -- Found PCL_SEGMENTATION: /usr/lib/x86_64-linux-gnu/libpcl_segmentation.so  
[2.996s] -- Found PCL_VISUALIZATION: /usr/lib/x86_64-linux-gnu/libpcl_visualization.so  
[2.997s] -- Found PCL_SURFACE: /usr/lib/x86_64-linux-gnu/libpcl_surface.so  
[2.998s] -- Found PCL_REGISTRATION: /usr/lib/x86_64-linux-gnu/libpcl_registration.so  
[2.998s] -- Found PCL_KEYPOINTS: /usr/lib/x86_64-linux-gnu/libpcl_keypoints.so  
[2.999s] -- Found PCL_TRACKING: /usr/lib/x86_64-linux-gnu/libpcl_tracking.so  
[3.000s] -- Found PCL_RECOGNITION: /usr/lib/x86_64-linux-gnu/libpcl_recognition.so  
[3.000s] -- Found PCL_STEREO: /usr/lib/x86_64-linux-gnu/libpcl_stereo.so  
[3.001s] -- Found PCL_APPS: /usr/lib/x86_64-linux-gnu/libpcl_apps.so  
[3.002s] -- Found PCL_IN_HAND_SCANNER: /usr/include/pcl-1.12  
[3.002s] -- Found PCL_MODELER: /usr/include/pcl-1.12  
[3.003s] -- Found PCL_POINT_CLOUD_EDITOR: /usr/include/pcl-1.12  
[3.004s] -- Found PCL_OUTOFCORE: /usr/lib/x86_64-linux-gnu/libpcl_outofcore.so  
[3.005s] -- Found PCL_PEOPLE: /usr/lib/x86_64-linux-gnu/libpcl_people.so  
[3.008s] -- Found pcl_ros: 2.4.5 (/opt/ros/humble/share/pcl_ros/cmake)
[3.017s] -- Found gazebo_msgs: 3.9.0 (/opt/ros/humble/share/gazebo_msgs/cmake)
[3.044s] -- Found moveit_msgs: 2.2.1 (/opt/ros/humble/share/moveit_msgs/cmake)
[3.098s] -- Found moveit_ros_planning_interface: 2.5.9 (/opt/ros/humble/share/moveit_ros_planning_interface/cmake)
[3.107s] -- Found Boost: /usr/lib/x86_64-linux-gnu/cmake/Boost-1.74.0/BoostConfig.cmake (found version "1.74.0") found components: date_time filesystem program_options system thread 
[3.117s] -- Found Boost: /usr/lib/x86_64-linux-gnu/cmake/Boost-1.74.0/BoostConfig.cmake (found version "1.74.0") found components: chrono date_time filesystem iostreams program_options regex serialization system thread 
[3.139s] -- Found parameter_traits: 0.5.0 (/opt/ros/humble/share/parameter_traits/cmake)
[3.146s] -- Found rclcpp_lifecycle: 16.0.12 (/opt/ros/humble/share/rclcpp_lifecycle/cmake)
[3.162s] -- Found Boost: /usr/lib/x86_64-linux-gnu/cmake/Boost-1.74.0/BoostConfig.cmake (found version "1.74.0") found components: filesystem 
[3.250s] -- library: /usr/lib/x86_64-linux-gnu/libcurl.so
[3.306s] -- Found Boost: /usr/lib/x86_64-linux-gnu/cmake/Boost-1.74.0/BoostConfig.cmake (found version "1.74.0") found components: system filesystem date_time program_options thread chrono 
[3.328s] -- Found Boost: /usr/lib/x86_64-linux-gnu/cmake/Boost-1.74.0/BoostConfig.cmake (found version "1.74.0") found components: thread system filesystem regex date_time program_options 
[3.343s] -- Found Boost: /usr/lib/x86_64-linux-gnu/cmake/Boost-1.74.0/BoostConfig.cmake (found version "1.74.0") found components: system filesystem date_time program_options thread 
[3.363s] -- Found ament_lint_auto: 0.12.12 (/opt/ros/humble/share/ament_lint_auto/cmake)
[3.416s] -- Added test 'copyright' to check source files copyright and LICENSE
[3.417s] -- Added test 'flake8' to check Python code syntax and style conventions
[3.417s] -- Added test 'lint_cmake' to check CMake code style
[3.418s] -- Added test 'pep257' to check Python code against some of the docstring style conventions in PEP 257
[3.418s] -- Added test 'xmllint' to check XML markup files
[3.419s] -- Configuring done
[3.425s] -- Generating done
[3.428s] -- Build files have been written to: /home/naman72060/common-dp/build/thor_perception
[3.444s] Invoked command in '/home/naman72060/common-dp/build/thor_perception' returned '0': CMAKE_PREFIX_PATH=/opt/ros/humble /usr/bin/cmake /home/naman72060/common-dp/src/thor_perception -DCMAKE_INSTALL_PREFIX=/home/naman72060/common-dp/install/thor_perception
[3.445s] Invoking command in '/home/naman72060/common-dp/build/thor_perception': CMAKE_PREFIX_PATH=/opt/ros/humble /usr/bin/cmake --build /home/naman72060/common-dp/build/thor_perception -- -j12 -l12
[3.494s] Invoked command in '/home/naman72060/common-dp/build/thor_perception' returned '0': CMAKE_PREFIX_PATH=/opt/ros/humble /usr/bin/cmake --build /home/naman72060/common-dp/build/thor_perception -- -j12 -l12
[3.496s] Invoking command in '/home/naman72060/common-dp/build/thor_perception': CMAKE_PREFIX_PATH=/opt/ros/humble /usr/bin/cmake --install /home/naman72060/common-dp/build/thor_perception
[3.504s] -- Install configuration: ""
[3.504s] -- Installing: /home/naman72060/common-dp/install/thor_perception/lib/thor_perception/perception_node.py
[3.505s] -- Installing: /home/naman72060/common-dp/install/thor_perception/lib/thor_perception/object_spawner.py
[3.505s] -- Installing: /home/naman72060/common-dp/install/thor_perception/lib/thor_perception/pick_place_controller.py
[3.505s] -- Installing: /home/naman72060/common-dp/install/thor_perception/lib/thor_perception/electromagnet_controller.py
[3.505s] -- Installing: /home/naman72060/common-dp/install/thor_perception/lib/thor_perception/auto_spawn_trigger.py
[3.505s] -- Installing: /home/naman72060/common-dp/install/thor_perception/lib/thor_perception/interactive_pick_place.py
[3.505s] -- Installing: /home/naman72060/common-dp/install/thor_perception/lib/thor_perception/auto_object_spawner.py
[3.505s] -- Installing: /home/naman72060/common-dp/install/thor_perception/share/thor_perception/launch
[3.505s] -- Installing: /home/naman72060/common-dp/install/thor_perception/share/thor_perception/launch/object.launch.py
[3.506s] -- Installing: /home/naman72060/common-dp/install/thor_perception/share/thor_perception/launch/interactive.launch.py
[3.506s] -- Installing: /home/naman72060/common-dp/install/thor_perception/share/thor_perception/launch/complete_demo.launch.py
[3.506s] -- Installing: /home/naman72060/common-dp/install/thor_perception/share/thor_perception/launch/perception.launch.py
[3.506s] -- Installing: /home/naman72060/common-dp/install/thor_perception/share/thor_perception/config
[3.506s] -- Installing: /home/naman72060/common-dp/install/thor_perception/share/thor_perception/config/electromagnet_config.yaml
[3.506s] -- Installing: /home/naman72060/common-dp/install/thor_perception/share/thor_perception/config/pick_place_params.yaml
[3.506s] -- Installing: /home/naman72060/common-dp/install/thor_perception/share/thor_perception/config/perception_params.yaml
[3.506s] -- Installing: /home/naman72060/common-dp/install/thor_perception/share/thor_perception/config/camera_config.yaml
[3.506s] [31mCMake Error at cmake_install.cmake:66 (file):
[3.507s]   file INSTALL cannot find
[3.507s]   "/home/naman72060/common-dp/src/thor_perception/worlds": No such file or
[3.507s]   directory.
[3.507s] 
[3.507s] [0m
[3.508s] Invoked command in '/home/naman72060/common-dp/build/thor_perception' returned '1': CMAKE_PREFIX_PATH=/opt/ros/humble /usr/bin/cmake --install /home/naman72060/common-dp/build/thor_perception
