-- Install configuration: ""
-- Up-to-date: /home/naman72060/common-dp/install/thor_teleop/lib/thor_teleop/teleop_joint_control.py
-- Up-to-date: /home/naman72060/common-dp/install/thor_teleop/lib/thor_teleop/teleop_pose_control.py
-- Up-to-date: /home/naman72060/common-dp/install/thor_teleop/lib/thor_teleop/teleop_ps5_control_joy.py
-- Up-to-date: /home/naman72060/common-dp/install/thor_teleop/lib/thor_teleop/teleop_ps5_control_pose.py
-- Up-to-date: /home/naman72060/common-dp/install/thor_teleop/share/thor_teleop/launch
-- Up-to-date: /home/naman72060/common-dp/install/thor_teleop/share/thor_teleop/launch/joy_control.launch.py
-- Up-to-date: /home/naman72060/common-dp/install/thor_teleop/share/thor_teleop/launch/pose_control.launch.py
-- Up-to-date: /home/naman72060/common-dp/install/thor_teleop/share/ament_index/resource_index/package_run_dependencies/thor_teleop
-- Up-to-date: /home/naman72060/common-dp/install/thor_teleop/share/ament_index/resource_index/parent_prefix_path/thor_teleop
-- Up-to-date: /home/naman72060/common-dp/install/thor_teleop/share/thor_teleop/environment/ament_prefix_path.sh
-- Up-to-date: /home/naman72060/common-dp/install/thor_teleop/share/thor_teleop/environment/ament_prefix_path.dsv
-- Up-to-date: /home/naman72060/common-dp/install/thor_teleop/share/thor_teleop/environment/path.sh
-- Up-to-date: /home/naman72060/common-dp/install/thor_teleop/share/thor_teleop/environment/path.dsv
-- Up-to-date: /home/naman72060/common-dp/install/thor_teleop/share/thor_teleop/local_setup.bash
-- Up-to-date: /home/naman72060/common-dp/install/thor_teleop/share/thor_teleop/local_setup.sh
-- Up-to-date: /home/naman72060/common-dp/install/thor_teleop/share/thor_teleop/local_setup.zsh
-- Up-to-date: /home/naman72060/common-dp/install/thor_teleop/share/thor_teleop/local_setup.dsv
-- Installing: /home/naman72060/common-dp/install/thor_teleop/share/thor_teleop/package.dsv
-- Up-to-date: /home/naman72060/common-dp/install/thor_teleop/share/ament_index/resource_index/packages/thor_teleop
-- Up-to-date: /home/naman72060/common-dp/install/thor_teleop/share/thor_teleop/cmake/thor_teleopConfig.cmake
-- Up-to-date: /home/naman72060/common-dp/install/thor_teleop/share/thor_teleop/cmake/thor_teleopConfig-version.cmake
-- Up-to-date: /home/naman72060/common-dp/install/thor_teleop/share/thor_teleop/package.xml
