[0.029s] Invoking command in '/home/anish/dp_ws/Thor-ROS/ws_thor/build/thor_urdf': CMAKE_PREFIX_PATH=${CMAKE_PREFIX_PATH}:/opt/ros/humble /usr/bin/cmake /home/anish/dp_ws/Thor-ROS/ws_thor/src/thor_urdf -DCMAKE_INSTALL_PREFIX=/home/anish/dp_ws/Thor-ROS/ws_thor/install/thor_urdf
[0.091s] -- The C compiler identification is GNU 11.4.0
[0.151s] -- The CXX compiler identification is GNU 11.4.0
[0.159s] -- Detecting C compiler ABI info
[0.246s] -- Detecting C compiler ABI info - done
[0.252s] -- Check for working C compiler: /usr/bin/cc - skipped
[0.252s] -- Detecting C compile features
[0.253s] -- Detecting C compile features - done
[0.256s] -- Detecting CXX compiler ABI info
[0.364s] -- Detecting CXX compiler ABI info - done
[0.371s] -- Check for working CXX compiler: /usr/bin/c++ - skipped
[0.371s] -- Detecting CXX compile features
[0.372s] -- Detecting CXX compile features - done
[0.377s] -- Found ament_cmake: 1.3.11 (/opt/ros/humble/share/ament_cmake/cmake)
[0.591s] -- Found Python3: /usr/bin/python3 (found version "3.10.12") found components: Interpreter 
[0.738s] -- Found ament_lint_auto: 0.12.12 (/opt/ros/humble/share/ament_lint_auto/cmake)
[0.842s] -- Added test 'flake8' to check Python code syntax and style conventions
[0.844s] -- Added test 'lint_cmake' to check CMake code style
[0.845s] -- Added test 'pep257' to check Python code against some of the docstring style conventions in PEP 257
[0.847s] -- Added test 'xmllint' to check XML markup files
[0.849s] -- Configuring done
[0.853s] -- Generating done
[0.855s] -- Build files have been written to: /home/anish/dp_ws/Thor-ROS/ws_thor/build/thor_urdf
[0.864s] Invoked command in '/home/anish/dp_ws/Thor-ROS/ws_thor/build/thor_urdf' returned '0': CMAKE_PREFIX_PATH=${CMAKE_PREFIX_PATH}:/opt/ros/humble /usr/bin/cmake /home/anish/dp_ws/Thor-ROS/ws_thor/src/thor_urdf -DCMAKE_INSTALL_PREFIX=/home/anish/dp_ws/Thor-ROS/ws_thor/install/thor_urdf
[0.866s] Invoking command in '/home/anish/dp_ws/Thor-ROS/ws_thor/build/thor_urdf': CMAKE_PREFIX_PATH=${CMAKE_PREFIX_PATH}:/opt/ros/humble /usr/bin/cmake --build /home/anish/dp_ws/Thor-ROS/ws_thor/build/thor_urdf -- -j16 -l16
[0.931s] Invoked command in '/home/anish/dp_ws/Thor-ROS/ws_thor/build/thor_urdf' returned '0': CMAKE_PREFIX_PATH=${CMAKE_PREFIX_PATH}:/opt/ros/humble /usr/bin/cmake --build /home/anish/dp_ws/Thor-ROS/ws_thor/build/thor_urdf -- -j16 -l16
[0.948s] Invoking command in '/home/anish/dp_ws/Thor-ROS/ws_thor/build/thor_urdf': CMAKE_PREFIX_PATH=${CMAKE_PREFIX_PATH}:/opt/ros/humble /usr/bin/cmake --install /home/anish/dp_ws/Thor-ROS/ws_thor/build/thor_urdf
[0.960s] -- Install configuration: ""
[0.960s] -- Installing: /home/anish/dp_ws/Thor-ROS/ws_thor/install/thor_urdf/share/thor_urdf/meshes
[0.960s] -- Installing: /home/anish/dp_ws/Thor-ROS/ws_thor/install/thor_urdf/share/thor_urdf/meshes/Art2.dae
[0.971s] -- Installing: /home/anish/dp_ws/Thor-ROS/ws_thor/install/thor_urdf/share/thor_urdf/meshes/Art1.dae
[0.977s] -- Installing: /home/anish/dp_ws/Thor-ROS/ws_thor/install/thor_urdf/share/thor_urdf/meshes/Art4.dae
[0.981s] -- Installing: /home/anish/dp_ws/Thor-ROS/ws_thor/install/thor_urdf/share/thor_urdf/meshes/Art6.dae
[0.981s] -- Installing: /home/anish/dp_ws/Thor-ROS/ws_thor/install/thor_urdf/share/thor_urdf/meshes/GripperArmGear.dae
[0.983s] -- Installing: /home/anish/dp_ws/Thor-ROS/ws_thor/install/thor_urdf/share/thor_urdf/meshes/GripperFinger.dae
[0.983s] -- Installing: /home/anish/dp_ws/Thor-ROS/ws_thor/install/thor_urdf/share/thor_urdf/meshes/Base.dae
[0.989s] -- Installing: /home/anish/dp_ws/Thor-ROS/ws_thor/install/thor_urdf/share/thor_urdf/meshes/GripperArm.dae
[0.989s] -- Installing: /home/anish/dp_ws/Thor-ROS/ws_thor/install/thor_urdf/share/thor_urdf/meshes/Art3.dae
[0.992s] -- Installing: /home/anish/dp_ws/Thor-ROS/ws_thor/install/thor_urdf/share/thor_urdf/meshes/Art5.dae
[0.992s] -- Installing: /home/anish/dp_ws/Thor-ROS/ws_thor/install/thor_urdf/share/thor_urdf/meshes/GripperBase.dae
[0.992s] -- Installing: /home/anish/dp_ws/Thor-ROS/ws_thor/install/thor_urdf/share/thor_urdf/urdf
[0.992s] -- Installing: /home/anish/dp_ws/Thor-ROS/ws_thor/install/thor_urdf/share/thor_urdf/urdf/thor_gazebo.xacro
[0.993s] -- Installing: /home/anish/dp_ws/Thor-ROS/ws_thor/install/thor_urdf/share/thor_urdf/urdf/thor.urdf.xacro
[0.993s] -- Installing: /home/anish/dp_ws/Thor-ROS/ws_thor/install/thor_urdf/share/thor_urdf/urdf/thor_arm.ros2_control.xacro
[0.993s] -- Installing: /home/anish/dp_ws/Thor-ROS/ws_thor/install/thor_urdf/share/thor_urdf/launch
[0.993s] -- Installing: /home/anish/dp_ws/Thor-ROS/ws_thor/install/thor_urdf/share/thor_urdf/launch/display.launch.py
[0.993s] -- Installing: /home/anish/dp_ws/Thor-ROS/ws_thor/install/thor_urdf/share/thor_urdf/launch/gazebo.launch.py
[0.993s] -- Installing: /home/anish/dp_ws/Thor-ROS/ws_thor/install/thor_urdf/share/thor_urdf/launch/launch.py
[0.993s] -- Installing: /home/anish/dp_ws/Thor-ROS/ws_thor/install/thor_urdf/share/thor_urdf/rviz
[0.993s] -- Installing: /home/anish/dp_ws/Thor-ROS/ws_thor/install/thor_urdf/share/thor_urdf/rviz/display.rviz
[0.994s] -- Installing: /home/anish/dp_ws/Thor-ROS/ws_thor/install/thor_urdf/share/ament_index/resource_index/package_run_dependencies/thor_urdf
[0.994s] -- Installing: /home/anish/dp_ws/Thor-ROS/ws_thor/install/thor_urdf/share/ament_index/resource_index/parent_prefix_path/thor_urdf
[0.994s] -- Installing: /home/anish/dp_ws/Thor-ROS/ws_thor/install/thor_urdf/share/thor_urdf/environment/ament_prefix_path.sh
[0.994s] -- Installing: /home/anish/dp_ws/Thor-ROS/ws_thor/install/thor_urdf/share/thor_urdf/environment/ament_prefix_path.dsv
[0.994s] -- Installing: /home/anish/dp_ws/Thor-ROS/ws_thor/install/thor_urdf/share/thor_urdf/environment/path.sh
[0.995s] -- Installing: /home/anish/dp_ws/Thor-ROS/ws_thor/install/thor_urdf/share/thor_urdf/environment/path.dsv
[0.995s] -- Installing: /home/anish/dp_ws/Thor-ROS/ws_thor/install/thor_urdf/share/thor_urdf/local_setup.bash
[0.995s] -- Installing: /home/anish/dp_ws/Thor-ROS/ws_thor/install/thor_urdf/share/thor_urdf/local_setup.sh
[0.995s] -- Installing: /home/anish/dp_ws/Thor-ROS/ws_thor/install/thor_urdf/share/thor_urdf/local_setup.zsh
[0.995s] -- Installing: /home/anish/dp_ws/Thor-ROS/ws_thor/install/thor_urdf/share/thor_urdf/local_setup.dsv
[0.995s] -- Installing: /home/anish/dp_ws/Thor-ROS/ws_thor/install/thor_urdf/share/thor_urdf/package.dsv
[0.995s] -- Installing: /home/anish/dp_ws/Thor-ROS/ws_thor/install/thor_urdf/share/ament_index/resource_index/packages/thor_urdf
[0.996s] -- Installing: /home/anish/dp_ws/Thor-ROS/ws_thor/install/thor_urdf/share/thor_urdf/cmake/thor_urdfConfig.cmake
[0.996s] -- Installing: /home/anish/dp_ws/Thor-ROS/ws_thor/install/thor_urdf/share/thor_urdf/cmake/thor_urdfConfig-version.cmake
[0.996s] -- Installing: /home/anish/dp_ws/Thor-ROS/ws_thor/install/thor_urdf/share/thor_urdf/package.xml
[1.001s] Invoked command in '/home/anish/dp_ws/Thor-ROS/ws_thor/build/thor_urdf' returned '0': CMAKE_PREFIX_PATH=${CMAKE_PREFIX_PATH}:/opt/ros/humble /usr/bin/cmake --install /home/anish/dp_ws/Thor-ROS/ws_thor/build/thor_urdf
