[0.014s] Invoking command in '/home/naman72060/common-dp/build/thor_bringup': AMENT_PREFIX_PATH=/home/naman72060/common-dp/install/thor_server:/home/naman72060/common-dp/install/thor_moveit:/home/naman72060/common-dp/install/thor_urdf:/home/naman72060/common-dp/install/thor_controller:${AMENT_PREFIX_PATH} CMAKE_PREFIX_PATH=/home/naman72060/common-dp/install/thor_server:/home/naman72060/common-dp/install/thor_moveit:/home/naman72060/common-dp/install/thor_urdf:/home/naman72060/common-dp/install/thor_controller:/opt/ros/humble LD_LIBRARY_PATH=/home/naman72060/common-dp/install/thor_server/lib:/home/naman72060/common-dp/install/thor_controller/lib:${LD_LIBRARY_PATH} PYTHONPATH=/home/naman72060/common-dp/install/thor_server/local/lib/python3.10/dist-packages:${PYTHONPATH} /usr/bin/cmake --build /home/naman72060/common-dp/build/thor_bringup -- -j12 -l12
[0.052s] Invoked command in '/home/naman72060/common-dp/build/thor_bringup' returned '0': AMENT_PREFIX_PATH=/home/naman72060/common-dp/install/thor_server:/home/naman72060/common-dp/install/thor_moveit:/home/naman72060/common-dp/install/thor_urdf:/home/naman72060/common-dp/install/thor_controller:${AMENT_PREFIX_PATH} CMAKE_PREFIX_PATH=/home/naman72060/common-dp/install/thor_server:/home/naman72060/common-dp/install/thor_moveit:/home/naman72060/common-dp/install/thor_urdf:/home/naman72060/common-dp/install/thor_controller:/opt/ros/humble LD_LIBRARY_PATH=/home/naman72060/common-dp/install/thor_server/lib:/home/naman72060/common-dp/install/thor_controller/lib:${LD_LIBRARY_PATH} PYTHONPATH=/home/naman72060/common-dp/install/thor_server/local/lib/python3.10/dist-packages:${PYTHONPATH} /usr/bin/cmake --build /home/naman72060/common-dp/build/thor_bringup -- -j12 -l12
[0.056s] Invoking command in '/home/naman72060/common-dp/build/thor_bringup': AMENT_PREFIX_PATH=/home/naman72060/common-dp/install/thor_server:/home/naman72060/common-dp/install/thor_moveit:/home/naman72060/common-dp/install/thor_urdf:/home/naman72060/common-dp/install/thor_controller:${AMENT_PREFIX_PATH} CMAKE_PREFIX_PATH=/home/naman72060/common-dp/install/thor_server:/home/naman72060/common-dp/install/thor_moveit:/home/naman72060/common-dp/install/thor_urdf:/home/naman72060/common-dp/install/thor_controller:/opt/ros/humble LD_LIBRARY_PATH=/home/naman72060/common-dp/install/thor_server/lib:/home/naman72060/common-dp/install/thor_controller/lib:${LD_LIBRARY_PATH} PYTHONPATH=/home/naman72060/common-dp/install/thor_server/local/lib/python3.10/dist-packages:${PYTHONPATH} /usr/bin/cmake --install /home/naman72060/common-dp/build/thor_bringup
[0.078s] -- Install configuration: ""
[0.078s] -- Up-to-date: /home/naman72060/common-dp/install/thor_bringup/share/thor_bringup/launch
[0.079s] -- Up-to-date: /home/naman72060/common-dp/install/thor_bringup/share/thor_bringup/launch/simulated_robot.launch.py
[0.079s] -- Up-to-date: /home/naman72060/common-dp/install/thor_bringup/share/thor_bringup/launch/real_robot.launch.py
[0.079s] -- Up-to-date: /home/naman72060/common-dp/install/thor_bringup/share/ament_index/resource_index/package_run_dependencies/thor_bringup
[0.079s] -- Up-to-date: /home/naman72060/common-dp/install/thor_bringup/share/ament_index/resource_index/parent_prefix_path/thor_bringup
[0.079s] -- Up-to-date: /home/naman72060/common-dp/install/thor_bringup/share/thor_bringup/environment/ament_prefix_path.sh
[0.080s] -- Up-to-date: /home/naman72060/common-dp/install/thor_bringup/share/thor_bringup/environment/ament_prefix_path.dsv
[0.080s] -- Up-to-date: /home/naman72060/common-dp/install/thor_bringup/share/thor_bringup/environment/path.sh
[0.080s] -- Up-to-date: /home/naman72060/common-dp/install/thor_bringup/share/thor_bringup/environment/path.dsv
[0.081s] -- Up-to-date: /home/naman72060/common-dp/install/thor_bringup/share/thor_bringup/local_setup.bash
[0.081s] -- Up-to-date: /home/naman72060/common-dp/install/thor_bringup/share/thor_bringup/local_setup.sh
[0.081s] -- Up-to-date: /home/naman72060/common-dp/install/thor_bringup/share/thor_bringup/local_setup.zsh
[0.081s] -- Up-to-date: /home/naman72060/common-dp/install/thor_bringup/share/thor_bringup/local_setup.dsv
[0.082s] -- Installing: /home/naman72060/common-dp/install/thor_bringup/share/thor_bringup/package.dsv
[0.082s] -- Up-to-date: /home/naman72060/common-dp/install/thor_bringup/share/ament_index/resource_index/packages/thor_bringup
[0.082s] -- Up-to-date: /home/naman72060/common-dp/install/thor_bringup/share/thor_bringup/cmake/thor_bringupConfig.cmake
[0.083s] -- Up-to-date: /home/naman72060/common-dp/install/thor_bringup/share/thor_bringup/cmake/thor_bringupConfig-version.cmake
[0.083s] -- Up-to-date: /home/naman72060/common-dp/install/thor_bringup/share/thor_bringup/package.xml
[0.087s] Invoked command in '/home/naman72060/common-dp/build/thor_bringup' returned '0': AMENT_PREFIX_PATH=/home/naman72060/common-dp/install/thor_server:/home/naman72060/common-dp/install/thor_moveit:/home/naman72060/common-dp/install/thor_urdf:/home/naman72060/common-dp/install/thor_controller:${AMENT_PREFIX_PATH} CMAKE_PREFIX_PATH=/home/naman72060/common-dp/install/thor_server:/home/naman72060/common-dp/install/thor_moveit:/home/naman72060/common-dp/install/thor_urdf:/home/naman72060/common-dp/install/thor_controller:/opt/ros/humble LD_LIBRARY_PATH=/home/naman72060/common-dp/install/thor_server/lib:/home/naman72060/common-dp/install/thor_controller/lib:${LD_LIBRARY_PATH} PYTHONPATH=/home/naman72060/common-dp/install/thor_server/local/lib/python3.10/dist-packages:${PYTHONPATH} /usr/bin/cmake --install /home/naman72060/common-dp/build/thor_bringup
