-- The C compiler identification is GNU 11.4.0
-- The CXX compiler identification is GNU 11.4.0
-- Detecting C compiler ABI info
-- Detecting C compiler ABI info - done
-- Check for working C compiler: /usr/bin/cc - skipped
-- Detecting C compile features
-- Detecting C compile features - done
-- Detecting CXX compiler ABI info
-- Detecting CXX compiler ABI info - done
-- Check for working CXX compiler: /usr/bin/c++ - skipped
-- Detecting CXX compile features
-- Detecting CXX compile features - done
-- Found ament_cmake: 1.3.11 (/opt/ros/humble/share/ament_cmake/cmake)
-- Found Python3: /usr/bin/python3 (found version "3.10.12") found components: Interpreter 
-- Found hardware_interface: 2.51.0 (/opt/ros/humble/share/hardware_interface/cmake)
-- Found rosidl_generator_c: 3.1.6 (/opt/ros/humble/share/rosidl_generator_c/cmake)
-- Found rosidl_adapter: 3.1.6 (/opt/ros/humble/share/rosidl_adapter/cmake)
-- Found rosidl_generator_cpp: 3.1.6 (/opt/ros/humble/share/rosidl_generator_cpp/cmake)
-- Using all available rosidl_typesupport_c: rosidl_typesupport_fastrtps_c;rosidl_typesupport_introspection_c
-- Using all available rosidl_typesupport_cpp: rosidl_typesupport_fastrtps_cpp;rosidl_typesupport_introspection_cpp
-- Found rmw_implementation_cmake: 6.1.2 (/opt/ros/humble/share/rmw_implementation_cmake/cmake)
-- Found rmw_cyclonedds_cpp: 1.3.4 (/opt/ros/humble/share/rmw_cyclonedds_cpp/cmake)
-- Using RMW implementation 'rmw_cyclonedds_cpp' as default
-- Looking for pthread.h
-- Looking for pthread.h - found
-- Performing Test CMAKE_HAVE_LIBC_PTHREAD
-- Performing Test CMAKE_HAVE_LIBC_PTHREAD - Success
-- Found Threads: TRUE  
-- Found PkgConfig: /usr/bin/pkg-config (found version "0.29.2") 
-- Checking for module 'libserial'
--   Found libserial, version 1.0.0
-- Found ament_lint_auto: 0.12.12 (/opt/ros/humble/share/ament_lint_auto/cmake)
-- Added test 'cppcheck' to perform static code analysis on C / C++ code
-- Configured cppcheck include dirs: /home/anish/dp_ws/Thor-ROS/ws_thor/src/thor_controller/include;/home/anish/dp_ws/Thor-ROS/ws_thor/src/thor_controller/
-- Configured cppcheck exclude dirs and/or files: 
-- Added test 'flake8' to check Python code syntax and style conventions
-- Added test 'lint_cmake' to check CMake code style
-- Added test 'pep257' to check Python code against some of the docstring style conventions in PEP 257
-- Added test 'uncrustify' to check C / C++ code style
-- Configured uncrustify additional arguments: 
-- Added test 'xmllint' to check XML markup files
-- Configuring done
-- Generating done
-- Build files have been written to: /home/anish/dp_ws/Thor-ROS/ws_thor/build/thor_controller
[ 50%] [32mBuilding CXX object CMakeFiles/thor_controller.dir/src/thor_interface.cpp.o[0m
[100%] [32m[1mLinking CXX shared library libthor_controller.so[0m
[100%] Built target thor_controller
-- Install configuration: ""
-- Installing: /home/anish/dp_ws/Thor-ROS/ws_thor/install/thor_controller/share/thor_controller/thor_controller.xml
-- Installing: /home/anish/dp_ws/Thor-ROS/ws_thor/install/thor_controller/share/thor_controller/config
-- Installing: /home/anish/dp_ws/Thor-ROS/ws_thor/install/thor_controller/share/thor_controller/config/thor_controllers.yaml
-- Installing: /home/anish/dp_ws/Thor-ROS/ws_thor/install/thor_controller/share/thor_controller/launch
-- Installing: /home/anish/dp_ws/Thor-ROS/ws_thor/install/thor_controller/share/thor_controller/launch/controller.launch.py
-- Installing: /home/anish/dp_ws/Thor-ROS/ws_thor/install/thor_controller/lib/libthor_controller.so
-- Set runtime path of "/home/anish/dp_ws/Thor-ROS/ws_thor/install/thor_controller/lib/libthor_controller.so" to ""
-- Installing: /home/anish/dp_ws/Thor-ROS/ws_thor/install/thor_controller/include/thor_controller
-- Installing: /home/anish/dp_ws/Thor-ROS/ws_thor/install/thor_controller/include/thor_controller/thor_interface.hpp
-- Installing: /home/anish/dp_ws/Thor-ROS/ws_thor/install/thor_controller/share/thor_controller/environment/library_path.sh
-- Installing: /home/anish/dp_ws/Thor-ROS/ws_thor/install/thor_controller/share/thor_controller/environment/library_path.dsv
-- Installing: /home/anish/dp_ws/Thor-ROS/ws_thor/install/thor_controller/share/ament_index/resource_index/package_run_dependencies/thor_controller
-- Installing: /home/anish/dp_ws/Thor-ROS/ws_thor/install/thor_controller/share/ament_index/resource_index/parent_prefix_path/thor_controller
-- Installing: /home/anish/dp_ws/Thor-ROS/ws_thor/install/thor_controller/share/thor_controller/environment/ament_prefix_path.sh
-- Installing: /home/anish/dp_ws/Thor-ROS/ws_thor/install/thor_controller/share/thor_controller/environment/ament_prefix_path.dsv
-- Installing: /home/anish/dp_ws/Thor-ROS/ws_thor/install/thor_controller/share/thor_controller/environment/path.sh
-- Installing: /home/anish/dp_ws/Thor-ROS/ws_thor/install/thor_controller/share/thor_controller/environment/path.dsv
-- Installing: /home/anish/dp_ws/Thor-ROS/ws_thor/install/thor_controller/share/thor_controller/local_setup.bash
-- Installing: /home/anish/dp_ws/Thor-ROS/ws_thor/install/thor_controller/share/thor_controller/local_setup.sh
-- Installing: /home/anish/dp_ws/Thor-ROS/ws_thor/install/thor_controller/share/thor_controller/local_setup.zsh
-- Installing: /home/anish/dp_ws/Thor-ROS/ws_thor/install/thor_controller/share/thor_controller/local_setup.dsv
-- Installing: /home/anish/dp_ws/Thor-ROS/ws_thor/install/thor_controller/share/thor_controller/package.dsv
-- Installing: /home/anish/dp_ws/Thor-ROS/ws_thor/install/thor_controller/share/ament_index/resource_index/packages/thor_controller
-- Installing: /home/anish/dp_ws/Thor-ROS/ws_thor/install/thor_controller/share/ament_index/resource_index/hardware_interface__pluginlib__plugin/thor_controller
-- Installing: /home/anish/dp_ws/Thor-ROS/ws_thor/install/thor_controller/share/thor_controller/cmake/ament_cmake_export_include_directories-extras.cmake
-- Installing: /home/anish/dp_ws/Thor-ROS/ws_thor/install/thor_controller/share/thor_controller/cmake/ament_cmake_export_libraries-extras.cmake
-- Installing: /home/anish/dp_ws/Thor-ROS/ws_thor/install/thor_controller/share/thor_controller/cmake/ament_cmake_export_dependencies-extras.cmake
-- Installing: /home/anish/dp_ws/Thor-ROS/ws_thor/install/thor_controller/share/thor_controller/cmake/thor_controllerConfig.cmake
-- Installing: /home/anish/dp_ws/Thor-ROS/ws_thor/install/thor_controller/share/thor_controller/cmake/thor_controllerConfig-version.cmake
-- Installing: /home/anish/dp_ws/Thor-ROS/ws_thor/install/thor_controller/share/thor_controller/package.xml
