[0.013s] Invoking command in '/home/anish/dp_ws/Thor-ROS/ws_thor/build/thor_joystick': CMAKE_PREFIX_PATH=/home/anish/dp_ws/Thor-ROS/ws_thor/install/thor_server:/home/anish/dp_ws/Thor-ROS/ws_thor/install/thor_controller:/home/anish/dp_ws/Thor-ROS/ws_thor/install/thor_bringup:/home/anish/dp_ws/Thor-ROS/ws_thor/install/thor_moveit:/home/anish/dp_ws/Thor-ROS/ws_thor/install/thor_urdf:/home/anish/dp_ws/Thor-ROS/ws_thor/install/thor_joystick:/home/anish/dp_ws/Thor-ROS/ws_thor/install/thor_perception:/home/anish/dp_ws/Thor-ROS/ws_thor/install/thor_manipulation:/home/anish/panda_ws/install/moveit_resources:/home/anish/panda_ws/install/panda_moveit_config:/home/anish/panda_ws/install/panda_description:/home/anish/panda_ws/install/moveit_resources_pr2_description:/home/anish/panda_ws/install/moveit_resources_gazebo:/home/anish/panda_ws/install/moveit_resources_fanuc_moveit_config:/home/anish/panda_ws/install/moveit_resources_fanuc_description:/home/anish/Downloads/mycobot_ros2/install/rviz_marker_tools:/home/anish/Downloads/mycobot_ros2/install/mycobot_ros2:/home/anish/Downloads/mycobot_ros2/install/mycobot_system_tests:/home/anish/Downloads/mycobot_ros2/install/mycobot_moveit_demos:/home/anish/Downloads/mycobot_ros2/install/mycobot_moveit_config:/home/anish/Downloads/mycobot_ros2/install/mycobot_interfaces:/home/anish/Downloads/mycobot_ros2/install/mycobot_gazebo:/home/anish/Downloads/mycobot_ros2/install/mycobot_description:/home/anish/Downloads/mycobot_ros2/install/mycobot_bringup:/home/anish/Downloads/mycobot_ros2/install/moveit_task_constructor_msgs:/opt/ros/humble LD_LIBRARY_PATH=/home/anish/dp_ws/Thor-ROS/ws_thor/install/thor_server/lib:/home/anish/dp_ws/Thor-ROS/ws_thor/install/thor_controller/lib:/home/anish/Downloads/mycobot_ros2/install/rviz_marker_tools/lib:/home/anish/Downloads/mycobot_ros2/install/mycobot_interfaces/lib:/home/anish/Downloads/mycobot_ros2/install/moveit_task_constructor_msgs/lib:/opt/ros/humble/opt/rviz_ogre_vendor/lib:/opt/ros/humble/lib/x86_64-linux-gnu:/opt/ros/humble/lib:/usr/lib/x86_64-linux-gnu/gazebo-11/plugins /usr/bin/cmake /home/anish/dp_ws/Thor-ROS/ws_thor/src/thor_joystick -DCMAKE_INSTALL_PREFIX=/home/anish/dp_ws/Thor-ROS/ws_thor/install/thor_joystick
[0.063s] -- The C compiler identification is GNU 11.4.0
[0.109s] -- The CXX compiler identification is GNU 11.4.0
[0.116s] -- Detecting C compiler ABI info
[0.179s] -- Detecting C compiler ABI info - done
[0.184s] -- Check for working C compiler: /usr/bin/cc - skipped
[0.184s] -- Detecting C compile features
[0.184s] -- Detecting C compile features - done
[0.186s] -- Detecting CXX compiler ABI info
[0.252s] -- Detecting CXX compiler ABI info - done
[0.257s] -- Check for working CXX compiler: /usr/bin/c++ - skipped
[0.258s] -- Detecting CXX compile features
[0.258s] -- Detecting CXX compile features - done
[0.262s] -- Found ament_cmake: 1.3.11 (/opt/ros/humble/share/ament_cmake/cmake)
[0.381s] -- Found Python3: /usr/bin/python3 (found version "3.10.12") found components: Interpreter 
[0.486s] -- Found rclcpp: 16.0.12 (/opt/ros/humble/share/rclcpp/cmake)
[0.540s] -- Found rosidl_generator_c: 3.1.6 (/opt/ros/humble/share/rosidl_generator_c/cmake)
[0.548s] -- Found rosidl_adapter: 3.1.6 (/opt/ros/humble/share/rosidl_adapter/cmake)
[0.557s] -- Found rosidl_generator_cpp: 3.1.6 (/opt/ros/humble/share/rosidl_generator_cpp/cmake)
[0.569s] -- Using all available rosidl_typesupport_c: rosidl_typesupport_fastrtps_c;rosidl_typesupport_introspection_c
[0.586s] -- Using all available rosidl_typesupport_cpp: rosidl_typesupport_fastrtps_cpp;rosidl_typesupport_introspection_cpp
[0.637s] -- Found rmw_implementation_cmake: 6.1.2 (/opt/ros/humble/share/rmw_implementation_cmake/cmake)
[0.641s] -- Found rmw_cyclonedds_cpp: 1.3.4 (/opt/ros/humble/share/rmw_cyclonedds_cpp/cmake)
[0.665s] -- Using RMW implementation 'rmw_cyclonedds_cpp' as default
[0.677s] -- Looking for pthread.h
[0.747s] -- Looking for pthread.h - found
[0.748s] -- Performing Test CMAKE_HAVE_LIBC_PTHREAD
[0.816s] -- Performing Test CMAKE_HAVE_LIBC_PTHREAD - Success
[0.816s] -- Found Threads: TRUE  
[0.860s] -- Found rclcpp_action: 16.0.12 (/opt/ros/humble/share/rclcpp_action/cmake)
[0.890s] -- Found sensor_msgs: 4.9.0 (/opt/ros/humble/share/sensor_msgs/cmake)
[0.917s] -- Found moveit_ros_planning_interface: 2.5.9 (/opt/ros/humble/share/moveit_ros_planning_interface/cmake)
[0.953s] -- Found Boost: /usr/lib/x86_64-linux-gnu/cmake/Boost-1.74.0/BoostConfig.cmake (found version "1.74.0") found components: date_time filesystem program_options system thread 
[1.056s] -- Found Boost: /usr/lib/x86_64-linux-gnu/cmake/Boost-1.74.0/BoostConfig.cmake (found version "1.74.0") found components: chrono date_time filesystem iostreams program_options regex serialization system thread 
[1.111s] -- Found parameter_traits: 0.5.0 (/opt/ros/humble/share/parameter_traits/cmake)
[1.129s] -- Found rclcpp_lifecycle: 16.0.12 (/opt/ros/humble/share/rclcpp_lifecycle/cmake)
[1.151s] -- Found Boost: /usr/lib/x86_64-linux-gnu/cmake/Boost-1.74.0/BoostConfig.cmake (found version "1.74.0") found components: filesystem 
[1.262s] -- library: /usr/lib/x86_64-linux-gnu/libcurl.so
[1.292s] -- Found Eigen3: TRUE (found version "3.4.0") 
[1.292s] -- Ensuring Eigen3 include directory is part of orocos-kdl CMake target
[1.420s] -- Found Boost: /usr/lib/x86_64-linux-gnu/cmake/Boost-1.74.0/BoostConfig.cmake (found version "1.74.0") found components: system filesystem date_time program_options thread chrono 
[1.444s] -- Found Boost: /usr/lib/x86_64-linux-gnu/cmake/Boost-1.74.0/BoostConfig.cmake (found version "1.74.0") found components: thread system filesystem regex date_time program_options 
[1.530s] -- Found Boost: /usr/lib/x86_64-linux-gnu/cmake/Boost-1.74.0/BoostConfig.cmake (found version "1.74.0") found components: system filesystem date_time program_options thread 
[1.549s] -- Found thor_server: 0.0.0 (/home/anish/dp_ws/Thor-ROS/ws_thor/install/thor_server/share/thor_server/cmake)
[1.565s] -- Found ament_lint_auto: 0.12.12 (/opt/ros/humble/share/ament_lint_auto/cmake)
[1.633s] -- Added test 'cppcheck' to perform static code analysis on C / C++ code
[1.633s] -- Configured cppcheck include dirs: /home/anish/dp_ws/Thor-ROS/ws_thor/src/thor_joystick/include
[1.633s] -- Configured cppcheck exclude dirs and/or files: 
[1.633s] -- Added test 'flake8' to check Python code syntax and style conventions
[1.634s] -- Added test 'lint_cmake' to check CMake code style
[1.635s] -- Added test 'pep257' to check Python code against some of the docstring style conventions in PEP 257
[1.636s] -- Added test 'uncrustify' to check C / C++ code style
[1.636s] -- Configured uncrustify additional arguments: 
[1.636s] -- Added test 'xmllint' to check XML markup files
[1.638s] -- Configuring done
[1.660s] -- Generating done
[1.666s] -- Build files have been written to: /home/anish/dp_ws/Thor-ROS/ws_thor/build/thor_joystick
[1.678s] Invoked command in '/home/anish/dp_ws/Thor-ROS/ws_thor/build/thor_joystick' returned '0': CMAKE_PREFIX_PATH=/home/anish/dp_ws/Thor-ROS/ws_thor/install/thor_server:/home/anish/dp_ws/Thor-ROS/ws_thor/install/thor_controller:/home/anish/dp_ws/Thor-ROS/ws_thor/install/thor_bringup:/home/anish/dp_ws/Thor-ROS/ws_thor/install/thor_moveit:/home/anish/dp_ws/Thor-ROS/ws_thor/install/thor_urdf:/home/anish/dp_ws/Thor-ROS/ws_thor/install/thor_joystick:/home/anish/dp_ws/Thor-ROS/ws_thor/install/thor_perception:/home/anish/dp_ws/Thor-ROS/ws_thor/install/thor_manipulation:/home/anish/panda_ws/install/moveit_resources:/home/anish/panda_ws/install/panda_moveit_config:/home/anish/panda_ws/install/panda_description:/home/anish/panda_ws/install/moveit_resources_pr2_description:/home/anish/panda_ws/install/moveit_resources_gazebo:/home/anish/panda_ws/install/moveit_resources_fanuc_moveit_config:/home/anish/panda_ws/install/moveit_resources_fanuc_description:/home/anish/Downloads/mycobot_ros2/install/rviz_marker_tools:/home/anish/Downloads/mycobot_ros2/install/mycobot_ros2:/home/anish/Downloads/mycobot_ros2/install/mycobot_system_tests:/home/anish/Downloads/mycobot_ros2/install/mycobot_moveit_demos:/home/anish/Downloads/mycobot_ros2/install/mycobot_moveit_config:/home/anish/Downloads/mycobot_ros2/install/mycobot_interfaces:/home/anish/Downloads/mycobot_ros2/install/mycobot_gazebo:/home/anish/Downloads/mycobot_ros2/install/mycobot_description:/home/anish/Downloads/mycobot_ros2/install/mycobot_bringup:/home/anish/Downloads/mycobot_ros2/install/moveit_task_constructor_msgs:/opt/ros/humble LD_LIBRARY_PATH=/home/anish/dp_ws/Thor-ROS/ws_thor/install/thor_server/lib:/home/anish/dp_ws/Thor-ROS/ws_thor/install/thor_controller/lib:/home/anish/Downloads/mycobot_ros2/install/rviz_marker_tools/lib:/home/anish/Downloads/mycobot_ros2/install/mycobot_interfaces/lib:/home/anish/Downloads/mycobot_ros2/install/moveit_task_constructor_msgs/lib:/opt/ros/humble/opt/rviz_ogre_vendor/lib:/opt/ros/humble/lib/x86_64-linux-gnu:/opt/ros/humble/lib:/usr/lib/x86_64-linux-gnu/gazebo-11/plugins /usr/bin/cmake /home/anish/dp_ws/Thor-ROS/ws_thor/src/thor_joystick -DCMAKE_INSTALL_PREFIX=/home/anish/dp_ws/Thor-ROS/ws_thor/install/thor_joystick
[1.679s] Invoking command in '/home/anish/dp_ws/Thor-ROS/ws_thor/build/thor_joystick': CMAKE_PREFIX_PATH=/home/anish/dp_ws/Thor-ROS/ws_thor/install/thor_server:/home/anish/dp_ws/Thor-ROS/ws_thor/install/thor_controller:/home/anish/dp_ws/Thor-ROS/ws_thor/install/thor_bringup:/home/anish/dp_ws/Thor-ROS/ws_thor/install/thor_moveit:/home/anish/dp_ws/Thor-ROS/ws_thor/install/thor_urdf:/home/anish/dp_ws/Thor-ROS/ws_thor/install/thor_joystick:/home/anish/dp_ws/Thor-ROS/ws_thor/install/thor_perception:/home/anish/dp_ws/Thor-ROS/ws_thor/install/thor_manipulation:/home/anish/panda_ws/install/moveit_resources:/home/anish/panda_ws/install/panda_moveit_config:/home/anish/panda_ws/install/panda_description:/home/anish/panda_ws/install/moveit_resources_pr2_description:/home/anish/panda_ws/install/moveit_resources_gazebo:/home/anish/panda_ws/install/moveit_resources_fanuc_moveit_config:/home/anish/panda_ws/install/moveit_resources_fanuc_description:/home/anish/Downloads/mycobot_ros2/install/rviz_marker_tools:/home/anish/Downloads/mycobot_ros2/install/mycobot_ros2:/home/anish/Downloads/mycobot_ros2/install/mycobot_system_tests:/home/anish/Downloads/mycobot_ros2/install/mycobot_moveit_demos:/home/anish/Downloads/mycobot_ros2/install/mycobot_moveit_config:/home/anish/Downloads/mycobot_ros2/install/mycobot_interfaces:/home/anish/Downloads/mycobot_ros2/install/mycobot_gazebo:/home/anish/Downloads/mycobot_ros2/install/mycobot_description:/home/anish/Downloads/mycobot_ros2/install/mycobot_bringup:/home/anish/Downloads/mycobot_ros2/install/moveit_task_constructor_msgs:/opt/ros/humble LD_LIBRARY_PATH=/home/anish/dp_ws/Thor-ROS/ws_thor/install/thor_server/lib:/home/anish/dp_ws/Thor-ROS/ws_thor/install/thor_controller/lib:/home/anish/Downloads/mycobot_ros2/install/rviz_marker_tools/lib:/home/anish/Downloads/mycobot_ros2/install/mycobot_interfaces/lib:/home/anish/Downloads/mycobot_ros2/install/moveit_task_constructor_msgs/lib:/opt/ros/humble/opt/rviz_ogre_vendor/lib:/opt/ros/humble/lib/x86_64-linux-gnu:/opt/ros/humble/lib:/usr/lib/x86_64-linux-gnu/gazebo-11/plugins /usr/bin/cmake --build /home/anish/dp_ws/Thor-ROS/ws_thor/build/thor_joystick -- -j16 -l16
[1.732s] [ 16%] [32mBuilding CXX object CMakeFiles/joystick_pose_controller.dir/src/joystick_pose_controller.cpp.o[0m
[1.732s] [ 33%] [32mBuilding CXX object CMakeFiles/joystick_moveit_controller.dir/src/joystick_moveit_controller.cpp.o[0m
[1.733s] [ 50%] [32mBuilding CXX object CMakeFiles/joystick_joint_controller.dir/src/joystick_joint_controller.cpp.o[0m
[8.297s] [ 66%] [32m[1mLinking CXX executable joystick_joint_controller[0m
[8.309s] [ 83%] [32m[1mLinking CXX executable joystick_pose_controller[0m
[8.650s] [ 83%] Built target joystick_joint_controller
[8.670s] [ 83%] Built target joystick_pose_controller
[10.882s] [100%] [32m[1mLinking CXX executable joystick_moveit_controller[0m
[11.324s] [100%] Built target joystick_moveit_controller
[11.336s] Invoked command in '/home/anish/dp_ws/Thor-ROS/ws_thor/build/thor_joystick' returned '0': CMAKE_PREFIX_PATH=/home/anish/dp_ws/Thor-ROS/ws_thor/install/thor_server:/home/anish/dp_ws/Thor-ROS/ws_thor/install/thor_controller:/home/anish/dp_ws/Thor-ROS/ws_thor/install/thor_bringup:/home/anish/dp_ws/Thor-ROS/ws_thor/install/thor_moveit:/home/anish/dp_ws/Thor-ROS/ws_thor/install/thor_urdf:/home/anish/dp_ws/Thor-ROS/ws_thor/install/thor_joystick:/home/anish/dp_ws/Thor-ROS/ws_thor/install/thor_perception:/home/anish/dp_ws/Thor-ROS/ws_thor/install/thor_manipulation:/home/anish/panda_ws/install/moveit_resources:/home/anish/panda_ws/install/panda_moveit_config:/home/anish/panda_ws/install/panda_description:/home/anish/panda_ws/install/moveit_resources_pr2_description:/home/anish/panda_ws/install/moveit_resources_gazebo:/home/anish/panda_ws/install/moveit_resources_fanuc_moveit_config:/home/anish/panda_ws/install/moveit_resources_fanuc_description:/home/anish/Downloads/mycobot_ros2/install/rviz_marker_tools:/home/anish/Downloads/mycobot_ros2/install/mycobot_ros2:/home/anish/Downloads/mycobot_ros2/install/mycobot_system_tests:/home/anish/Downloads/mycobot_ros2/install/mycobot_moveit_demos:/home/anish/Downloads/mycobot_ros2/install/mycobot_moveit_config:/home/anish/Downloads/mycobot_ros2/install/mycobot_interfaces:/home/anish/Downloads/mycobot_ros2/install/mycobot_gazebo:/home/anish/Downloads/mycobot_ros2/install/mycobot_description:/home/anish/Downloads/mycobot_ros2/install/mycobot_bringup:/home/anish/Downloads/mycobot_ros2/install/moveit_task_constructor_msgs:/opt/ros/humble LD_LIBRARY_PATH=/home/anish/dp_ws/Thor-ROS/ws_thor/install/thor_server/lib:/home/anish/dp_ws/Thor-ROS/ws_thor/install/thor_controller/lib:/home/anish/Downloads/mycobot_ros2/install/rviz_marker_tools/lib:/home/anish/Downloads/mycobot_ros2/install/mycobot_interfaces/lib:/home/anish/Downloads/mycobot_ros2/install/moveit_task_constructor_msgs/lib:/opt/ros/humble/opt/rviz_ogre_vendor/lib:/opt/ros/humble/lib/x86_64-linux-gnu:/opt/ros/humble/lib:/usr/lib/x86_64-linux-gnu/gazebo-11/plugins /usr/bin/cmake --build /home/anish/dp_ws/Thor-ROS/ws_thor/build/thor_joystick -- -j16 -l16
[11.338s] Invoking command in '/home/anish/dp_ws/Thor-ROS/ws_thor/build/thor_joystick': CMAKE_PREFIX_PATH=/home/anish/dp_ws/Thor-ROS/ws_thor/install/thor_server:/home/anish/dp_ws/Thor-ROS/ws_thor/install/thor_controller:/home/anish/dp_ws/Thor-ROS/ws_thor/install/thor_bringup:/home/anish/dp_ws/Thor-ROS/ws_thor/install/thor_moveit:/home/anish/dp_ws/Thor-ROS/ws_thor/install/thor_urdf:/home/anish/dp_ws/Thor-ROS/ws_thor/install/thor_joystick:/home/anish/dp_ws/Thor-ROS/ws_thor/install/thor_perception:/home/anish/dp_ws/Thor-ROS/ws_thor/install/thor_manipulation:/home/anish/panda_ws/install/moveit_resources:/home/anish/panda_ws/install/panda_moveit_config:/home/anish/panda_ws/install/panda_description:/home/anish/panda_ws/install/moveit_resources_pr2_description:/home/anish/panda_ws/install/moveit_resources_gazebo:/home/anish/panda_ws/install/moveit_resources_fanuc_moveit_config:/home/anish/panda_ws/install/moveit_resources_fanuc_description:/home/anish/Downloads/mycobot_ros2/install/rviz_marker_tools:/home/anish/Downloads/mycobot_ros2/install/mycobot_ros2:/home/anish/Downloads/mycobot_ros2/install/mycobot_system_tests:/home/anish/Downloads/mycobot_ros2/install/mycobot_moveit_demos:/home/anish/Downloads/mycobot_ros2/install/mycobot_moveit_config:/home/anish/Downloads/mycobot_ros2/install/mycobot_interfaces:/home/anish/Downloads/mycobot_ros2/install/mycobot_gazebo:/home/anish/Downloads/mycobot_ros2/install/mycobot_description:/home/anish/Downloads/mycobot_ros2/install/mycobot_bringup:/home/anish/Downloads/mycobot_ros2/install/moveit_task_constructor_msgs:/opt/ros/humble LD_LIBRARY_PATH=/home/anish/dp_ws/Thor-ROS/ws_thor/install/thor_server/lib:/home/anish/dp_ws/Thor-ROS/ws_thor/install/thor_controller/lib:/home/anish/Downloads/mycobot_ros2/install/rviz_marker_tools/lib:/home/anish/Downloads/mycobot_ros2/install/mycobot_interfaces/lib:/home/anish/Downloads/mycobot_ros2/install/moveit_task_constructor_msgs/lib:/opt/ros/humble/opt/rviz_ogre_vendor/lib:/opt/ros/humble/lib/x86_64-linux-gnu:/opt/ros/humble/lib:/usr/lib/x86_64-linux-gnu/gazebo-11/plugins /usr/bin/cmake --install /home/anish/dp_ws/Thor-ROS/ws_thor/build/thor_joystick
[11.344s] -- Install configuration: ""
[11.344s] -- Installing: /home/anish/dp_ws/Thor-ROS/ws_thor/install/thor_joystick/lib/thor_joystick/joystick_moveit_controller
[11.347s] -- Set runtime path of "/home/anish/dp_ws/Thor-ROS/ws_thor/install/thor_joystick/lib/thor_joystick/joystick_moveit_controller" to ""
[11.348s] -- Installing: /home/anish/dp_ws/Thor-ROS/ws_thor/install/thor_joystick/lib/thor_joystick/joystick_joint_controller
[11.351s] -- Set runtime path of "/home/anish/dp_ws/Thor-ROS/ws_thor/install/thor_joystick/lib/thor_joystick/joystick_joint_controller" to ""
[11.351s] -- Installing: /home/anish/dp_ws/Thor-ROS/ws_thor/install/thor_joystick/lib/thor_joystick/joystick_pose_controller
[11.354s] -- Set runtime path of "/home/anish/dp_ws/Thor-ROS/ws_thor/install/thor_joystick/lib/thor_joystick/joystick_pose_controller" to ""
[11.354s] -- Installing: /home/anish/dp_ws/Thor-ROS/ws_thor/install/thor_joystick/share/thor_joystick//launch
[11.354s] -- Installing: /home/anish/dp_ws/Thor-ROS/ws_thor/install/thor_joystick/share/thor_joystick//launch/joy_pose.launch.py
[11.354s] -- Installing: /home/anish/dp_ws/Thor-ROS/ws_thor/install/thor_joystick/share/thor_joystick//launch/joystick_control.launch.py
[11.355s] -- Installing: /home/anish/dp_ws/Thor-ROS/ws_thor/install/thor_joystick/share/thor_joystick//launch/joy_joint.launch.py
[11.355s] -- Installing: /home/anish/dp_ws/Thor-ROS/ws_thor/install/thor_joystick/share/ament_index/resource_index/package_run_dependencies/thor_joystick
[11.355s] -- Installing: /home/anish/dp_ws/Thor-ROS/ws_thor/install/thor_joystick/share/ament_index/resource_index/parent_prefix_path/thor_joystick
[11.355s] -- Installing: /home/anish/dp_ws/Thor-ROS/ws_thor/install/thor_joystick/share/thor_joystick/environment/ament_prefix_path.sh
[11.355s] -- Installing: /home/anish/dp_ws/Thor-ROS/ws_thor/install/thor_joystick/share/thor_joystick/environment/ament_prefix_path.dsv
[11.355s] -- Installing: /home/anish/dp_ws/Thor-ROS/ws_thor/install/thor_joystick/share/thor_joystick/environment/path.sh
[11.355s] -- Installing: /home/anish/dp_ws/Thor-ROS/ws_thor/install/thor_joystick/share/thor_joystick/environment/path.dsv
[11.355s] -- Installing: /home/anish/dp_ws/Thor-ROS/ws_thor/install/thor_joystick/share/thor_joystick/local_setup.bash
[11.355s] -- Installing: /home/anish/dp_ws/Thor-ROS/ws_thor/install/thor_joystick/share/thor_joystick/local_setup.sh
[11.355s] -- Installing: /home/anish/dp_ws/Thor-ROS/ws_thor/install/thor_joystick/share/thor_joystick/local_setup.zsh
[11.355s] -- Installing: /home/anish/dp_ws/Thor-ROS/ws_thor/install/thor_joystick/share/thor_joystick/local_setup.dsv
[11.355s] -- Installing: /home/anish/dp_ws/Thor-ROS/ws_thor/install/thor_joystick/share/thor_joystick/package.dsv
[11.356s] -- Installing: /home/anish/dp_ws/Thor-ROS/ws_thor/install/thor_joystick/share/ament_index/resource_index/packages/thor_joystick
[11.356s] -- Installing: /home/anish/dp_ws/Thor-ROS/ws_thor/install/thor_joystick/share/thor_joystick/cmake/thor_joystickConfig.cmake
[11.356s] -- Installing: /home/anish/dp_ws/Thor-ROS/ws_thor/install/thor_joystick/share/thor_joystick/cmake/thor_joystickConfig-version.cmake
[11.356s] -- Installing: /home/anish/dp_ws/Thor-ROS/ws_thor/install/thor_joystick/share/thor_joystick/package.xml
[11.358s] Invoked command in '/home/anish/dp_ws/Thor-ROS/ws_thor/build/thor_joystick' returned '0': CMAKE_PREFIX_PATH=/home/anish/dp_ws/Thor-ROS/ws_thor/install/thor_server:/home/anish/dp_ws/Thor-ROS/ws_thor/install/thor_controller:/home/anish/dp_ws/Thor-ROS/ws_thor/install/thor_bringup:/home/anish/dp_ws/Thor-ROS/ws_thor/install/thor_moveit:/home/anish/dp_ws/Thor-ROS/ws_thor/install/thor_urdf:/home/anish/dp_ws/Thor-ROS/ws_thor/install/thor_joystick:/home/anish/dp_ws/Thor-ROS/ws_thor/install/thor_perception:/home/anish/dp_ws/Thor-ROS/ws_thor/install/thor_manipulation:/home/anish/panda_ws/install/moveit_resources:/home/anish/panda_ws/install/panda_moveit_config:/home/anish/panda_ws/install/panda_description:/home/anish/panda_ws/install/moveit_resources_pr2_description:/home/anish/panda_ws/install/moveit_resources_gazebo:/home/anish/panda_ws/install/moveit_resources_fanuc_moveit_config:/home/anish/panda_ws/install/moveit_resources_fanuc_description:/home/anish/Downloads/mycobot_ros2/install/rviz_marker_tools:/home/anish/Downloads/mycobot_ros2/install/mycobot_ros2:/home/anish/Downloads/mycobot_ros2/install/mycobot_system_tests:/home/anish/Downloads/mycobot_ros2/install/mycobot_moveit_demos:/home/anish/Downloads/mycobot_ros2/install/mycobot_moveit_config:/home/anish/Downloads/mycobot_ros2/install/mycobot_interfaces:/home/anish/Downloads/mycobot_ros2/install/mycobot_gazebo:/home/anish/Downloads/mycobot_ros2/install/mycobot_description:/home/anish/Downloads/mycobot_ros2/install/mycobot_bringup:/home/anish/Downloads/mycobot_ros2/install/moveit_task_constructor_msgs:/opt/ros/humble LD_LIBRARY_PATH=/home/anish/dp_ws/Thor-ROS/ws_thor/install/thor_server/lib:/home/anish/dp_ws/Thor-ROS/ws_thor/install/thor_controller/lib:/home/anish/Downloads/mycobot_ros2/install/rviz_marker_tools/lib:/home/anish/Downloads/mycobot_ros2/install/mycobot_interfaces/lib:/home/anish/Downloads/mycobot_ros2/install/moveit_task_constructor_msgs/lib:/opt/ros/humble/opt/rviz_ogre_vendor/lib:/opt/ros/humble/lib/x86_64-linux-gnu:/opt/ros/humble/lib:/usr/lib/x86_64-linux-gnu/gazebo-11/plugins /usr/bin/cmake --install /home/anish/dp_ws/Thor-ROS/ws_thor/build/thor_joystick
