[0.070s] DEBUG:colcon:Command line arguments: ['/usr/bin/colcon', 'build']
[0.070s] DEBUG:colcon:Parsed command line arguments: Namespace(log_base=None, log_level=None, verb_name='build', build_base='build', install_base='install', merge_install=False, symlink_install=False, test_result_base=None, continue_on_error=False, executor='parallel', parallel_workers=12, event_handlers=None, ignore_user_meta=False, metas=['./colcon.meta'], base_paths=['.'], packages_ignore=None, packages_ignore_regex=None, paths=None, packages_up_to=None, packages_up_to_regex=None, packages_above=None, packages_above_and_dependencies=None, packages_above_depth=None, packages_select_by_dep=None, packages_skip_by_dep=None, packages_skip_up_to=None, packages_select_build_failed=False, packages_skip_build_finished=False, packages_select_test_failures=False, packages_skip_test_passed=False, packages_select=None, packages_skip=None, packages_select_regex=None, packages_skip_regex=None, packages_start=None, packages_end=None, allow_overriding=[], cmake_args=None, cmake_target=None, cmake_target_skip_unavailable=False, cmake_clean_cache=False, cmake_clean_first=False, cmake_force_configure=False, ament_cmake_args=None, catkin_cmake_args=None, catkin_skip_building_tests=False, mixin_files=None, mixin=None, verb_parser=<colcon_mixin.mixin.mixin_argument.MixinArgumentDecorator object at 0x76087236dc90>, verb_extension=<colcon_core.verb.build.BuildVerb object at 0x76087247abf0>, main=<bound method BuildVerb.main of <colcon_core.verb.build.BuildVerb object at 0x76087247abf0>>, mixin_verb=('build',))
[0.168s] Level 1:colcon.colcon_core.package_discovery:discover_packages(colcon_meta) check parameters
[0.168s] Level 1:colcon.colcon_core.package_discovery:discover_packages(recursive) check parameters
[0.168s] Level 1:colcon.colcon_core.package_discovery:discover_packages(ignore) check parameters
[0.168s] Level 1:colcon.colcon_core.package_discovery:discover_packages(path) check parameters
[0.168s] Level 1:colcon.colcon_core.package_discovery:discover_packages(colcon_meta) discover
[0.168s] Level 1:colcon.colcon_core.package_discovery:discover_packages(recursive) discover
[0.168s] INFO:colcon.colcon_core.package_discovery:Crawling recursively for packages in '/home/naman72060/common-dp'
[0.168s] Level 1:colcon.colcon_core.package_identification:_identify(.) by extensions ['ignore', 'ignore_ament_install']
[0.168s] Level 1:colcon.colcon_core.package_identification:_identify(.) by extension 'ignore'
[0.168s] Level 1:colcon.colcon_core.package_identification:_identify(.) by extension 'ignore_ament_install'
[0.168s] Level 1:colcon.colcon_core.package_identification:_identify(.) by extensions ['colcon_pkg']
[0.168s] Level 1:colcon.colcon_core.package_identification:_identify(.) by extension 'colcon_pkg'
[0.168s] Level 1:colcon.colcon_core.package_identification:_identify(.) by extensions ['colcon_meta']
[0.168s] Level 1:colcon.colcon_core.package_identification:_identify(.) by extension 'colcon_meta'
[0.168s] Level 1:colcon.colcon_core.package_identification:_identify(.) by extensions ['ros']
[0.168s] Level 1:colcon.colcon_core.package_identification:_identify(.) by extension 'ros'
[0.175s] Level 1:colcon.colcon_core.package_identification:_identify(.) by extensions ['cmake', 'python']
[0.175s] Level 1:colcon.colcon_core.package_identification:_identify(.) by extension 'cmake'
[0.175s] Level 1:colcon.colcon_core.package_identification:_identify(.) by extension 'python'
[0.175s] Level 1:colcon.colcon_core.package_identification:_identify(.) by extensions ['python_setup_py']
[0.175s] Level 1:colcon.colcon_core.package_identification:_identify(.) by extension 'python_setup_py'
[0.176s] Level 1:colcon.colcon_core.package_identification:_identify(build) by extensions ['ignore', 'ignore_ament_install']
[0.176s] Level 1:colcon.colcon_core.package_identification:_identify(build) by extension 'ignore'
[0.176s] Level 1:colcon.colcon_core.package_identification:_identify(build) ignored
[0.176s] Level 1:colcon.colcon_core.package_identification:_identify(install) by extensions ['ignore', 'ignore_ament_install']
[0.176s] Level 1:colcon.colcon_core.package_identification:_identify(install) by extension 'ignore'
[0.176s] Level 1:colcon.colcon_core.package_identification:_identify(install) ignored
[0.176s] Level 1:colcon.colcon_core.package_identification:_identify(log) by extensions ['ignore', 'ignore_ament_install']
[0.176s] Level 1:colcon.colcon_core.package_identification:_identify(log) by extension 'ignore'
[0.176s] Level 1:colcon.colcon_core.package_identification:_identify(log) ignored
[0.176s] Level 1:colcon.colcon_core.package_identification:_identify(src) by extensions ['ignore', 'ignore_ament_install']
[0.176s] Level 1:colcon.colcon_core.package_identification:_identify(src) by extension 'ignore'
[0.176s] Level 1:colcon.colcon_core.package_identification:_identify(src) by extension 'ignore_ament_install'
[0.176s] Level 1:colcon.colcon_core.package_identification:_identify(src) by extensions ['colcon_pkg']
[0.176s] Level 1:colcon.colcon_core.package_identification:_identify(src) by extension 'colcon_pkg'
[0.176s] Level 1:colcon.colcon_core.package_identification:_identify(src) by extensions ['colcon_meta']
[0.176s] Level 1:colcon.colcon_core.package_identification:_identify(src) by extension 'colcon_meta'
[0.176s] Level 1:colcon.colcon_core.package_identification:_identify(src) by extensions ['ros']
[0.176s] Level 1:colcon.colcon_core.package_identification:_identify(src) by extension 'ros'
[0.176s] Level 1:colcon.colcon_core.package_identification:_identify(src) by extensions ['cmake', 'python']
[0.176s] Level 1:colcon.colcon_core.package_identification:_identify(src) by extension 'cmake'
[0.176s] Level 1:colcon.colcon_core.package_identification:_identify(src) by extension 'python'
[0.176s] Level 1:colcon.colcon_core.package_identification:_identify(src) by extensions ['python_setup_py']
[0.176s] Level 1:colcon.colcon_core.package_identification:_identify(src) by extension 'python_setup_py'
[0.176s] Level 1:colcon.colcon_core.package_identification:_identify(src/thor_bringup) by extensions ['ignore', 'ignore_ament_install']
[0.176s] Level 1:colcon.colcon_core.package_identification:_identify(src/thor_bringup) by extension 'ignore'
[0.176s] Level 1:colcon.colcon_core.package_identification:_identify(src/thor_bringup) by extension 'ignore_ament_install'
[0.176s] Level 1:colcon.colcon_core.package_identification:_identify(src/thor_bringup) by extensions ['colcon_pkg']
[0.176s] Level 1:colcon.colcon_core.package_identification:_identify(src/thor_bringup) by extension 'colcon_pkg'
[0.176s] Level 1:colcon.colcon_core.package_identification:_identify(src/thor_bringup) by extensions ['colcon_meta']
[0.176s] Level 1:colcon.colcon_core.package_identification:_identify(src/thor_bringup) by extension 'colcon_meta'
[0.176s] Level 1:colcon.colcon_core.package_identification:_identify(src/thor_bringup) by extensions ['ros']
[0.176s] Level 1:colcon.colcon_core.package_identification:_identify(src/thor_bringup) by extension 'ros'
[0.178s] DEBUG:colcon.colcon_core.package_identification:Package 'src/thor_bringup' with type 'ros.ament_cmake' and name 'thor_bringup'
[0.178s] Level 1:colcon.colcon_core.package_identification:_identify(src/thor_controller) by extensions ['ignore', 'ignore_ament_install']
[0.178s] Level 1:colcon.colcon_core.package_identification:_identify(src/thor_controller) by extension 'ignore'
[0.178s] Level 1:colcon.colcon_core.package_identification:_identify(src/thor_controller) by extension 'ignore_ament_install'
[0.178s] Level 1:colcon.colcon_core.package_identification:_identify(src/thor_controller) by extensions ['colcon_pkg']
[0.178s] Level 1:colcon.colcon_core.package_identification:_identify(src/thor_controller) by extension 'colcon_pkg'
[0.178s] Level 1:colcon.colcon_core.package_identification:_identify(src/thor_controller) by extensions ['colcon_meta']
[0.178s] Level 1:colcon.colcon_core.package_identification:_identify(src/thor_controller) by extension 'colcon_meta'
[0.178s] Level 1:colcon.colcon_core.package_identification:_identify(src/thor_controller) by extensions ['ros']
[0.178s] Level 1:colcon.colcon_core.package_identification:_identify(src/thor_controller) by extension 'ros'
[0.179s] DEBUG:colcon.colcon_core.package_identification:Package 'src/thor_controller' with type 'ros.ament_cmake' and name 'thor_controller'
[0.179s] Level 1:colcon.colcon_core.package_identification:_identify(src/thor_joystick) by extensions ['ignore', 'ignore_ament_install']
[0.179s] Level 1:colcon.colcon_core.package_identification:_identify(src/thor_joystick) by extension 'ignore'
[0.179s] Level 1:colcon.colcon_core.package_identification:_identify(src/thor_joystick) by extension 'ignore_ament_install'
[0.179s] Level 1:colcon.colcon_core.package_identification:_identify(src/thor_joystick) by extensions ['colcon_pkg']
[0.179s] Level 1:colcon.colcon_core.package_identification:_identify(src/thor_joystick) by extension 'colcon_pkg'
[0.179s] Level 1:colcon.colcon_core.package_identification:_identify(src/thor_joystick) by extensions ['colcon_meta']
[0.179s] Level 1:colcon.colcon_core.package_identification:_identify(src/thor_joystick) by extension 'colcon_meta'
[0.179s] Level 1:colcon.colcon_core.package_identification:_identify(src/thor_joystick) by extensions ['ros']
[0.179s] Level 1:colcon.colcon_core.package_identification:_identify(src/thor_joystick) by extension 'ros'
[0.180s] DEBUG:colcon.colcon_core.package_identification:Package 'src/thor_joystick' with type 'ros.ament_cmake' and name 'thor_joystick'
[0.180s] Level 1:colcon.colcon_core.package_identification:_identify(src/thor_manipulation) by extensions ['ignore', 'ignore_ament_install']
[0.180s] Level 1:colcon.colcon_core.package_identification:_identify(src/thor_manipulation) by extension 'ignore'
[0.180s] Level 1:colcon.colcon_core.package_identification:_identify(src/thor_manipulation) by extension 'ignore_ament_install'
[0.180s] Level 1:colcon.colcon_core.package_identification:_identify(src/thor_manipulation) by extensions ['colcon_pkg']
[0.180s] Level 1:colcon.colcon_core.package_identification:_identify(src/thor_manipulation) by extension 'colcon_pkg'
[0.180s] Level 1:colcon.colcon_core.package_identification:_identify(src/thor_manipulation) by extensions ['colcon_meta']
[0.180s] Level 1:colcon.colcon_core.package_identification:_identify(src/thor_manipulation) by extension 'colcon_meta'
[0.180s] Level 1:colcon.colcon_core.package_identification:_identify(src/thor_manipulation) by extensions ['ros']
[0.180s] Level 1:colcon.colcon_core.package_identification:_identify(src/thor_manipulation) by extension 'ros'
[0.181s] DEBUG:colcon.colcon_core.package_identification:Package 'src/thor_manipulation' with type 'ros.ament_cmake' and name 'thor_manipulation'
[0.181s] Level 1:colcon.colcon_core.package_identification:_identify(src/thor_moveit) by extensions ['ignore', 'ignore_ament_install']
[0.181s] Level 1:colcon.colcon_core.package_identification:_identify(src/thor_moveit) by extension 'ignore'
[0.181s] Level 1:colcon.colcon_core.package_identification:_identify(src/thor_moveit) by extension 'ignore_ament_install'
[0.181s] Level 1:colcon.colcon_core.package_identification:_identify(src/thor_moveit) by extensions ['colcon_pkg']
[0.181s] Level 1:colcon.colcon_core.package_identification:_identify(src/thor_moveit) by extension 'colcon_pkg'
[0.181s] Level 1:colcon.colcon_core.package_identification:_identify(src/thor_moveit) by extensions ['colcon_meta']
[0.181s] Level 1:colcon.colcon_core.package_identification:_identify(src/thor_moveit) by extension 'colcon_meta'
[0.181s] Level 1:colcon.colcon_core.package_identification:_identify(src/thor_moveit) by extensions ['ros']
[0.181s] Level 1:colcon.colcon_core.package_identification:_identify(src/thor_moveit) by extension 'ros'
[0.182s] DEBUG:colcon.colcon_core.package_identification:Package 'src/thor_moveit' with type 'ros.ament_cmake' and name 'thor_moveit'
[0.182s] Level 1:colcon.colcon_core.package_identification:_identify(src/thor_perception) by extensions ['ignore', 'ignore_ament_install']
[0.182s] Level 1:colcon.colcon_core.package_identification:_identify(src/thor_perception) by extension 'ignore'
[0.182s] Level 1:colcon.colcon_core.package_identification:_identify(src/thor_perception) by extension 'ignore_ament_install'
[0.182s] Level 1:colcon.colcon_core.package_identification:_identify(src/thor_perception) by extensions ['colcon_pkg']
[0.182s] Level 1:colcon.colcon_core.package_identification:_identify(src/thor_perception) by extension 'colcon_pkg'
[0.182s] Level 1:colcon.colcon_core.package_identification:_identify(src/thor_perception) by extensions ['colcon_meta']
[0.182s] Level 1:colcon.colcon_core.package_identification:_identify(src/thor_perception) by extension 'colcon_meta'
[0.182s] Level 1:colcon.colcon_core.package_identification:_identify(src/thor_perception) by extensions ['ros']
[0.182s] Level 1:colcon.colcon_core.package_identification:_identify(src/thor_perception) by extension 'ros'
[0.183s] DEBUG:colcon.colcon_core.package_identification:Package 'src/thor_perception' with type 'ros.ament_cmake' and name 'thor_perception'
[0.183s] Level 1:colcon.colcon_core.package_identification:_identify(src/thor_server) by extensions ['ignore', 'ignore_ament_install']
[0.183s] Level 1:colcon.colcon_core.package_identification:_identify(src/thor_server) by extension 'ignore'
[0.183s] Level 1:colcon.colcon_core.package_identification:_identify(src/thor_server) by extension 'ignore_ament_install'
[0.183s] Level 1:colcon.colcon_core.package_identification:_identify(src/thor_server) by extensions ['colcon_pkg']
[0.183s] Level 1:colcon.colcon_core.package_identification:_identify(src/thor_server) by extension 'colcon_pkg'
[0.183s] Level 1:colcon.colcon_core.package_identification:_identify(src/thor_server) by extensions ['colcon_meta']
[0.183s] Level 1:colcon.colcon_core.package_identification:_identify(src/thor_server) by extension 'colcon_meta'
[0.183s] Level 1:colcon.colcon_core.package_identification:_identify(src/thor_server) by extensions ['ros']
[0.183s] Level 1:colcon.colcon_core.package_identification:_identify(src/thor_server) by extension 'ros'
[0.184s] DEBUG:colcon.colcon_core.package_identification:Package 'src/thor_server' with type 'ros.ament_cmake' and name 'thor_server'
[0.184s] Level 1:colcon.colcon_core.package_identification:_identify(src/thor_teleop) by extensions ['ignore', 'ignore_ament_install']
[0.184s] Level 1:colcon.colcon_core.package_identification:_identify(src/thor_teleop) by extension 'ignore'
[0.184s] Level 1:colcon.colcon_core.package_identification:_identify(src/thor_teleop) by extension 'ignore_ament_install'
[0.184s] Level 1:colcon.colcon_core.package_identification:_identify(src/thor_teleop) by extensions ['colcon_pkg']
[0.184s] Level 1:colcon.colcon_core.package_identification:_identify(src/thor_teleop) by extension 'colcon_pkg'
[0.184s] Level 1:colcon.colcon_core.package_identification:_identify(src/thor_teleop) by extensions ['colcon_meta']
[0.184s] Level 1:colcon.colcon_core.package_identification:_identify(src/thor_teleop) by extension 'colcon_meta'
[0.184s] Level 1:colcon.colcon_core.package_identification:_identify(src/thor_teleop) by extensions ['ros']
[0.184s] Level 1:colcon.colcon_core.package_identification:_identify(src/thor_teleop) by extension 'ros'
[0.184s] DEBUG:colcon.colcon_core.package_identification:Package 'src/thor_teleop' with type 'ros.ament_cmake' and name 'thor_teleop'
[0.184s] Level 1:colcon.colcon_core.package_identification:_identify(src/thor_tests) by extensions ['ignore', 'ignore_ament_install']
[0.185s] Level 1:colcon.colcon_core.package_identification:_identify(src/thor_tests) by extension 'ignore'
[0.185s] Level 1:colcon.colcon_core.package_identification:_identify(src/thor_tests) by extension 'ignore_ament_install'
[0.185s] Level 1:colcon.colcon_core.package_identification:_identify(src/thor_tests) by extensions ['colcon_pkg']
[0.185s] Level 1:colcon.colcon_core.package_identification:_identify(src/thor_tests) by extension 'colcon_pkg'
[0.185s] Level 1:colcon.colcon_core.package_identification:_identify(src/thor_tests) by extensions ['colcon_meta']
[0.185s] Level 1:colcon.colcon_core.package_identification:_identify(src/thor_tests) by extension 'colcon_meta'
[0.185s] Level 1:colcon.colcon_core.package_identification:_identify(src/thor_tests) by extensions ['ros']
[0.185s] Level 1:colcon.colcon_core.package_identification:_identify(src/thor_tests) by extension 'ros'
[0.185s] Level 1:colcon.colcon_core.package_identification:_identify(src/thor_tests) by extensions ['cmake', 'python']
[0.185s] Level 1:colcon.colcon_core.package_identification:_identify(src/thor_tests) by extension 'cmake'
[0.185s] Level 1:colcon.colcon_core.package_identification:_identify(src/thor_tests) by extension 'python'
[0.185s] Level 1:colcon.colcon_core.package_identification:_identify(src/thor_tests) by extensions ['python_setup_py']
[0.185s] Level 1:colcon.colcon_core.package_identification:_identify(src/thor_tests) by extension 'python_setup_py'
[0.185s] Level 1:colcon.colcon_core.package_identification:_identify(src/thor_tests/src) by extensions ['ignore', 'ignore_ament_install']
[0.185s] Level 1:colcon.colcon_core.package_identification:_identify(src/thor_tests/src) by extension 'ignore'
[0.185s] Level 1:colcon.colcon_core.package_identification:_identify(src/thor_tests/src) by extension 'ignore_ament_install'
[0.185s] Level 1:colcon.colcon_core.package_identification:_identify(src/thor_tests/src) by extensions ['colcon_pkg']
[0.185s] Level 1:colcon.colcon_core.package_identification:_identify(src/thor_tests/src) by extension 'colcon_pkg'
[0.185s] Level 1:colcon.colcon_core.package_identification:_identify(src/thor_tests/src) by extensions ['colcon_meta']
[0.185s] Level 1:colcon.colcon_core.package_identification:_identify(src/thor_tests/src) by extension 'colcon_meta'
[0.185s] Level 1:colcon.colcon_core.package_identification:_identify(src/thor_tests/src) by extensions ['ros']
[0.185s] Level 1:colcon.colcon_core.package_identification:_identify(src/thor_tests/src) by extension 'ros'
[0.185s] Level 1:colcon.colcon_core.package_identification:_identify(src/thor_tests/src) by extensions ['cmake', 'python']
[0.185s] Level 1:colcon.colcon_core.package_identification:_identify(src/thor_tests/src) by extension 'cmake'
[0.185s] Level 1:colcon.colcon_core.package_identification:_identify(src/thor_tests/src) by extension 'python'
[0.185s] Level 1:colcon.colcon_core.package_identification:_identify(src/thor_tests/src) by extensions ['python_setup_py']
[0.185s] Level 1:colcon.colcon_core.package_identification:_identify(src/thor_tests/src) by extension 'python_setup_py'
[0.185s] Level 1:colcon.colcon_core.package_identification:_identify(src/thor_urdf) by extensions ['ignore', 'ignore_ament_install']
[0.185s] Level 1:colcon.colcon_core.package_identification:_identify(src/thor_urdf) by extension 'ignore'
[0.185s] Level 1:colcon.colcon_core.package_identification:_identify(src/thor_urdf) by extension 'ignore_ament_install'
[0.185s] Level 1:colcon.colcon_core.package_identification:_identify(src/thor_urdf) by extensions ['colcon_pkg']
[0.185s] Level 1:colcon.colcon_core.package_identification:_identify(src/thor_urdf) by extension 'colcon_pkg'
[0.185s] Level 1:colcon.colcon_core.package_identification:_identify(src/thor_urdf) by extensions ['colcon_meta']
[0.185s] Level 1:colcon.colcon_core.package_identification:_identify(src/thor_urdf) by extension 'colcon_meta'
[0.185s] Level 1:colcon.colcon_core.package_identification:_identify(src/thor_urdf) by extensions ['ros']
[0.185s] Level 1:colcon.colcon_core.package_identification:_identify(src/thor_urdf) by extension 'ros'
[0.186s] DEBUG:colcon.colcon_core.package_identification:Package 'src/thor_urdf' with type 'ros.ament_cmake' and name 'thor_urdf'
[0.186s] Level 1:colcon.colcon_core.package_discovery:discover_packages(recursive) using defaults
[0.186s] Level 1:colcon.colcon_core.package_discovery:discover_packages(ignore) discover
[0.186s] Level 1:colcon.colcon_core.package_discovery:discover_packages(ignore) using defaults
[0.186s] Level 1:colcon.colcon_core.package_discovery:discover_packages(path) discover
[0.186s] Level 1:colcon.colcon_core.package_discovery:discover_packages(path) using defaults
[0.207s] Level 1:colcon.colcon_core.package_discovery:discover_packages(prefix_path) check parameters
[0.207s] Level 1:colcon.colcon_core.package_discovery:discover_packages(prefix_path) discover
[0.209s] DEBUG:colcon.colcon_installed_package_information.package_discovery:Found 368 installed packages in /opt/ros/humble
[0.210s] Level 1:colcon.colcon_core.package_discovery:discover_packages(prefix_path) using defaults
[0.236s] Level 5:colcon.colcon_core.verb:set package 'thor_controller' build argument 'cmake_args' from command line to 'None'
[0.236s] Level 5:colcon.colcon_core.verb:set package 'thor_controller' build argument 'cmake_target' from command line to 'None'
[0.236s] Level 5:colcon.colcon_core.verb:set package 'thor_controller' build argument 'cmake_target_skip_unavailable' from command line to 'False'
[0.236s] Level 5:colcon.colcon_core.verb:set package 'thor_controller' build argument 'cmake_clean_cache' from command line to 'False'
[0.236s] Level 5:colcon.colcon_core.verb:set package 'thor_controller' build argument 'cmake_clean_first' from command line to 'False'
[0.236s] Level 5:colcon.colcon_core.verb:set package 'thor_controller' build argument 'cmake_force_configure' from command line to 'False'
[0.236s] Level 5:colcon.colcon_core.verb:set package 'thor_controller' build argument 'ament_cmake_args' from command line to 'None'
[0.236s] Level 5:colcon.colcon_core.verb:set package 'thor_controller' build argument 'catkin_cmake_args' from command line to 'None'
[0.236s] Level 5:colcon.colcon_core.verb:set package 'thor_controller' build argument 'catkin_skip_building_tests' from command line to 'False'
[0.236s] DEBUG:colcon.colcon_core.verb:Building package 'thor_controller' with the following arguments: {'ament_cmake_args': None, 'build_base': '/home/naman72060/common-dp/build/thor_controller', 'catkin_cmake_args': None, 'catkin_skip_building_tests': False, 'cmake_args': None, 'cmake_clean_cache': False, 'cmake_clean_first': False, 'cmake_force_configure': False, 'cmake_target': None, 'cmake_target_skip_unavailable': False, 'install_base': '/home/naman72060/common-dp/install/thor_controller', 'merge_install': False, 'path': '/home/naman72060/common-dp/src/thor_controller', 'symlink_install': False, 'test_result_base': None}
[0.236s] Level 5:colcon.colcon_core.verb:set package 'thor_manipulation' build argument 'cmake_args' from command line to 'None'
[0.236s] Level 5:colcon.colcon_core.verb:set package 'thor_manipulation' build argument 'cmake_target' from command line to 'None'
[0.236s] Level 5:colcon.colcon_core.verb:set package 'thor_manipulation' build argument 'cmake_target_skip_unavailable' from command line to 'False'
[0.236s] Level 5:colcon.colcon_core.verb:set package 'thor_manipulation' build argument 'cmake_clean_cache' from command line to 'False'
[0.236s] Level 5:colcon.colcon_core.verb:set package 'thor_manipulation' build argument 'cmake_clean_first' from command line to 'False'
[0.236s] Level 5:colcon.colcon_core.verb:set package 'thor_manipulation' build argument 'cmake_force_configure' from command line to 'False'
[0.236s] Level 5:colcon.colcon_core.verb:set package 'thor_manipulation' build argument 'ament_cmake_args' from command line to 'None'
[0.236s] Level 5:colcon.colcon_core.verb:set package 'thor_manipulation' build argument 'catkin_cmake_args' from command line to 'None'
[0.236s] Level 5:colcon.colcon_core.verb:set package 'thor_manipulation' build argument 'catkin_skip_building_tests' from command line to 'False'
[0.236s] DEBUG:colcon.colcon_core.verb:Building package 'thor_manipulation' with the following arguments: {'ament_cmake_args': None, 'build_base': '/home/naman72060/common-dp/build/thor_manipulation', 'catkin_cmake_args': None, 'catkin_skip_building_tests': False, 'cmake_args': None, 'cmake_clean_cache': False, 'cmake_clean_first': False, 'cmake_force_configure': False, 'cmake_target': None, 'cmake_target_skip_unavailable': False, 'install_base': '/home/naman72060/common-dp/install/thor_manipulation', 'merge_install': False, 'path': '/home/naman72060/common-dp/src/thor_manipulation', 'symlink_install': False, 'test_result_base': None}
[0.237s] Level 5:colcon.colcon_core.verb:set package 'thor_perception' build argument 'cmake_args' from command line to 'None'
[0.237s] Level 5:colcon.colcon_core.verb:set package 'thor_perception' build argument 'cmake_target' from command line to 'None'
[0.237s] Level 5:colcon.colcon_core.verb:set package 'thor_perception' build argument 'cmake_target_skip_unavailable' from command line to 'False'
[0.237s] Level 5:colcon.colcon_core.verb:set package 'thor_perception' build argument 'cmake_clean_cache' from command line to 'False'
[0.237s] Level 5:colcon.colcon_core.verb:set package 'thor_perception' build argument 'cmake_clean_first' from command line to 'False'
[0.237s] Level 5:colcon.colcon_core.verb:set package 'thor_perception' build argument 'cmake_force_configure' from command line to 'False'
[0.237s] Level 5:colcon.colcon_core.verb:set package 'thor_perception' build argument 'ament_cmake_args' from command line to 'None'
[0.237s] Level 5:colcon.colcon_core.verb:set package 'thor_perception' build argument 'catkin_cmake_args' from command line to 'None'
[0.237s] Level 5:colcon.colcon_core.verb:set package 'thor_perception' build argument 'catkin_skip_building_tests' from command line to 'False'
[0.237s] DEBUG:colcon.colcon_core.verb:Building package 'thor_perception' with the following arguments: {'ament_cmake_args': None, 'build_base': '/home/naman72060/common-dp/build/thor_perception', 'catkin_cmake_args': None, 'catkin_skip_building_tests': False, 'cmake_args': None, 'cmake_clean_cache': False, 'cmake_clean_first': False, 'cmake_force_configure': False, 'cmake_target': None, 'cmake_target_skip_unavailable': False, 'install_base': '/home/naman72060/common-dp/install/thor_perception', 'merge_install': False, 'path': '/home/naman72060/common-dp/src/thor_perception', 'symlink_install': False, 'test_result_base': None}
[0.237s] Level 5:colcon.colcon_core.verb:set package 'thor_teleop' build argument 'cmake_args' from command line to 'None'
[0.237s] Level 5:colcon.colcon_core.verb:set package 'thor_teleop' build argument 'cmake_target' from command line to 'None'
[0.237s] Level 5:colcon.colcon_core.verb:set package 'thor_teleop' build argument 'cmake_target_skip_unavailable' from command line to 'False'
[0.237s] Level 5:colcon.colcon_core.verb:set package 'thor_teleop' build argument 'cmake_clean_cache' from command line to 'False'
[0.237s] Level 5:colcon.colcon_core.verb:set package 'thor_teleop' build argument 'cmake_clean_first' from command line to 'False'
[0.237s] Level 5:colcon.colcon_core.verb:set package 'thor_teleop' build argument 'cmake_force_configure' from command line to 'False'
[0.237s] Level 5:colcon.colcon_core.verb:set package 'thor_teleop' build argument 'ament_cmake_args' from command line to 'None'
[0.237s] Level 5:colcon.colcon_core.verb:set package 'thor_teleop' build argument 'catkin_cmake_args' from command line to 'None'
[0.237s] Level 5:colcon.colcon_core.verb:set package 'thor_teleop' build argument 'catkin_skip_building_tests' from command line to 'False'
[0.237s] DEBUG:colcon.colcon_core.verb:Building package 'thor_teleop' with the following arguments: {'ament_cmake_args': None, 'build_base': '/home/naman72060/common-dp/build/thor_teleop', 'catkin_cmake_args': None, 'catkin_skip_building_tests': False, 'cmake_args': None, 'cmake_clean_cache': False, 'cmake_clean_first': False, 'cmake_force_configure': False, 'cmake_target': None, 'cmake_target_skip_unavailable': False, 'install_base': '/home/naman72060/common-dp/install/thor_teleop', 'merge_install': False, 'path': '/home/naman72060/common-dp/src/thor_teleop', 'symlink_install': False, 'test_result_base': None}
[0.237s] Level 5:colcon.colcon_core.verb:set package 'thor_urdf' build argument 'cmake_args' from command line to 'None'
[0.237s] Level 5:colcon.colcon_core.verb:set package 'thor_urdf' build argument 'cmake_target' from command line to 'None'
[0.237s] Level 5:colcon.colcon_core.verb:set package 'thor_urdf' build argument 'cmake_target_skip_unavailable' from command line to 'False'
[0.237s] Level 5:colcon.colcon_core.verb:set package 'thor_urdf' build argument 'cmake_clean_cache' from command line to 'False'
[0.237s] Level 5:colcon.colcon_core.verb:set package 'thor_urdf' build argument 'cmake_clean_first' from command line to 'False'
[0.237s] Level 5:colcon.colcon_core.verb:set package 'thor_urdf' build argument 'cmake_force_configure' from command line to 'False'
[0.237s] Level 5:colcon.colcon_core.verb:set package 'thor_urdf' build argument 'ament_cmake_args' from command line to 'None'
[0.237s] Level 5:colcon.colcon_core.verb:set package 'thor_urdf' build argument 'catkin_cmake_args' from command line to 'None'
[0.237s] Level 5:colcon.colcon_core.verb:set package 'thor_urdf' build argument 'catkin_skip_building_tests' from command line to 'False'
[0.237s] DEBUG:colcon.colcon_core.verb:Building package 'thor_urdf' with the following arguments: {'ament_cmake_args': None, 'build_base': '/home/naman72060/common-dp/build/thor_urdf', 'catkin_cmake_args': None, 'catkin_skip_building_tests': False, 'cmake_args': None, 'cmake_clean_cache': False, 'cmake_clean_first': False, 'cmake_force_configure': False, 'cmake_target': None, 'cmake_target_skip_unavailable': False, 'install_base': '/home/naman72060/common-dp/install/thor_urdf', 'merge_install': False, 'path': '/home/naman72060/common-dp/src/thor_urdf', 'symlink_install': False, 'test_result_base': None}
[0.238s] Level 5:colcon.colcon_core.verb:set package 'thor_moveit' build argument 'cmake_args' from command line to 'None'
[0.238s] Level 5:colcon.colcon_core.verb:set package 'thor_moveit' build argument 'cmake_target' from command line to 'None'
[0.238s] Level 5:colcon.colcon_core.verb:set package 'thor_moveit' build argument 'cmake_target_skip_unavailable' from command line to 'False'
[0.238s] Level 5:colcon.colcon_core.verb:set package 'thor_moveit' build argument 'cmake_clean_cache' from command line to 'False'
[0.238s] Level 5:colcon.colcon_core.verb:set package 'thor_moveit' build argument 'cmake_clean_first' from command line to 'False'
[0.238s] Level 5:colcon.colcon_core.verb:set package 'thor_moveit' build argument 'cmake_force_configure' from command line to 'False'
[0.238s] Level 5:colcon.colcon_core.verb:set package 'thor_moveit' build argument 'ament_cmake_args' from command line to 'None'
[0.238s] Level 5:colcon.colcon_core.verb:set package 'thor_moveit' build argument 'catkin_cmake_args' from command line to 'None'
[0.238s] Level 5:colcon.colcon_core.verb:set package 'thor_moveit' build argument 'catkin_skip_building_tests' from command line to 'False'
[0.238s] DEBUG:colcon.colcon_core.verb:Building package 'thor_moveit' with the following arguments: {'ament_cmake_args': None, 'build_base': '/home/naman72060/common-dp/build/thor_moveit', 'catkin_cmake_args': None, 'catkin_skip_building_tests': False, 'cmake_args': None, 'cmake_clean_cache': False, 'cmake_clean_first': False, 'cmake_force_configure': False, 'cmake_target': None, 'cmake_target_skip_unavailable': False, 'install_base': '/home/naman72060/common-dp/install/thor_moveit', 'merge_install': False, 'path': '/home/naman72060/common-dp/src/thor_moveit', 'symlink_install': False, 'test_result_base': None}
[0.238s] Level 5:colcon.colcon_core.verb:set package 'thor_server' build argument 'cmake_args' from command line to 'None'
[0.238s] Level 5:colcon.colcon_core.verb:set package 'thor_server' build argument 'cmake_target' from command line to 'None'
[0.238s] Level 5:colcon.colcon_core.verb:set package 'thor_server' build argument 'cmake_target_skip_unavailable' from command line to 'False'
[0.238s] Level 5:colcon.colcon_core.verb:set package 'thor_server' build argument 'cmake_clean_cache' from command line to 'False'
[0.238s] Level 5:colcon.colcon_core.verb:set package 'thor_server' build argument 'cmake_clean_first' from command line to 'False'
[0.238s] Level 5:colcon.colcon_core.verb:set package 'thor_server' build argument 'cmake_force_configure' from command line to 'False'
[0.238s] Level 5:colcon.colcon_core.verb:set package 'thor_server' build argument 'ament_cmake_args' from command line to 'None'
[0.238s] Level 5:colcon.colcon_core.verb:set package 'thor_server' build argument 'catkin_cmake_args' from command line to 'None'
[0.238s] Level 5:colcon.colcon_core.verb:set package 'thor_server' build argument 'catkin_skip_building_tests' from command line to 'False'
[0.238s] DEBUG:colcon.colcon_core.verb:Building package 'thor_server' with the following arguments: {'ament_cmake_args': None, 'build_base': '/home/naman72060/common-dp/build/thor_server', 'catkin_cmake_args': None, 'catkin_skip_building_tests': False, 'cmake_args': None, 'cmake_clean_cache': False, 'cmake_clean_first': False, 'cmake_force_configure': False, 'cmake_target': None, 'cmake_target_skip_unavailable': False, 'install_base': '/home/naman72060/common-dp/install/thor_server', 'merge_install': False, 'path': '/home/naman72060/common-dp/src/thor_server', 'symlink_install': False, 'test_result_base': None}
[0.238s] Level 5:colcon.colcon_core.verb:set package 'thor_bringup' build argument 'cmake_args' from command line to 'None'
[0.238s] Level 5:colcon.colcon_core.verb:set package 'thor_bringup' build argument 'cmake_target' from command line to 'None'
[0.238s] Level 5:colcon.colcon_core.verb:set package 'thor_bringup' build argument 'cmake_target_skip_unavailable' from command line to 'False'
[0.238s] Level 5:colcon.colcon_core.verb:set package 'thor_bringup' build argument 'cmake_clean_cache' from command line to 'False'
[0.238s] Level 5:colcon.colcon_core.verb:set package 'thor_bringup' build argument 'cmake_clean_first' from command line to 'False'
[0.238s] Level 5:colcon.colcon_core.verb:set package 'thor_bringup' build argument 'cmake_force_configure' from command line to 'False'
[0.238s] Level 5:colcon.colcon_core.verb:set package 'thor_bringup' build argument 'ament_cmake_args' from command line to 'None'
[0.238s] Level 5:colcon.colcon_core.verb:set package 'thor_bringup' build argument 'catkin_cmake_args' from command line to 'None'
[0.238s] Level 5:colcon.colcon_core.verb:set package 'thor_bringup' build argument 'catkin_skip_building_tests' from command line to 'False'
[0.238s] DEBUG:colcon.colcon_core.verb:Building package 'thor_bringup' with the following arguments: {'ament_cmake_args': None, 'build_base': '/home/naman72060/common-dp/build/thor_bringup', 'catkin_cmake_args': None, 'catkin_skip_building_tests': False, 'cmake_args': None, 'cmake_clean_cache': False, 'cmake_clean_first': False, 'cmake_force_configure': False, 'cmake_target': None, 'cmake_target_skip_unavailable': False, 'install_base': '/home/naman72060/common-dp/install/thor_bringup', 'merge_install': False, 'path': '/home/naman72060/common-dp/src/thor_bringup', 'symlink_install': False, 'test_result_base': None}
[0.238s] Level 5:colcon.colcon_core.verb:set package 'thor_joystick' build argument 'cmake_args' from command line to 'None'
[0.238s] Level 5:colcon.colcon_core.verb:set package 'thor_joystick' build argument 'cmake_target' from command line to 'None'
[0.238s] Level 5:colcon.colcon_core.verb:set package 'thor_joystick' build argument 'cmake_target_skip_unavailable' from command line to 'False'
[0.238s] Level 5:colcon.colcon_core.verb:set package 'thor_joystick' build argument 'cmake_clean_cache' from command line to 'False'
[0.239s] Level 5:colcon.colcon_core.verb:set package 'thor_joystick' build argument 'cmake_clean_first' from command line to 'False'
[0.239s] Level 5:colcon.colcon_core.verb:set package 'thor_joystick' build argument 'cmake_force_configure' from command line to 'False'
[0.239s] Level 5:colcon.colcon_core.verb:set package 'thor_joystick' build argument 'ament_cmake_args' from command line to 'None'
[0.239s] Level 5:colcon.colcon_core.verb:set package 'thor_joystick' build argument 'catkin_cmake_args' from command line to 'None'
[0.239s] Level 5:colcon.colcon_core.verb:set package 'thor_joystick' build argument 'catkin_skip_building_tests' from command line to 'False'
[0.239s] DEBUG:colcon.colcon_core.verb:Building package 'thor_joystick' with the following arguments: {'ament_cmake_args': None, 'build_base': '/home/naman72060/common-dp/build/thor_joystick', 'catkin_cmake_args': None, 'catkin_skip_building_tests': False, 'cmake_args': None, 'cmake_clean_cache': False, 'cmake_clean_first': False, 'cmake_force_configure': False, 'cmake_target': None, 'cmake_target_skip_unavailable': False, 'install_base': '/home/naman72060/common-dp/install/thor_joystick', 'merge_install': False, 'path': '/home/naman72060/common-dp/src/thor_joystick', 'symlink_install': False, 'test_result_base': None}
[0.239s] INFO:colcon.colcon_core.executor:Executing jobs using 'parallel' executor
[0.240s] DEBUG:colcon.colcon_parallel_executor.executor.parallel:run_until_complete
[0.240s] INFO:colcon.colcon_ros.task.ament_cmake.build:Building ROS package in '/home/naman72060/common-dp/src/thor_controller' with build type 'ament_cmake'
[0.241s] INFO:colcon.colcon_cmake.task.cmake.build:Building CMake package in '/home/naman72060/common-dp/src/thor_controller'
[0.243s] INFO:colcon.colcon_core.plugin_system:Skipping extension 'colcon_core.shell.bat': Not used on non-Windows systems
[0.243s] INFO:colcon.colcon_core.shell:Skip shell extension 'powershell' for command environment: Not usable outside of PowerShell
[0.243s] DEBUG:colcon.colcon_core.shell:Skip shell extension 'dsv' for command environment
[0.247s] INFO:colcon.colcon_ros.task.ament_cmake.build:Building ROS package in '/home/naman72060/common-dp/src/thor_urdf' with build type 'ament_cmake'
[0.247s] INFO:colcon.colcon_cmake.task.cmake.build:Building CMake package in '/home/naman72060/common-dp/src/thor_urdf'
[0.247s] INFO:colcon.colcon_core.shell:Skip shell extension 'powershell' for command environment: Not usable outside of PowerShell
[0.248s] DEBUG:colcon.colcon_core.shell:Skip shell extension 'dsv' for command environment
[0.251s] INFO:colcon.colcon_ros.task.ament_cmake.build:Building ROS package in '/home/naman72060/common-dp/src/thor_manipulation' with build type 'ament_cmake'
[0.251s] INFO:colcon.colcon_cmake.task.cmake.build:Building CMake package in '/home/naman72060/common-dp/src/thor_manipulation'
[0.251s] INFO:colcon.colcon_core.shell:Skip shell extension 'powershell' for command environment: Not usable outside of PowerShell
[0.251s] DEBUG:colcon.colcon_core.shell:Skip shell extension 'dsv' for command environment
[0.255s] INFO:colcon.colcon_ros.task.ament_cmake.build:Building ROS package in '/home/naman72060/common-dp/src/thor_perception' with build type 'ament_cmake'
[0.255s] INFO:colcon.colcon_cmake.task.cmake.build:Building CMake package in '/home/naman72060/common-dp/src/thor_perception'
[0.255s] INFO:colcon.colcon_core.shell:Skip shell extension 'powershell' for command environment: Not usable outside of PowerShell
[0.255s] DEBUG:colcon.colcon_core.shell:Skip shell extension 'dsv' for command environment
[0.258s] INFO:colcon.colcon_ros.task.ament_cmake.build:Building ROS package in '/home/naman72060/common-dp/src/thor_teleop' with build type 'ament_cmake'
[0.258s] INFO:colcon.colcon_cmake.task.cmake.build:Building CMake package in '/home/naman72060/common-dp/src/thor_teleop'
[0.258s] INFO:colcon.colcon_core.shell:Skip shell extension 'powershell' for command environment: Not usable outside of PowerShell
[0.258s] DEBUG:colcon.colcon_core.shell:Skip shell extension 'dsv' for command environment
[0.263s] DEBUG:colcon.colcon_core.event_handler.log_command:Invoking command in '/home/naman72060/common-dp/build/thor_controller': CMAKE_PREFIX_PATH=/opt/ros/humble /usr/bin/cmake /home/naman72060/common-dp/src/thor_controller -DCMAKE_INSTALL_PREFIX=/home/naman72060/common-dp/install/thor_controller
[0.265s] DEBUG:colcon.colcon_core.event_handler.log_command:Invoking command in '/home/naman72060/common-dp/build/thor_urdf': CMAKE_PREFIX_PATH=/opt/ros/humble /usr/bin/cmake /home/naman72060/common-dp/src/thor_urdf -DCMAKE_INSTALL_PREFIX=/home/naman72060/common-dp/install/thor_urdf
[0.266s] DEBUG:colcon.colcon_core.event_handler.log_command:Invoking command in '/home/naman72060/common-dp/build/thor_manipulation': CMAKE_PREFIX_PATH=/opt/ros/humble /usr/bin/cmake /home/naman72060/common-dp/src/thor_manipulation -DCMAKE_INSTALL_PREFIX=/home/naman72060/common-dp/install/thor_manipulation
[0.269s] DEBUG:colcon.colcon_core.event_handler.log_command:Invoking command in '/home/naman72060/common-dp/build/thor_perception': CMAKE_PREFIX_PATH=/opt/ros/humble /usr/bin/cmake /home/naman72060/common-dp/src/thor_perception -DCMAKE_INSTALL_PREFIX=/home/naman72060/common-dp/install/thor_perception
[0.272s] DEBUG:colcon.colcon_core.event_handler.log_command:Invoking command in '/home/naman72060/common-dp/build/thor_teleop': CMAKE_PREFIX_PATH=/opt/ros/humble /usr/bin/cmake /home/naman72060/common-dp/src/thor_teleop -DCMAKE_INSTALL_PREFIX=/home/naman72060/common-dp/install/thor_teleop
[0.907s] DEBUG:colcon.colcon_core.event_handler.log_command:Invoked command in '/home/naman72060/common-dp/build/thor_urdf' returned '0': CMAKE_PREFIX_PATH=/opt/ros/humble /usr/bin/cmake /home/naman72060/common-dp/src/thor_urdf -DCMAKE_INSTALL_PREFIX=/home/naman72060/common-dp/install/thor_urdf
[0.907s] DEBUG:colcon.colcon_core.event_handler.log_command:Invoking command in '/home/naman72060/common-dp/build/thor_urdf': CMAKE_PREFIX_PATH=/opt/ros/humble /usr/bin/cmake --build /home/naman72060/common-dp/build/thor_urdf -- -j12 -l12
[0.944s] DEBUG:colcon.colcon_core.event_handler.log_command:Invoked command in '/home/naman72060/common-dp/build/thor_urdf' returned '0': CMAKE_PREFIX_PATH=/opt/ros/humble /usr/bin/cmake --build /home/naman72060/common-dp/build/thor_urdf -- -j12 -l12
[0.951s] DEBUG:colcon.colcon_core.event_handler.log_command:Invoking command in '/home/naman72060/common-dp/build/thor_urdf': CMAKE_PREFIX_PATH=/opt/ros/humble /usr/bin/cmake --install /home/naman72060/common-dp/build/thor_urdf
[0.970s] Level 1:colcon.colcon_core.environment:create_environment_scripts_only(thor_urdf)
[0.970s] DEBUG:colcon.colcon_core.event_handler.log_command:Invoked command in '/home/naman72060/common-dp/build/thor_urdf' returned '0': CMAKE_PREFIX_PATH=/opt/ros/humble /usr/bin/cmake --install /home/naman72060/common-dp/build/thor_urdf
[0.973s] Level 1:colcon.colcon_core.environment:checking '/home/naman72060/common-dp/install/thor_urdf' for CMake module files
[0.973s] Level 1:colcon.colcon_core.environment:checking '/home/naman72060/common-dp/install/thor_urdf' for CMake config files
[0.974s] Level 1:colcon.colcon_core.shell:create_environment_hook('thor_urdf', 'cmake_prefix_path')
[0.974s] INFO:colcon.colcon_core.shell:Creating environment hook '/home/naman72060/common-dp/install/thor_urdf/share/thor_urdf/hook/cmake_prefix_path.ps1'
[0.975s] INFO:colcon.colcon_core.shell:Creating environment descriptor '/home/naman72060/common-dp/install/thor_urdf/share/thor_urdf/hook/cmake_prefix_path.dsv'
[0.975s] INFO:colcon.colcon_core.shell:Creating environment hook '/home/naman72060/common-dp/install/thor_urdf/share/thor_urdf/hook/cmake_prefix_path.sh'
[0.976s] Level 1:colcon.colcon_core.environment:checking '/home/naman72060/common-dp/install/thor_urdf/bin'
[0.976s] Level 1:colcon.colcon_core.environment:checking '/home/naman72060/common-dp/install/thor_urdf/lib/pkgconfig/thor_urdf.pc'
[0.977s] Level 1:colcon.colcon_core.environment:checking '/home/naman72060/common-dp/install/thor_urdf/lib/python3.10/site-packages'
[0.977s] Level 1:colcon.colcon_core.environment:checking '/home/naman72060/common-dp/install/thor_urdf/bin'
[0.977s] INFO:colcon.colcon_core.shell:Creating package script '/home/naman72060/common-dp/install/thor_urdf/share/thor_urdf/package.ps1'
[0.978s] INFO:colcon.colcon_core.shell:Creating package descriptor '/home/naman72060/common-dp/install/thor_urdf/share/thor_urdf/package.dsv'
[0.979s] INFO:colcon.colcon_core.shell:Creating package script '/home/naman72060/common-dp/install/thor_urdf/share/thor_urdf/package.sh'
[0.980s] INFO:colcon.colcon_core.shell:Creating package script '/home/naman72060/common-dp/install/thor_urdf/share/thor_urdf/package.bash'
[0.980s] INFO:colcon.colcon_core.shell:Creating package script '/home/naman72060/common-dp/install/thor_urdf/share/thor_urdf/package.zsh'
[0.981s] Level 1:colcon.colcon_core.environment:create_file_with_runtime_dependencies(/home/naman72060/common-dp/install/thor_urdf/share/colcon-core/packages/thor_urdf)
[0.982s] Level 1:colcon.colcon_core.environment:create_environment_scripts_only(thor_urdf)
[0.982s] Level 1:colcon.colcon_core.environment:checking '/home/naman72060/common-dp/install/thor_urdf' for CMake module files
[0.983s] Level 1:colcon.colcon_core.environment:checking '/home/naman72060/common-dp/install/thor_urdf' for CMake config files
[0.983s] Level 1:colcon.colcon_core.shell:create_environment_hook('thor_urdf', 'cmake_prefix_path')
[0.984s] INFO:colcon.colcon_core.shell:Creating environment hook '/home/naman72060/common-dp/install/thor_urdf/share/thor_urdf/hook/cmake_prefix_path.ps1'
[0.984s] INFO:colcon.colcon_core.shell:Creating environment descriptor '/home/naman72060/common-dp/install/thor_urdf/share/thor_urdf/hook/cmake_prefix_path.dsv'
[0.984s] INFO:colcon.colcon_core.shell:Creating environment hook '/home/naman72060/common-dp/install/thor_urdf/share/thor_urdf/hook/cmake_prefix_path.sh'
[0.985s] Level 1:colcon.colcon_core.environment:checking '/home/naman72060/common-dp/install/thor_urdf/bin'
[0.985s] Level 1:colcon.colcon_core.environment:checking '/home/naman72060/common-dp/install/thor_urdf/lib/pkgconfig/thor_urdf.pc'
[0.985s] Level 1:colcon.colcon_core.environment:checking '/home/naman72060/common-dp/install/thor_urdf/lib/python3.10/site-packages'
[0.986s] Level 1:colcon.colcon_core.environment:checking '/home/naman72060/common-dp/install/thor_urdf/bin'
[0.986s] INFO:colcon.colcon_core.shell:Creating package script '/home/naman72060/common-dp/install/thor_urdf/share/thor_urdf/package.ps1'
[0.987s] INFO:colcon.colcon_core.shell:Creating package descriptor '/home/naman72060/common-dp/install/thor_urdf/share/thor_urdf/package.dsv'
[0.987s] INFO:colcon.colcon_core.shell:Creating package script '/home/naman72060/common-dp/install/thor_urdf/share/thor_urdf/package.sh'
[0.988s] INFO:colcon.colcon_core.shell:Creating package script '/home/naman72060/common-dp/install/thor_urdf/share/thor_urdf/package.bash'
[0.988s] INFO:colcon.colcon_core.shell:Creating package script '/home/naman72060/common-dp/install/thor_urdf/share/thor_urdf/package.zsh'
[0.989s] Level 1:colcon.colcon_core.environment:create_file_with_runtime_dependencies(/home/naman72060/common-dp/install/thor_urdf/share/colcon-core/packages/thor_urdf)
[0.989s] INFO:colcon.colcon_ros.task.ament_cmake.build:Building ROS package in '/home/naman72060/common-dp/src/thor_moveit' with build type 'ament_cmake'
[0.989s] INFO:colcon.colcon_cmake.task.cmake.build:Building CMake package in '/home/naman72060/common-dp/src/thor_moveit'
[0.990s] INFO:colcon.colcon_core.shell:Skip shell extension 'powershell' for command environment: Not usable outside of PowerShell
[0.990s] DEBUG:colcon.colcon_core.shell:Skip shell extension 'dsv' for command environment
[0.996s] DEBUG:colcon.colcon_core.event_handler.log_command:Invoking command in '/home/naman72060/common-dp/build/thor_moveit': AMENT_PREFIX_PATH=/home/naman72060/common-dp/install/thor_urdf:${AMENT_PREFIX_PATH} CMAKE_PREFIX_PATH=/home/naman72060/common-dp/install/thor_urdf:/opt/ros/humble /usr/bin/cmake /home/naman72060/common-dp/src/thor_moveit -DCMAKE_INSTALL_PREFIX=/home/naman72060/common-dp/install/thor_moveit
[1.215s] DEBUG:colcon.colcon_core.event_handler.log_command:Invoked command in '/home/naman72060/common-dp/build/thor_teleop' returned '0': CMAKE_PREFIX_PATH=/opt/ros/humble /usr/bin/cmake /home/naman72060/common-dp/src/thor_teleop -DCMAKE_INSTALL_PREFIX=/home/naman72060/common-dp/install/thor_teleop
[1.217s] DEBUG:colcon.colcon_core.event_handler.log_command:Invoking command in '/home/naman72060/common-dp/build/thor_teleop': CMAKE_PREFIX_PATH=/opt/ros/humble /usr/bin/cmake --build /home/naman72060/common-dp/build/thor_teleop -- -j12 -l12
[1.256s] DEBUG:colcon.colcon_core.event_handler.log_command:Invoked command in '/home/naman72060/common-dp/build/thor_teleop' returned '0': CMAKE_PREFIX_PATH=/opt/ros/humble /usr/bin/cmake --build /home/naman72060/common-dp/build/thor_teleop -- -j12 -l12
[1.258s] DEBUG:colcon.colcon_core.event_handler.log_command:Invoking command in '/home/naman72060/common-dp/build/thor_teleop': CMAKE_PREFIX_PATH=/opt/ros/humble /usr/bin/cmake --install /home/naman72060/common-dp/build/thor_teleop
[1.269s] Level 1:colcon.colcon_core.environment:create_environment_scripts_only(thor_teleop)
[1.269s] Level 1:colcon.colcon_core.environment:checking '/home/naman72060/common-dp/install/thor_teleop' for CMake module files
[1.269s] DEBUG:colcon.colcon_core.event_handler.log_command:Invoked command in '/home/naman72060/common-dp/build/thor_teleop' returned '0': CMAKE_PREFIX_PATH=/opt/ros/humble /usr/bin/cmake --install /home/naman72060/common-dp/build/thor_teleop
[1.270s] Level 1:colcon.colcon_core.environment:checking '/home/naman72060/common-dp/install/thor_teleop' for CMake config files
[1.270s] Level 1:colcon.colcon_core.shell:create_environment_hook('thor_teleop', 'cmake_prefix_path')
[1.270s] INFO:colcon.colcon_core.shell:Creating environment hook '/home/naman72060/common-dp/install/thor_teleop/share/thor_teleop/hook/cmake_prefix_path.ps1'
[1.271s] INFO:colcon.colcon_core.shell:Creating environment descriptor '/home/naman72060/common-dp/install/thor_teleop/share/thor_teleop/hook/cmake_prefix_path.dsv'
[1.271s] INFO:colcon.colcon_core.shell:Creating environment hook '/home/naman72060/common-dp/install/thor_teleop/share/thor_teleop/hook/cmake_prefix_path.sh'
[1.272s] Level 1:colcon.colcon_core.environment:checking '/home/naman72060/common-dp/install/thor_teleop/lib'
[1.272s] Level 1:colcon.colcon_core.environment:checking '/home/naman72060/common-dp/install/thor_teleop/bin'
[1.272s] Level 1:colcon.colcon_core.environment:checking '/home/naman72060/common-dp/install/thor_teleop/lib/pkgconfig/thor_teleop.pc'
[1.273s] Level 1:colcon.colcon_core.environment:checking '/home/naman72060/common-dp/install/thor_teleop/lib/python3.10/site-packages'
[1.273s] Level 1:colcon.colcon_core.environment:checking '/home/naman72060/common-dp/install/thor_teleop/bin'
[1.273s] INFO:colcon.colcon_core.shell:Creating package script '/home/naman72060/common-dp/install/thor_teleop/share/thor_teleop/package.ps1'
[1.274s] INFO:colcon.colcon_core.shell:Creating package descriptor '/home/naman72060/common-dp/install/thor_teleop/share/thor_teleop/package.dsv'
[1.274s] INFO:colcon.colcon_core.shell:Creating package script '/home/naman72060/common-dp/install/thor_teleop/share/thor_teleop/package.sh'
[1.275s] INFO:colcon.colcon_core.shell:Creating package script '/home/naman72060/common-dp/install/thor_teleop/share/thor_teleop/package.bash'
[1.275s] INFO:colcon.colcon_core.shell:Creating package script '/home/naman72060/common-dp/install/thor_teleop/share/thor_teleop/package.zsh'
[1.276s] Level 1:colcon.colcon_core.environment:create_file_with_runtime_dependencies(/home/naman72060/common-dp/install/thor_teleop/share/colcon-core/packages/thor_teleop)
[1.276s] Level 1:colcon.colcon_core.environment:create_environment_scripts_only(thor_teleop)
[1.277s] Level 1:colcon.colcon_core.environment:checking '/home/naman72060/common-dp/install/thor_teleop' for CMake module files
[1.277s] Level 1:colcon.colcon_core.environment:checking '/home/naman72060/common-dp/install/thor_teleop' for CMake config files
[1.278s] Level 1:colcon.colcon_core.shell:create_environment_hook('thor_teleop', 'cmake_prefix_path')
[1.278s] INFO:colcon.colcon_core.shell:Creating environment hook '/home/naman72060/common-dp/install/thor_teleop/share/thor_teleop/hook/cmake_prefix_path.ps1'
[1.278s] INFO:colcon.colcon_core.shell:Creating environment descriptor '/home/naman72060/common-dp/install/thor_teleop/share/thor_teleop/hook/cmake_prefix_path.dsv'
[1.279s] INFO:colcon.colcon_core.shell:Creating environment hook '/home/naman72060/common-dp/install/thor_teleop/share/thor_teleop/hook/cmake_prefix_path.sh'
[1.280s] Level 1:colcon.colcon_core.environment:checking '/home/naman72060/common-dp/install/thor_teleop/lib'
[1.280s] Level 1:colcon.colcon_core.environment:checking '/home/naman72060/common-dp/install/thor_teleop/bin'
[1.280s] Level 1:colcon.colcon_core.environment:checking '/home/naman72060/common-dp/install/thor_teleop/lib/pkgconfig/thor_teleop.pc'
[1.280s] Level 1:colcon.colcon_core.environment:checking '/home/naman72060/common-dp/install/thor_teleop/lib/python3.10/site-packages'
[1.280s] Level 1:colcon.colcon_core.environment:checking '/home/naman72060/common-dp/install/thor_teleop/bin'
[1.281s] INFO:colcon.colcon_core.shell:Creating package script '/home/naman72060/common-dp/install/thor_teleop/share/thor_teleop/package.ps1'
[1.282s] INFO:colcon.colcon_core.shell:Creating package descriptor '/home/naman72060/common-dp/install/thor_teleop/share/thor_teleop/package.dsv'
[1.282s] INFO:colcon.colcon_core.shell:Creating package script '/home/naman72060/common-dp/install/thor_teleop/share/thor_teleop/package.sh'
[1.283s] INFO:colcon.colcon_core.shell:Creating package script '/home/naman72060/common-dp/install/thor_teleop/share/thor_teleop/package.bash'
[1.284s] INFO:colcon.colcon_core.shell:Creating package script '/home/naman72060/common-dp/install/thor_teleop/share/thor_teleop/package.zsh'
[1.285s] Level 1:colcon.colcon_core.environment:create_file_with_runtime_dependencies(/home/naman72060/common-dp/install/thor_teleop/share/colcon-core/packages/thor_teleop)
[1.516s] DEBUG:colcon.colcon_core.event_handler.log_command:Invoked command in '/home/naman72060/common-dp/build/thor_moveit' returned '0': AMENT_PREFIX_PATH=/home/naman72060/common-dp/install/thor_urdf:${AMENT_PREFIX_PATH} CMAKE_PREFIX_PATH=/home/naman72060/common-dp/install/thor_urdf:/opt/ros/humble /usr/bin/cmake /home/naman72060/common-dp/src/thor_moveit -DCMAKE_INSTALL_PREFIX=/home/naman72060/common-dp/install/thor_moveit
[1.517s] DEBUG:colcon.colcon_core.event_handler.log_command:Invoking command in '/home/naman72060/common-dp/build/thor_moveit': AMENT_PREFIX_PATH=/home/naman72060/common-dp/install/thor_urdf:${AMENT_PREFIX_PATH} CMAKE_PREFIX_PATH=/home/naman72060/common-dp/install/thor_urdf:/opt/ros/humble /usr/bin/cmake --build /home/naman72060/common-dp/build/thor_moveit -- -j12 -l12
[1.518s] DEBUG:colcon.colcon_core.event_handler.log_command:Invoked command in '/home/naman72060/common-dp/build/thor_controller' returned '0': CMAKE_PREFIX_PATH=/opt/ros/humble /usr/bin/cmake /home/naman72060/common-dp/src/thor_controller -DCMAKE_INSTALL_PREFIX=/home/naman72060/common-dp/install/thor_controller
[1.519s] DEBUG:colcon.colcon_core.event_handler.log_command:Invoking command in '/home/naman72060/common-dp/build/thor_controller': CMAKE_PREFIX_PATH=/opt/ros/humble /usr/bin/cmake --build /home/naman72060/common-dp/build/thor_controller -- -j12 -l12
[1.556s] DEBUG:colcon.colcon_core.event_handler.log_command:Invoked command in '/home/naman72060/common-dp/build/thor_moveit' returned '0': AMENT_PREFIX_PATH=/home/naman72060/common-dp/install/thor_urdf:${AMENT_PREFIX_PATH} CMAKE_PREFIX_PATH=/home/naman72060/common-dp/install/thor_urdf:/opt/ros/humble /usr/bin/cmake --build /home/naman72060/common-dp/build/thor_moveit -- -j12 -l12
[1.558s] DEBUG:colcon.colcon_core.event_handler.log_command:Invoking command in '/home/naman72060/common-dp/build/thor_moveit': AMENT_PREFIX_PATH=/home/naman72060/common-dp/install/thor_urdf:${AMENT_PREFIX_PATH} CMAKE_PREFIX_PATH=/home/naman72060/common-dp/install/thor_urdf:/opt/ros/humble /usr/bin/cmake --install /home/naman72060/common-dp/build/thor_moveit
[1.567s] Level 1:colcon.colcon_core.environment:create_environment_scripts_only(thor_moveit)
[1.568s] Level 1:colcon.colcon_core.environment:checking '/home/naman72060/common-dp/install/thor_moveit' for CMake module files
[1.568s] DEBUG:colcon.colcon_core.event_handler.log_command:Invoked command in '/home/naman72060/common-dp/build/thor_moveit' returned '0': AMENT_PREFIX_PATH=/home/naman72060/common-dp/install/thor_urdf:${AMENT_PREFIX_PATH} CMAKE_PREFIX_PATH=/home/naman72060/common-dp/install/thor_urdf:/opt/ros/humble /usr/bin/cmake --install /home/naman72060/common-dp/build/thor_moveit
[1.569s] Level 1:colcon.colcon_core.environment:checking '/home/naman72060/common-dp/install/thor_moveit' for CMake config files
[1.569s] Level 1:colcon.colcon_core.shell:create_environment_hook('thor_moveit', 'cmake_prefix_path')
[1.569s] INFO:colcon.colcon_core.shell:Creating environment hook '/home/naman72060/common-dp/install/thor_moveit/share/thor_moveit/hook/cmake_prefix_path.ps1'
[1.570s] INFO:colcon.colcon_core.shell:Creating environment descriptor '/home/naman72060/common-dp/install/thor_moveit/share/thor_moveit/hook/cmake_prefix_path.dsv'
[1.571s] INFO:colcon.colcon_core.shell:Creating environment hook '/home/naman72060/common-dp/install/thor_moveit/share/thor_moveit/hook/cmake_prefix_path.sh'
[1.571s] Level 1:colcon.colcon_core.environment:checking '/home/naman72060/common-dp/install/thor_moveit/bin'
[1.571s] Level 1:colcon.colcon_core.environment:checking '/home/naman72060/common-dp/install/thor_moveit/lib/pkgconfig/thor_moveit.pc'
[1.572s] Level 1:colcon.colcon_core.environment:checking '/home/naman72060/common-dp/install/thor_moveit/lib/python3.10/site-packages'
[1.572s] Level 1:colcon.colcon_core.environment:checking '/home/naman72060/common-dp/install/thor_moveit/bin'
[1.572s] INFO:colcon.colcon_core.shell:Creating package script '/home/naman72060/common-dp/install/thor_moveit/share/thor_moveit/package.ps1'
[1.573s] INFO:colcon.colcon_core.shell:Creating package descriptor '/home/naman72060/common-dp/install/thor_moveit/share/thor_moveit/package.dsv'
[1.573s] INFO:colcon.colcon_core.shell:Creating package script '/home/naman72060/common-dp/install/thor_moveit/share/thor_moveit/package.sh'
[1.574s] INFO:colcon.colcon_core.shell:Creating package script '/home/naman72060/common-dp/install/thor_moveit/share/thor_moveit/package.bash'
[1.574s] INFO:colcon.colcon_core.shell:Creating package script '/home/naman72060/common-dp/install/thor_moveit/share/thor_moveit/package.zsh'
[1.575s] Level 1:colcon.colcon_core.environment:create_file_with_runtime_dependencies(/home/naman72060/common-dp/install/thor_moveit/share/colcon-core/packages/thor_moveit)
[1.575s] Level 1:colcon.colcon_core.environment:create_environment_scripts_only(thor_moveit)
[1.576s] Level 1:colcon.colcon_core.environment:checking '/home/naman72060/common-dp/install/thor_moveit' for CMake module files
[1.576s] Level 1:colcon.colcon_core.environment:checking '/home/naman72060/common-dp/install/thor_moveit' for CMake config files
[1.576s] Level 1:colcon.colcon_core.shell:create_environment_hook('thor_moveit', 'cmake_prefix_path')
[1.576s] INFO:colcon.colcon_core.shell:Creating environment hook '/home/naman72060/common-dp/install/thor_moveit/share/thor_moveit/hook/cmake_prefix_path.ps1'
[1.577s] INFO:colcon.colcon_core.shell:Creating environment descriptor '/home/naman72060/common-dp/install/thor_moveit/share/thor_moveit/hook/cmake_prefix_path.dsv'
[1.577s] INFO:colcon.colcon_core.shell:Creating environment hook '/home/naman72060/common-dp/install/thor_moveit/share/thor_moveit/hook/cmake_prefix_path.sh'
[1.577s] Level 1:colcon.colcon_core.environment:checking '/home/naman72060/common-dp/install/thor_moveit/bin'
[1.577s] Level 1:colcon.colcon_core.environment:checking '/home/naman72060/common-dp/install/thor_moveit/lib/pkgconfig/thor_moveit.pc'
[1.577s] Level 1:colcon.colcon_core.environment:checking '/home/naman72060/common-dp/install/thor_moveit/lib/python3.10/site-packages'
[1.577s] Level 1:colcon.colcon_core.environment:checking '/home/naman72060/common-dp/install/thor_moveit/bin'
[1.578s] INFO:colcon.colcon_core.shell:Creating package script '/home/naman72060/common-dp/install/thor_moveit/share/thor_moveit/package.ps1'
[1.578s] INFO:colcon.colcon_core.shell:Creating package descriptor '/home/naman72060/common-dp/install/thor_moveit/share/thor_moveit/package.dsv'
[1.578s] INFO:colcon.colcon_core.shell:Creating package script '/home/naman72060/common-dp/install/thor_moveit/share/thor_moveit/package.sh'
[1.579s] INFO:colcon.colcon_core.shell:Creating package script '/home/naman72060/common-dp/install/thor_moveit/share/thor_moveit/package.bash'
[1.579s] INFO:colcon.colcon_core.shell:Creating package script '/home/naman72060/common-dp/install/thor_moveit/share/thor_moveit/package.zsh'
[1.579s] Level 1:colcon.colcon_core.environment:create_file_with_runtime_dependencies(/home/naman72060/common-dp/install/thor_moveit/share/colcon-core/packages/thor_moveit)
[2.026s] DEBUG:colcon.colcon_core.event_handler.log_command:Invoked command in '/home/naman72060/common-dp/build/thor_manipulation' returned '0': CMAKE_PREFIX_PATH=/opt/ros/humble /usr/bin/cmake /home/naman72060/common-dp/src/thor_manipulation -DCMAKE_INSTALL_PREFIX=/home/naman72060/common-dp/install/thor_manipulation
[2.028s] DEBUG:colcon.colcon_core.event_handler.log_command:Invoking command in '/home/naman72060/common-dp/build/thor_manipulation': CMAKE_PREFIX_PATH=/opt/ros/humble /usr/bin/cmake --build /home/naman72060/common-dp/build/thor_manipulation -- -j12 -l12
[2.281s] DEBUG:colcon.colcon_core.event_handler.log_command:Invoked command in '/home/naman72060/common-dp/build/thor_manipulation' returned '0': CMAKE_PREFIX_PATH=/opt/ros/humble /usr/bin/cmake --build /home/naman72060/common-dp/build/thor_manipulation -- -j12 -l12
[2.283s] DEBUG:colcon.colcon_core.event_handler.log_command:Invoking command in '/home/naman72060/common-dp/build/thor_manipulation': CMAKE_PREFIX_PATH=/opt/ros/humble /usr/bin/cmake --install /home/naman72060/common-dp/build/thor_manipulation
[2.330s] Level 1:colcon.colcon_core.environment:create_environment_scripts_only(thor_manipulation)
[2.330s] Level 1:colcon.colcon_core.environment:checking '/home/naman72060/common-dp/install/thor_manipulation' for CMake module files
[2.331s] DEBUG:colcon.colcon_core.event_handler.log_command:Invoked command in '/home/naman72060/common-dp/build/thor_manipulation' returned '0': CMAKE_PREFIX_PATH=/opt/ros/humble /usr/bin/cmake --install /home/naman72060/common-dp/build/thor_manipulation
[2.331s] Level 1:colcon.colcon_core.environment:checking '/home/naman72060/common-dp/install/thor_manipulation' for CMake config files
[2.331s] Level 1:colcon.colcon_core.shell:create_environment_hook('thor_manipulation', 'cmake_prefix_path')
[2.332s] INFO:colcon.colcon_core.shell:Creating environment hook '/home/naman72060/common-dp/install/thor_manipulation/share/thor_manipulation/hook/cmake_prefix_path.ps1'
[2.332s] INFO:colcon.colcon_core.shell:Creating environment descriptor '/home/naman72060/common-dp/install/thor_manipulation/share/thor_manipulation/hook/cmake_prefix_path.dsv'
[2.333s] INFO:colcon.colcon_core.shell:Creating environment hook '/home/naman72060/common-dp/install/thor_manipulation/share/thor_manipulation/hook/cmake_prefix_path.sh'
[2.333s] Level 1:colcon.colcon_core.environment:checking '/home/naman72060/common-dp/install/thor_manipulation/lib'
[2.334s] Level 1:colcon.colcon_core.environment:checking '/home/naman72060/common-dp/install/thor_manipulation/bin'
[2.334s] Level 1:colcon.colcon_core.environment:checking '/home/naman72060/common-dp/install/thor_manipulation/lib/pkgconfig/thor_manipulation.pc'
[2.334s] Level 1:colcon.colcon_core.environment:checking '/home/naman72060/common-dp/install/thor_manipulation/lib/python3.10/site-packages'
[2.334s] Level 1:colcon.colcon_core.environment:checking '/home/naman72060/common-dp/install/thor_manipulation/bin'
[2.335s] INFO:colcon.colcon_core.shell:Creating package script '/home/naman72060/common-dp/install/thor_manipulation/share/thor_manipulation/package.ps1'
[2.335s] INFO:colcon.colcon_core.shell:Creating package descriptor '/home/naman72060/common-dp/install/thor_manipulation/share/thor_manipulation/package.dsv'
[2.336s] INFO:colcon.colcon_core.shell:Creating package script '/home/naman72060/common-dp/install/thor_manipulation/share/thor_manipulation/package.sh'
[2.336s] INFO:colcon.colcon_core.shell:Creating package script '/home/naman72060/common-dp/install/thor_manipulation/share/thor_manipulation/package.bash'
[2.337s] INFO:colcon.colcon_core.shell:Creating package script '/home/naman72060/common-dp/install/thor_manipulation/share/thor_manipulation/package.zsh'
[2.337s] Level 1:colcon.colcon_core.environment:create_file_with_runtime_dependencies(/home/naman72060/common-dp/install/thor_manipulation/share/colcon-core/packages/thor_manipulation)
[2.338s] Level 1:colcon.colcon_core.environment:create_environment_scripts_only(thor_manipulation)
[2.338s] Level 1:colcon.colcon_core.environment:checking '/home/naman72060/common-dp/install/thor_manipulation' for CMake module files
[2.339s] Level 1:colcon.colcon_core.environment:checking '/home/naman72060/common-dp/install/thor_manipulation' for CMake config files
[2.339s] Level 1:colcon.colcon_core.shell:create_environment_hook('thor_manipulation', 'cmake_prefix_path')
[2.339s] INFO:colcon.colcon_core.shell:Creating environment hook '/home/naman72060/common-dp/install/thor_manipulation/share/thor_manipulation/hook/cmake_prefix_path.ps1'
[2.340s] INFO:colcon.colcon_core.shell:Creating environment descriptor '/home/naman72060/common-dp/install/thor_manipulation/share/thor_manipulation/hook/cmake_prefix_path.dsv'
[2.340s] INFO:colcon.colcon_core.shell:Creating environment hook '/home/naman72060/common-dp/install/thor_manipulation/share/thor_manipulation/hook/cmake_prefix_path.sh'
[2.341s] Level 1:colcon.colcon_core.environment:checking '/home/naman72060/common-dp/install/thor_manipulation/lib'
[2.341s] Level 1:colcon.colcon_core.environment:checking '/home/naman72060/common-dp/install/thor_manipulation/bin'
[2.341s] Level 1:colcon.colcon_core.environment:checking '/home/naman72060/common-dp/install/thor_manipulation/lib/pkgconfig/thor_manipulation.pc'
[2.342s] Level 1:colcon.colcon_core.environment:checking '/home/naman72060/common-dp/install/thor_manipulation/lib/python3.10/site-packages'
[2.342s] Level 1:colcon.colcon_core.environment:checking '/home/naman72060/common-dp/install/thor_manipulation/bin'
[2.342s] INFO:colcon.colcon_core.shell:Creating package script '/home/naman72060/common-dp/install/thor_manipulation/share/thor_manipulation/package.ps1'
[2.343s] INFO:colcon.colcon_core.shell:Creating package descriptor '/home/naman72060/common-dp/install/thor_manipulation/share/thor_manipulation/package.dsv'
[2.343s] INFO:colcon.colcon_core.shell:Creating package script '/home/naman72060/common-dp/install/thor_manipulation/share/thor_manipulation/package.sh'
[2.343s] INFO:colcon.colcon_core.shell:Creating package script '/home/naman72060/common-dp/install/thor_manipulation/share/thor_manipulation/package.bash'
[2.344s] INFO:colcon.colcon_core.shell:Creating package script '/home/naman72060/common-dp/install/thor_manipulation/share/thor_manipulation/package.zsh'
[2.344s] Level 1:colcon.colcon_core.environment:create_file_with_runtime_dependencies(/home/naman72060/common-dp/install/thor_manipulation/share/colcon-core/packages/thor_manipulation)
[3.700s] DEBUG:colcon.colcon_core.event_handler.log_command:Invoked command in '/home/naman72060/common-dp/build/thor_perception' returned '0': CMAKE_PREFIX_PATH=/opt/ros/humble /usr/bin/cmake /home/naman72060/common-dp/src/thor_perception -DCMAKE_INSTALL_PREFIX=/home/naman72060/common-dp/install/thor_perception
[3.701s] DEBUG:colcon.colcon_core.event_handler.log_command:Invoking command in '/home/naman72060/common-dp/build/thor_perception': CMAKE_PREFIX_PATH=/opt/ros/humble /usr/bin/cmake --build /home/naman72060/common-dp/build/thor_perception -- -j12 -l12
[3.749s] DEBUG:colcon.colcon_core.event_handler.log_command:Invoked command in '/home/naman72060/common-dp/build/thor_perception' returned '0': CMAKE_PREFIX_PATH=/opt/ros/humble /usr/bin/cmake --build /home/naman72060/common-dp/build/thor_perception -- -j12 -l12
[3.751s] DEBUG:colcon.colcon_core.event_handler.log_command:Invoking command in '/home/naman72060/common-dp/build/thor_perception': CMAKE_PREFIX_PATH=/opt/ros/humble /usr/bin/cmake --install /home/naman72060/common-dp/build/thor_perception
[3.763s] DEBUG:colcon.colcon_core.event_handler.log_command:Invoked command in '/home/naman72060/common-dp/build/thor_perception' returned '1': CMAKE_PREFIX_PATH=/opt/ros/humble /usr/bin/cmake --install /home/naman72060/common-dp/build/thor_perception
[3.764s] Level 1:colcon.colcon_core.environment:create_environment_scripts_only(thor_perception)
[3.764s] Level 1:colcon.colcon_core.environment:checking '/home/naman72060/common-dp/install/thor_perception' for CMake module files
[3.765s] Level 1:colcon.colcon_core.environment:checking '/home/naman72060/common-dp/install/thor_perception' for CMake config files
[3.765s] Level 1:colcon.colcon_core.environment:checking '/home/naman72060/common-dp/install/thor_perception/lib'
[3.765s] Level 1:colcon.colcon_core.environment:checking '/home/naman72060/common-dp/install/thor_perception/bin'
[3.766s] Level 1:colcon.colcon_core.environment:checking '/home/naman72060/common-dp/install/thor_perception/lib/pkgconfig/thor_perception.pc'
[3.766s] Level 1:colcon.colcon_core.environment:checking '/home/naman72060/common-dp/install/thor_perception/lib/python3.10/site-packages'
[3.766s] Level 1:colcon.colcon_core.environment:checking '/home/naman72060/common-dp/install/thor_perception/bin'
[3.766s] INFO:colcon.colcon_core.shell:Creating package script '/home/naman72060/common-dp/install/thor_perception/share/thor_perception/package.ps1'
[3.767s] INFO:colcon.colcon_core.shell:Creating package descriptor '/home/naman72060/common-dp/install/thor_perception/share/thor_perception/package.dsv'
[3.767s] INFO:colcon.colcon_core.shell:Creating package script '/home/naman72060/common-dp/install/thor_perception/share/thor_perception/package.sh'
[3.768s] INFO:colcon.colcon_core.shell:Creating package script '/home/naman72060/common-dp/install/thor_perception/share/thor_perception/package.bash'
[3.768s] INFO:colcon.colcon_core.shell:Creating package script '/home/naman72060/common-dp/install/thor_perception/share/thor_perception/package.zsh'
[3.769s] Level 1:colcon.colcon_core.environment:create_file_with_runtime_dependencies(/home/naman72060/common-dp/install/thor_perception/share/colcon-core/packages/thor_perception)
[5.570s] DEBUG:colcon.colcon_parallel_executor.executor.parallel:closing loop
[5.570s] DEBUG:colcon.colcon_parallel_executor.executor.parallel:loop closed
[5.570s] DEBUG:colcon.colcon_parallel_executor.executor.parallel:run_until_complete finished with '1'
[5.570s] DEBUG:colcon.colcon_core.event_reactor:joining thread
[5.581s] INFO:colcon.colcon_core.plugin_system:Skipping extension 'colcon_notification.desktop_notification.terminal_notifier': Not used on non-Darwin systems
[5.581s] INFO:colcon.colcon_core.plugin_system:Skipping extension 'colcon_notification.desktop_notification.win32': Not used on non-Windows systems
[5.581s] INFO:colcon.colcon_notification.desktop_notification:Sending desktop notification using 'notify2'
[5.596s] DEBUG:colcon.colcon_core.event_reactor:joined thread
[5.597s] INFO:colcon.colcon_core.shell:Creating prefix script '/home/naman72060/common-dp/install/local_setup.ps1'
[5.598s] INFO:colcon.colcon_core.shell:Creating prefix util module '/home/naman72060/common-dp/install/_local_setup_util_ps1.py'
[5.600s] INFO:colcon.colcon_core.shell:Creating prefix chain script '/home/naman72060/common-dp/install/setup.ps1'
[5.600s] INFO:colcon.colcon_core.shell:Creating prefix script '/home/naman72060/common-dp/install/local_setup.sh'
[5.601s] INFO:colcon.colcon_core.shell:Creating prefix util module '/home/naman72060/common-dp/install/_local_setup_util_sh.py'
[5.601s] INFO:colcon.colcon_core.shell:Creating prefix chain script '/home/naman72060/common-dp/install/setup.sh'
[5.602s] INFO:colcon.colcon_core.shell:Creating prefix script '/home/naman72060/common-dp/install/local_setup.bash'
[5.602s] INFO:colcon.colcon_core.shell:Creating prefix chain script '/home/naman72060/common-dp/install/setup.bash'
[5.603s] INFO:colcon.colcon_core.shell:Creating prefix script '/home/naman72060/common-dp/install/local_setup.zsh'
[5.603s] INFO:colcon.colcon_core.shell:Creating prefix chain script '/home/naman72060/common-dp/install/setup.zsh'
