[0.010s] Invoking command in '/home/naman72060/common-dp/build/thor_server': AMENT_PREFIX_PATH=/home/naman72060/common-dp/install/thor_controller:${AMENT_PREFIX_PATH} CMAKE_PREFIX_PATH=/home/naman72060/common-dp/install/thor_controller:/opt/ros/humble LD_LIBRARY_PATH=/home/naman72060/common-dp/install/thor_controller/lib:${LD_LIBRARY_PATH} /usr/bin/cmake --build /home/naman72060/common-dp/build/thor_server -- -j12 -l12
[0.066s] [  4%] Built target task_server_node
[0.068s] [  8%] Built target thor_server__cpp
[0.069s] [ 15%] Built target thor_server__rosidl_generator_c
[0.073s] [ 15%] Built target ament_cmake_python_copy_thor_server
[0.073s] [ 20%] Built target hardware_command_node
[0.092s] [ 28%] Built target thor_server__rosidl_typesupport_c
[0.093s] [ 55%] Built target thor_server__rosidl_typesupport_introspection_cpp
[0.093s] [ 55%] Built target thor_server__rosidl_typesupport_introspection_c
[0.093s] [ 55%] Built target thor_server__rosidl_typesupport_cpp
[0.096s] [ 64%] Built target thor_server__rosidl_typesupport_fastrtps_c
[0.097s] [ 73%] Built target thor_server__rosidl_typesupport_fastrtps_cpp
[0.117s] [ 73%] Built target thor_server
[0.131s] [ 77%] Built target task_server
[0.136s] [ 80%] Built target thor_server__py
[0.160s] [ 86%] Built target thor_server__rosidl_generator_py
[0.179s] [ 91%] Built target thor_server__rosidl_typesupport_introspection_c__pyext
[0.183s] [ 95%] Built target thor_server__rosidl_typesupport_fastrtps_c__pyext
[0.185s] [100%] Built target thor_server__rosidl_typesupport_c__pyext
[0.343s] running egg_info
[0.344s] writing thor_server.egg-info/PKG-INFO
[0.344s] writing dependency_links to thor_server.egg-info/dependency_links.txt
[0.344s] writing top-level names to thor_server.egg-info/top_level.txt
[0.346s] reading manifest file 'thor_server.egg-info/SOURCES.txt'
[0.347s] writing manifest file 'thor_server.egg-info/SOURCES.txt'
[0.372s] [100%] Built target ament_cmake_python_build_thor_server_egg
[0.387s] Invoked command in '/home/naman72060/common-dp/build/thor_server' returned '0': AMENT_PREFIX_PATH=/home/naman72060/common-dp/install/thor_controller:${AMENT_PREFIX_PATH} CMAKE_PREFIX_PATH=/home/naman72060/common-dp/install/thor_controller:/opt/ros/humble LD_LIBRARY_PATH=/home/naman72060/common-dp/install/thor_controller/lib:${LD_LIBRARY_PATH} /usr/bin/cmake --build /home/naman72060/common-dp/build/thor_server -- -j12 -l12
[0.390s] Invoking command in '/home/naman72060/common-dp/build/thor_server': AMENT_PREFIX_PATH=/home/naman72060/common-dp/install/thor_controller:${AMENT_PREFIX_PATH} CMAKE_PREFIX_PATH=/home/naman72060/common-dp/install/thor_controller:/opt/ros/humble LD_LIBRARY_PATH=/home/naman72060/common-dp/install/thor_controller/lib:${LD_LIBRARY_PATH} /usr/bin/cmake --install /home/naman72060/common-dp/build/thor_server
[0.397s] -- Install configuration: ""
[0.397s] -- Up-to-date: /home/naman72060/common-dp/install/thor_server/share/ament_index/resource_index/rosidl_interfaces/thor_server
[0.397s] -- Up-to-date: /home/naman72060/common-dp/install/thor_server/include/thor_server/thor_server
[0.398s] -- Up-to-date: /home/naman72060/common-dp/install/thor_server/include/thor_server/thor_server/msg
[0.398s] -- Up-to-date: /home/naman72060/common-dp/install/thor_server/include/thor_server/thor_server/msg/rosidl_generator_c__visibility_control.h
[0.398s] -- Up-to-date: /home/naman72060/common-dp/install/thor_server/include/thor_server/thor_server/action
[0.398s] -- Up-to-date: /home/naman72060/common-dp/install/thor_server/include/thor_server/thor_server/action/joint_task.h
[0.398s] -- Up-to-date: /home/naman72060/common-dp/install/thor_server/include/thor_server/thor_server/action/pose_task.h
[0.398s] -- Up-to-date: /home/naman72060/common-dp/install/thor_server/include/thor_server/thor_server/action/detail
[0.398s] -- Up-to-date: /home/naman72060/common-dp/install/thor_server/include/thor_server/thor_server/action/detail/joint_task__type_support.h
[0.399s] -- Up-to-date: /home/naman72060/common-dp/install/thor_server/include/thor_server/thor_server/action/detail/joint_task__functions.c
[0.399s] -- Up-to-date: /home/naman72060/common-dp/install/thor_server/include/thor_server/thor_server/action/detail/joint_task__functions.h
[0.399s] -- Up-to-date: /home/naman72060/common-dp/install/thor_server/include/thor_server/thor_server/action/detail/pose_task__functions.c
[0.399s] -- Up-to-date: /home/naman72060/common-dp/install/thor_server/include/thor_server/thor_server/action/detail/pose_task__struct.h
[0.399s] -- Up-to-date: /home/naman72060/common-dp/install/thor_server/include/thor_server/thor_server/action/detail/pose_task__functions.h
[0.399s] -- Up-to-date: /home/naman72060/common-dp/install/thor_server/include/thor_server/thor_server/action/detail/joint_task__struct.h
[0.400s] -- Up-to-date: /home/naman72060/common-dp/install/thor_server/include/thor_server/thor_server/action/detail/pose_task__type_support.h
[0.400s] -- Up-to-date: /home/naman72060/common-dp/install/thor_server/share/thor_server/environment/library_path.sh
[0.400s] -- Up-to-date: /home/naman72060/common-dp/install/thor_server/share/thor_server/environment/library_path.dsv
[0.400s] -- Up-to-date: /home/naman72060/common-dp/install/thor_server/lib/libthor_server__rosidl_generator_c.so
[0.400s] -- Up-to-date: /home/naman72060/common-dp/install/thor_server/include/thor_server/thor_server
[0.400s] -- Up-to-date: /home/naman72060/common-dp/install/thor_server/include/thor_server/thor_server/msg
[0.400s] -- Up-to-date: /home/naman72060/common-dp/install/thor_server/include/thor_server/thor_server/msg/rosidl_typesupport_fastrtps_c__visibility_control.h
[0.400s] -- Up-to-date: /home/naman72060/common-dp/install/thor_server/include/thor_server/thor_server/action
[0.400s] -- Up-to-date: /home/naman72060/common-dp/install/thor_server/include/thor_server/thor_server/action/detail
[0.400s] -- Up-to-date: /home/naman72060/common-dp/install/thor_server/include/thor_server/thor_server/action/detail/pose_task__rosidl_typesupport_fastrtps_c.h
[0.401s] -- Up-to-date: /home/naman72060/common-dp/install/thor_server/include/thor_server/thor_server/action/detail/joint_task__rosidl_typesupport_fastrtps_c.h
[0.401s] -- Up-to-date: /home/naman72060/common-dp/install/thor_server/lib/libthor_server__rosidl_typesupport_fastrtps_c.so
[0.401s] -- Up-to-date: /home/naman72060/common-dp/install/thor_server/include/thor_server/thor_server
[0.401s] -- Up-to-date: /home/naman72060/common-dp/install/thor_server/include/thor_server/thor_server/msg
[0.401s] -- Up-to-date: /home/naman72060/common-dp/install/thor_server/include/thor_server/thor_server/msg/rosidl_generator_cpp__visibility_control.hpp
[0.401s] -- Up-to-date: /home/naman72060/common-dp/install/thor_server/include/thor_server/thor_server/action
[0.401s] -- Up-to-date: /home/naman72060/common-dp/install/thor_server/include/thor_server/thor_server/action/pose_task.hpp
[0.401s] -- Up-to-date: /home/naman72060/common-dp/install/thor_server/include/thor_server/thor_server/action/detail
[0.401s] -- Up-to-date: /home/naman72060/common-dp/install/thor_server/include/thor_server/thor_server/action/detail/joint_task__struct.hpp
[0.401s] -- Up-to-date: /home/naman72060/common-dp/install/thor_server/include/thor_server/thor_server/action/detail/pose_task__type_support.hpp
[0.401s] -- Up-to-date: /home/naman72060/common-dp/install/thor_server/include/thor_server/thor_server/action/detail/joint_task__traits.hpp
[0.402s] -- Up-to-date: /home/naman72060/common-dp/install/thor_server/include/thor_server/thor_server/action/detail/joint_task__builder.hpp
[0.402s] -- Up-to-date: /home/naman72060/common-dp/install/thor_server/include/thor_server/thor_server/action/detail/pose_task__builder.hpp
[0.402s] -- Up-to-date: /home/naman72060/common-dp/install/thor_server/include/thor_server/thor_server/action/detail/pose_task__struct.hpp
[0.402s] -- Up-to-date: /home/naman72060/common-dp/install/thor_server/include/thor_server/thor_server/action/detail/joint_task__type_support.hpp
[0.402s] -- Up-to-date: /home/naman72060/common-dp/install/thor_server/include/thor_server/thor_server/action/detail/pose_task__traits.hpp
[0.402s] -- Up-to-date: /home/naman72060/common-dp/install/thor_server/include/thor_server/thor_server/action/joint_task.hpp
[0.402s] -- Up-to-date: /home/naman72060/common-dp/install/thor_server/include/thor_server/thor_server
[0.402s] -- Up-to-date: /home/naman72060/common-dp/install/thor_server/include/thor_server/thor_server/msg
[0.403s] -- Up-to-date: /home/naman72060/common-dp/install/thor_server/include/thor_server/thor_server/msg/rosidl_typesupport_fastrtps_cpp__visibility_control.h
[0.403s] -- Up-to-date: /home/naman72060/common-dp/install/thor_server/include/thor_server/thor_server/action
[0.403s] -- Up-to-date: /home/naman72060/common-dp/install/thor_server/include/thor_server/thor_server/action/detail
[0.403s] -- Up-to-date: /home/naman72060/common-dp/install/thor_server/include/thor_server/thor_server/action/detail/dds_fastrtps
[0.403s] -- Up-to-date: /home/naman72060/common-dp/install/thor_server/include/thor_server/thor_server/action/detail/joint_task__rosidl_typesupport_fastrtps_cpp.hpp
[0.404s] -- Up-to-date: /home/naman72060/common-dp/install/thor_server/include/thor_server/thor_server/action/detail/pose_task__rosidl_typesupport_fastrtps_cpp.hpp
[0.404s] -- Up-to-date: /home/naman72060/common-dp/install/thor_server/lib/libthor_server__rosidl_typesupport_fastrtps_cpp.so
[0.404s] -- Up-to-date: /home/naman72060/common-dp/install/thor_server/include/thor_server/thor_server
[0.404s] -- Up-to-date: /home/naman72060/common-dp/install/thor_server/include/thor_server/thor_server/msg
[0.404s] -- Up-to-date: /home/naman72060/common-dp/install/thor_server/include/thor_server/thor_server/msg/rosidl_typesupport_introspection_c__visibility_control.h
[0.404s] -- Up-to-date: /home/naman72060/common-dp/install/thor_server/include/thor_server/thor_server/action
[0.404s] -- Up-to-date: /home/naman72060/common-dp/install/thor_server/include/thor_server/thor_server/action/detail
[0.405s] -- Up-to-date: /home/naman72060/common-dp/install/thor_server/include/thor_server/thor_server/action/detail/joint_task__rosidl_typesupport_introspection_c.h
[0.405s] -- Up-to-date: /home/naman72060/common-dp/install/thor_server/include/thor_server/thor_server/action/detail/pose_task__type_support.c
[0.405s] -- Up-to-date: /home/naman72060/common-dp/install/thor_server/include/thor_server/thor_server/action/detail/pose_task__rosidl_typesupport_introspection_c.h
[0.405s] -- Up-to-date: /home/naman72060/common-dp/install/thor_server/include/thor_server/thor_server/action/detail/joint_task__type_support.c
[0.405s] -- Up-to-date: /home/naman72060/common-dp/install/thor_server/lib/libthor_server__rosidl_typesupport_introspection_c.so
[0.405s] -- Up-to-date: /home/naman72060/common-dp/install/thor_server/lib/libthor_server__rosidl_typesupport_c.so
[0.405s] -- Up-to-date: /home/naman72060/common-dp/install/thor_server/include/thor_server/thor_server
[0.406s] -- Up-to-date: /home/naman72060/common-dp/install/thor_server/include/thor_server/thor_server/action
[0.406s] -- Up-to-date: /home/naman72060/common-dp/install/thor_server/include/thor_server/thor_server/action/detail
[0.406s] -- Up-to-date: /home/naman72060/common-dp/install/thor_server/include/thor_server/thor_server/action/detail/joint_task__rosidl_typesupport_introspection_cpp.hpp
[0.406s] -- Up-to-date: /home/naman72060/common-dp/install/thor_server/include/thor_server/thor_server/action/detail/joint_task__type_support.cpp
[0.406s] -- Up-to-date: /home/naman72060/common-dp/install/thor_server/include/thor_server/thor_server/action/detail/pose_task__rosidl_typesupport_introspection_cpp.hpp
[0.406s] -- Up-to-date: /home/naman72060/common-dp/install/thor_server/include/thor_server/thor_server/action/detail/pose_task__type_support.cpp
[0.406s] -- Up-to-date: /home/naman72060/common-dp/install/thor_server/lib/libthor_server__rosidl_typesupport_introspection_cpp.so
[0.407s] -- Up-to-date: /home/naman72060/common-dp/install/thor_server/lib/libthor_server__rosidl_typesupport_cpp.so
[0.407s] -- Up-to-date: /home/naman72060/common-dp/install/thor_server/share/thor_server/environment/pythonpath.sh
[0.407s] -- Up-to-date: /home/naman72060/common-dp/install/thor_server/share/thor_server/environment/pythonpath.dsv
[0.407s] -- Up-to-date: /home/naman72060/common-dp/install/thor_server/local/lib/python3.10/dist-packages/thor_server-0.0.0-py3.10.egg-info
[0.407s] -- Installing: /home/naman72060/common-dp/install/thor_server/local/lib/python3.10/dist-packages/thor_server-0.0.0-py3.10.egg-info/SOURCES.txt
[0.407s] -- Installing: /home/naman72060/common-dp/install/thor_server/local/lib/python3.10/dist-packages/thor_server-0.0.0-py3.10.egg-info/PKG-INFO
[0.407s] -- Installing: /home/naman72060/common-dp/install/thor_server/local/lib/python3.10/dist-packages/thor_server-0.0.0-py3.10.egg-info/top_level.txt
[0.407s] -- Installing: /home/naman72060/common-dp/install/thor_server/local/lib/python3.10/dist-packages/thor_server-0.0.0-py3.10.egg-info/dependency_links.txt
[0.407s] -- Up-to-date: /home/naman72060/common-dp/install/thor_server/local/lib/python3.10/dist-packages/thor_server
[0.407s] -- Up-to-date: /home/naman72060/common-dp/install/thor_server/local/lib/python3.10/dist-packages/thor_server/_thor_server_s.ep.rosidl_typesupport_c.c
[0.408s] -- Up-to-date: /home/naman72060/common-dp/install/thor_server/local/lib/python3.10/dist-packages/thor_server/libthor_server__rosidl_generator_py.so
[0.408s] -- Up-to-date: /home/naman72060/common-dp/install/thor_server/local/lib/python3.10/dist-packages/thor_server/thor_server_s__rosidl_typesupport_fastrtps_c.cpython-310-x86_64-linux-gnu.so
[0.408s] -- Up-to-date: /home/naman72060/common-dp/install/thor_server/local/lib/python3.10/dist-packages/thor_server/thor_server_s__rosidl_typesupport_c.cpython-310-x86_64-linux-gnu.so
[0.408s] -- Up-to-date: /home/naman72060/common-dp/install/thor_server/local/lib/python3.10/dist-packages/thor_server/_thor_server_s.ep.rosidl_typesupport_fastrtps_c.c
[0.408s] -- Up-to-date: /home/naman72060/common-dp/install/thor_server/local/lib/python3.10/dist-packages/thor_server/thor_server_s__rosidl_typesupport_introspection_c.cpython-310-x86_64-linux-gnu.so
[0.408s] -- Up-to-date: /home/naman72060/common-dp/install/thor_server/local/lib/python3.10/dist-packages/thor_server/__init__.py
[0.408s] -- Up-to-date: /home/naman72060/common-dp/install/thor_server/local/lib/python3.10/dist-packages/thor_server/_thor_server_s.ep.rosidl_typesupport_introspection_c.c
[0.408s] -- Up-to-date: /home/naman72060/common-dp/install/thor_server/local/lib/python3.10/dist-packages/thor_server/action
[0.408s] -- Up-to-date: /home/naman72060/common-dp/install/thor_server/local/lib/python3.10/dist-packages/thor_server/action/_pose_task.py
[0.408s] -- Up-to-date: /home/naman72060/common-dp/install/thor_server/local/lib/python3.10/dist-packages/thor_server/action/_joint_task.py
[0.408s] -- Up-to-date: /home/naman72060/common-dp/install/thor_server/local/lib/python3.10/dist-packages/thor_server/action/_pose_task_s.c
[0.408s] -- Up-to-date: /home/naman72060/common-dp/install/thor_server/local/lib/python3.10/dist-packages/thor_server/action/__init__.py
[0.408s] -- Up-to-date: /home/naman72060/common-dp/install/thor_server/local/lib/python3.10/dist-packages/thor_server/action/_joint_task_s.c
[0.426s] Listing '/home/naman72060/common-dp/install/thor_server/local/lib/python3.10/dist-packages/thor_server'...
[0.426s] Listing '/home/naman72060/common-dp/install/thor_server/local/lib/python3.10/dist-packages/thor_server/action'...
[0.429s] -- Up-to-date: /home/naman72060/common-dp/install/thor_server/local/lib/python3.10/dist-packages/thor_server/thor_server_s__rosidl_typesupport_fastrtps_c.cpython-310-x86_64-linux-gnu.so
[0.429s] -- Up-to-date: /home/naman72060/common-dp/install/thor_server/local/lib/python3.10/dist-packages/thor_server/thor_server_s__rosidl_typesupport_introspection_c.cpython-310-x86_64-linux-gnu.so
[0.429s] -- Up-to-date: /home/naman72060/common-dp/install/thor_server/local/lib/python3.10/dist-packages/thor_server/thor_server_s__rosidl_typesupport_c.cpython-310-x86_64-linux-gnu.so
[0.429s] -- Up-to-date: /home/naman72060/common-dp/install/thor_server/lib/libthor_server__rosidl_generator_py.so
[0.429s] -- Up-to-date: /home/naman72060/common-dp/install/thor_server/share/thor_server/action/JointTask.idl
[0.429s] -- Up-to-date: /home/naman72060/common-dp/install/thor_server/share/thor_server/action/PoseTask.idl
[0.430s] -- Up-to-date: /home/naman72060/common-dp/install/thor_server/share/thor_server/action/JointTask.action
[0.430s] -- Up-to-date: /home/naman72060/common-dp/install/thor_server/share/thor_server/action/PoseTask.action
[0.430s] -- Up-to-date: /home/naman72060/common-dp/install/thor_server/lib/thor_server/task_server_node
[0.430s] -- Up-to-date: /home/naman72060/common-dp/install/thor_server/share/thor_server/action
[0.430s] -- Up-to-date: /home/naman72060/common-dp/install/thor_server/share/thor_server/action/PoseTask.action
[0.430s] -- Up-to-date: /home/naman72060/common-dp/install/thor_server/share/thor_server/action/JointTask.action
[0.430s] -- Up-to-date: /home/naman72060/common-dp/install/thor_server/lib/thor_server/libtask_server.so
[0.430s] -- Up-to-date: /home/naman72060/common-dp/install/thor_server/lib/thor_server/hardware_command_node
[0.430s] -- Up-to-date: /home/naman72060/common-dp/install/thor_server/lib/libtask_server.so
[0.430s] -- Up-to-date: /home/naman72060/common-dp/install/thor_server/share/ament_index/resource_index/package_run_dependencies/thor_server
[0.430s] -- Up-to-date: /home/naman72060/common-dp/install/thor_server/share/ament_index/resource_index/parent_prefix_path/thor_server
[0.430s] -- Up-to-date: /home/naman72060/common-dp/install/thor_server/share/thor_server/environment/ament_prefix_path.sh
[0.430s] -- Up-to-date: /home/naman72060/common-dp/install/thor_server/share/thor_server/environment/ament_prefix_path.dsv
[0.430s] -- Up-to-date: /home/naman72060/common-dp/install/thor_server/share/thor_server/environment/path.sh
[0.430s] -- Up-to-date: /home/naman72060/common-dp/install/thor_server/share/thor_server/environment/path.dsv
[0.430s] -- Up-to-date: /home/naman72060/common-dp/install/thor_server/share/thor_server/local_setup.bash
[0.430s] -- Up-to-date: /home/naman72060/common-dp/install/thor_server/share/thor_server/local_setup.sh
[0.430s] -- Up-to-date: /home/naman72060/common-dp/install/thor_server/share/thor_server/local_setup.zsh
[0.430s] -- Up-to-date: /home/naman72060/common-dp/install/thor_server/share/thor_server/local_setup.dsv
[0.431s] -- Installing: /home/naman72060/common-dp/install/thor_server/share/thor_server/package.dsv
[0.431s] -- Up-to-date: /home/naman72060/common-dp/install/thor_server/share/ament_index/resource_index/packages/thor_server
[0.431s] -- Up-to-date: /home/naman72060/common-dp/install/thor_server/share/thor_server/cmake/export_thor_server__rosidl_generator_cExport.cmake
[0.431s] -- Up-to-date: /home/naman72060/common-dp/install/thor_server/share/thor_server/cmake/export_thor_server__rosidl_generator_cExport-noconfig.cmake
[0.431s] -- Up-to-date: /home/naman72060/common-dp/install/thor_server/share/thor_server/cmake/export_thor_server__rosidl_typesupport_fastrtps_cExport.cmake
[0.431s] -- Up-to-date: /home/naman72060/common-dp/install/thor_server/share/thor_server/cmake/export_thor_server__rosidl_typesupport_fastrtps_cExport-noconfig.cmake
[0.431s] -- Up-to-date: /home/naman72060/common-dp/install/thor_server/share/thor_server/cmake/export_thor_server__rosidl_generator_cppExport.cmake
[0.431s] -- Up-to-date: /home/naman72060/common-dp/install/thor_server/share/thor_server/cmake/export_thor_server__rosidl_typesupport_fastrtps_cppExport.cmake
[0.431s] -- Up-to-date: /home/naman72060/common-dp/install/thor_server/share/thor_server/cmake/export_thor_server__rosidl_typesupport_fastrtps_cppExport-noconfig.cmake
[0.431s] -- Up-to-date: /home/naman72060/common-dp/install/thor_server/share/thor_server/cmake/thor_server__rosidl_typesupport_introspection_cExport.cmake
[0.431s] -- Up-to-date: /home/naman72060/common-dp/install/thor_server/share/thor_server/cmake/thor_server__rosidl_typesupport_introspection_cExport-noconfig.cmake
[0.431s] -- Up-to-date: /home/naman72060/common-dp/install/thor_server/share/thor_server/cmake/thor_server__rosidl_typesupport_cExport.cmake
[0.431s] -- Up-to-date: /home/naman72060/common-dp/install/thor_server/share/thor_server/cmake/thor_server__rosidl_typesupport_cExport-noconfig.cmake
[0.431s] -- Up-to-date: /home/naman72060/common-dp/install/thor_server/share/thor_server/cmake/thor_server__rosidl_typesupport_introspection_cppExport.cmake
[0.431s] -- Up-to-date: /home/naman72060/common-dp/install/thor_server/share/thor_server/cmake/thor_server__rosidl_typesupport_introspection_cppExport-noconfig.cmake
[0.431s] -- Up-to-date: /home/naman72060/common-dp/install/thor_server/share/thor_server/cmake/thor_server__rosidl_typesupport_cppExport.cmake
[0.431s] -- Up-to-date: /home/naman72060/common-dp/install/thor_server/share/thor_server/cmake/thor_server__rosidl_typesupport_cppExport-noconfig.cmake
[0.431s] -- Up-to-date: /home/naman72060/common-dp/install/thor_server/share/thor_server/cmake/export_thor_server__rosidl_generator_pyExport.cmake
[0.431s] -- Up-to-date: /home/naman72060/common-dp/install/thor_server/share/thor_server/cmake/export_thor_server__rosidl_generator_pyExport-noconfig.cmake
[0.431s] -- Up-to-date: /home/naman72060/common-dp/install/thor_server/share/ament_index/resource_index/rclcpp_components/thor_server
[0.431s] -- Up-to-date: /home/naman72060/common-dp/install/thor_server/share/thor_server/cmake/rosidl_cmake-extras.cmake
[0.431s] -- Up-to-date: /home/naman72060/common-dp/install/thor_server/share/thor_server/cmake/ament_cmake_export_dependencies-extras.cmake
[0.431s] -- Up-to-date: /home/naman72060/common-dp/install/thor_server/share/thor_server/cmake/ament_cmake_export_include_directories-extras.cmake
[0.431s] -- Up-to-date: /home/naman72060/common-dp/install/thor_server/share/thor_server/cmake/ament_cmake_export_libraries-extras.cmake
[0.432s] -- Up-to-date: /home/naman72060/common-dp/install/thor_server/share/thor_server/cmake/ament_cmake_export_targets-extras.cmake
[0.432s] -- Up-to-date: /home/naman72060/common-dp/install/thor_server/share/thor_server/cmake/rosidl_cmake_export_typesupport_targets-extras.cmake
[0.432s] -- Up-to-date: /home/naman72060/common-dp/install/thor_server/share/thor_server/cmake/rosidl_cmake_export_typesupport_libraries-extras.cmake
[0.432s] -- Up-to-date: /home/naman72060/common-dp/install/thor_server/share/thor_server/cmake/thor_serverConfig.cmake
[0.432s] -- Up-to-date: /home/naman72060/common-dp/install/thor_server/share/thor_server/cmake/thor_serverConfig-version.cmake
[0.432s] -- Up-to-date: /home/naman72060/common-dp/install/thor_server/share/thor_server/package.xml
[0.433s] Invoked command in '/home/naman72060/common-dp/build/thor_server' returned '0': AMENT_PREFIX_PATH=/home/naman72060/common-dp/install/thor_controller:${AMENT_PREFIX_PATH} CMAKE_PREFIX_PATH=/home/naman72060/common-dp/install/thor_controller:/opt/ros/humble LD_LIBRARY_PATH=/home/naman72060/common-dp/install/thor_controller/lib:${LD_LIBRARY_PATH} /usr/bin/cmake --install /home/naman72060/common-dp/build/thor_server
