[0.015s] Invoking command in '/home/anish/dp_ws/Thor-ROS/ws_thor/build/thor_manipulation': CMAKE_PREFIX_PATH=${CMAKE_PREFIX_PATH}:/opt/ros/humble /usr/bin/cmake /home/anish/dp_ws/Thor-ROS/ws_thor/src/thor_manipulation -DCMAKE_INSTALL_PREFIX=/home/anish/dp_ws/Thor-ROS/ws_thor/install/thor_manipulation
[0.063s] -- The C compiler identification is GNU 11.4.0
[0.109s] -- The CXX compiler identification is GNU 11.4.0
[0.115s] -- Detecting C compiler ABI info
[0.184s] -- Detecting C compiler ABI info - done
[0.188s] -- Check for working C compiler: /usr/bin/cc - skipped
[0.188s] -- Detecting C compile features
[0.189s] -- Detecting C compile features - done
[0.191s] -- Detecting CXX compiler ABI info
[0.269s] -- Detecting CXX compiler ABI info - done
[0.275s] -- Check for working CXX compiler: /usr/bin/c++ - skipped
[0.275s] -- Detecting CXX compile features
[0.275s] -- Detecting CXX compile features - done
[0.279s] -- Found ament_cmake: 1.3.11 (/opt/ros/humble/share/ament_cmake/cmake)
[0.416s] -- Found Python3: /usr/bin/python3 (found version "3.10.12") found components: Interpreter 
[0.527s] -- Found rclcpp: 16.0.12 (/opt/ros/humble/share/rclcpp/cmake)
[0.577s] -- Found rosidl_generator_c: 3.1.6 (/opt/ros/humble/share/rosidl_generator_c/cmake)
[0.584s] -- Found rosidl_adapter: 3.1.6 (/opt/ros/humble/share/rosidl_adapter/cmake)
[0.592s] -- Found rosidl_generator_cpp: 3.1.6 (/opt/ros/humble/share/rosidl_generator_cpp/cmake)
[0.604s] -- Using all available rosidl_typesupport_c: rosidl_typesupport_fastrtps_c;rosidl_typesupport_introspection_c
[0.619s] -- Using all available rosidl_typesupport_cpp: rosidl_typesupport_fastrtps_cpp;rosidl_typesupport_introspection_cpp
[0.666s] -- Found rmw_implementation_cmake: 6.1.2 (/opt/ros/humble/share/rmw_implementation_cmake/cmake)
[0.670s] -- Found rmw_cyclonedds_cpp: 1.3.4 (/opt/ros/humble/share/rmw_cyclonedds_cpp/cmake)
[0.692s] -- Using RMW implementation 'rmw_cyclonedds_cpp' as default
[0.704s] -- Looking for pthread.h
[0.782s] -- Looking for pthread.h - found
[0.782s] -- Performing Test CMAKE_HAVE_LIBC_PTHREAD
[0.856s] -- Performing Test CMAKE_HAVE_LIBC_PTHREAD - Success
[0.856s] -- Found Threads: TRUE  
[0.901s] -- Found rclpy: 3.3.16 (/opt/ros/humble/share/rclpy/cmake)
[0.904s] -- Found geometry_msgs: 4.9.0 (/opt/ros/humble/share/geometry_msgs/cmake)
[0.915s] -- Found sensor_msgs: 4.9.0 (/opt/ros/humble/share/sensor_msgs/cmake)
[0.930s] -- Found shape_msgs: 4.9.0 (/opt/ros/humble/share/shape_msgs/cmake)
[0.945s] -- Found moveit_msgs: 2.2.1 (/opt/ros/humble/share/moveit_msgs/cmake)
[1.045s] -- Found moveit_core: 2.5.9 (/opt/ros/humble/share/moveit_core/cmake)
[1.093s] -- Found Boost: /usr/lib/x86_64-linux-gnu/cmake/Boost-1.74.0/BoostConfig.cmake (found version "1.74.0") found components: chrono date_time filesystem iostreams program_options regex serialization system thread 
[1.155s] -- Found parameter_traits: 0.5.0 (/opt/ros/humble/share/parameter_traits/cmake)
[1.172s] -- Found rclcpp_lifecycle: 16.0.12 (/opt/ros/humble/share/rclcpp_lifecycle/cmake)
[1.194s] -- Found Boost: /usr/lib/x86_64-linux-gnu/cmake/Boost-1.74.0/BoostConfig.cmake (found version "1.74.0") found components: filesystem 
[1.297s] -- library: /usr/lib/x86_64-linux-gnu/libcurl.so
[1.328s] -- Found Eigen3: TRUE (found version "3.4.0") 
[1.328s] -- Ensuring Eigen3 include directory is part of orocos-kdl CMake target
[1.466s] -- Found moveit_ros_planning_interface: 2.5.9 (/opt/ros/humble/share/moveit_ros_planning_interface/cmake)
[1.470s] -- Found Boost: /usr/lib/x86_64-linux-gnu/cmake/Boost-1.74.0/BoostConfig.cmake (found version "1.74.0") found components: date_time filesystem program_options system thread 
[1.481s] -- Found Boost: /usr/lib/x86_64-linux-gnu/cmake/Boost-1.74.0/BoostConfig.cmake (found version "1.74.0") found components: system filesystem date_time program_options thread chrono 
[1.506s] -- Found Boost: /usr/lib/x86_64-linux-gnu/cmake/Boost-1.74.0/BoostConfig.cmake (found version "1.74.0") found components: thread system filesystem regex date_time program_options 
[1.599s] -- Found Boost: /usr/lib/x86_64-linux-gnu/cmake/Boost-1.74.0/BoostConfig.cmake (found version "1.74.0") found components: system filesystem date_time program_options thread 
[1.626s] -- Found cv_bridge: 3.2.1 (/opt/ros/humble/share/cv_bridge/cmake)
[1.640s] -- Found image_transport: 3.1.12 (/opt/ros/humble/share/image_transport/cmake)
[1.644s] -- Found OpenCV: /usr (found version "4.5.4") 
[1.717s] -- Found ament_lint_auto: 0.12.12 (/opt/ros/humble/share/ament_lint_auto/cmake)
[1.809s] -- Added test 'copyright' to check source files copyright and LICENSE
[1.810s] -- Added test 'cppcheck' to perform static code analysis on C / C++ code
[1.810s] -- Configured cppcheck include dirs: 
[1.810s] -- Configured cppcheck exclude dirs and/or files: 
[1.812s] -- Added test 'cpplint' to check C / C++ code against the Google style
[1.812s] -- Configured cpplint exclude dirs and/or files: 
[1.812s] -- Added test 'flake8' to check Python code syntax and style conventions
[1.813s] -- Added test 'lint_cmake' to check CMake code style
[1.814s] -- Added test 'pep257' to check Python code against some of the docstring style conventions in PEP 257
[1.815s] -- Added test 'uncrustify' to check C / C++ code style
[1.815s] -- Configured uncrustify additional arguments: 
[1.816s] -- Added test 'xmllint' to check XML markup files
[1.817s] -- Configuring done
[1.826s] -- Generating done
[1.829s] -- Build files have been written to: /home/anish/dp_ws/Thor-ROS/ws_thor/build/thor_manipulation
[1.855s] Invoked command in '/home/anish/dp_ws/Thor-ROS/ws_thor/build/thor_manipulation' returned '0': CMAKE_PREFIX_PATH=${CMAKE_PREFIX_PATH}:/opt/ros/humble /usr/bin/cmake /home/anish/dp_ws/Thor-ROS/ws_thor/src/thor_manipulation -DCMAKE_INSTALL_PREFIX=/home/anish/dp_ws/Thor-ROS/ws_thor/install/thor_manipulation
[1.856s] Invoking command in '/home/anish/dp_ws/Thor-ROS/ws_thor/build/thor_manipulation': CMAKE_PREFIX_PATH=${CMAKE_PREFIX_PATH}:/opt/ros/humble /usr/bin/cmake --build /home/anish/dp_ws/Thor-ROS/ws_thor/build/thor_manipulation -- -j16 -l16
[1.926s] Built target ament_cmake_python_copy_thor_manipulation
[2.095s] running egg_info
[2.095s] creating thor_manipulation.egg-info
[2.095s] writing thor_manipulation.egg-info/PKG-INFO
[2.095s] writing dependency_links to thor_manipulation.egg-info/dependency_links.txt
[2.095s] writing top-level names to thor_manipulation.egg-info/top_level.txt
[2.096s] writing manifest file 'thor_manipulation.egg-info/SOURCES.txt'
[2.097s] reading manifest file 'thor_manipulation.egg-info/SOURCES.txt'
[2.098s] writing manifest file 'thor_manipulation.egg-info/SOURCES.txt'
[2.130s] Built target ament_cmake_python_build_thor_manipulation_egg
[2.146s] Invoked command in '/home/anish/dp_ws/Thor-ROS/ws_thor/build/thor_manipulation' returned '0': CMAKE_PREFIX_PATH=${CMAKE_PREFIX_PATH}:/opt/ros/humble /usr/bin/cmake --build /home/anish/dp_ws/Thor-ROS/ws_thor/build/thor_manipulation -- -j16 -l16
[2.147s] Invoking command in '/home/anish/dp_ws/Thor-ROS/ws_thor/build/thor_manipulation': CMAKE_PREFIX_PATH=${CMAKE_PREFIX_PATH}:/opt/ros/humble /usr/bin/cmake --install /home/anish/dp_ws/Thor-ROS/ws_thor/build/thor_manipulation
[2.154s] -- Install configuration: ""
[2.154s] -- Installing: /home/anish/dp_ws/Thor-ROS/ws_thor/install/thor_manipulation/share/thor_manipulation/environment/pythonpath.sh
[2.154s] -- Installing: /home/anish/dp_ws/Thor-ROS/ws_thor/install/thor_manipulation/share/thor_manipulation/environment/pythonpath.dsv
[2.155s] -- Installing: /home/anish/dp_ws/Thor-ROS/ws_thor/install/thor_manipulation/local/lib/python3.10/dist-packages/thor_manipulation-0.1.0-py3.10.egg-info
[2.155s] -- Installing: /home/anish/dp_ws/Thor-ROS/ws_thor/install/thor_manipulation/local/lib/python3.10/dist-packages/thor_manipulation-0.1.0-py3.10.egg-info/SOURCES.txt
[2.155s] -- Installing: /home/anish/dp_ws/Thor-ROS/ws_thor/install/thor_manipulation/local/lib/python3.10/dist-packages/thor_manipulation-0.1.0-py3.10.egg-info/PKG-INFO
[2.155s] -- Installing: /home/anish/dp_ws/Thor-ROS/ws_thor/install/thor_manipulation/local/lib/python3.10/dist-packages/thor_manipulation-0.1.0-py3.10.egg-info/dependency_links.txt
[2.155s] -- Installing: /home/anish/dp_ws/Thor-ROS/ws_thor/install/thor_manipulation/local/lib/python3.10/dist-packages/thor_manipulation-0.1.0-py3.10.egg-info/top_level.txt
[2.155s] -- Installing: /home/anish/dp_ws/Thor-ROS/ws_thor/install/thor_manipulation/local/lib/python3.10/dist-packages/thor_manipulation
[2.155s] -- Installing: /home/anish/dp_ws/Thor-ROS/ws_thor/install/thor_manipulation/local/lib/python3.10/dist-packages/thor_manipulation/__init__.py
[2.178s] Listing '/home/anish/dp_ws/Thor-ROS/ws_thor/install/thor_manipulation/local/lib/python3.10/dist-packages/thor_manipulation'...
[2.179s] Compiling '/home/anish/dp_ws/Thor-ROS/ws_thor/install/thor_manipulation/local/lib/python3.10/dist-packages/thor_manipulation/__init__.py'...
[2.182s] -- Installing: /home/anish/dp_ws/Thor-ROS/ws_thor/install/thor_manipulation/lib/thor_manipulation/pick_place_node
[2.182s] -- Installing: /home/anish/dp_ws/Thor-ROS/ws_thor/install/thor_manipulation/lib/thor_manipulation/pick_place_task_constructor
[2.183s] -- Installing: /home/anish/dp_ws/Thor-ROS/ws_thor/install/thor_manipulation/lib/thor_manipulation/thor_task_constructor_demo
[2.183s] -- Installing: /home/anish/dp_ws/Thor-ROS/ws_thor/install/thor_manipulation/lib/thor_manipulation/control_interface
[2.183s] -- Installing: /home/anish/dp_ws/Thor-ROS/ws_thor/install/thor_manipulation/lib/thor_manipulation/task_coordinator_node
[2.183s] -- Installing: /home/anish/dp_ws/Thor-ROS/ws_thor/install/thor_manipulation/lib/thor_manipulation/object_detector
[2.183s] -- Installing: /home/anish/dp_ws/Thor-ROS/ws_thor/install/thor_manipulation/lib/thor_manipulation/enhanced_pick_place_node
[2.183s] -- Installing: /home/anish/dp_ws/Thor-ROS/ws_thor/install/thor_manipulation/lib/thor_manipulation/simple_command_interface
[2.184s] -- Installing: /home/anish/dp_ws/Thor-ROS/ws_thor/install/thor_manipulation/share/thor_manipulation/launch
[2.184s] -- Installing: /home/anish/dp_ws/Thor-ROS/ws_thor/install/thor_manipulation/share/thor_manipulation/launch/pick_place.launch.py
[2.184s] -- Installing: /home/anish/dp_ws/Thor-ROS/ws_thor/install/thor_manipulation/share/thor_manipulation/config
[2.184s] -- Installing: /home/anish/dp_ws/Thor-ROS/ws_thor/install/thor_manipulation/share/thor_manipulation/config/sensors.yaml
[2.184s] -- Installing: /home/anish/dp_ws/Thor-ROS/ws_thor/install/thor_manipulation/share/thor_manipulation/config/mtc.rviz
[2.184s] -- Installing: /home/anish/dp_ws/Thor-ROS/ws_thor/install/thor_manipulation/share/thor_manipulation/config/electromagnet_controller.cpp
[2.184s] -- Installing: /home/anish/dp_ws/Thor-ROS/ws_thor/install/thor_manipulation/share/thor_manipulation/rviz
[2.185s] -- Installing: /home/anish/dp_ws/Thor-ROS/ws_thor/install/thor_manipulation/share/ament_index/resource_index/package_run_dependencies/thor_manipulation
[2.185s] -- Installing: /home/anish/dp_ws/Thor-ROS/ws_thor/install/thor_manipulation/share/ament_index/resource_index/parent_prefix_path/thor_manipulation
[2.185s] -- Installing: /home/anish/dp_ws/Thor-ROS/ws_thor/install/thor_manipulation/share/thor_manipulation/environment/ament_prefix_path.sh
[2.185s] -- Installing: /home/anish/dp_ws/Thor-ROS/ws_thor/install/thor_manipulation/share/thor_manipulation/environment/ament_prefix_path.dsv
[2.185s] -- Installing: /home/anish/dp_ws/Thor-ROS/ws_thor/install/thor_manipulation/share/thor_manipulation/environment/path.sh
[2.186s] -- Installing: /home/anish/dp_ws/Thor-ROS/ws_thor/install/thor_manipulation/share/thor_manipulation/environment/path.dsv
[2.186s] -- Installing: /home/anish/dp_ws/Thor-ROS/ws_thor/install/thor_manipulation/share/thor_manipulation/local_setup.bash
[2.186s] -- Installing: /home/anish/dp_ws/Thor-ROS/ws_thor/install/thor_manipulation/share/thor_manipulation/local_setup.sh
[2.186s] -- Installing: /home/anish/dp_ws/Thor-ROS/ws_thor/install/thor_manipulation/share/thor_manipulation/local_setup.zsh
[2.186s] -- Installing: /home/anish/dp_ws/Thor-ROS/ws_thor/install/thor_manipulation/share/thor_manipulation/local_setup.dsv
[2.186s] -- Installing: /home/anish/dp_ws/Thor-ROS/ws_thor/install/thor_manipulation/share/thor_manipulation/package.dsv
[2.186s] -- Installing: /home/anish/dp_ws/Thor-ROS/ws_thor/install/thor_manipulation/share/ament_index/resource_index/packages/thor_manipulation
[2.187s] -- Installing: /home/anish/dp_ws/Thor-ROS/ws_thor/install/thor_manipulation/share/thor_manipulation/cmake/thor_manipulationConfig.cmake
[2.187s] -- Installing: /home/anish/dp_ws/Thor-ROS/ws_thor/install/thor_manipulation/share/thor_manipulation/cmake/thor_manipulationConfig-version.cmake
[2.187s] -- Installing: /home/anish/dp_ws/Thor-ROS/ws_thor/install/thor_manipulation/share/thor_manipulation/package.xml
[2.191s] Invoked command in '/home/anish/dp_ws/Thor-ROS/ws_thor/build/thor_manipulation' returned '0': CMAKE_PREFIX_PATH=${CMAKE_PREFIX_PATH}:/opt/ros/humble /usr/bin/cmake --install /home/anish/dp_ws/Thor-ROS/ws_thor/build/thor_manipulation
