[0.022s] Invoking command in '/home/naman72060/common-dp/build/thor_urdf': CMAKE_PREFIX_PATH=${CMAKE_PREFIX_PATH}:/opt/ros/humble /usr/bin/cmake --build /home/naman72060/common-dp/build/thor_urdf -- -j12 -l12
[0.070s] Invoked command in '/home/naman72060/common-dp/build/thor_urdf' returned '0': CMAKE_PREFIX_PATH=${CMAKE_PREFIX_PATH}:/opt/ros/humble /usr/bin/cmake --build /home/naman72060/common-dp/build/thor_urdf -- -j12 -l12
[0.081s] Invoking command in '/home/naman72060/common-dp/build/thor_urdf': CMAKE_PREFIX_PATH=${CMAKE_PREFIX_PATH}:/opt/ros/humble /usr/bin/cmake --install /home/naman72060/common-dp/build/thor_urdf
[0.091s] -- Install configuration: ""
[0.092s] -- Up-to-date: /home/naman72060/common-dp/install/thor_urdf/share/thor_urdf/meshes
[0.092s] -- Up-to-date: /home/naman72060/common-dp/install/thor_urdf/share/thor_urdf/meshes/Art1.dae
[0.092s] -- Up-to-date: /home/naman72060/common-dp/install/thor_urdf/share/thor_urdf/meshes/Art4.dae
[0.092s] -- Up-to-date: /home/naman72060/common-dp/install/thor_urdf/share/thor_urdf/meshes/Art6.dae
[0.092s] -- Up-to-date: /home/naman72060/common-dp/install/thor_urdf/share/thor_urdf/meshes/Art5.dae
[0.092s] -- Up-to-date: /home/naman72060/common-dp/install/thor_urdf/share/thor_urdf/meshes/GripperArm.dae
[0.092s] -- Up-to-date: /home/naman72060/common-dp/install/thor_urdf/share/thor_urdf/meshes/GripperBase.dae
[0.092s] -- Up-to-date: /home/naman72060/common-dp/install/thor_urdf/share/thor_urdf/meshes/Art2.dae
[0.093s] -- Up-to-date: /home/naman72060/common-dp/install/thor_urdf/share/thor_urdf/meshes/Art3.dae
[0.093s] -- Up-to-date: /home/naman72060/common-dp/install/thor_urdf/share/thor_urdf/meshes/Base.dae
[0.093s] -- Up-to-date: /home/naman72060/common-dp/install/thor_urdf/share/thor_urdf/meshes/GripperFinger.dae
[0.093s] -- Up-to-date: /home/naman72060/common-dp/install/thor_urdf/share/thor_urdf/meshes/GripperArmGear.dae
[0.093s] -- Up-to-date: /home/naman72060/common-dp/install/thor_urdf/share/thor_urdf/urdf
[0.093s] -- Up-to-date: /home/naman72060/common-dp/install/thor_urdf/share/thor_urdf/urdf/table.urdf.xacro
[0.094s] -- Up-to-date: /home/naman72060/common-dp/install/thor_urdf/share/thor_urdf/urdf/thor_gazebo.xacro
[0.094s] -- Up-to-date: /home/naman72060/common-dp/install/thor_urdf/share/thor_urdf/urdf/thor_arm.ros2_control.xacro
[0.094s] -- Up-to-date: /home/naman72060/common-dp/install/thor_urdf/share/thor_urdf/urdf/thor.urdf.xacro
[0.094s] -- Up-to-date: /home/naman72060/common-dp/install/thor_urdf/share/thor_urdf/launch
[0.094s] -- Up-to-date: /home/naman72060/common-dp/install/thor_urdf/share/thor_urdf/launch/launch.py
[0.095s] -- Up-to-date: /home/naman72060/common-dp/install/thor_urdf/share/thor_urdf/launch/gazebo.launch.py
[0.095s] -- Up-to-date: /home/naman72060/common-dp/install/thor_urdf/share/thor_urdf/launch/display.launch.py
[0.095s] -- Up-to-date: /home/naman72060/common-dp/install/thor_urdf/share/thor_urdf/rviz
[0.095s] -- Up-to-date: /home/naman72060/common-dp/install/thor_urdf/share/thor_urdf/rviz/display.rviz
[0.095s] -- Up-to-date: /home/naman72060/common-dp/install/thor_urdf/share/ament_index/resource_index/package_run_dependencies/thor_urdf
[0.096s] -- Up-to-date: /home/naman72060/common-dp/install/thor_urdf/share/ament_index/resource_index/parent_prefix_path/thor_urdf
[0.097s] -- Up-to-date: /home/naman72060/common-dp/install/thor_urdf/share/thor_urdf/environment/ament_prefix_path.sh
[0.097s] -- Up-to-date: /home/naman72060/common-dp/install/thor_urdf/share/thor_urdf/environment/ament_prefix_path.dsv
[0.097s] -- Up-to-date: /home/naman72060/common-dp/install/thor_urdf/share/thor_urdf/environment/path.sh
[0.097s] -- Up-to-date: /home/naman72060/common-dp/install/thor_urdf/share/thor_urdf/environment/path.dsv
[0.097s] -- Up-to-date: /home/naman72060/common-dp/install/thor_urdf/share/thor_urdf/local_setup.bash
[0.098s] -- Up-to-date: /home/naman72060/common-dp/install/thor_urdf/share/thor_urdf/local_setup.sh
[0.098s] -- Up-to-date: /home/naman72060/common-dp/install/thor_urdf/share/thor_urdf/local_setup.zsh
[0.098s] -- Up-to-date: /home/naman72060/common-dp/install/thor_urdf/share/thor_urdf/local_setup.dsv
[0.098s] -- Installing: /home/naman72060/common-dp/install/thor_urdf/share/thor_urdf/package.dsv
[0.098s] -- Up-to-date: /home/naman72060/common-dp/install/thor_urdf/share/ament_index/resource_index/packages/thor_urdf
[0.099s] -- Up-to-date: /home/naman72060/common-dp/install/thor_urdf/share/thor_urdf/cmake/thor_urdfConfig.cmake
[0.099s] -- Up-to-date: /home/naman72060/common-dp/install/thor_urdf/share/thor_urdf/cmake/thor_urdfConfig-version.cmake
[0.099s] -- Up-to-date: /home/naman72060/common-dp/install/thor_urdf/share/thor_urdf/package.xml
[0.105s] Invoked command in '/home/naman72060/common-dp/build/thor_urdf' returned '0': CMAKE_PREFIX_PATH=${CMAKE_PREFIX_PATH}:/opt/ros/humble /usr/bin/cmake --install /home/naman72060/common-dp/build/thor_urdf
