[0.010s] Invoking command in '/home/anish/dp_ws/Thor-ROS/ws_thor/build/thor_teleop': CMAKE_PREFIX_PATH=${CMAKE_PREFIX_PATH}:/opt/ros/humble /usr/bin/cmake --build /home/anish/dp_ws/Thor-ROS/ws_thor/build/thor_teleop -- -j16 -l16
[0.032s] -- Found ament_cmake: 1.3.11 (/opt/ros/humble/share/ament_cmake/cmake)
[0.122s] -- Found rclpy: 3.3.16 (/opt/ros/humble/share/rclpy/cmake)
[0.123s] -- Found rclcpp: 16.0.12 (/opt/ros/humble/share/rclcpp/cmake)
[0.142s] -- Found rosidl_generator_c: 3.1.6 (/opt/ros/humble/share/rosidl_generator_c/cmake)
[0.143s] -- Found rosidl_adapter: 3.1.6 (/opt/ros/humble/share/rosidl_adapter/cmake)
[0.147s] -- Found rosidl_generator_cpp: 3.1.6 (/opt/ros/humble/share/rosidl_generator_cpp/cmake)
[0.152s] -- Using all available rosidl_typesupport_c: rosidl_typesupport_fastrtps_c;rosidl_typesupport_introspection_c
[0.160s] -- Using all available rosidl_typesupport_cpp: rosidl_typesupport_fastrtps_cpp;rosidl_typesupport_introspection_cpp
[0.179s] -- Found rmw_implementation_cmake: 6.1.2 (/opt/ros/humble/share/rmw_implementation_cmake/cmake)
[0.180s] -- Found rmw_cyclonedds_cpp: 1.3.4 (/opt/ros/humble/share/rmw_cyclonedds_cpp/cmake)
[0.191s] -- Using RMW implementation 'rmw_cyclonedds_cpp' as default
[0.221s] -- Found rclcpp_action: 16.0.12 (/opt/ros/humble/share/rclcpp_action/cmake)
[0.242s] -- Found moveit_msgs: 2.2.1 (/opt/ros/humble/share/moveit_msgs/cmake)
[0.312s] [31mCMake Error at /opt/ros/humble/share/ament_cmake_target_dependencies/cmake/ament_target_dependencies.cmake:77 (message):
[0.312s]   ament_target_dependencies() the passed package name 'tf2_ros' was not found
[0.312s]   before
[0.313s] Call Stack (most recent call first):
[0.313s]   CMakeLists.txt:12 (ament_target_dependencies)
[0.313s] 
[0.313s] [0m
[0.313s] -- Configuring incomplete, errors occurred!
[0.313s] See also "/home/anish/dp_ws/Thor-ROS/ws_thor/build/thor_teleop/CMakeFiles/CMakeOutput.log".
[0.317s] gmake: *** [Makefile:226: cmake_check_build_system] Error 1
[0.319s] Invoked command in '/home/anish/dp_ws/Thor-ROS/ws_thor/build/thor_teleop' returned '2': CMAKE_PREFIX_PATH=${CMAKE_PREFIX_PATH}:/opt/ros/humble /usr/bin/cmake --build /home/anish/dp_ws/Thor-ROS/ws_thor/build/thor_teleop -- -j16 -l16
