[0.017s] Invoking command in '/home/naman72060/common-dp/build/thor_urdf': CMAKE_PREFIX_PATH=/opt/ros/humble /usr/bin/cmake /home/naman72060/common-dp/src/thor_urdf -DCMAKE_INSTALL_PREFIX=/home/naman72060/common-dp/install/thor_urdf
[0.089s] -- The C compiler identification is GNU 11.4.0
[0.170s] -- The CXX compiler identification is GNU 11.4.0
[0.178s] -- Detecting C compiler ABI info
[0.238s] -- Detecting C compiler ABI info - done
[0.245s] -- Check for working C compiler: /usr/bin/cc - skipped
[0.246s] -- Detecting C compile features
[0.246s] -- Detecting C compile features - done
[0.249s] -- Detecting CXX compiler ABI info
[0.326s] -- Detecting CXX compiler ABI info - done
[0.335s] -- Check for working CXX compiler: /usr/bin/c++ - skipped
[0.336s] -- Detecting CXX compile features
[0.336s] -- Detecting CXX compile features - done
[0.338s] -- Found ament_cmake: 1.3.11 (/opt/ros/humble/share/ament_cmake/cmake)
[0.481s] -- Found Python3: /usr/bin/python3 (found version "3.10.12") found components: Interpreter 
[0.578s] -- Found ament_lint_auto: 0.12.12 (/opt/ros/humble/share/ament_lint_auto/cmake)
[0.643s] -- Added test 'flake8' to check Python code syntax and style conventions
[0.644s] -- Added test 'lint_cmake' to check CMake code style
[0.645s] -- Added test 'pep257' to check Python code against some of the docstring style conventions in PEP 257
[0.647s] -- Added test 'xmllint' to check XML markup files
[0.648s] -- Configuring done
[0.651s] -- Generating done
[0.653s] -- Build files have been written to: /home/naman72060/common-dp/build/thor_urdf
[0.659s] Invoked command in '/home/naman72060/common-dp/build/thor_urdf' returned '0': CMAKE_PREFIX_PATH=/opt/ros/humble /usr/bin/cmake /home/naman72060/common-dp/src/thor_urdf -DCMAKE_INSTALL_PREFIX=/home/naman72060/common-dp/install/thor_urdf
[0.659s] Invoking command in '/home/naman72060/common-dp/build/thor_urdf': CMAKE_PREFIX_PATH=/opt/ros/humble /usr/bin/cmake --build /home/naman72060/common-dp/build/thor_urdf -- -j12 -l12
[0.696s] Invoked command in '/home/naman72060/common-dp/build/thor_urdf' returned '0': CMAKE_PREFIX_PATH=/opt/ros/humble /usr/bin/cmake --build /home/naman72060/common-dp/build/thor_urdf -- -j12 -l12
[0.703s] Invoking command in '/home/naman72060/common-dp/build/thor_urdf': CMAKE_PREFIX_PATH=/opt/ros/humble /usr/bin/cmake --install /home/naman72060/common-dp/build/thor_urdf
[0.708s] -- Install configuration: ""
[0.708s] -- Installing: /home/naman72060/common-dp/install/thor_urdf/share/thor_urdf/meshes
[0.708s] -- Installing: /home/naman72060/common-dp/install/thor_urdf/share/thor_urdf/meshes/Art1.dae
[0.710s] -- Installing: /home/naman72060/common-dp/install/thor_urdf/share/thor_urdf/meshes/Art4.dae
[0.711s] -- Installing: /home/naman72060/common-dp/install/thor_urdf/share/thor_urdf/meshes/Art6.dae
[0.712s] -- Installing: /home/naman72060/common-dp/install/thor_urdf/share/thor_urdf/meshes/Art5.dae
[0.712s] -- Installing: /home/naman72060/common-dp/install/thor_urdf/share/thor_urdf/meshes/GripperArm.dae
[0.712s] -- Installing: /home/naman72060/common-dp/install/thor_urdf/share/thor_urdf/meshes/GripperBase.dae
[0.712s] -- Installing: /home/naman72060/common-dp/install/thor_urdf/share/thor_urdf/meshes/Art2.dae
[0.715s] -- Installing: /home/naman72060/common-dp/install/thor_urdf/share/thor_urdf/meshes/Art3.dae
[0.716s] -- Installing: /home/naman72060/common-dp/install/thor_urdf/share/thor_urdf/meshes/Base.dae
[0.718s] -- Installing: /home/naman72060/common-dp/install/thor_urdf/share/thor_urdf/meshes/GripperFinger.dae
[0.718s] -- Installing: /home/naman72060/common-dp/install/thor_urdf/share/thor_urdf/meshes/GripperArmGear.dae
[0.719s] -- Installing: /home/naman72060/common-dp/install/thor_urdf/share/thor_urdf/urdf
[0.719s] -- Installing: /home/naman72060/common-dp/install/thor_urdf/share/thor_urdf/urdf/table.urdf.xacro
[0.719s] -- Installing: /home/naman72060/common-dp/install/thor_urdf/share/thor_urdf/urdf/thor_gazebo.xacro
[0.719s] -- Installing: /home/naman72060/common-dp/install/thor_urdf/share/thor_urdf/urdf/thor_arm.ros2_control.xacro
[0.719s] -- Installing: /home/naman72060/common-dp/install/thor_urdf/share/thor_urdf/urdf/thor.urdf.xacro
[0.719s] -- Installing: /home/naman72060/common-dp/install/thor_urdf/share/thor_urdf/launch
[0.719s] -- Installing: /home/naman72060/common-dp/install/thor_urdf/share/thor_urdf/launch/launch.py
[0.719s] -- Installing: /home/naman72060/common-dp/install/thor_urdf/share/thor_urdf/launch/gazebo.launch.py
[0.720s] -- Installing: /home/naman72060/common-dp/install/thor_urdf/share/thor_urdf/launch/display.launch.py
[0.720s] -- Installing: /home/naman72060/common-dp/install/thor_urdf/share/thor_urdf/rviz
[0.720s] -- Installing: /home/naman72060/common-dp/install/thor_urdf/share/thor_urdf/rviz/display.rviz
[0.720s] -- Installing: /home/naman72060/common-dp/install/thor_urdf/share/ament_index/resource_index/package_run_dependencies/thor_urdf
[0.720s] -- Installing: /home/naman72060/common-dp/install/thor_urdf/share/ament_index/resource_index/parent_prefix_path/thor_urdf
[0.720s] -- Installing: /home/naman72060/common-dp/install/thor_urdf/share/thor_urdf/environment/ament_prefix_path.sh
[0.720s] -- Installing: /home/naman72060/common-dp/install/thor_urdf/share/thor_urdf/environment/ament_prefix_path.dsv
[0.720s] -- Installing: /home/naman72060/common-dp/install/thor_urdf/share/thor_urdf/environment/path.sh
[0.720s] -- Installing: /home/naman72060/common-dp/install/thor_urdf/share/thor_urdf/environment/path.dsv
[0.720s] -- Installing: /home/naman72060/common-dp/install/thor_urdf/share/thor_urdf/local_setup.bash
[0.720s] -- Installing: /home/naman72060/common-dp/install/thor_urdf/share/thor_urdf/local_setup.sh
[0.721s] -- Installing: /home/naman72060/common-dp/install/thor_urdf/share/thor_urdf/local_setup.zsh
[0.721s] -- Installing: /home/naman72060/common-dp/install/thor_urdf/share/thor_urdf/local_setup.dsv
[0.721s] -- Installing: /home/naman72060/common-dp/install/thor_urdf/share/thor_urdf/package.dsv
[0.721s] -- Installing: /home/naman72060/common-dp/install/thor_urdf/share/ament_index/resource_index/packages/thor_urdf
[0.721s] -- Installing: /home/naman72060/common-dp/install/thor_urdf/share/thor_urdf/cmake/thor_urdfConfig.cmake
[0.721s] -- Installing: /home/naman72060/common-dp/install/thor_urdf/share/thor_urdf/cmake/thor_urdfConfig-version.cmake
[0.721s] -- Installing: /home/naman72060/common-dp/install/thor_urdf/share/thor_urdf/package.xml
[0.722s] Invoked command in '/home/naman72060/common-dp/build/thor_urdf' returned '0': CMAKE_PREFIX_PATH=/opt/ros/humble /usr/bin/cmake --install /home/naman72060/common-dp/build/thor_urdf
