[0.014s] Invoking command in '/home/anish/dp_ws/Thor-ROS/ws_thor/build/thor_joystick': CMAKE_PREFIX_PATH=/home/anish/dp_ws/Thor-ROS/ws_thor/install/thor_server:/home/anish/dp_ws/Thor-ROS/ws_thor/install/thor_controller:/home/anish/dp_ws/Thor-ROS/ws_thor/install/thor_perception:/home/anish/dp_ws/Thor-ROS/ws_thor/install/thor_bringup:/home/anish/dp_ws/Thor-ROS/ws_thor/install/thor_moveit:/home/anish/dp_ws/Thor-ROS/ws_thor/install/thor_urdf:/home/anish/dp_ws/Thor-ROS/ws_thor/install/thor_joystick:/home/anish/dp_ws/Thor-ROS/ws_thor/install/thor_manipulation:/home/anish/panda_ws/install/moveit_resources:/home/anish/panda_ws/install/panda_moveit_config:/home/anish/panda_ws/install/panda_description:/home/anish/panda_ws/install/moveit_resources_pr2_description:/home/anish/panda_ws/install/moveit_resources_gazebo:/home/anish/panda_ws/install/moveit_resources_fanuc_moveit_config:/home/anish/panda_ws/install/moveit_resources_fanuc_description:/home/anish/Downloads/mycobot_ros2/install/rviz_marker_tools:/home/anish/Downloads/mycobot_ros2/install/mycobot_ros2:/home/anish/Downloads/mycobot_ros2/install/mycobot_system_tests:/home/anish/Downloads/mycobot_ros2/install/mycobot_moveit_demos:/home/anish/Downloads/mycobot_ros2/install/mycobot_moveit_config:/home/anish/Downloads/mycobot_ros2/install/mycobot_interfaces:/home/anish/Downloads/mycobot_ros2/install/mycobot_gazebo:/home/anish/Downloads/mycobot_ros2/install/mycobot_description:/home/anish/Downloads/mycobot_ros2/install/mycobot_bringup:/home/anish/Downloads/mycobot_ros2/install/moveit_task_constructor_msgs:/opt/ros/humble LD_LIBRARY_PATH=/home/anish/dp_ws/Thor-ROS/ws_thor/install/thor_server/lib:/home/anish/dp_ws/Thor-ROS/ws_thor/install/thor_controller/lib:/home/anish/Downloads/mycobot_ros2/install/rviz_marker_tools/lib:/home/anish/Downloads/mycobot_ros2/install/mycobot_interfaces/lib:/home/anish/Downloads/mycobot_ros2/install/moveit_task_constructor_msgs/lib:/opt/ros/humble/opt/rviz_ogre_vendor/lib:/opt/ros/humble/lib/x86_64-linux-gnu:/opt/ros/humble/lib:/usr/lib/x86_64-linux-gnu/gazebo-11/plugins:/usr/lib/x86_64-linux-gnu/gazebo-11/plugins:/usr/lib/x86_64-linux-gnu/gazebo-11/plugins:/opt/ros/humble/lib /usr/bin/cmake /home/anish/dp_ws/Thor-ROS/ws_thor/src/thor_joystick -DCMAKE_INSTALL_PREFIX=/home/anish/dp_ws/Thor-ROS/ws_thor/install/thor_joystick
[0.058s] -- The C compiler identification is GNU 11.4.0
[0.103s] -- The CXX compiler identification is GNU 11.4.0
[0.109s] -- Detecting C compiler ABI info
[0.167s] -- Detecting C compiler ABI info - done
[0.172s] -- Check for working C compiler: /usr/bin/cc - skipped
[0.172s] -- Detecting C compile features
[0.172s] -- Detecting C compile features - done
[0.174s] -- Detecting CXX compiler ABI info
[0.239s] -- Detecting CXX compiler ABI info - done
[0.245s] -- Check for working CXX compiler: /usr/bin/c++ - skipped
[0.245s] -- Detecting CXX compile features
[0.245s] -- Detecting CXX compile features - done
[0.249s] -- Found ament_cmake: 1.3.11 (/opt/ros/humble/share/ament_cmake/cmake)
[0.364s] -- Found Python3: /usr/bin/python3 (found version "3.10.12") found components: Interpreter 
[0.501s] -- Found rclcpp: 16.0.12 (/opt/ros/humble/share/rclcpp/cmake)
[0.557s] -- Found rosidl_generator_c: 3.1.6 (/opt/ros/humble/share/rosidl_generator_c/cmake)
[0.565s] -- Found rosidl_adapter: 3.1.6 (/opt/ros/humble/share/rosidl_adapter/cmake)
[0.575s] -- Found rosidl_generator_cpp: 3.1.6 (/opt/ros/humble/share/rosidl_generator_cpp/cmake)
[0.588s] -- Using all available rosidl_typesupport_c: rosidl_typesupport_fastrtps_c;rosidl_typesupport_introspection_c
[0.605s] -- Using all available rosidl_typesupport_cpp: rosidl_typesupport_fastrtps_cpp;rosidl_typesupport_introspection_cpp
[0.655s] -- Found rmw_implementation_cmake: 6.1.2 (/opt/ros/humble/share/rmw_implementation_cmake/cmake)
[0.660s] -- Found rmw_cyclonedds_cpp: 1.3.4 (/opt/ros/humble/share/rmw_cyclonedds_cpp/cmake)
[0.686s] -- Using RMW implementation 'rmw_cyclonedds_cpp' as default
[0.700s] -- Looking for pthread.h
[0.771s] -- Looking for pthread.h - found
[0.771s] -- Performing Test CMAKE_HAVE_LIBC_PTHREAD
[0.837s] -- Performing Test CMAKE_HAVE_LIBC_PTHREAD - Success
[0.838s] -- Found Threads: TRUE  
[0.882s] -- Found rclcpp_action: 16.0.12 (/opt/ros/humble/share/rclcpp_action/cmake)
[0.914s] -- Found sensor_msgs: 4.9.0 (/opt/ros/humble/share/sensor_msgs/cmake)
[0.937s] -- Found moveit_ros_planning_interface: 2.5.9 (/opt/ros/humble/share/moveit_ros_planning_interface/cmake)
[0.970s] -- Found Boost: /usr/lib/x86_64-linux-gnu/cmake/Boost-1.74.0/BoostConfig.cmake (found version "1.74.0") found components: date_time filesystem program_options system thread 
[1.071s] -- Found Boost: /usr/lib/x86_64-linux-gnu/cmake/Boost-1.74.0/BoostConfig.cmake (found version "1.74.0") found components: chrono date_time filesystem iostreams program_options regex serialization system thread 
[1.129s] -- Found parameter_traits: 0.5.0 (/opt/ros/humble/share/parameter_traits/cmake)
[1.145s] -- Found rclcpp_lifecycle: 16.0.12 (/opt/ros/humble/share/rclcpp_lifecycle/cmake)
[1.167s] -- Found Boost: /usr/lib/x86_64-linux-gnu/cmake/Boost-1.74.0/BoostConfig.cmake (found version "1.74.0") found components: filesystem 
[1.270s] -- library: /usr/lib/x86_64-linux-gnu/libcurl.so
[1.303s] -- Found Eigen3: TRUE (found version "3.4.0") 
[1.303s] -- Ensuring Eigen3 include directory is part of orocos-kdl CMake target
[1.435s] -- Found Boost: /usr/lib/x86_64-linux-gnu/cmake/Boost-1.74.0/BoostConfig.cmake (found version "1.74.0") found components: system filesystem date_time program_options thread chrono 
[1.463s] -- Found Boost: /usr/lib/x86_64-linux-gnu/cmake/Boost-1.74.0/BoostConfig.cmake (found version "1.74.0") found components: thread system filesystem regex date_time program_options 
[1.561s] -- Found Boost: /usr/lib/x86_64-linux-gnu/cmake/Boost-1.74.0/BoostConfig.cmake (found version "1.74.0") found components: system filesystem date_time program_options thread 
[1.583s] -- Found thor_server: 0.0.0 (/home/anish/dp_ws/Thor-ROS/ws_thor/install/thor_server/share/thor_server/cmake)
[1.601s] -- Found ament_lint_auto: 0.12.12 (/opt/ros/humble/share/ament_lint_auto/cmake)
[1.686s] -- Added test 'cppcheck' to perform static code analysis on C / C++ code
[1.686s] -- Configured cppcheck include dirs: /home/anish/dp_ws/Thor-ROS/ws_thor/src/thor_joystick/include
[1.686s] -- Configured cppcheck exclude dirs and/or files: 
[1.686s] -- Added test 'flake8' to check Python code syntax and style conventions
[1.687s] -- Added test 'lint_cmake' to check CMake code style
[1.688s] -- Added test 'pep257' to check Python code against some of the docstring style conventions in PEP 257
[1.689s] -- Added test 'uncrustify' to check C / C++ code style
[1.689s] -- Configured uncrustify additional arguments: 
[1.690s] -- Added test 'xmllint' to check XML markup files
[1.691s] -- Configuring done
[1.719s] -- Generating done
[1.728s] -- Build files have been written to: /home/anish/dp_ws/Thor-ROS/ws_thor/build/thor_joystick
[1.757s] Invoked command in '/home/anish/dp_ws/Thor-ROS/ws_thor/build/thor_joystick' returned '0': CMAKE_PREFIX_PATH=/home/anish/dp_ws/Thor-ROS/ws_thor/install/thor_server:/home/anish/dp_ws/Thor-ROS/ws_thor/install/thor_controller:/home/anish/dp_ws/Thor-ROS/ws_thor/install/thor_perception:/home/anish/dp_ws/Thor-ROS/ws_thor/install/thor_bringup:/home/anish/dp_ws/Thor-ROS/ws_thor/install/thor_moveit:/home/anish/dp_ws/Thor-ROS/ws_thor/install/thor_urdf:/home/anish/dp_ws/Thor-ROS/ws_thor/install/thor_joystick:/home/anish/dp_ws/Thor-ROS/ws_thor/install/thor_manipulation:/home/anish/panda_ws/install/moveit_resources:/home/anish/panda_ws/install/panda_moveit_config:/home/anish/panda_ws/install/panda_description:/home/anish/panda_ws/install/moveit_resources_pr2_description:/home/anish/panda_ws/install/moveit_resources_gazebo:/home/anish/panda_ws/install/moveit_resources_fanuc_moveit_config:/home/anish/panda_ws/install/moveit_resources_fanuc_description:/home/anish/Downloads/mycobot_ros2/install/rviz_marker_tools:/home/anish/Downloads/mycobot_ros2/install/mycobot_ros2:/home/anish/Downloads/mycobot_ros2/install/mycobot_system_tests:/home/anish/Downloads/mycobot_ros2/install/mycobot_moveit_demos:/home/anish/Downloads/mycobot_ros2/install/mycobot_moveit_config:/home/anish/Downloads/mycobot_ros2/install/mycobot_interfaces:/home/anish/Downloads/mycobot_ros2/install/mycobot_gazebo:/home/anish/Downloads/mycobot_ros2/install/mycobot_description:/home/anish/Downloads/mycobot_ros2/install/mycobot_bringup:/home/anish/Downloads/mycobot_ros2/install/moveit_task_constructor_msgs:/opt/ros/humble LD_LIBRARY_PATH=/home/anish/dp_ws/Thor-ROS/ws_thor/install/thor_server/lib:/home/anish/dp_ws/Thor-ROS/ws_thor/install/thor_controller/lib:/home/anish/Downloads/mycobot_ros2/install/rviz_marker_tools/lib:/home/anish/Downloads/mycobot_ros2/install/mycobot_interfaces/lib:/home/anish/Downloads/mycobot_ros2/install/moveit_task_constructor_msgs/lib:/opt/ros/humble/opt/rviz_ogre_vendor/lib:/opt/ros/humble/lib/x86_64-linux-gnu:/opt/ros/humble/lib:/usr/lib/x86_64-linux-gnu/gazebo-11/plugins:/usr/lib/x86_64-linux-gnu/gazebo-11/plugins:/usr/lib/x86_64-linux-gnu/gazebo-11/plugins:/opt/ros/humble/lib /usr/bin/cmake /home/anish/dp_ws/Thor-ROS/ws_thor/src/thor_joystick -DCMAKE_INSTALL_PREFIX=/home/anish/dp_ws/Thor-ROS/ws_thor/install/thor_joystick
[1.758s] Invoking command in '/home/anish/dp_ws/Thor-ROS/ws_thor/build/thor_joystick': CMAKE_PREFIX_PATH=/home/anish/dp_ws/Thor-ROS/ws_thor/install/thor_server:/home/anish/dp_ws/Thor-ROS/ws_thor/install/thor_controller:/home/anish/dp_ws/Thor-ROS/ws_thor/install/thor_perception:/home/anish/dp_ws/Thor-ROS/ws_thor/install/thor_bringup:/home/anish/dp_ws/Thor-ROS/ws_thor/install/thor_moveit:/home/anish/dp_ws/Thor-ROS/ws_thor/install/thor_urdf:/home/anish/dp_ws/Thor-ROS/ws_thor/install/thor_joystick:/home/anish/dp_ws/Thor-ROS/ws_thor/install/thor_manipulation:/home/anish/panda_ws/install/moveit_resources:/home/anish/panda_ws/install/panda_moveit_config:/home/anish/panda_ws/install/panda_description:/home/anish/panda_ws/install/moveit_resources_pr2_description:/home/anish/panda_ws/install/moveit_resources_gazebo:/home/anish/panda_ws/install/moveit_resources_fanuc_moveit_config:/home/anish/panda_ws/install/moveit_resources_fanuc_description:/home/anish/Downloads/mycobot_ros2/install/rviz_marker_tools:/home/anish/Downloads/mycobot_ros2/install/mycobot_ros2:/home/anish/Downloads/mycobot_ros2/install/mycobot_system_tests:/home/anish/Downloads/mycobot_ros2/install/mycobot_moveit_demos:/home/anish/Downloads/mycobot_ros2/install/mycobot_moveit_config:/home/anish/Downloads/mycobot_ros2/install/mycobot_interfaces:/home/anish/Downloads/mycobot_ros2/install/mycobot_gazebo:/home/anish/Downloads/mycobot_ros2/install/mycobot_description:/home/anish/Downloads/mycobot_ros2/install/mycobot_bringup:/home/anish/Downloads/mycobot_ros2/install/moveit_task_constructor_msgs:/opt/ros/humble LD_LIBRARY_PATH=/home/anish/dp_ws/Thor-ROS/ws_thor/install/thor_server/lib:/home/anish/dp_ws/Thor-ROS/ws_thor/install/thor_controller/lib:/home/anish/Downloads/mycobot_ros2/install/rviz_marker_tools/lib:/home/anish/Downloads/mycobot_ros2/install/mycobot_interfaces/lib:/home/anish/Downloads/mycobot_ros2/install/moveit_task_constructor_msgs/lib:/opt/ros/humble/opt/rviz_ogre_vendor/lib:/opt/ros/humble/lib/x86_64-linux-gnu:/opt/ros/humble/lib:/usr/lib/x86_64-linux-gnu/gazebo-11/plugins:/usr/lib/x86_64-linux-gnu/gazebo-11/plugins:/usr/lib/x86_64-linux-gnu/gazebo-11/plugins:/opt/ros/humble/lib /usr/bin/cmake --build /home/anish/dp_ws/Thor-ROS/ws_thor/build/thor_joystick -- -j16 -l16
[1.826s] [ 33%] [32mBuilding CXX object CMakeFiles/joystick_joint_controller.dir/src/joystick_joint_controller.cpp.o[0m
[1.826s] [ 33%] [32mBuilding CXX object CMakeFiles/joystick_moveit_controller.dir/src/joystick_moveit_controller.cpp.o[0m
[1.826s] [ 50%] [32mBuilding CXX object CMakeFiles/joystick_pose_controller.dir/src/joystick_pose_controller.cpp.o[0m
[8.469s] [ 66%] [32m[1mLinking CXX executable joystick_joint_controller[0m
[8.537s] [ 83%] [32m[1mLinking CXX executable joystick_pose_controller[0m
[8.862s] [ 83%] Built target joystick_joint_controller
[8.919s] [ 83%] Built target joystick_pose_controller
[11.479s] [100%] [32m[1mLinking CXX executable joystick_moveit_controller[0m
[11.973s] [100%] Built target joystick_moveit_controller
[11.983s] Invoked command in '/home/anish/dp_ws/Thor-ROS/ws_thor/build/thor_joystick' returned '0': CMAKE_PREFIX_PATH=/home/anish/dp_ws/Thor-ROS/ws_thor/install/thor_server:/home/anish/dp_ws/Thor-ROS/ws_thor/install/thor_controller:/home/anish/dp_ws/Thor-ROS/ws_thor/install/thor_perception:/home/anish/dp_ws/Thor-ROS/ws_thor/install/thor_bringup:/home/anish/dp_ws/Thor-ROS/ws_thor/install/thor_moveit:/home/anish/dp_ws/Thor-ROS/ws_thor/install/thor_urdf:/home/anish/dp_ws/Thor-ROS/ws_thor/install/thor_joystick:/home/anish/dp_ws/Thor-ROS/ws_thor/install/thor_manipulation:/home/anish/panda_ws/install/moveit_resources:/home/anish/panda_ws/install/panda_moveit_config:/home/anish/panda_ws/install/panda_description:/home/anish/panda_ws/install/moveit_resources_pr2_description:/home/anish/panda_ws/install/moveit_resources_gazebo:/home/anish/panda_ws/install/moveit_resources_fanuc_moveit_config:/home/anish/panda_ws/install/moveit_resources_fanuc_description:/home/anish/Downloads/mycobot_ros2/install/rviz_marker_tools:/home/anish/Downloads/mycobot_ros2/install/mycobot_ros2:/home/anish/Downloads/mycobot_ros2/install/mycobot_system_tests:/home/anish/Downloads/mycobot_ros2/install/mycobot_moveit_demos:/home/anish/Downloads/mycobot_ros2/install/mycobot_moveit_config:/home/anish/Downloads/mycobot_ros2/install/mycobot_interfaces:/home/anish/Downloads/mycobot_ros2/install/mycobot_gazebo:/home/anish/Downloads/mycobot_ros2/install/mycobot_description:/home/anish/Downloads/mycobot_ros2/install/mycobot_bringup:/home/anish/Downloads/mycobot_ros2/install/moveit_task_constructor_msgs:/opt/ros/humble LD_LIBRARY_PATH=/home/anish/dp_ws/Thor-ROS/ws_thor/install/thor_server/lib:/home/anish/dp_ws/Thor-ROS/ws_thor/install/thor_controller/lib:/home/anish/Downloads/mycobot_ros2/install/rviz_marker_tools/lib:/home/anish/Downloads/mycobot_ros2/install/mycobot_interfaces/lib:/home/anish/Downloads/mycobot_ros2/install/moveit_task_constructor_msgs/lib:/opt/ros/humble/opt/rviz_ogre_vendor/lib:/opt/ros/humble/lib/x86_64-linux-gnu:/opt/ros/humble/lib:/usr/lib/x86_64-linux-gnu/gazebo-11/plugins:/usr/lib/x86_64-linux-gnu/gazebo-11/plugins:/usr/lib/x86_64-linux-gnu/gazebo-11/plugins:/opt/ros/humble/lib /usr/bin/cmake --build /home/anish/dp_ws/Thor-ROS/ws_thor/build/thor_joystick -- -j16 -l16
[11.984s] Invoking command in '/home/anish/dp_ws/Thor-ROS/ws_thor/build/thor_joystick': CMAKE_PREFIX_PATH=/home/anish/dp_ws/Thor-ROS/ws_thor/install/thor_server:/home/anish/dp_ws/Thor-ROS/ws_thor/install/thor_controller:/home/anish/dp_ws/Thor-ROS/ws_thor/install/thor_perception:/home/anish/dp_ws/Thor-ROS/ws_thor/install/thor_bringup:/home/anish/dp_ws/Thor-ROS/ws_thor/install/thor_moveit:/home/anish/dp_ws/Thor-ROS/ws_thor/install/thor_urdf:/home/anish/dp_ws/Thor-ROS/ws_thor/install/thor_joystick:/home/anish/dp_ws/Thor-ROS/ws_thor/install/thor_manipulation:/home/anish/panda_ws/install/moveit_resources:/home/anish/panda_ws/install/panda_moveit_config:/home/anish/panda_ws/install/panda_description:/home/anish/panda_ws/install/moveit_resources_pr2_description:/home/anish/panda_ws/install/moveit_resources_gazebo:/home/anish/panda_ws/install/moveit_resources_fanuc_moveit_config:/home/anish/panda_ws/install/moveit_resources_fanuc_description:/home/anish/Downloads/mycobot_ros2/install/rviz_marker_tools:/home/anish/Downloads/mycobot_ros2/install/mycobot_ros2:/home/anish/Downloads/mycobot_ros2/install/mycobot_system_tests:/home/anish/Downloads/mycobot_ros2/install/mycobot_moveit_demos:/home/anish/Downloads/mycobot_ros2/install/mycobot_moveit_config:/home/anish/Downloads/mycobot_ros2/install/mycobot_interfaces:/home/anish/Downloads/mycobot_ros2/install/mycobot_gazebo:/home/anish/Downloads/mycobot_ros2/install/mycobot_description:/home/anish/Downloads/mycobot_ros2/install/mycobot_bringup:/home/anish/Downloads/mycobot_ros2/install/moveit_task_constructor_msgs:/opt/ros/humble LD_LIBRARY_PATH=/home/anish/dp_ws/Thor-ROS/ws_thor/install/thor_server/lib:/home/anish/dp_ws/Thor-ROS/ws_thor/install/thor_controller/lib:/home/anish/Downloads/mycobot_ros2/install/rviz_marker_tools/lib:/home/anish/Downloads/mycobot_ros2/install/mycobot_interfaces/lib:/home/anish/Downloads/mycobot_ros2/install/moveit_task_constructor_msgs/lib:/opt/ros/humble/opt/rviz_ogre_vendor/lib:/opt/ros/humble/lib/x86_64-linux-gnu:/opt/ros/humble/lib:/usr/lib/x86_64-linux-gnu/gazebo-11/plugins:/usr/lib/x86_64-linux-gnu/gazebo-11/plugins:/usr/lib/x86_64-linux-gnu/gazebo-11/plugins:/opt/ros/humble/lib /usr/bin/cmake --install /home/anish/dp_ws/Thor-ROS/ws_thor/build/thor_joystick
[11.991s] -- Install configuration: ""
[11.992s] -- Installing: /home/anish/dp_ws/Thor-ROS/ws_thor/install/thor_joystick/lib/thor_joystick/joystick_moveit_controller
[11.995s] -- Set runtime path of "/home/anish/dp_ws/Thor-ROS/ws_thor/install/thor_joystick/lib/thor_joystick/joystick_moveit_controller" to ""
[11.995s] -- Installing: /home/anish/dp_ws/Thor-ROS/ws_thor/install/thor_joystick/lib/thor_joystick/joystick_joint_controller
[11.999s] -- Set runtime path of "/home/anish/dp_ws/Thor-ROS/ws_thor/install/thor_joystick/lib/thor_joystick/joystick_joint_controller" to ""
[11.999s] -- Installing: /home/anish/dp_ws/Thor-ROS/ws_thor/install/thor_joystick/lib/thor_joystick/joystick_pose_controller
[12.002s] -- Set runtime path of "/home/anish/dp_ws/Thor-ROS/ws_thor/install/thor_joystick/lib/thor_joystick/joystick_pose_controller" to ""
[12.002s] -- Installing: /home/anish/dp_ws/Thor-ROS/ws_thor/install/thor_joystick/share/thor_joystick//launch
[12.002s] -- Installing: /home/anish/dp_ws/Thor-ROS/ws_thor/install/thor_joystick/share/thor_joystick//launch/joy_pose.launch.py
[12.002s] -- Installing: /home/anish/dp_ws/Thor-ROS/ws_thor/install/thor_joystick/share/thor_joystick//launch/joystick_control.launch.py
[12.002s] -- Installing: /home/anish/dp_ws/Thor-ROS/ws_thor/install/thor_joystick/share/thor_joystick//launch/joy_joint.launch.py
[12.003s] -- Installing: /home/anish/dp_ws/Thor-ROS/ws_thor/install/thor_joystick/share/ament_index/resource_index/package_run_dependencies/thor_joystick
[12.003s] -- Installing: /home/anish/dp_ws/Thor-ROS/ws_thor/install/thor_joystick/share/ament_index/resource_index/parent_prefix_path/thor_joystick
[12.003s] -- Installing: /home/anish/dp_ws/Thor-ROS/ws_thor/install/thor_joystick/share/thor_joystick/environment/ament_prefix_path.sh
[12.003s] -- Installing: /home/anish/dp_ws/Thor-ROS/ws_thor/install/thor_joystick/share/thor_joystick/environment/ament_prefix_path.dsv
[12.003s] -- Installing: /home/anish/dp_ws/Thor-ROS/ws_thor/install/thor_joystick/share/thor_joystick/environment/path.sh
[12.003s] -- Installing: /home/anish/dp_ws/Thor-ROS/ws_thor/install/thor_joystick/share/thor_joystick/environment/path.dsv
[12.003s] -- Installing: /home/anish/dp_ws/Thor-ROS/ws_thor/install/thor_joystick/share/thor_joystick/local_setup.bash
[12.003s] -- Installing: /home/anish/dp_ws/Thor-ROS/ws_thor/install/thor_joystick/share/thor_joystick/local_setup.sh
[12.003s] -- Installing: /home/anish/dp_ws/Thor-ROS/ws_thor/install/thor_joystick/share/thor_joystick/local_setup.zsh
[12.003s] -- Installing: /home/anish/dp_ws/Thor-ROS/ws_thor/install/thor_joystick/share/thor_joystick/local_setup.dsv
[12.004s] -- Installing: /home/anish/dp_ws/Thor-ROS/ws_thor/install/thor_joystick/share/thor_joystick/package.dsv
[12.004s] -- Installing: /home/anish/dp_ws/Thor-ROS/ws_thor/install/thor_joystick/share/ament_index/resource_index/packages/thor_joystick
[12.004s] -- Installing: /home/anish/dp_ws/Thor-ROS/ws_thor/install/thor_joystick/share/thor_joystick/cmake/thor_joystickConfig.cmake
[12.004s] -- Installing: /home/anish/dp_ws/Thor-ROS/ws_thor/install/thor_joystick/share/thor_joystick/cmake/thor_joystickConfig-version.cmake
[12.004s] -- Installing: /home/anish/dp_ws/Thor-ROS/ws_thor/install/thor_joystick/share/thor_joystick/package.xml
[12.006s] Invoked command in '/home/anish/dp_ws/Thor-ROS/ws_thor/build/thor_joystick' returned '0': CMAKE_PREFIX_PATH=/home/anish/dp_ws/Thor-ROS/ws_thor/install/thor_server:/home/anish/dp_ws/Thor-ROS/ws_thor/install/thor_controller:/home/anish/dp_ws/Thor-ROS/ws_thor/install/thor_perception:/home/anish/dp_ws/Thor-ROS/ws_thor/install/thor_bringup:/home/anish/dp_ws/Thor-ROS/ws_thor/install/thor_moveit:/home/anish/dp_ws/Thor-ROS/ws_thor/install/thor_urdf:/home/anish/dp_ws/Thor-ROS/ws_thor/install/thor_joystick:/home/anish/dp_ws/Thor-ROS/ws_thor/install/thor_manipulation:/home/anish/panda_ws/install/moveit_resources:/home/anish/panda_ws/install/panda_moveit_config:/home/anish/panda_ws/install/panda_description:/home/anish/panda_ws/install/moveit_resources_pr2_description:/home/anish/panda_ws/install/moveit_resources_gazebo:/home/anish/panda_ws/install/moveit_resources_fanuc_moveit_config:/home/anish/panda_ws/install/moveit_resources_fanuc_description:/home/anish/Downloads/mycobot_ros2/install/rviz_marker_tools:/home/anish/Downloads/mycobot_ros2/install/mycobot_ros2:/home/anish/Downloads/mycobot_ros2/install/mycobot_system_tests:/home/anish/Downloads/mycobot_ros2/install/mycobot_moveit_demos:/home/anish/Downloads/mycobot_ros2/install/mycobot_moveit_config:/home/anish/Downloads/mycobot_ros2/install/mycobot_interfaces:/home/anish/Downloads/mycobot_ros2/install/mycobot_gazebo:/home/anish/Downloads/mycobot_ros2/install/mycobot_description:/home/anish/Downloads/mycobot_ros2/install/mycobot_bringup:/home/anish/Downloads/mycobot_ros2/install/moveit_task_constructor_msgs:/opt/ros/humble LD_LIBRARY_PATH=/home/anish/dp_ws/Thor-ROS/ws_thor/install/thor_server/lib:/home/anish/dp_ws/Thor-ROS/ws_thor/install/thor_controller/lib:/home/anish/Downloads/mycobot_ros2/install/rviz_marker_tools/lib:/home/anish/Downloads/mycobot_ros2/install/mycobot_interfaces/lib:/home/anish/Downloads/mycobot_ros2/install/moveit_task_constructor_msgs/lib:/opt/ros/humble/opt/rviz_ogre_vendor/lib:/opt/ros/humble/lib/x86_64-linux-gnu:/opt/ros/humble/lib:/usr/lib/x86_64-linux-gnu/gazebo-11/plugins:/usr/lib/x86_64-linux-gnu/gazebo-11/plugins:/usr/lib/x86_64-linux-gnu/gazebo-11/plugins:/opt/ros/humble/lib /usr/bin/cmake --install /home/anish/dp_ws/Thor-ROS/ws_thor/build/thor_joystick
